TOOL:	xrun	21.03-s009: Started on Nov 30, 2023 at 01:51:40 CET
xrun
	-F ../tb/tb.f
		mult_pkg.sv
		mult_bfm.sv
		../../common/vdic_dut_2023.svp
		top.sv
		+incdir+tb_classes
		+incdir+.
		+nowarn+DSEMEL
		+nowarnBADPRF
		-uvm
		-uvmhome /eda/cadence/2021-22/RHELx86/XCELIUM_21.03.009/tools/methodology/UVM/CDNS-1.2/sv
		+UVM_NO_RELNOTES
		+UVM_VERBOSITY=MEDIUM
		-linedebug
		-fsmdebug
		-uvmlinedebug
	-v93
	+nowarnDSEM2009
	+nowarnDSEMEL
	+nowarnCGDEFN
	+nowarnCOVUTA
	+nowarnBADPRF
	+nowarnXCLGNOPTM
	+nowarnRNDXCELON
	+nowarnSAWSTP
	-xmlibdirname INCA_libs
	+overwrite
	-nocopyright
	-coverage all
	-covoverwrite
	-covfile xrun_covfile.txt
	-covtest random_test
	+UVM_TESTNAME=random_test
	-l xrun_test_random_test.log

   User defined plus("+") options:
	+UVM_NO_RELNOTES
	+UVM_VERBOSITY=MEDIUM

Loading snapshot worklib.top:sv .................... Done
SVSEED default: 1
xcelium> source /eda/cadence/2021-22/RHELx86/XCELIUM_21.03.009/tools/xcelium/files/xmsimrc
xcelium> source /eda/cadence/2021-22/RHELx86/XCELIUM_21.03.009/tools/methodology/UVM/CDNS-1.2/sv/files/tcl/uvm_sim.tcl
xcelium> run
UVM_INFO @ 0: reporter [RNTST] Running test random_test...
[1;30m[103m*** Created tpgen type: random_tpgen ***[0m

----------------------------------------------------------------
Name                     Type                        Size  Value
----------------------------------------------------------------
uvm_test_top             random_test                 -     @1937
  env_h                  env                         -     @2014
    command_f            uvm_tlm_fifo #(T)           -     @2045
      get_ap             uvm_analysis_port           -     @2279
      get_peek_export    uvm_get_peek_imp            -     @2179
      put_ap             uvm_analysis_port           -     @2229
      put_export         uvm_put_imp                 -     @2127
    command_monitor_h    command_monitor             -     @2509
      ap                 uvm_analysis_port           -     @2599
    coverage_h           coverage                    -     @2343
      analysis_imp       uvm_analysis_imp            -     @2393
    drive_h              driver                      -     @2312
      command_port       uvm_get_port                -     @2655
    result_monitor_h     result_monitor              -     @2540
      ap                 uvm_analysis_port           -     @2709
    scoreboard_h         scoreboard                  -     @2426
      analysis_imp       uvm_analysis_imp            -     @2476
      cmd_f              uvm_tlm_analysis_fifo #(T)  -     @2740
        analysis_export  uvm_analysis_imp            -     @2989
        get_ap           uvm_analysis_port           -     @2938
        get_peek_export  uvm_get_peek_imp            -     @2840
        put_ap           uvm_analysis_port           -     @2889
        put_export       uvm_put_imp                 -     @2791
    tpgen_h              random_tpgen                -     @2046
      command_port       uvm_put_port                -     @3047
----------------------------------------------------------------
xmsim: *E,ASRTST (../tb/tb_classes/scoreboard.svh,151): (time 70 NS) Assertion mult_pkg::scoreboard.write.__assert_1 has failed
TEST FAILED: 70000 Test FAILED for A=24193 B=22115
Expected:           0  received:           0
xmsim: *E,ASRTST (../tb/tb_classes/scoreboard.svh,151): (time 110 NS) Assertion mult_pkg::scoreboard.write.__assert_1 has failed
TEST FAILED: 110000 Test FAILED for A=21010 B=-13043
Expected:           0  received:           0
xmsim: *E,ASRTST (../tb/tb_classes/scoreboard.svh,151): (time 270 NS) Assertion mult_pkg::scoreboard.write.__assert_1 has failed
TEST FAILED: 270000 Test FAILED for A=29303 B=-9329
Expected:           0  received:           0
xmsim: *E,ASRTST (../tb/tb_classes/scoreboard.svh,151): (time 390 NS) Assertion mult_pkg::scoreboard.write.__assert_1 has failed
TEST FAILED: 390000 Test FAILED for A=20165 B=10429
Expected:   210300785  received:   210300785
xmsim: *E,ASRTST (../tb/tb_classes/scoreboard.svh,151): (time 430 NS) Assertion mult_pkg::scoreboard.write.__assert_1 has failed
TEST FAILED: 430000 Test FAILED for A=-30966 B=-32768
Expected:           0  received:           0
xmsim: *E,ASRTST (../tb/tb_classes/scoreboard.svh,151): (time 470 NS) Assertion mult_pkg::scoreboard.write.__assert_1 has failed
TEST FAILED: 470000 Test FAILED for A=16022 B=14349
Expected:           0  received:           0
xmsim: *E,ASRTST (../tb/tb_classes/scoreboard.svh,151): (time 510 NS) Assertion mult_pkg::scoreboard.write.__assert_1 has failed
TEST FAILED: 510000 Test FAILED for A=18946 B=-5859
Expected:           0  received:           0
xmsim: *E,ASRTST (../tb/tb_classes/scoreboard.svh,151): (time 550 NS) Assertion mult_pkg::scoreboard.write.__assert_1 has failed
TEST FAILED: 550000 Test FAILED for A=2762 B=-16910
Expected:           0  received:           0
xmsim: *E,ASRTST (../tb/tb_classes/scoreboard.svh,151): (time 590 NS) Assertion mult_pkg::scoreboard.write.__assert_1 has failed
TEST FAILED: 590000 Test FAILED for A=-3208 B=3563
Expected:           0  received:           0
xmsim: *E,ASRTST (../tb/tb_classes/scoreboard.svh,151): (time 630 NS) Assertion mult_pkg::scoreboard.write.__assert_1 has failed
TEST FAILED: 630000 Test FAILED for A=700 B=-26101
Expected:           0  received:           0
xmsim: *E,ASRTST (../tb/tb_classes/scoreboard.svh,151): (time 670 NS) Assertion mult_pkg::scoreboard.write.__assert_1 has failed
TEST FAILED: 670000 Test FAILED for A=32767 B=13114
Expected:           0  received:           0
xmsim: *E,ASRTST (../tb/tb_classes/scoreboard.svh,151): (time 710 NS) Assertion mult_pkg::scoreboard.write.__assert_1 has failed
TEST FAILED: 710000 Test FAILED for A=19417 B=-1204
Expected:           0  received:           0
xmsim: *E,ASRTST (../tb/tb_classes/scoreboard.svh,151): (time 750 NS) Assertion mult_pkg::scoreboard.write.__assert_1 has failed
TEST FAILED: 750000 Test FAILED for A=24759 B=32767
Expected:           0  received:           0
xmsim: *E,ASRTST (../tb/tb_classes/scoreboard.svh,151): (time 790 NS) Assertion mult_pkg::scoreboard.write.__assert_1 has failed
TEST FAILED: 790000 Test FAILED for A=12873 B=-32768
Expected:           0  received:           0
xmsim: *E,ASRTST (../tb/tb_classes/scoreboard.svh,151): (time 830 NS) Assertion mult_pkg::scoreboard.write.__assert_1 has failed
TEST FAILED: 830000 Test FAILED for A=32524 B=-4664
Expected:           0  received:           0
xmsim: *E,ASRTST (../tb/tb_classes/scoreboard.svh,151): (time 950 NS) Assertion mult_pkg::scoreboard.write.__assert_1 has failed
TEST FAILED: 950000 Test FAILED for A=-30600 B=19273
Expected:           0  received:           0
xmsim: *E,ASRTST (../tb/tb_classes/scoreboard.svh,151): (time 990 NS) Assertion mult_pkg::scoreboard.write.__assert_1 has failed
TEST FAILED: 990000 Test FAILED for A=14470 B=-3428
Expected:           0  received:           0
xmsim: *E,ASRTST (../tb/tb_classes/scoreboard.svh,151): (time 1030 NS) Assertion mult_pkg::scoreboard.write.__assert_1 has failed
TEST FAILED: 1030000 Test FAILED for A=-19293 B=32767
Expected:           0  received:           0
xmsim: *E,ASRTST (../tb/tb_classes/scoreboard.svh,151): (time 1150 NS) Assertion mult_pkg::scoreboard.write.__assert_1 has failed
TEST FAILED: 1150000 Test FAILED for A=-521 B=6886
Expected:    -3587606  received:    -3587606
xmsim: *E,ASRTST (../tb/tb_classes/scoreboard.svh,151): (time 1190 NS) Assertion mult_pkg::scoreboard.write.__assert_1 has failed
TEST FAILED: 1190000 Test FAILED for A=27866 B=-7499
Expected:           0  received:           0
xmsim: *E,ASRTST (../tb/tb_classes/scoreboard.svh,151): (time 1230 NS) Assertion mult_pkg::scoreboard.write.__assert_1 has failed
TEST FAILED: 1230000 Test FAILED for A=3280 B=-21077
Expected:           0  received:           0
xmsim: *E,ASRTST (../tb/tb_classes/scoreboard.svh,151): (time 1270 NS) Assertion mult_pkg::scoreboard.write.__assert_1 has failed
TEST FAILED: 1270000 Test FAILED for A=29437 B=-4778
Expected:           0  received:           0
xmsim: *E,ASRTST (../tb/tb_classes/scoreboard.svh,151): (time 1310 NS) Assertion mult_pkg::scoreboard.write.__assert_1 has failed
TEST FAILED: 1310000 Test FAILED for A=-17994 B=-30855
Expected:           0  received:           0
xmsim: *E,ASRTST (../tb/tb_classes/scoreboard.svh,151): (time 1470 NS) Assertion mult_pkg::scoreboard.write.__assert_1 has failed
TEST FAILED: 1470000 Test FAILED for A=-7562 B=11702
Expected:           0  received:           0
xmsim: *E,ASRTST (../tb/tb_classes/scoreboard.svh,151): (time 1510 NS) Assertion mult_pkg::scoreboard.write.__assert_1 has failed
TEST FAILED: 1510000 Test FAILED for A=25079 B=-17740
Expected:           0  received:           0
xmsim: *E,ASRTST (../tb/tb_classes/scoreboard.svh,151): (time 1550 NS) Assertion mult_pkg::scoreboard.write.__assert_1 has failed
TEST FAILED: 1550000 Test FAILED for A=12487 B=-7160
Expected:           0  received:           0
xmsim: *E,ASRTST (../tb/tb_classes/scoreboard.svh,151): (time 1590 NS) Assertion mult_pkg::scoreboard.write.__assert_1 has failed
TEST FAILED: 1590000 Test FAILED for A=-28644 B=2266
Expected:           0  received:           0
xmsim: *E,ASRTST (../tb/tb_classes/scoreboard.svh,151): (time 1630 NS) Assertion mult_pkg::scoreboard.write.__assert_1 has failed
TEST FAILED: 1630000 Test FAILED for A=-32768 B=-26182
Expected:           0  received:           0
xmsim: *E,ASRTST (../tb/tb_classes/scoreboard.svh,151): (time 1670 NS) Assertion mult_pkg::scoreboard.write.__assert_1 has failed
TEST FAILED: 1670000 Test FAILED for A=-2534 B=24887
Expected:           0  received:           0
xmsim: *E,ASRTST (../tb/tb_classes/scoreboard.svh,151): (time 1710 NS) Assertion mult_pkg::scoreboard.write.__assert_1 has failed
TEST FAILED: 1710000 Test FAILED for A=6838 B=4060
Expected:           0  received:           0
xmsim: *E,ASRTST (../tb/tb_classes/scoreboard.svh,151): (time 1750 NS) Assertion mult_pkg::scoreboard.write.__assert_1 has failed
TEST FAILED: 1750000 Test FAILED for A=-32549 B=32767
Expected:           0  received:           0
xmsim: *E,ASRTST (../tb/tb_classes/scoreboard.svh,151): (time 1790 NS) Assertion mult_pkg::scoreboard.write.__assert_1 has failed
TEST FAILED: 1790000 Test FAILED for A=2327 B=-28282
Expected:           0  received:           0
xmsim: *E,ASRTST (../tb/tb_classes/scoreboard.svh,151): (time 1830 NS) Assertion mult_pkg::scoreboard.write.__assert_1 has failed
TEST FAILED: 1830000 Test FAILED for A=-30167 B=29893
Expected:           0  received:           0
xmsim: *E,ASRTST (../tb/tb_classes/scoreboard.svh,151): (time 1870 NS) Assertion mult_pkg::scoreboard.write.__assert_1 has failed
TEST FAILED: 1870000 Test FAILED for A=-6420 B=-11954
Expected:           0  received:           0
xmsim: *E,ASRTST (../tb/tb_classes/scoreboard.svh,151): (time 2030 NS) Assertion mult_pkg::scoreboard.write.__assert_1 has failed
TEST FAILED: 2030000 Test FAILED for A=-98 B=-22407
Expected:           0  received:           0
xmsim: *E,ASRTST (../tb/tb_classes/scoreboard.svh,151): (time 2070 NS) Assertion mult_pkg::scoreboard.write.__assert_1 has failed
TEST FAILED: 2070000 Test FAILED for A=-13973 B=-8778
Expected:           0  received:           0
xmsim: *E,ASRTST (../tb/tb_classes/scoreboard.svh,151): (time 2230 NS) Assertion mult_pkg::scoreboard.write.__assert_1 has failed
TEST FAILED: 2230000 Test FAILED for A=8498 B=-12924
Expected:           0  received:           0
xmsim: *E,ASRTST (../tb/tb_classes/scoreboard.svh,151): (time 2270 NS) Assertion mult_pkg::scoreboard.write.__assert_1 has failed
TEST FAILED: 2270000 Test FAILED for A=-22367 B=27387
Expected:           0  received:           0
xmsim: *E,ASRTST (../tb/tb_classes/scoreboard.svh,151): (time 2310 NS) Assertion mult_pkg::scoreboard.write.__assert_1 has failed
TEST FAILED: 2310000 Test FAILED for A=-6858 B=22159
Expected:           0  received:           0
xmsim: *E,ASRTST (../tb/tb_classes/scoreboard.svh,151): (time 2350 NS) Assertion mult_pkg::scoreboard.write.__assert_1 has failed
TEST FAILED: 2350000 Test FAILED for A=-32357 B=-8408
Expected:           0  received:           0
xmsim: *E,ASRTST (../tb/tb_classes/scoreboard.svh,151): (time 2390 NS) Assertion mult_pkg::scoreboard.write.__assert_1 has failed
TEST FAILED: 2390000 Test FAILED for A=-2530 B=-532
Expected:           0  received:           0
xmsim: *E,ASRTST (../tb/tb_classes/scoreboard.svh,151): (time 2510 NS) Assertion mult_pkg::scoreboard.write.__assert_1 has failed
TEST FAILED: 2510000 Test FAILED for A=9281 B=-1576
Expected:   -14626856  received:   -14626856
xmsim: *E,ASRTST (../tb/tb_classes/scoreboard.svh,151): (time 2550 NS) Assertion mult_pkg::scoreboard.write.__assert_1 has failed
TEST FAILED: 2550000 Test FAILED for A=-1310 B=883
Expected:           0  received:           0
xmsim: *E,ASRTST (../tb/tb_classes/scoreboard.svh,151): (time 2830 NS) Assertion mult_pkg::scoreboard.write.__assert_1 has failed
TEST FAILED: 2830000 Test FAILED for A=-27884 B=28822
Expected:           0  received:           0
xmsim: *E,ASRTST (../tb/tb_classes/scoreboard.svh,151): (time 2870 NS) Assertion mult_pkg::scoreboard.write.__assert_1 has failed
TEST FAILED: 2870000 Test FAILED for A=11051 B=941
Expected:           0  received:           0
xmsim: *E,ASRTST (../tb/tb_classes/scoreboard.svh,151): (time 2910 NS) Assertion mult_pkg::scoreboard.write.__assert_1 has failed
TEST FAILED: 2910000 Test FAILED for A=-22809 B=22089
Expected:           0  received:           0
xmsim: *E,ASRTST (../tb/tb_classes/scoreboard.svh,151): (time 2950 NS) Assertion mult_pkg::scoreboard.write.__assert_1 has failed
TEST FAILED: 2950000 Test FAILED for A=24225 B=17914
Expected:           0  received:           0
xmsim: *E,ASRTST (../tb/tb_classes/scoreboard.svh,151): (time 3110 NS) Assertion mult_pkg::scoreboard.write.__assert_1 has failed
TEST FAILED: 3110000 Test FAILED for A=-32768 B=-28352
Expected:           0  received:           0
xmsim: *E,ASRTST (../tb/tb_classes/scoreboard.svh,151): (time 3150 NS) Assertion mult_pkg::scoreboard.write.__assert_1 has failed
TEST FAILED: 3150000 Test FAILED for A=12736 B=28985
Expected:           0  received:           0
xmsim: *E,ASRTST (../tb/tb_classes/scoreboard.svh,151): (time 3390 NS) Assertion mult_pkg::scoreboard.write.__assert_1 has failed
TEST FAILED: 3390000 Test FAILED for A=1158 B=-25151
Expected:   -29124858  received:   -29124858
xmsim: *E,ASRTST (../tb/tb_classes/scoreboard.svh,151): (time 3430 NS) Assertion mult_pkg::scoreboard.write.__assert_1 has failed
TEST FAILED: 3430000 Test FAILED for A=31532 B=-6543
Expected:           0  received:           0
xmsim: *E,ASRTST (../tb/tb_classes/scoreboard.svh,151): (time 3470 NS) Assertion mult_pkg::scoreboard.write.__assert_1 has failed
TEST FAILED: 3470000 Test FAILED for A=-12642 B=-2219
Expected:           0  received:           0
xmsim: *E,ASRTST (../tb/tb_classes/scoreboard.svh,151): (time 3510 NS) Assertion mult_pkg::scoreboard.write.__assert_1 has failed
TEST FAILED: 3510000 Test FAILED for A=-29516 B=-4083
Expected:           0  received:           0
xmsim: *E,ASRTST (../tb/tb_classes/scoreboard.svh,151): (time 3630 NS) Assertion mult_pkg::scoreboard.write.__assert_1 has failed
TEST FAILED: 3630000 Test FAILED for A=25853 B=29583
Expected:   764809299  received:   764809299
xmsim: *E,ASRTST (../tb/tb_classes/scoreboard.svh,151): (time 3750 NS) Assertion mult_pkg::scoreboard.write.__assert_1 has failed
TEST FAILED: 3750000 Test FAILED for A=15793 B=-17259
Expected:  -272571387  received:  -272571387
xmsim: *E,ASRTST (../tb/tb_classes/scoreboard.svh,151): (time 3870 NS) Assertion mult_pkg::scoreboard.write.__assert_1 has failed
TEST FAILED: 3870000 Test FAILED for A=23544 B=-15278
Expected:  -359705232  received:  -359705232
xmsim: *E,ASRTST (../tb/tb_classes/scoreboard.svh,151): (time 3910 NS) Assertion mult_pkg::scoreboard.write.__assert_1 has failed
TEST FAILED: 3910000 Test FAILED for A=32144 B=24938
Expected:           0  received:           0
xmsim: *E,ASRTST (../tb/tb_classes/scoreboard.svh,151): (time 3950 NS) Assertion mult_pkg::scoreboard.write.__assert_1 has failed
TEST FAILED: 3950000 Test FAILED for A=608 B=24715
Expected:           0  received:           0
xmsim: *E,ASRTST (../tb/tb_classes/scoreboard.svh,151): (time 3990 NS) Assertion mult_pkg::scoreboard.write.__assert_1 has failed
TEST FAILED: 3990000 Test FAILED for A=1186 B=-20460
Expected:           0  received:           0
xmsim: *E,ASRTST (../tb/tb_classes/scoreboard.svh,151): (time 4030 NS) Assertion mult_pkg::scoreboard.write.__assert_1 has failed
TEST FAILED: 4030000 Test FAILED for A=30023 B=31289
Expected:           0  received:           0
xmsim: *E,ASRTST (../tb/tb_classes/scoreboard.svh,151): (time 4070 NS) Assertion mult_pkg::scoreboard.write.__assert_1 has failed
TEST FAILED: 4070000 Test FAILED for A=17804 B=16490
Expected:           0  received:           0
xmsim: *E,ASRTST (../tb/tb_classes/scoreboard.svh,151): (time 4110 NS) Assertion mult_pkg::scoreboard.write.__assert_1 has failed
TEST FAILED: 4110000 Test FAILED for A=-32397 B=1315
Expected:           0  received:           0
xmsim: *E,ASRTST (../tb/tb_classes/scoreboard.svh,151): (time 4150 NS) Assertion mult_pkg::scoreboard.write.__assert_1 has failed
TEST FAILED: 4150000 Test FAILED for A=29407 B=25959
Expected:           0  received:           0
xmsim: *E,ASRTST (../tb/tb_classes/scoreboard.svh,151): (time 4190 NS) Assertion mult_pkg::scoreboard.write.__assert_1 has failed
TEST FAILED: 4190000 Test FAILED for A=-16567 B=-18656
Expected:           0  received:           0
xmsim: *E,ASRTST (../tb/tb_classes/scoreboard.svh,151): (time 4230 NS) Assertion mult_pkg::scoreboard.write.__assert_1 has failed
TEST FAILED: 4230000 Test FAILED for A=-32214 B=11869
Expected:           0  received:           0
xmsim: *E,ASRTST (../tb/tb_classes/scoreboard.svh,151): (time 4270 NS) Assertion mult_pkg::scoreboard.write.__assert_1 has failed
TEST FAILED: 4270000 Test FAILED for A=32569 B=82
Expected:           0  received:           0
xmsim: *E,ASRTST (../tb/tb_classes/scoreboard.svh,151): (time 4390 NS) Assertion mult_pkg::scoreboard.write.__assert_1 has failed
TEST FAILED: 4390000 Test FAILED for A=10647 B=30630
Expected:   326117610  received:   326117610
xmsim: *E,ASRTST (../tb/tb_classes/scoreboard.svh,151): (time 4430 NS) Assertion mult_pkg::scoreboard.write.__assert_1 has failed
TEST FAILED: 4430000 Test FAILED for A=32767 B=25100
Expected:           0  received:           0
xmsim: *E,ASRTST (../tb/tb_classes/scoreboard.svh,151): (time 4470 NS) Assertion mult_pkg::scoreboard.write.__assert_1 has failed
TEST FAILED: 4470000 Test FAILED for A=32767 B=-32768
Expected:           0  received:           0
xmsim: *E,ASRTST (../tb/tb_classes/scoreboard.svh,151): (time 4510 NS) Assertion mult_pkg::scoreboard.write.__assert_1 has failed
TEST FAILED: 4510000 Test FAILED for A=25930 B=19867
Expected:           0  received:           0
xmsim: *E,ASRTST (../tb/tb_classes/scoreboard.svh,151): (time 4550 NS) Assertion mult_pkg::scoreboard.write.__assert_1 has failed
TEST FAILED: 4550000 Test FAILED for A=-4474 B=-32768
Expected:           0  received:           0
xmsim: *E,ASRTST (../tb/tb_classes/scoreboard.svh,151): (time 4590 NS) Assertion mult_pkg::scoreboard.write.__assert_1 has failed
TEST FAILED: 4590000 Test FAILED for A=-30969 B=-21015
Expected:           0  received:           0
xmsim: *E,ASRTST (../tb/tb_classes/scoreboard.svh,151): (time 4710 NS) Assertion mult_pkg::scoreboard.write.__assert_1 has failed
TEST FAILED: 4710000 Test FAILED for A=17024 B=-9531
Expected:  -162255744  received:  -162255744
xmsim: *E,ASRTST (../tb/tb_classes/scoreboard.svh,151): (time 4750 NS) Assertion mult_pkg::scoreboard.write.__assert_1 has failed
TEST FAILED: 4750000 Test FAILED for A=-18001 B=-20488
Expected:           0  received:           0
xmsim: *E,ASRTST (../tb/tb_classes/scoreboard.svh,151): (time 4790 NS) Assertion mult_pkg::scoreboard.write.__assert_1 has failed
TEST FAILED: 4790000 Test FAILED for A=31893 B=19808
Expected:           0  received:           0
xmsim: *E,ASRTST (../tb/tb_classes/scoreboard.svh,151): (time 4830 NS) Assertion mult_pkg::scoreboard.write.__assert_1 has failed
TEST FAILED: 4830000 Test FAILED for A=14121 B=21111
Expected:           0  received:           0
xmsim: *E,ASRTST (../tb/tb_classes/scoreboard.svh,151): (time 4870 NS) Assertion mult_pkg::scoreboard.write.__assert_1 has failed
TEST FAILED: 4870000 Test FAILED for A=-10904 B=-32768
Expected:           0  received:           0
xmsim: *E,ASRTST (../tb/tb_classes/scoreboard.svh,151): (time 4910 NS) Assertion mult_pkg::scoreboard.write.__assert_1 has failed
TEST FAILED: 4910000 Test FAILED for A=-17283 B=-8990
Expected:           0  received:           0
xmsim: *E,ASRTST (../tb/tb_classes/scoreboard.svh,151): (time 4950 NS) Assertion mult_pkg::scoreboard.write.__assert_1 has failed
TEST FAILED: 4950000 Test FAILED for A=32767 B=15535
Expected:           0  received:           0
xmsim: *E,ASRTST (../tb/tb_classes/scoreboard.svh,151): (time 4990 NS) Assertion mult_pkg::scoreboard.write.__assert_1 has failed
TEST FAILED: 4990000 Test FAILED for A=13587 B=10065
Expected:           0  received:           0
xmsim: *E,ASRTST (../tb/tb_classes/scoreboard.svh,151): (time 5150 NS) Assertion mult_pkg::scoreboard.write.__assert_1 has failed
TEST FAILED: 5150000 Test FAILED for A=-23579 B=201
Expected:           0  received:           0
xmsim: *E,ASRTST (../tb/tb_classes/scoreboard.svh,151): (time 5190 NS) Assertion mult_pkg::scoreboard.write.__assert_1 has failed
TEST FAILED: 5190000 Test FAILED for A=-5939 B=-32768
Expected:           0  received:           0
xmsim: *E,ASRTST (../tb/tb_classes/scoreboard.svh,151): (time 5230 NS) Assertion mult_pkg::scoreboard.write.__assert_1 has failed
TEST FAILED: 5230000 Test FAILED for A=-8598 B=24144
Expected:           0  received:           0
xmsim: *E,ASRTST (../tb/tb_classes/scoreboard.svh,151): (time 5270 NS) Assertion mult_pkg::scoreboard.write.__assert_1 has failed
TEST FAILED: 5270000 Test FAILED for A=-30218 B=-25821
Expected:           0  received:           0
xmsim: *E,ASRTST (../tb/tb_classes/scoreboard.svh,151): (time 5310 NS) Assertion mult_pkg::scoreboard.write.__assert_1 has failed
TEST FAILED: 5310000 Test FAILED for A=-4594 B=780
Expected:           0  received:           0
xmsim: *E,ASRTST (../tb/tb_classes/scoreboard.svh,151): (time 5350 NS) Assertion mult_pkg::scoreboard.write.__assert_1 has failed
TEST FAILED: 5350000 Test FAILED for A=28601 B=-16396
Expected:           0  received:           0
xmsim: *E,ASRTST (../tb/tb_classes/scoreboard.svh,151): (time 5390 NS) Assertion mult_pkg::scoreboard.write.__assert_1 has failed
TEST FAILED: 5390000 Test FAILED for A=-27902 B=-1787
Expected:           0  received:           0
xmsim: *E,ASRTST (../tb/tb_classes/scoreboard.svh,151): (time 5430 NS) Assertion mult_pkg::scoreboard.write.__assert_1 has failed
TEST FAILED: 5430000 Test FAILED for A=-19960 B=-29009
Expected:           0  received:           0
xmsim: *E,ASRTST (../tb/tb_classes/scoreboard.svh,151): (time 5470 NS) Assertion mult_pkg::scoreboard.write.__assert_1 has failed
TEST FAILED: 5470000 Test FAILED for A=-28596 B=-22976
Expected:           0  received:           0
xmsim: *E,ASRTST (../tb/tb_classes/scoreboard.svh,151): (time 5510 NS) Assertion mult_pkg::scoreboard.write.__assert_1 has failed
TEST FAILED: 5510000 Test FAILED for A=-32768 B=-10199
Expected:           0  received:           0
xmsim: *E,ASRTST (../tb/tb_classes/scoreboard.svh,151): (time 5550 NS) Assertion mult_pkg::scoreboard.write.__assert_1 has failed
TEST FAILED: 5550000 Test FAILED for A=-32768 B=-32768
Expected:           0  received:           0
xmsim: *E,ASRTST (../tb/tb_classes/scoreboard.svh,151): (time 5590 NS) Assertion mult_pkg::scoreboard.write.__assert_1 has failed
TEST FAILED: 5590000 Test FAILED for A=-20491 B=4756
Expected:           0  received:           0
xmsim: *E,ASRTST (../tb/tb_classes/scoreboard.svh,151): (time 5630 NS) Assertion mult_pkg::scoreboard.write.__assert_1 has failed
TEST FAILED: 5630000 Test FAILED for A=-25442 B=2886
Expected:           0  received:           0
xmsim: *E,ASRTST (../tb/tb_classes/scoreboard.svh,151): (time 5750 NS) Assertion mult_pkg::scoreboard.write.__assert_1 has failed
TEST FAILED: 5750000 Test FAILED for A=-9289 B=2659
Expected:   -24699451  received:   -24699451
xmsim: *E,ASRTST (../tb/tb_classes/scoreboard.svh,151): (time 5790 NS) Assertion mult_pkg::scoreboard.write.__assert_1 has failed
TEST FAILED: 5790000 Test FAILED for A=-7138 B=-32768
Expected:           0  received:           0
xmsim: *E,ASRTST (../tb/tb_classes/scoreboard.svh,151): (time 5830 NS) Assertion mult_pkg::scoreboard.write.__assert_1 has failed
TEST FAILED: 5830000 Test FAILED for A=8107 B=-32768
Expected:           0  received:           0
xmsim: *E,ASRTST (../tb/tb_classes/scoreboard.svh,151): (time 5870 NS) Assertion mult_pkg::scoreboard.write.__assert_1 has failed
TEST FAILED: 5870000 Test FAILED for A=-22643 B=-28164
Expected:           0  received:           0
xmsim: *E,ASRTST (../tb/tb_classes/scoreboard.svh,151): (time 5910 NS) Assertion mult_pkg::scoreboard.write.__assert_1 has failed
TEST FAILED: 5910000 Test FAILED for A=13221 B=-16141
Expected:           0  received:           0
xmsim: *E,ASRTST (../tb/tb_classes/scoreboard.svh,151): (time 5950 NS) Assertion mult_pkg::scoreboard.write.__assert_1 has failed
TEST FAILED: 5950000 Test FAILED for A=17670 B=6424
Expected:           0  received:           0
xmsim: *E,ASRTST (../tb/tb_classes/scoreboard.svh,151): (time 5990 NS) Assertion mult_pkg::scoreboard.write.__assert_1 has failed
TEST FAILED: 5990000 Test FAILED for A=-10813 B=25356
Expected:           0  received:           0
xmsim: *E,ASRTST (../tb/tb_classes/scoreboard.svh,151): (time 6150 NS) Assertion mult_pkg::scoreboard.write.__assert_1 has failed
TEST FAILED: 6150000 Test FAILED for A=-16024 B=22479
Expected:           0  received:           0
xmsim: *E,ASRTST (../tb/tb_classes/scoreboard.svh,151): (time 6190 NS) Assertion mult_pkg::scoreboard.write.__assert_1 has failed
TEST FAILED: 6190000 Test FAILED for A=-32768 B=-638
Expected:           0  received:           0
xmsim: *E,ASRTST (../tb/tb_classes/scoreboard.svh,151): (time 6230 NS) Assertion mult_pkg::scoreboard.write.__assert_1 has failed
TEST FAILED: 6230000 Test FAILED for A=818 B=-20764
Expected:           0  received:           0
xmsim: *E,ASRTST (../tb/tb_classes/scoreboard.svh,151): (time 6270 NS) Assertion mult_pkg::scoreboard.write.__assert_1 has failed
TEST FAILED: 6270000 Test FAILED for A=-32768 B=14220
Expected:           0  received:           0
xmsim: *E,ASRTST (../tb/tb_classes/scoreboard.svh,151): (time 6390 NS) Assertion mult_pkg::scoreboard.write.__assert_1 has failed
TEST FAILED: 6390000 Test FAILED for A=26844 B=1217
Expected:    32669148  received:    32669148
xmsim: *E,ASRTST (../tb/tb_classes/scoreboard.svh,151): (time 6550 NS) Assertion mult_pkg::scoreboard.write.__assert_1 has failed
TEST FAILED: 6550000 Test FAILED for A=-13182 B=-22671
Expected:           0  received:           0
xmsim: *E,ASRTST (../tb/tb_classes/scoreboard.svh,151): (time 6710 NS) Assertion mult_pkg::scoreboard.write.__assert_1 has failed
TEST FAILED: 6710000 Test FAILED for A=19045 B=13827
Expected:           0  received:           0
xmsim: *E,ASRTST (../tb/tb_classes/scoreboard.svh,151): (time 6750 NS) Assertion mult_pkg::scoreboard.write.__assert_1 has failed
TEST FAILED: 6750000 Test FAILED for A=13544 B=-30288
Expected:           0  received:           0
xmsim: *E,ASRTST (../tb/tb_classes/scoreboard.svh,151): (time 6790 NS) Assertion mult_pkg::scoreboard.write.__assert_1 has failed
TEST FAILED: 6790000 Test FAILED for A=197 B=3382
Expected:           0  received:           0
xmsim: *E,ASRTST (../tb/tb_classes/scoreboard.svh,151): (time 6830 NS) Assertion mult_pkg::scoreboard.write.__assert_1 has failed
TEST FAILED: 6830000 Test FAILED for A=-16617 B=32767
Expected:           0  received:           0
xmsim: *E,ASRTST (../tb/tb_classes/scoreboard.svh,151): (time 6870 NS) Assertion mult_pkg::scoreboard.write.__assert_1 has failed
TEST FAILED: 6870000 Test FAILED for A=9940 B=-15765
Expected:           0  received:           0
xmsim: *E,ASRTST (../tb/tb_classes/scoreboard.svh,151): (time 6910 NS) Assertion mult_pkg::scoreboard.write.__assert_1 has failed
TEST FAILED: 6910000 Test FAILED for A=28897 B=29881
Expected:           0  received:           0
xmsim: *E,ASRTST (../tb/tb_classes/scoreboard.svh,151): (time 6950 NS) Assertion mult_pkg::scoreboard.write.__assert_1 has failed
TEST FAILED: 6950000 Test FAILED for A=-13508 B=21848
Expected:           0  received:           0
xmsim: *E,ASRTST (../tb/tb_classes/scoreboard.svh,151): (time 6990 NS) Assertion mult_pkg::scoreboard.write.__assert_1 has failed
TEST FAILED: 6990000 Test FAILED for A=-15568 B=-32768
Expected:           0  received:           0
xmsim: *E,ASRTST (../tb/tb_classes/scoreboard.svh,151): (time 7030 NS) Assertion mult_pkg::scoreboard.write.__assert_1 has failed
TEST FAILED: 7030000 Test FAILED for A=-25951 B=-28776
Expected:           0  received:           0
xmsim: *E,ASRTST (../tb/tb_classes/scoreboard.svh,151): (time 7070 NS) Assertion mult_pkg::scoreboard.write.__assert_1 has failed
TEST FAILED: 7070000 Test FAILED for A=-11987 B=-32768
Expected:           0  received:           0
xmsim: *E,ASRTST (../tb/tb_classes/scoreboard.svh,151): (time 7110 NS) Assertion mult_pkg::scoreboard.write.__assert_1 has failed
TEST FAILED: 7110000 Test FAILED for A=-8436 B=4885
Expected:           0  received:           0
xmsim: *E,ASRTST (../tb/tb_classes/scoreboard.svh,151): (time 7150 NS) Assertion mult_pkg::scoreboard.write.__assert_1 has failed
TEST FAILED: 7150000 Test FAILED for A=640 B=-31037
Expected:           0  received:           0
xmsim: *E,ASRTST (../tb/tb_classes/scoreboard.svh,151): (time 7190 NS) Assertion mult_pkg::scoreboard.write.__assert_1 has failed
TEST FAILED: 7190000 Test FAILED for A=3367 B=32767
Expected:           0  received:           0
xmsim: *E,ASRTST (../tb/tb_classes/scoreboard.svh,151): (time 7350 NS) Assertion mult_pkg::scoreboard.write.__assert_1 has failed
TEST FAILED: 7350000 Test FAILED for A=-23516 B=5128
Expected:           0  received:           0
xmsim: *E,ASRTST (../tb/tb_classes/scoreboard.svh,151): (time 7390 NS) Assertion mult_pkg::scoreboard.write.__assert_1 has failed
TEST FAILED: 7390000 Test FAILED for A=4920 B=-24488
Expected:           0  received:           0
xmsim: *E,ASRTST (../tb/tb_classes/scoreboard.svh,151): (time 7430 NS) Assertion mult_pkg::scoreboard.write.__assert_1 has failed
TEST FAILED: 7430000 Test FAILED for A=-8347 B=14598
Expected:           0  received:           0
xmsim: *E,ASRTST (../tb/tb_classes/scoreboard.svh,151): (time 7470 NS) Assertion mult_pkg::scoreboard.write.__assert_1 has failed
TEST FAILED: 7470000 Test FAILED for A=14664 B=-3080
Expected:           0  received:           0
xmsim: *E,ASRTST (../tb/tb_classes/scoreboard.svh,151): (time 7510 NS) Assertion mult_pkg::scoreboard.write.__assert_1 has failed
TEST FAILED: 7510000 Test FAILED for A=-7269 B=21424
Expected:           0  received:           0
xmsim: *E,ASRTST (../tb/tb_classes/scoreboard.svh,151): (time 7550 NS) Assertion mult_pkg::scoreboard.write.__assert_1 has failed
TEST FAILED: 7550000 Test FAILED for A=-32768 B=6365
Expected:           0  received:           0
xmsim: *E,ASRTST (../tb/tb_classes/scoreboard.svh,151): (time 7590 NS) Assertion mult_pkg::scoreboard.write.__assert_1 has failed
TEST FAILED: 7590000 Test FAILED for A=29525 B=32767
Expected:           0  received:           0
xmsim: *E,ASRTST (../tb/tb_classes/scoreboard.svh,151): (time 7750 NS) Assertion mult_pkg::scoreboard.write.__assert_1 has failed
TEST FAILED: 7750000 Test FAILED for A=32164 B=-25130
Expected:           0  received:           0
xmsim: *E,ASRTST (../tb/tb_classes/scoreboard.svh,151): (time 7790 NS) Assertion mult_pkg::scoreboard.write.__assert_1 has failed
TEST FAILED: 7790000 Test FAILED for A=-32768 B=-13377
Expected:           0  received:           0
xmsim: *E,ASRTST (../tb/tb_classes/scoreboard.svh,151): (time 7830 NS) Assertion mult_pkg::scoreboard.write.__assert_1 has failed
TEST FAILED: 7830000 Test FAILED for A=4213 B=15302
Expected:           0  received:           0
xmsim: *E,ASRTST (../tb/tb_classes/scoreboard.svh,151): (time 7870 NS) Assertion mult_pkg::scoreboard.write.__assert_1 has failed
TEST FAILED: 7870000 Test FAILED for A=-356 B=7855
Expected:           0  received:           0
xmsim: *E,ASRTST (../tb/tb_classes/scoreboard.svh,151): (time 7910 NS) Assertion mult_pkg::scoreboard.write.__assert_1 has failed
TEST FAILED: 7910000 Test FAILED for A=-24866 B=4010
Expected:           0  received:           0
xmsim: *E,ASRTST (../tb/tb_classes/scoreboard.svh,151): (time 8070 NS) Assertion mult_pkg::scoreboard.write.__assert_1 has failed
TEST FAILED: 8070000 Test FAILED for A=4977 B=-9375
Expected:           0  received:           0
xmsim: *E,ASRTST (../tb/tb_classes/scoreboard.svh,151): (time 8110 NS) Assertion mult_pkg::scoreboard.write.__assert_1 has failed
TEST FAILED: 8110000 Test FAILED for A=-26432 B=-19330
Expected:           0  received:           0
xmsim: *E,ASRTST (../tb/tb_classes/scoreboard.svh,151): (time 8230 NS) Assertion mult_pkg::scoreboard.write.__assert_1 has failed
TEST FAILED: 8230000 Test FAILED for A=32231 B=-10877
Expected:  -350576587  received:  -350576587
xmsim: *E,ASRTST (../tb/tb_classes/scoreboard.svh,151): (time 8270 NS) Assertion mult_pkg::scoreboard.write.__assert_1 has failed
TEST FAILED: 8270000 Test FAILED for A=19063 B=24550
Expected:           0  received:           0
xmsim: *E,ASRTST (../tb/tb_classes/scoreboard.svh,151): (time 8310 NS) Assertion mult_pkg::scoreboard.write.__assert_1 has failed
TEST FAILED: 8310000 Test FAILED for A=-19460 B=-3900
Expected:           0  received:           0
xmsim: *E,ASRTST (../tb/tb_classes/scoreboard.svh,151): (time 8350 NS) Assertion mult_pkg::scoreboard.write.__assert_1 has failed
TEST FAILED: 8350000 Test FAILED for A=-25766 B=-32768
Expected:           0  received:           0
xmsim: *E,ASRTST (../tb/tb_classes/scoreboard.svh,151): (time 8390 NS) Assertion mult_pkg::scoreboard.write.__assert_1 has failed
TEST FAILED: 8390000 Test FAILED for A=-17438 B=19679
Expected:           0  received:           0
xmsim: *E,ASRTST (../tb/tb_classes/scoreboard.svh,151): (time 8430 NS) Assertion mult_pkg::scoreboard.write.__assert_1 has failed
TEST FAILED: 8430000 Test FAILED for A=-32768 B=31677
Expected:           0  received:           0
xmsim: *E,ASRTST (../tb/tb_classes/scoreboard.svh,151): (time 8470 NS) Assertion mult_pkg::scoreboard.write.__assert_1 has failed
TEST FAILED: 8470000 Test FAILED for A=-25719 B=-28244
Expected:           0  received:           0
xmsim: *E,ASRTST (../tb/tb_classes/scoreboard.svh,151): (time 8510 NS) Assertion mult_pkg::scoreboard.write.__assert_1 has failed
TEST FAILED: 8510000 Test FAILED for A=-29393 B=-23979
Expected:           0  received:           0
xmsim: *E,ASRTST (../tb/tb_classes/scoreboard.svh,151): (time 8550 NS) Assertion mult_pkg::scoreboard.write.__assert_1 has failed
TEST FAILED: 8550000 Test FAILED for A=-32575 B=-23999
Expected:           0  received:           0
xmsim: *E,ASRTST (../tb/tb_classes/scoreboard.svh,151): (time 8670 NS) Assertion mult_pkg::scoreboard.write.__assert_1 has failed
TEST FAILED: 8670000 Test FAILED for A=-3073 B=-32024
Expected:    98409752  received:    98409752
xmsim: *E,ASRTST (../tb/tb_classes/scoreboard.svh,151): (time 8710 NS) Assertion mult_pkg::scoreboard.write.__assert_1 has failed
TEST FAILED: 8710000 Test FAILED for A=7598 B=20000
Expected:           0  received:           0
xmsim: *E,ASRTST (../tb/tb_classes/scoreboard.svh,151): (time 8750 NS) Assertion mult_pkg::scoreboard.write.__assert_1 has failed
TEST FAILED: 8750000 Test FAILED for A=4650 B=20766
Expected:           0  received:           0
xmsim: *E,ASRTST (../tb/tb_classes/scoreboard.svh,151): (time 8790 NS) Assertion mult_pkg::scoreboard.write.__assert_1 has failed
TEST FAILED: 8790000 Test FAILED for A=-7570 B=11644
Expected:           0  received:           0
xmsim: *E,ASRTST (../tb/tb_classes/scoreboard.svh,151): (time 8830 NS) Assertion mult_pkg::scoreboard.write.__assert_1 has failed
TEST FAILED: 8830000 Test FAILED for A=-17097 B=225
Expected:           0  received:           0
xmsim: *E,ASRTST (../tb/tb_classes/scoreboard.svh,151): (time 8950 NS) Assertion mult_pkg::scoreboard.write.__assert_1 has failed
TEST FAILED: 8950000 Test FAILED for A=1997 B=-29452
Expected:   -58815644  received:   -58815644
xmsim: *E,ASRTST (../tb/tb_classes/scoreboard.svh,151): (time 8990 NS) Assertion mult_pkg::scoreboard.write.__assert_1 has failed
TEST FAILED: 8990000 Test FAILED for A=-31508 B=18221
Expected:           0  received:           0
xmsim: *E,ASRTST (../tb/tb_classes/scoreboard.svh,151): (time 9030 NS) Assertion mult_pkg::scoreboard.write.__assert_1 has failed
TEST FAILED: 9030000 Test FAILED for A=31375 B=32767
Expected:           0  received:           0
xmsim: *E,ASRTST (../tb/tb_classes/scoreboard.svh,151): (time 9070 NS) Assertion mult_pkg::scoreboard.write.__assert_1 has failed
TEST FAILED: 9070000 Test FAILED for A=4091 B=-25844
Expected:           0  received:           0
xmsim: *E,ASRTST (../tb/tb_classes/scoreboard.svh,151): (time 9230 NS) Assertion mult_pkg::scoreboard.write.__assert_1 has failed
TEST FAILED: 9230000 Test FAILED for A=-11075 B=10358
Expected:           0  received:           0
xmsim: *E,ASRTST (../tb/tb_classes/scoreboard.svh,151): (time 9270 NS) Assertion mult_pkg::scoreboard.write.__assert_1 has failed
TEST FAILED: 9270000 Test FAILED for A=-12933 B=12399
Expected:           0  received:           0
xmsim: *E,ASRTST (../tb/tb_classes/scoreboard.svh,151): (time 9310 NS) Assertion mult_pkg::scoreboard.write.__assert_1 has failed
TEST FAILED: 9310000 Test FAILED for A=-23078 B=-3617
Expected:           0  received:           0
xmsim: *E,ASRTST (../tb/tb_classes/scoreboard.svh,151): (time 9350 NS) Assertion mult_pkg::scoreboard.write.__assert_1 has failed
TEST FAILED: 9350000 Test FAILED for A=-15279 B=29312
Expected:           0  received:           0
xmsim: *E,ASRTST (../tb/tb_classes/scoreboard.svh,151): (time 9390 NS) Assertion mult_pkg::scoreboard.write.__assert_1 has failed
TEST FAILED: 9390000 Test FAILED for A=25823 B=30084
Expected:           0  received:           0
xmsim: *E,ASRTST (../tb/tb_classes/scoreboard.svh,151): (time 9430 NS) Assertion mult_pkg::scoreboard.write.__assert_1 has failed
TEST FAILED: 9430000 Test FAILED for A=-32768 B=-12116
Expected:           0  received:           0
xmsim: *E,ASRTST (../tb/tb_classes/scoreboard.svh,151): (time 9590 NS) Assertion mult_pkg::scoreboard.write.__assert_1 has failed
TEST FAILED: 9590000 Test FAILED for A=-31817 B=27485
Expected:           0  received:           0
xmsim: *E,ASRTST (../tb/tb_classes/scoreboard.svh,151): (time 9630 NS) Assertion mult_pkg::scoreboard.write.__assert_1 has failed
TEST FAILED: 9630000 Test FAILED for A=15003 B=-17431
Expected:           0  received:           0
xmsim: *E,ASRTST (../tb/tb_classes/scoreboard.svh,151): (time 9670 NS) Assertion mult_pkg::scoreboard.write.__assert_1 has failed
TEST FAILED: 9670000 Test FAILED for A=-19286 B=-32768
Expected:           0  received:           0
xmsim: *E,ASRTST (../tb/tb_classes/scoreboard.svh,151): (time 9790 NS) Assertion mult_pkg::scoreboard.write.__assert_1 has failed
TEST FAILED: 9790000 Test FAILED for A=7373 B=25531
Expected:   188240063  received:   188240063
xmsim: *E,ASRTST (../tb/tb_classes/scoreboard.svh,151): (time 9830 NS) Assertion mult_pkg::scoreboard.write.__assert_1 has failed
TEST FAILED: 9830000 Test FAILED for A=20639 B=-24058
Expected:           0  received:           0
xmsim: *E,ASRTST (../tb/tb_classes/scoreboard.svh,151): (time 9870 NS) Assertion mult_pkg::scoreboard.write.__assert_1 has failed
TEST FAILED: 9870000 Test FAILED for A=-11171 B=-14477
Expected:           0  received:           0
xmsim: *E,ASRTST (../tb/tb_classes/scoreboard.svh,151): (time 9910 NS) Assertion mult_pkg::scoreboard.write.__assert_1 has failed
TEST FAILED: 9910000 Test FAILED for A=25824 B=20353
Expected:           0  received:           0
xmsim: *E,ASRTST (../tb/tb_classes/scoreboard.svh,151): (time 9950 NS) Assertion mult_pkg::scoreboard.write.__assert_1 has failed
TEST FAILED: 9950000 Test FAILED for A=-4003 B=32767
Expected:           0  received:           0
xmsim: *E,ASRTST (../tb/tb_classes/scoreboard.svh,151): (time 9990 NS) Assertion mult_pkg::scoreboard.write.__assert_1 has failed
TEST FAILED: 9990000 Test FAILED for A=21146 B=1865
Expected:           0  received:           0
xmsim: *E,ASRTST (../tb/tb_classes/scoreboard.svh,151): (time 10030 NS) Assertion mult_pkg::scoreboard.write.__assert_1 has failed
TEST FAILED: 10030000 Test FAILED for A=3704 B=24613
Expected:           0  received:           0
xmsim: *E,ASRTST (../tb/tb_classes/scoreboard.svh,151): (time 10070 NS) Assertion mult_pkg::scoreboard.write.__assert_1 has failed
TEST FAILED: 10070000 Test FAILED for A=7379 B=20736
Expected:           0  received:           0
xmsim: *E,ASRTST (../tb/tb_classes/scoreboard.svh,151): (time 10190 NS) Assertion mult_pkg::scoreboard.write.__assert_1 has failed
TEST FAILED: 10190000 Test FAILED for A=16544 B=20433
Expected:   338043552  received:   338043552
xmsim: *E,ASRTST (../tb/tb_classes/scoreboard.svh,151): (time 10230 NS) Assertion mult_pkg::scoreboard.write.__assert_1 has failed
TEST FAILED: 10230000 Test FAILED for A=-17472 B=-20271
Expected:           0  received:           0
xmsim: *E,ASRTST (../tb/tb_classes/scoreboard.svh,151): (time 10270 NS) Assertion mult_pkg::scoreboard.write.__assert_1 has failed
TEST FAILED: 10270000 Test FAILED for A=26547 B=-14720
Expected:           0  received:           0
xmsim: *E,ASRTST (../tb/tb_classes/scoreboard.svh,151): (time 10430 NS) Assertion mult_pkg::scoreboard.write.__assert_1 has failed
TEST FAILED: 10430000 Test FAILED for A=-27778 B=-1138
Expected:           0  received:           0
xmsim: *E,ASRTST (../tb/tb_classes/scoreboard.svh,151): (time 10470 NS) Assertion mult_pkg::scoreboard.write.__assert_1 has failed
TEST FAILED: 10470000 Test FAILED for A=-1526 B=32767
Expected:           0  received:           0
xmsim: *E,ASRTST (../tb/tb_classes/scoreboard.svh,151): (time 10510 NS) Assertion mult_pkg::scoreboard.write.__assert_1 has failed
TEST FAILED: 10510000 Test FAILED for A=-6548 B=27742
Expected:           0  received:           0
xmsim: *E,ASRTST (../tb/tb_classes/scoreboard.svh,151): (time 10550 NS) Assertion mult_pkg::scoreboard.write.__assert_1 has failed
TEST FAILED: 10550000 Test FAILED for A=-9260 B=-7022
Expected:           0  received:           0
xmsim: *E,ASRTST (../tb/tb_classes/scoreboard.svh,151): (time 10590 NS) Assertion mult_pkg::scoreboard.write.__assert_1 has failed
TEST FAILED: 10590000 Test FAILED for A=32767 B=5623
Expected:           0  received:           0
xmsim: *E,ASRTST (../tb/tb_classes/scoreboard.svh,151): (time 10630 NS) Assertion mult_pkg::scoreboard.write.__assert_1 has failed
TEST FAILED: 10630000 Test FAILED for A=23011 B=-20277
Expected:           0  received:           0
xmsim: *E,ASRTST (../tb/tb_classes/scoreboard.svh,151): (time 10670 NS) Assertion mult_pkg::scoreboard.write.__assert_1 has failed
TEST FAILED: 10670000 Test FAILED for A=-14251 B=21342
Expected:           0  received:           0
xmsim: *E,ASRTST (../tb/tb_classes/scoreboard.svh,151): (time 10710 NS) Assertion mult_pkg::scoreboard.write.__assert_1 has failed
TEST FAILED: 10710000 Test FAILED for A=-16766 B=32767
Expected:           0  received:           0
xmsim: *E,ASRTST (../tb/tb_classes/scoreboard.svh,151): (time 10950 NS) Assertion mult_pkg::scoreboard.write.__assert_1 has failed
TEST FAILED: 10950000 Test FAILED for A=14793 B=-8524
Expected:  -126095532  received:  -126095532
xmsim: *E,ASRTST (../tb/tb_classes/scoreboard.svh,151): (time 10990 NS) Assertion mult_pkg::scoreboard.write.__assert_1 has failed
TEST FAILED: 10990000 Test FAILED for A=-23763 B=-15010
Expected:           0  received:           0
xmsim: *E,ASRTST (../tb/tb_classes/scoreboard.svh,151): (time 11030 NS) Assertion mult_pkg::scoreboard.write.__assert_1 has failed
TEST FAILED: 11030000 Test FAILED for A=-29852 B=-10102
Expected:           0  received:           0
xmsim: *E,ASRTST (../tb/tb_classes/scoreboard.svh,151): (time 11070 NS) Assertion mult_pkg::scoreboard.write.__assert_1 has failed
TEST FAILED: 11070000 Test FAILED for A=9131 B=12221
Expected:           0  received:           0
xmsim: *E,ASRTST (../tb/tb_classes/scoreboard.svh,151): (time 11110 NS) Assertion mult_pkg::scoreboard.write.__assert_1 has failed
TEST FAILED: 11110000 Test FAILED for A=-32768 B=32767
Expected:           0  received:           0
xmsim: *E,ASRTST (../tb/tb_classes/scoreboard.svh,151): (time 11150 NS) Assertion mult_pkg::scoreboard.write.__assert_1 has failed
TEST FAILED: 11150000 Test FAILED for A=-31227 B=-31636
Expected:           0  received:           0
xmsim: *E,ASRTST (../tb/tb_classes/scoreboard.svh,151): (time 11190 NS) Assertion mult_pkg::scoreboard.write.__assert_1 has failed
TEST FAILED: 11190000 Test FAILED for A=20901 B=-3210
Expected:           0  received:           0
xmsim: *E,ASRTST (../tb/tb_classes/scoreboard.svh,151): (time 11230 NS) Assertion mult_pkg::scoreboard.write.__assert_1 has failed
TEST FAILED: 11230000 Test FAILED for A=5511 B=-27802
Expected:           0  received:           0
xmsim: *E,ASRTST (../tb/tb_classes/scoreboard.svh,151): (time 11270 NS) Assertion mult_pkg::scoreboard.write.__assert_1 has failed
TEST FAILED: 11270000 Test FAILED for A=24404 B=-28666
Expected:           0  received:           0
xmsim: *E,ASRTST (../tb/tb_classes/scoreboard.svh,151): (time 11430 NS) Assertion mult_pkg::scoreboard.write.__assert_1 has failed
TEST FAILED: 11430000 Test FAILED for A=17064 B=26142
Expected:           0  received:           0
xmsim: *E,ASRTST (../tb/tb_classes/scoreboard.svh,151): (time 11590 NS) Assertion mult_pkg::scoreboard.write.__assert_1 has failed
TEST FAILED: 11590000 Test FAILED for A=-31499 B=-26655
Expected:           0  received:           0
xmsim: *E,ASRTST (../tb/tb_classes/scoreboard.svh,151): (time 11630 NS) Assertion mult_pkg::scoreboard.write.__assert_1 has failed
TEST FAILED: 11630000 Test FAILED for A=18041 B=32767
Expected:           0  received:           0
xmsim: *E,ASRTST (../tb/tb_classes/scoreboard.svh,151): (time 11790 NS) Assertion mult_pkg::scoreboard.write.__assert_1 has failed
TEST FAILED: 11790000 Test FAILED for A=-3759 B=-28644
Expected:           0  received:           0
xmsim: *E,ASRTST (../tb/tb_classes/scoreboard.svh,151): (time 11830 NS) Assertion mult_pkg::scoreboard.write.__assert_1 has failed
TEST FAILED: 11830000 Test FAILED for A=16175 B=-788
Expected:           0  received:           0
xmsim: *E,ASRTST (../tb/tb_classes/scoreboard.svh,151): (time 11870 NS) Assertion mult_pkg::scoreboard.write.__assert_1 has failed
TEST FAILED: 11870000 Test FAILED for A=-32768 B=-2460
Expected:           0  received:           0
xmsim: *E,ASRTST (../tb/tb_classes/scoreboard.svh,151): (time 11910 NS) Assertion mult_pkg::scoreboard.write.__assert_1 has failed
TEST FAILED: 11910000 Test FAILED for A=18249 B=-8013
Expected:           0  received:           0
xmsim: *E,ASRTST (../tb/tb_classes/scoreboard.svh,151): (time 11950 NS) Assertion mult_pkg::scoreboard.write.__assert_1 has failed
TEST FAILED: 11950000 Test FAILED for A=31069 B=23500
Expected:           0  received:           0
xmsim: *E,ASRTST (../tb/tb_classes/scoreboard.svh,151): (time 11990 NS) Assertion mult_pkg::scoreboard.write.__assert_1 has failed
TEST FAILED: 11990000 Test FAILED for A=-18595 B=-17034
Expected:           0  received:           0
xmsim: *E,ASRTST (../tb/tb_classes/scoreboard.svh,151): (time 12030 NS) Assertion mult_pkg::scoreboard.write.__assert_1 has failed
TEST FAILED: 12030000 Test FAILED for A=17184 B=-19847
Expected:           0  received:           0
xmsim: *E,ASRTST (../tb/tb_classes/scoreboard.svh,151): (time 12070 NS) Assertion mult_pkg::scoreboard.write.__assert_1 has failed
TEST FAILED: 12070000 Test FAILED for A=27305 B=-13347
Expected:           0  received:           0
xmsim: *E,ASRTST (../tb/tb_classes/scoreboard.svh,151): (time 12110 NS) Assertion mult_pkg::scoreboard.write.__assert_1 has failed
TEST FAILED: 12110000 Test FAILED for A=10625 B=10163
Expected:           0  received:           0
xmsim: *E,ASRTST (../tb/tb_classes/scoreboard.svh,151): (time 12150 NS) Assertion mult_pkg::scoreboard.write.__assert_1 has failed
TEST FAILED: 12150000 Test FAILED for A=-14852 B=32767
Expected:           0  received:           0
xmsim: *E,ASRTST (../tb/tb_classes/scoreboard.svh,151): (time 12190 NS) Assertion mult_pkg::scoreboard.write.__assert_1 has failed
TEST FAILED: 12190000 Test FAILED for A=-39 B=12583
Expected:           0  received:           0
xmsim: *E,ASRTST (../tb/tb_classes/scoreboard.svh,151): (time 12230 NS) Assertion mult_pkg::scoreboard.write.__assert_1 has failed
TEST FAILED: 12230000 Test FAILED for A=32767 B=32767
Expected:           0  received:           0
xmsim: *E,ASRTST (../tb/tb_classes/scoreboard.svh,151): (time 12270 NS) Assertion mult_pkg::scoreboard.write.__assert_1 has failed
TEST FAILED: 12270000 Test FAILED for A=-32517 B=21670
Expected:           0  received:           0
xmsim: *E,ASRTST (../tb/tb_classes/scoreboard.svh,151): (time 12310 NS) Assertion mult_pkg::scoreboard.write.__assert_1 has failed
TEST FAILED: 12310000 Test FAILED for A=-25167 B=12321
Expected:           0  received:           0
xmsim: *E,ASRTST (../tb/tb_classes/scoreboard.svh,151): (time 12350 NS) Assertion mult_pkg::scoreboard.write.__assert_1 has failed
TEST FAILED: 12350000 Test FAILED for A=-13713 B=-18626
Expected:           0  received:           0
xmsim: *E,ASRTST (../tb/tb_classes/scoreboard.svh,151): (time 12390 NS) Assertion mult_pkg::scoreboard.write.__assert_1 has failed
TEST FAILED: 12390000 Test FAILED for A=16544 B=19956
Expected:           0  received:           0
xmsim: *E,ASRTST (../tb/tb_classes/scoreboard.svh,151): (time 12430 NS) Assertion mult_pkg::scoreboard.write.__assert_1 has failed
TEST FAILED: 12430000 Test FAILED for A=11632 B=-18161
Expected:           0  received:           0
xmsim: *E,ASRTST (../tb/tb_classes/scoreboard.svh,151): (time 12470 NS) Assertion mult_pkg::scoreboard.write.__assert_1 has failed
TEST FAILED: 12470000 Test FAILED for A=-8698 B=14666
Expected:           0  received:           0
xmsim: *E,ASRTST (../tb/tb_classes/scoreboard.svh,151): (time 12510 NS) Assertion mult_pkg::scoreboard.write.__assert_1 has failed
TEST FAILED: 12510000 Test FAILED for A=-8847 B=-21485
Expected:           0  received:           0
xmsim: *E,ASRTST (../tb/tb_classes/scoreboard.svh,151): (time 12550 NS) Assertion mult_pkg::scoreboard.write.__assert_1 has failed
TEST FAILED: 12550000 Test FAILED for A=3439 B=-21311
Expected:           0  received:           0
xmsim: *E,ASRTST (../tb/tb_classes/scoreboard.svh,151): (time 12590 NS) Assertion mult_pkg::scoreboard.write.__assert_1 has failed
TEST FAILED: 12590000 Test FAILED for A=-12295 B=-21979
Expected:           0  received:           0
xmsim: *E,ASRTST (../tb/tb_classes/scoreboard.svh,151): (time 12690 NS) Assertion mult_pkg::scoreboard.write.__assert_1 has failed
TEST FAILED: 12690000 Test FAILED for A=-32768 B=13927
Expected:  -456359936  received:  -456359936
xmsim: *E,ASRTST (../tb/tb_classes/scoreboard.svh,151): (time 12730 NS) Assertion mult_pkg::scoreboard.write.__assert_1 has failed
TEST FAILED: 12730000 Test FAILED for A=21455 B=27122
Expected:           0  received:           0
xmsim: *E,ASRTST (../tb/tb_classes/scoreboard.svh,151): (time 12770 NS) Assertion mult_pkg::scoreboard.write.__assert_1 has failed
TEST FAILED: 12770000 Test FAILED for A=-28770 B=1165
Expected:           0  received:           0
xmsim: *E,ASRTST (../tb/tb_classes/scoreboard.svh,151): (time 12890 NS) Assertion mult_pkg::scoreboard.write.__assert_1 has failed
TEST FAILED: 12890000 Test FAILED for A=30176 B=16532
Expected:   498869632  received:   498869632
xmsim: *E,ASRTST (../tb/tb_classes/scoreboard.svh,151): (time 12930 NS) Assertion mult_pkg::scoreboard.write.__assert_1 has failed
TEST FAILED: 12930000 Test FAILED for A=-6421 B=-16850
Expected:           0  received:           0
xmsim: *E,ASRTST (../tb/tb_classes/scoreboard.svh,151): (time 12970 NS) Assertion mult_pkg::scoreboard.write.__assert_1 has failed
TEST FAILED: 12970000 Test FAILED for A=-32768 B=-1899
Expected:           0  received:           0
xmsim: *E,ASRTST (../tb/tb_classes/scoreboard.svh,151): (time 13090 NS) Assertion mult_pkg::scoreboard.write.__assert_1 has failed
TEST FAILED: 13090000 Test FAILED for A=-2584 B=14184
Expected:   -36651456  received:   -36651456
xmsim: *E,ASRTST (../tb/tb_classes/scoreboard.svh,151): (time 13130 NS) Assertion mult_pkg::scoreboard.write.__assert_1 has failed
TEST FAILED: 13130000 Test FAILED for A=-26286 B=30854
Expected:           0  received:           0
xmsim: *E,ASRTST (../tb/tb_classes/scoreboard.svh,151): (time 13170 NS) Assertion mult_pkg::scoreboard.write.__assert_1 has failed
TEST FAILED: 13170000 Test FAILED for A=30834 B=8140
Expected:           0  received:           0
xmsim: *E,ASRTST (../tb/tb_classes/scoreboard.svh,151): (time 13210 NS) Assertion mult_pkg::scoreboard.write.__assert_1 has failed
TEST FAILED: 13210000 Test FAILED for A=-1396 B=16527
Expected:           0  received:           0
xmsim: *E,ASRTST (../tb/tb_classes/scoreboard.svh,151): (time 13250 NS) Assertion mult_pkg::scoreboard.write.__assert_1 has failed
TEST FAILED: 13250000 Test FAILED for A=-53 B=-11990
Expected:           0  received:           0
xmsim: *E,ASRTST (../tb/tb_classes/scoreboard.svh,151): (time 13290 NS) Assertion mult_pkg::scoreboard.write.__assert_1 has failed
TEST FAILED: 13290000 Test FAILED for A=59 B=-15981
Expected:           0  received:           0
xmsim: *E,ASRTST (../tb/tb_classes/scoreboard.svh,151): (time 13330 NS) Assertion mult_pkg::scoreboard.write.__assert_1 has failed
TEST FAILED: 13330000 Test FAILED for A=15218 B=7605
Expected:           0  received:           0
xmsim: *E,ASRTST (../tb/tb_classes/scoreboard.svh,151): (time 13370 NS) Assertion mult_pkg::scoreboard.write.__assert_1 has failed
TEST FAILED: 13370000 Test FAILED for A=-16335 B=11863
Expected:           0  received:           0
xmsim: *E,ASRTST (../tb/tb_classes/scoreboard.svh,151): (time 13410 NS) Assertion mult_pkg::scoreboard.write.__assert_1 has failed
TEST FAILED: 13410000 Test FAILED for A=-32768 B=-31703
Expected:           0  received:           0
xmsim: *E,ASRTST (../tb/tb_classes/scoreboard.svh,151): (time 13450 NS) Assertion mult_pkg::scoreboard.write.__assert_1 has failed
TEST FAILED: 13450000 Test FAILED for A=22989 B=19927
Expected:           0  received:           0
xmsim: *E,ASRTST (../tb/tb_classes/scoreboard.svh,151): (time 13490 NS) Assertion mult_pkg::scoreboard.write.__assert_1 has failed
TEST FAILED: 13490000 Test FAILED for A=18634 B=13357
Expected:           0  received:           0
xmsim: *E,ASRTST (../tb/tb_classes/scoreboard.svh,151): (time 13530 NS) Assertion mult_pkg::scoreboard.write.__assert_1 has failed
TEST FAILED: 13530000 Test FAILED for A=-11021 B=5949
Expected:           0  received:           0
xmsim: *E,ASRTST (../tb/tb_classes/scoreboard.svh,151): (time 13570 NS) Assertion mult_pkg::scoreboard.write.__assert_1 has failed
TEST FAILED: 13570000 Test FAILED for A=-16472 B=6530
Expected:           0  received:           0
xmsim: *E,ASRTST (../tb/tb_classes/scoreboard.svh,151): (time 13610 NS) Assertion mult_pkg::scoreboard.write.__assert_1 has failed
TEST FAILED: 13610000 Test FAILED for A=32767 B=20492
Expected:           0  received:           0
xmsim: *E,ASRTST (../tb/tb_classes/scoreboard.svh,151): (time 13650 NS) Assertion mult_pkg::scoreboard.write.__assert_1 has failed
TEST FAILED: 13650000 Test FAILED for A=-22449 B=-27229
Expected:           0  received:           0
xmsim: *E,ASRTST (../tb/tb_classes/scoreboard.svh,151): (time 13690 NS) Assertion mult_pkg::scoreboard.write.__assert_1 has failed
TEST FAILED: 13690000 Test FAILED for A=-4328 B=32767
Expected:           0  received:           0
xmsim: *E,ASRTST (../tb/tb_classes/scoreboard.svh,151): (time 13850 NS) Assertion mult_pkg::scoreboard.write.__assert_1 has failed
TEST FAILED: 13850000 Test FAILED for A=-18899 B=-21761
Expected:           0  received:           0
xmsim: *E,ASRTST (../tb/tb_classes/scoreboard.svh,151): (time 13890 NS) Assertion mult_pkg::scoreboard.write.__assert_1 has failed
TEST FAILED: 13890000 Test FAILED for A=-22723 B=6938
Expected:           0  received:           0
xmsim: *E,ASRTST (../tb/tb_classes/scoreboard.svh,151): (time 13930 NS) Assertion mult_pkg::scoreboard.write.__assert_1 has failed
TEST FAILED: 13930000 Test FAILED for A=-23789 B=-30179
Expected:           0  received:           0
xmsim: *E,ASRTST (../tb/tb_classes/scoreboard.svh,151): (time 13970 NS) Assertion mult_pkg::scoreboard.write.__assert_1 has failed
TEST FAILED: 13970000 Test FAILED for A=-30574 B=-25874
Expected:           0  received:           0
xmsim: *E,ASRTST (../tb/tb_classes/scoreboard.svh,151): (time 14090 NS) Assertion mult_pkg::scoreboard.write.__assert_1 has failed
TEST FAILED: 14090000 Test FAILED for A=25767 B=-990
Expected:   -25509330  received:   -25509330
xmsim: *E,ASRTST (../tb/tb_classes/scoreboard.svh,151): (time 14250 NS) Assertion mult_pkg::scoreboard.write.__assert_1 has failed
TEST FAILED: 14250000 Test FAILED for A=-17128 B=26476
Expected:           0  received:           0
xmsim: *E,ASRTST (../tb/tb_classes/scoreboard.svh,151): (time 14290 NS) Assertion mult_pkg::scoreboard.write.__assert_1 has failed
TEST FAILED: 14290000 Test FAILED for A=-32768 B=32767
Expected:           0  received:           0
xmsim: *E,ASRTST (../tb/tb_classes/scoreboard.svh,151): (time 14330 NS) Assertion mult_pkg::scoreboard.write.__assert_1 has failed
TEST FAILED: 14330000 Test FAILED for A=21541 B=12980
Expected:           0  received:           0
xmsim: *E,ASRTST (../tb/tb_classes/scoreboard.svh,151): (time 14370 NS) Assertion mult_pkg::scoreboard.write.__assert_1 has failed
TEST FAILED: 14370000 Test FAILED for A=19299 B=32767
Expected:           0  received:           0
xmsim: *E,ASRTST (../tb/tb_classes/scoreboard.svh,151): (time 14410 NS) Assertion mult_pkg::scoreboard.write.__assert_1 has failed
TEST FAILED: 14410000 Test FAILED for A=-29468 B=1198
Expected:           0  received:           0
xmsim: *E,ASRTST (../tb/tb_classes/scoreboard.svh,151): (time 14450 NS) Assertion mult_pkg::scoreboard.write.__assert_1 has failed
TEST FAILED: 14450000 Test FAILED for A=6157 B=-31916
Expected:           0  received:           0
xmsim: *E,ASRTST (../tb/tb_classes/scoreboard.svh,151): (time 14490 NS) Assertion mult_pkg::scoreboard.write.__assert_1 has failed
TEST FAILED: 14490000 Test FAILED for A=-32713 B=11015
Expected:           0  received:           0
xmsim: *E,ASRTST (../tb/tb_classes/scoreboard.svh,151): (time 14610 NS) Assertion mult_pkg::scoreboard.write.__assert_1 has failed
TEST FAILED: 14610000 Test FAILED for A=25371 B=4554
Expected:   115539534  received:   115539534
xmsim: *E,ASRTST (../tb/tb_classes/scoreboard.svh,151): (time 14650 NS) Assertion mult_pkg::scoreboard.write.__assert_1 has failed
TEST FAILED: 14650000 Test FAILED for A=-32768 B=31356
Expected:           0  received:           0
xmsim: *E,ASRTST (../tb/tb_classes/scoreboard.svh,151): (time 14690 NS) Assertion mult_pkg::scoreboard.write.__assert_1 has failed
TEST FAILED: 14690000 Test FAILED for A=-17217 B=15983
Expected:           0  received:           0
xmsim: *E,ASRTST (../tb/tb_classes/scoreboard.svh,151): (time 14730 NS) Assertion mult_pkg::scoreboard.write.__assert_1 has failed
TEST FAILED: 14730000 Test FAILED for A=-32768 B=-13032
Expected:           0  received:           0
xmsim: *E,ASRTST (../tb/tb_classes/scoreboard.svh,151): (time 14770 NS) Assertion mult_pkg::scoreboard.write.__assert_1 has failed
TEST FAILED: 14770000 Test FAILED for A=27751 B=18136
Expected:           0  received:           0
xmsim: *E,ASRTST (../tb/tb_classes/scoreboard.svh,151): (time 14810 NS) Assertion mult_pkg::scoreboard.write.__assert_1 has failed
TEST FAILED: 14810000 Test FAILED for A=24404 B=-12836
Expected:           0  received:           0
xmsim: *E,ASRTST (../tb/tb_classes/scoreboard.svh,151): (time 14850 NS) Assertion mult_pkg::scoreboard.write.__assert_1 has failed
TEST FAILED: 14850000 Test FAILED for A=-31288 B=17458
Expected:           0  received:           0
xmsim: *E,ASRTST (../tb/tb_classes/scoreboard.svh,151): (time 14890 NS) Assertion mult_pkg::scoreboard.write.__assert_1 has failed
TEST FAILED: 14890000 Test FAILED for A=19042 B=3743
Expected:           0  received:           0
xmsim: *E,ASRTST (../tb/tb_classes/scoreboard.svh,151): (time 14930 NS) Assertion mult_pkg::scoreboard.write.__assert_1 has failed
TEST FAILED: 14930000 Test FAILED for A=22688 B=10039
Expected:           0  received:           0
xmsim: *E,ASRTST (../tb/tb_classes/scoreboard.svh,151): (time 14970 NS) Assertion mult_pkg::scoreboard.write.__assert_1 has failed
TEST FAILED: 14970000 Test FAILED for A=32767 B=7299
Expected:           0  received:           0
xmsim: *E,ASRTST (../tb/tb_classes/scoreboard.svh,151): (time 15010 NS) Assertion mult_pkg::scoreboard.write.__assert_1 has failed
TEST FAILED: 15010000 Test FAILED for A=25168 B=-15879
Expected:           0  received:           0
xmsim: *E,ASRTST (../tb/tb_classes/scoreboard.svh,151): (time 15050 NS) Assertion mult_pkg::scoreboard.write.__assert_1 has failed
TEST FAILED: 15050000 Test FAILED for A=-21742 B=-12092
Expected:           0  received:           0
xmsim: *E,ASRTST (../tb/tb_classes/scoreboard.svh,151): (time 15210 NS) Assertion mult_pkg::scoreboard.write.__assert_1 has failed
TEST FAILED: 15210000 Test FAILED for A=23212 B=-9801
Expected:           0  received:           0
xmsim: *E,ASRTST (../tb/tb_classes/scoreboard.svh,151): (time 15250 NS) Assertion mult_pkg::scoreboard.write.__assert_1 has failed
TEST FAILED: 15250000 Test FAILED for A=-17280 B=-19727
Expected:           0  received:           0
xmsim: *E,ASRTST (../tb/tb_classes/scoreboard.svh,151): (time 15290 NS) Assertion mult_pkg::scoreboard.write.__assert_1 has failed
TEST FAILED: 15290000 Test FAILED for A=-2654 B=-32768
Expected:           0  received:           0
xmsim: *E,ASRTST (../tb/tb_classes/scoreboard.svh,151): (time 15330 NS) Assertion mult_pkg::scoreboard.write.__assert_1 has failed
TEST FAILED: 15330000 Test FAILED for A=5305 B=26906
Expected:           0  received:           0
xmsim: *E,ASRTST (../tb/tb_classes/scoreboard.svh,151): (time 15370 NS) Assertion mult_pkg::scoreboard.write.__assert_1 has failed
TEST FAILED: 15370000 Test FAILED for A=15673 B=-32768
Expected:           0  received:           0
xmsim: *E,ASRTST (../tb/tb_classes/scoreboard.svh,151): (time 15410 NS) Assertion mult_pkg::scoreboard.write.__assert_1 has failed
TEST FAILED: 15410000 Test FAILED for A=19280 B=-5859
Expected:           0  received:           0
xmsim: *E,ASRTST (../tb/tb_classes/scoreboard.svh,151): (time 15450 NS) Assertion mult_pkg::scoreboard.write.__assert_1 has failed
TEST FAILED: 15450000 Test FAILED for A=-20725 B=-32768
Expected:           0  received:           0
xmsim: *E,ASRTST (../tb/tb_classes/scoreboard.svh,151): (time 15490 NS) Assertion mult_pkg::scoreboard.write.__assert_1 has failed
TEST FAILED: 15490000 Test FAILED for A=-7978 B=4786
Expected:           0  received:           0
xmsim: *E,ASRTST (../tb/tb_classes/scoreboard.svh,151): (time 15530 NS) Assertion mult_pkg::scoreboard.write.__assert_1 has failed
TEST FAILED: 15530000 Test FAILED for A=1479 B=406
Expected:           0  received:           0
xmsim: *E,ASRTST (../tb/tb_classes/scoreboard.svh,151): (time 15570 NS) Assertion mult_pkg::scoreboard.write.__assert_1 has failed
TEST FAILED: 15570000 Test FAILED for A=-32768 B=-32103
Expected:           0  received:           0
xmsim: *E,ASRTST (../tb/tb_classes/scoreboard.svh,151): (time 15610 NS) Assertion mult_pkg::scoreboard.write.__assert_1 has failed
TEST FAILED: 15610000 Test FAILED for A=6360 B=-11292
Expected:           0  received:           0
xmsim: *E,ASRTST (../tb/tb_classes/scoreboard.svh,151): (time 15650 NS) Assertion mult_pkg::scoreboard.write.__assert_1 has failed
TEST FAILED: 15650000 Test FAILED for A=2356 B=-18468
Expected:           0  received:           0
xmsim: *E,ASRTST (../tb/tb_classes/scoreboard.svh,151): (time 15690 NS) Assertion mult_pkg::scoreboard.write.__assert_1 has failed
TEST FAILED: 15690000 Test FAILED for A=-32768 B=8551
Expected:           0  received:           0
xmsim: *E,ASRTST (../tb/tb_classes/scoreboard.svh,151): (time 15730 NS) Assertion mult_pkg::scoreboard.write.__assert_1 has failed
TEST FAILED: 15730000 Test FAILED for A=-5332 B=30010
Expected:           0  received:           0
xmsim: *E,ASRTST (../tb/tb_classes/scoreboard.svh,151): (time 15850 NS) Assertion mult_pkg::scoreboard.write.__assert_1 has failed
TEST FAILED: 15850000 Test FAILED for A=-1986 B=-29943
Expected:    59466798  received:    59466798
xmsim: *E,ASRTST (../tb/tb_classes/scoreboard.svh,151): (time 15890 NS) Assertion mult_pkg::scoreboard.write.__assert_1 has failed
TEST FAILED: 15890000 Test FAILED for A=-26596 B=-19694
Expected:           0  received:           0
xmsim: *E,ASRTST (../tb/tb_classes/scoreboard.svh,151): (time 16050 NS) Assertion mult_pkg::scoreboard.write.__assert_1 has failed
TEST FAILED: 16050000 Test FAILED for A=32767 B=26708
Expected:           0  received:           0
xmsim: *E,ASRTST (../tb/tb_classes/scoreboard.svh,151): (time 16090 NS) Assertion mult_pkg::scoreboard.write.__assert_1 has failed
TEST FAILED: 16090000 Test FAILED for A=-24785 B=-21716
Expected:           0  received:           0
xmsim: *E,ASRTST (../tb/tb_classes/scoreboard.svh,151): (time 16130 NS) Assertion mult_pkg::scoreboard.write.__assert_1 has failed
TEST FAILED: 16130000 Test FAILED for A=12006 B=-8091
Expected:           0  received:           0
xmsim: *E,ASRTST (../tb/tb_classes/scoreboard.svh,151): (time 16170 NS) Assertion mult_pkg::scoreboard.write.__assert_1 has failed
TEST FAILED: 16170000 Test FAILED for A=18163 B=-32768
Expected:           0  received:           0
xmsim: *E,ASRTST (../tb/tb_classes/scoreboard.svh,151): (time 16210 NS) Assertion mult_pkg::scoreboard.write.__assert_1 has failed
TEST FAILED: 16210000 Test FAILED for A=-32768 B=7274
Expected:           0  received:           0
xmsim: *E,ASRTST (../tb/tb_classes/scoreboard.svh,151): (time 16250 NS) Assertion mult_pkg::scoreboard.write.__assert_1 has failed
TEST FAILED: 16250000 Test FAILED for A=-13275 B=22509
Expected:           0  received:           0
xmsim: *E,ASRTST (../tb/tb_classes/scoreboard.svh,151): (time 16290 NS) Assertion mult_pkg::scoreboard.write.__assert_1 has failed
TEST FAILED: 16290000 Test FAILED for A=32767 B=32767
Expected:           0  received:           0
xmsim: *E,ASRTST (../tb/tb_classes/scoreboard.svh,151): (time 16330 NS) Assertion mult_pkg::scoreboard.write.__assert_1 has failed
TEST FAILED: 16330000 Test FAILED for A=32767 B=25431
Expected:           0  received:           0
xmsim: *E,ASRTST (../tb/tb_classes/scoreboard.svh,151): (time 16370 NS) Assertion mult_pkg::scoreboard.write.__assert_1 has failed
TEST FAILED: 16370000 Test FAILED for A=-26943 B=-19479
Expected:           0  received:           0
xmsim: *E,ASRTST (../tb/tb_classes/scoreboard.svh,151): (time 16410 NS) Assertion mult_pkg::scoreboard.write.__assert_1 has failed
TEST FAILED: 16410000 Test FAILED for A=-16753 B=-8435
Expected:           0  received:           0
xmsim: *E,ASRTST (../tb/tb_classes/scoreboard.svh,151): (time 16450 NS) Assertion mult_pkg::scoreboard.write.__assert_1 has failed
TEST FAILED: 16450000 Test FAILED for A=-5470 B=32767
Expected:           0  received:           0
xmsim: *E,ASRTST (../tb/tb_classes/scoreboard.svh,151): (time 16570 NS) Assertion mult_pkg::scoreboard.write.__assert_1 has failed
TEST FAILED: 16570000 Test FAILED for A=-21278 B=-30928
Expected:   658085984  received:   658085984
xmsim: *E,ASRTST (../tb/tb_classes/scoreboard.svh,151): (time 16690 NS) Assertion mult_pkg::scoreboard.write.__assert_1 has failed
TEST FAILED: 16690000 Test FAILED for A=-7132 B=-13009
Expected:    92780188  received:    92780188
xmsim: *E,ASRTST (../tb/tb_classes/scoreboard.svh,151): (time 16730 NS) Assertion mult_pkg::scoreboard.write.__assert_1 has failed
TEST FAILED: 16730000 Test FAILED for A=16006 B=32767
Expected:           0  received:           0
xmsim: *E,ASRTST (../tb/tb_classes/scoreboard.svh,151): (time 16770 NS) Assertion mult_pkg::scoreboard.write.__assert_1 has failed
TEST FAILED: 16770000 Test FAILED for A=31172 B=-32768
Expected:           0  received:           0
xmsim: *E,ASRTST (../tb/tb_classes/scoreboard.svh,151): (time 16810 NS) Assertion mult_pkg::scoreboard.write.__assert_1 has failed
TEST FAILED: 16810000 Test FAILED for A=28879 B=29772
Expected:           0  received:           0
xmsim: *E,ASRTST (../tb/tb_classes/scoreboard.svh,151): (time 16850 NS) Assertion mult_pkg::scoreboard.write.__assert_1 has failed
TEST FAILED: 16850000 Test FAILED for A=-7189 B=6135
Expected:           0  received:           0
xmsim: *E,ASRTST (../tb/tb_classes/scoreboard.svh,151): (time 16890 NS) Assertion mult_pkg::scoreboard.write.__assert_1 has failed
TEST FAILED: 16890000 Test FAILED for A=25993 B=-19983
Expected:           0  received:           0
xmsim: *E,ASRTST (../tb/tb_classes/scoreboard.svh,151): (time 16930 NS) Assertion mult_pkg::scoreboard.write.__assert_1 has failed
TEST FAILED: 16930000 Test FAILED for A=10592 B=-20267
Expected:           0  received:           0
xmsim: *E,ASRTST (../tb/tb_classes/scoreboard.svh,151): (time 16970 NS) Assertion mult_pkg::scoreboard.write.__assert_1 has failed
TEST FAILED: 16970000 Test FAILED for A=2028 B=5662
Expected:           0  received:           0
xmsim: *E,ASRTST (../tb/tb_classes/scoreboard.svh,151): (time 17010 NS) Assertion mult_pkg::scoreboard.write.__assert_1 has failed
TEST FAILED: 17010000 Test FAILED for A=9449 B=3931
Expected:           0  received:           0
xmsim: *E,ASRTST (../tb/tb_classes/scoreboard.svh,151): (time 17050 NS) Assertion mult_pkg::scoreboard.write.__assert_1 has failed
TEST FAILED: 17050000 Test FAILED for A=-26559 B=-29272
Expected:           0  received:           0
xmsim: *E,ASRTST (../tb/tb_classes/scoreboard.svh,151): (time 17090 NS) Assertion mult_pkg::scoreboard.write.__assert_1 has failed
TEST FAILED: 17090000 Test FAILED for A=-845 B=-32768
Expected:           0  received:           0
xmsim: *E,ASRTST (../tb/tb_classes/scoreboard.svh,151): (time 17130 NS) Assertion mult_pkg::scoreboard.write.__assert_1 has failed
TEST FAILED: 17130000 Test FAILED for A=-9891 B=32767
Expected:           0  received:           0
xmsim: *E,ASRTST (../tb/tb_classes/scoreboard.svh,151): (time 17170 NS) Assertion mult_pkg::scoreboard.write.__assert_1 has failed
TEST FAILED: 17170000 Test FAILED for A=32767 B=32767
Expected:           0  received:           0
xmsim: *E,ASRTST (../tb/tb_classes/scoreboard.svh,151): (time 17210 NS) Assertion mult_pkg::scoreboard.write.__assert_1 has failed
TEST FAILED: 17210000 Test FAILED for A=-5693 B=28632
Expected:           0  received:           0
xmsim: *E,ASRTST (../tb/tb_classes/scoreboard.svh,151): (time 17250 NS) Assertion mult_pkg::scoreboard.write.__assert_1 has failed
TEST FAILED: 17250000 Test FAILED for A=-2572 B=-32768
Expected:           0  received:           0
xmsim: *E,ASRTST (../tb/tb_classes/scoreboard.svh,151): (time 17290 NS) Assertion mult_pkg::scoreboard.write.__assert_1 has failed
TEST FAILED: 17290000 Test FAILED for A=-17381 B=-14540
Expected:           0  received:           0
xmsim: *E,ASRTST (../tb/tb_classes/scoreboard.svh,151): (time 17330 NS) Assertion mult_pkg::scoreboard.write.__assert_1 has failed
TEST FAILED: 17330000 Test FAILED for A=-32768 B=27687
Expected:           0  received:           0
xmsim: *E,ASRTST (../tb/tb_classes/scoreboard.svh,151): (time 17370 NS) Assertion mult_pkg::scoreboard.write.__assert_1 has failed
TEST FAILED: 17370000 Test FAILED for A=19591 B=-15349
Expected:           0  received:           0
xmsim: *E,ASRTST (../tb/tb_classes/scoreboard.svh,151): (time 17410 NS) Assertion mult_pkg::scoreboard.write.__assert_1 has failed
TEST FAILED: 17410000 Test FAILED for A=-10343 B=1652
Expected:           0  received:           0
xmsim: *E,ASRTST (../tb/tb_classes/scoreboard.svh,151): (time 17450 NS) Assertion mult_pkg::scoreboard.write.__assert_1 has failed
TEST FAILED: 17450000 Test FAILED for A=-1973 B=29759
Expected:           0  received:           0
xmsim: *E,ASRTST (../tb/tb_classes/scoreboard.svh,151): (time 17570 NS) Assertion mult_pkg::scoreboard.write.__assert_1 has failed
TEST FAILED: 17570000 Test FAILED for A=22758 B=24857
Expected:   565695606  received:   565695606
xmsim: *E,ASRTST (../tb/tb_classes/scoreboard.svh,151): (time 17690 NS) Assertion mult_pkg::scoreboard.write.__assert_1 has failed
TEST FAILED: 17690000 Test FAILED for A=29070 B=-14990
Expected:  -435759300  received:  -435759300
xmsim: *E,ASRTST (../tb/tb_classes/scoreboard.svh,151): (time 17730 NS) Assertion mult_pkg::scoreboard.write.__assert_1 has failed
TEST FAILED: 17730000 Test FAILED for A=9094 B=-7598
Expected:           0  received:           0
xmsim: *E,ASRTST (../tb/tb_classes/scoreboard.svh,151): (time 17770 NS) Assertion mult_pkg::scoreboard.write.__assert_1 has failed
TEST FAILED: 17770000 Test FAILED for A=23840 B=-3114
Expected:           0  received:           0
xmsim: *E,ASRTST (../tb/tb_classes/scoreboard.svh,151): (time 17810 NS) Assertion mult_pkg::scoreboard.write.__assert_1 has failed
TEST FAILED: 17810000 Test FAILED for A=-17469 B=-20137
Expected:           0  received:           0
xmsim: *E,ASRTST (../tb/tb_classes/scoreboard.svh,151): (time 17850 NS) Assertion mult_pkg::scoreboard.write.__assert_1 has failed
TEST FAILED: 17850000 Test FAILED for A=8356 B=-32768
Expected:           0  received:           0
xmsim: *E,ASRTST (../tb/tb_classes/scoreboard.svh,151): (time 17890 NS) Assertion mult_pkg::scoreboard.write.__assert_1 has failed
TEST FAILED: 17890000 Test FAILED for A=3778 B=24256
Expected:           0  received:           0
xmsim: *E,ASRTST (../tb/tb_classes/scoreboard.svh,151): (time 17930 NS) Assertion mult_pkg::scoreboard.write.__assert_1 has failed
TEST FAILED: 17930000 Test FAILED for A=-28476 B=22755
Expected:           0  received:           0
xmsim: *E,ASRTST (../tb/tb_classes/scoreboard.svh,151): (time 18170 NS) Assertion mult_pkg::scoreboard.write.__assert_1 has failed
TEST FAILED: 18170000 Test FAILED for A=-17559 B=24980
Expected:  -438623820  received:  -438623820
xmsim: *E,ASRTST (../tb/tb_classes/scoreboard.svh,151): (time 18310 NS) Assertion mult_pkg::scoreboard.write.__assert_1 has failed
TEST FAILED: 18310000 Test FAILED for A=26110 B=-25761
Expected:           0  received:           0
xmsim: *E,ASRTST (../tb/tb_classes/scoreboard.svh,151): (time 18350 NS) Assertion mult_pkg::scoreboard.write.__assert_1 has failed
TEST FAILED: 18350000 Test FAILED for A=5947 B=-23037
Expected:           0  received:           0
xmsim: *E,ASRTST (../tb/tb_classes/scoreboard.svh,151): (time 18390 NS) Assertion mult_pkg::scoreboard.write.__assert_1 has failed
TEST FAILED: 18390000 Test FAILED for A=4821 B=-24406
Expected:           0  received:           0
xmsim: *E,ASRTST (../tb/tb_classes/scoreboard.svh,151): (time 18430 NS) Assertion mult_pkg::scoreboard.write.__assert_1 has failed
TEST FAILED: 18430000 Test FAILED for A=-14521 B=14771
Expected:           0  received:           0
xmsim: *E,ASRTST (../tb/tb_classes/scoreboard.svh,151): (time 18470 NS) Assertion mult_pkg::scoreboard.write.__assert_1 has failed
TEST FAILED: 18470000 Test FAILED for A=19719 B=-20432
Expected:           0  received:           0
xmsim: *E,ASRTST (../tb/tb_classes/scoreboard.svh,151): (time 18510 NS) Assertion mult_pkg::scoreboard.write.__assert_1 has failed
TEST FAILED: 18510000 Test FAILED for A=3276 B=32767
Expected:           0  received:           0
xmsim: *E,ASRTST (../tb/tb_classes/scoreboard.svh,151): (time 18550 NS) Assertion mult_pkg::scoreboard.write.__assert_1 has failed
TEST FAILED: 18550000 Test FAILED for A=8318 B=-18518
Expected:           0  received:           0
xmsim: *E,ASRTST (../tb/tb_classes/scoreboard.svh,151): (time 18590 NS) Assertion mult_pkg::scoreboard.write.__assert_1 has failed
TEST FAILED: 18590000 Test FAILED for A=-15166 B=-32768
Expected:           0  received:           0
xmsim: *E,ASRTST (../tb/tb_classes/scoreboard.svh,151): (time 18630 NS) Assertion mult_pkg::scoreboard.write.__assert_1 has failed
TEST FAILED: 18630000 Test FAILED for A=-14514 B=15014
Expected:           0  received:           0
xmsim: *E,ASRTST (../tb/tb_classes/scoreboard.svh,151): (time 18670 NS) Assertion mult_pkg::scoreboard.write.__assert_1 has failed
TEST FAILED: 18670000 Test FAILED for A=26096 B=-20829
Expected:           0  received:           0
xmsim: *E,ASRTST (../tb/tb_classes/scoreboard.svh,151): (time 18710 NS) Assertion mult_pkg::scoreboard.write.__assert_1 has failed
TEST FAILED: 18710000 Test FAILED for A=-1738 B=-19497
Expected:           0  received:           0
xmsim: *E,ASRTST (../tb/tb_classes/scoreboard.svh,151): (time 18750 NS) Assertion mult_pkg::scoreboard.write.__assert_1 has failed
TEST FAILED: 18750000 Test FAILED for A=11929 B=-28000
Expected:           0  received:           0
xmsim: *E,ASRTST (../tb/tb_classes/scoreboard.svh,151): (time 18790 NS) Assertion mult_pkg::scoreboard.write.__assert_1 has failed
TEST FAILED: 18790000 Test FAILED for A=31449 B=32767
Expected:           0  received:           0
xmsim: *E,ASRTST (../tb/tb_classes/scoreboard.svh,151): (time 18830 NS) Assertion mult_pkg::scoreboard.write.__assert_1 has failed
TEST FAILED: 18830000 Test FAILED for A=12278 B=7482
Expected:           0  received:           0
xmsim: *E,ASRTST (../tb/tb_classes/scoreboard.svh,151): (time 18870 NS) Assertion mult_pkg::scoreboard.write.__assert_1 has failed
TEST FAILED: 18870000 Test FAILED for A=-5406 B=4946
Expected:           0  received:           0
xmsim: *E,ASRTST (../tb/tb_classes/scoreboard.svh,151): (time 18910 NS) Assertion mult_pkg::scoreboard.write.__assert_1 has failed
TEST FAILED: 18910000 Test FAILED for A=1893 B=-24147
Expected:           0  received:           0
xmsim: *E,ASRTST (../tb/tb_classes/scoreboard.svh,151): (time 19070 NS) Assertion mult_pkg::scoreboard.write.__assert_1 has failed
TEST FAILED: 19070000 Test FAILED for A=-3886 B=-12543
Expected:           0  received:           0
xmsim: *E,ASRTST (../tb/tb_classes/scoreboard.svh,151): (time 19190 NS) Assertion mult_pkg::scoreboard.write.__assert_1 has failed
TEST FAILED: 19190000 Test FAILED for A=-18786 B=-21596
Expected:   405702456  received:   405702456
xmsim: *E,ASRTST (../tb/tb_classes/scoreboard.svh,151): (time 19230 NS) Assertion mult_pkg::scoreboard.write.__assert_1 has failed
TEST FAILED: 19230000 Test FAILED for A=-32768 B=5323
Expected:           0  received:           0
xmsim: *E,ASRTST (../tb/tb_classes/scoreboard.svh,151): (time 19270 NS) Assertion mult_pkg::scoreboard.write.__assert_1 has failed
TEST FAILED: 19270000 Test FAILED for A=-13731 B=-23545
Expected:           0  received:           0
xmsim: *E,ASRTST (../tb/tb_classes/scoreboard.svh,151): (time 19310 NS) Assertion mult_pkg::scoreboard.write.__assert_1 has failed
TEST FAILED: 19310000 Test FAILED for A=7094 B=29394
Expected:           0  received:           0
xmsim: *E,ASRTST (../tb/tb_classes/scoreboard.svh,151): (time 19350 NS) Assertion mult_pkg::scoreboard.write.__assert_1 has failed
TEST FAILED: 19350000 Test FAILED for A=-18388 B=-32768
Expected:           0  received:           0
xmsim: *E,ASRTST (../tb/tb_classes/scoreboard.svh,151): (time 19390 NS) Assertion mult_pkg::scoreboard.write.__assert_1 has failed
TEST FAILED: 19390000 Test FAILED for A=17159 B=-32768
Expected:           0  received:           0
xmsim: *E,ASRTST (../tb/tb_classes/scoreboard.svh,151): (time 19510 NS) Assertion mult_pkg::scoreboard.write.__assert_1 has failed
TEST FAILED: 19510000 Test FAILED for A=-16345 B=11884
Expected:  -194243980  received:  -194243980
xmsim: *E,ASRTST (../tb/tb_classes/scoreboard.svh,151): (time 19550 NS) Assertion mult_pkg::scoreboard.write.__assert_1 has failed
TEST FAILED: 19550000 Test FAILED for A=32767 B=-18733
Expected:           0  received:           0
xmsim: *E,ASRTST (../tb/tb_classes/scoreboard.svh,151): (time 19590 NS) Assertion mult_pkg::scoreboard.write.__assert_1 has failed
TEST FAILED: 19590000 Test FAILED for A=30408 B=-23163
Expected:           0  received:           0
xmsim: *E,ASRTST (../tb/tb_classes/scoreboard.svh,151): (time 19630 NS) Assertion mult_pkg::scoreboard.write.__assert_1 has failed
TEST FAILED: 19630000 Test FAILED for A=14422 B=-8235
Expected:           0  received:           0
xmsim: *E,ASRTST (../tb/tb_classes/scoreboard.svh,151): (time 19670 NS) Assertion mult_pkg::scoreboard.write.__assert_1 has failed
TEST FAILED: 19670000 Test FAILED for A=279 B=-32061
Expected:           0  received:           0
xmsim: *E,ASRTST (../tb/tb_classes/scoreboard.svh,151): (time 19710 NS) Assertion mult_pkg::scoreboard.write.__assert_1 has failed
TEST FAILED: 19710000 Test FAILED for A=-3852 B=27295
Expected:           0  received:           0
xmsim: *E,ASRTST (../tb/tb_classes/scoreboard.svh,151): (time 19750 NS) Assertion mult_pkg::scoreboard.write.__assert_1 has failed
TEST FAILED: 19750000 Test FAILED for A=32767 B=16650
Expected:           0  received:           0
xmsim: *E,ASRTST (../tb/tb_classes/scoreboard.svh,151): (time 19870 NS) Assertion mult_pkg::scoreboard.write.__assert_1 has failed
TEST FAILED: 19870000 Test FAILED for A=5548 B=-3406
Expected:   -18896488  received:   -18896488
xmsim: *E,ASRTST (../tb/tb_classes/scoreboard.svh,151): (time 20030 NS) Assertion mult_pkg::scoreboard.write.__assert_1 has failed
TEST FAILED: 20030000 Test FAILED for A=-23192 B=1453
Expected:           0  received:           0
xmsim: *E,ASRTST (../tb/tb_classes/scoreboard.svh,151): (time 20070 NS) Assertion mult_pkg::scoreboard.write.__assert_1 has failed
TEST FAILED: 20070000 Test FAILED for A=19400 B=-31733
Expected:           0  received:           0
xmsim: *E,ASRTST (../tb/tb_classes/scoreboard.svh,151): (time 20110 NS) Assertion mult_pkg::scoreboard.write.__assert_1 has failed
TEST FAILED: 20110000 Test FAILED for A=-32768 B=-15373
Expected:           0  received:           0
xmsim: *E,ASRTST (../tb/tb_classes/scoreboard.svh,151): (time 20150 NS) Assertion mult_pkg::scoreboard.write.__assert_1 has failed
TEST FAILED: 20150000 Test FAILED for A=5304 B=17126
Expected:           0  received:           0
xmsim: *E,ASRTST (../tb/tb_classes/scoreboard.svh,151): (time 20190 NS) Assertion mult_pkg::scoreboard.write.__assert_1 has failed
TEST FAILED: 20190000 Test FAILED for A=7833 B=21
Expected:           0  received:           0
xmsim: *E,ASRTST (../tb/tb_classes/scoreboard.svh,151): (time 20230 NS) Assertion mult_pkg::scoreboard.write.__assert_1 has failed
TEST FAILED: 20230000 Test FAILED for A=-11558 B=-238
Expected:           0  received:           0
xmsim: *E,ASRTST (../tb/tb_classes/scoreboard.svh,151): (time 20270 NS) Assertion mult_pkg::scoreboard.write.__assert_1 has failed
TEST FAILED: 20270000 Test FAILED for A=31889 B=-11053
Expected:           0  received:           0
xmsim: *E,ASRTST (../tb/tb_classes/scoreboard.svh,151): (time 20310 NS) Assertion mult_pkg::scoreboard.write.__assert_1 has failed
TEST FAILED: 20310000 Test FAILED for A=-16768 B=-8564
Expected:           0  received:           0
xmsim: *E,ASRTST (../tb/tb_classes/scoreboard.svh,151): (time 20350 NS) Assertion mult_pkg::scoreboard.write.__assert_1 has failed
TEST FAILED: 20350000 Test FAILED for A=-17189 B=20585
Expected:           0  received:           0
xmsim: *E,ASRTST (../tb/tb_classes/scoreboard.svh,151): (time 20390 NS) Assertion mult_pkg::scoreboard.write.__assert_1 has failed
TEST FAILED: 20390000 Test FAILED for A=11898 B=22741
Expected:           0  received:           0
xmsim: *E,ASRTST (../tb/tb_classes/scoreboard.svh,151): (time 20430 NS) Assertion mult_pkg::scoreboard.write.__assert_1 has failed
TEST FAILED: 20430000 Test FAILED for A=32767 B=-25998
Expected:           0  received:           0
xmsim: *E,ASRTST (../tb/tb_classes/scoreboard.svh,151): (time 20470 NS) Assertion mult_pkg::scoreboard.write.__assert_1 has failed
TEST FAILED: 20470000 Test FAILED for A=13063 B=-32768
Expected:           0  received:           0
xmsim: *E,ASRTST (../tb/tb_classes/scoreboard.svh,151): (time 20630 NS) Assertion mult_pkg::scoreboard.write.__assert_1 has failed
TEST FAILED: 20630000 Test FAILED for A=22 B=-21299
Expected:           0  received:           0
xmsim: *E,ASRTST (../tb/tb_classes/scoreboard.svh,151): (time 20670 NS) Assertion mult_pkg::scoreboard.write.__assert_1 has failed
TEST FAILED: 20670000 Test FAILED for A=-32768 B=16010
Expected:           0  received:           0
xmsim: *E,ASRTST (../tb/tb_classes/scoreboard.svh,151): (time 20710 NS) Assertion mult_pkg::scoreboard.write.__assert_1 has failed
TEST FAILED: 20710000 Test FAILED for A=-10885 B=20728
Expected:           0  received:           0
xmsim: *E,ASRTST (../tb/tb_classes/scoreboard.svh,151): (time 20750 NS) Assertion mult_pkg::scoreboard.write.__assert_1 has failed
TEST FAILED: 20750000 Test FAILED for A=32767 B=11470
Expected:           0  received:           0
xmsim: *E,ASRTST (../tb/tb_classes/scoreboard.svh,151): (time 20790 NS) Assertion mult_pkg::scoreboard.write.__assert_1 has failed
TEST FAILED: 20790000 Test FAILED for A=-25934 B=32767
Expected:           0  received:           0
xmsim: *E,ASRTST (../tb/tb_classes/scoreboard.svh,151): (time 20830 NS) Assertion mult_pkg::scoreboard.write.__assert_1 has failed
TEST FAILED: 20830000 Test FAILED for A=-19097 B=16958
Expected:           0  received:           0
xmsim: *E,ASRTST (../tb/tb_classes/scoreboard.svh,151): (time 20950 NS) Assertion mult_pkg::scoreboard.write.__assert_1 has failed
TEST FAILED: 20950000 Test FAILED for A=21413 B=-12870
Expected:  -275585310  received:  -275585310
xmsim: *E,ASRTST (../tb/tb_classes/scoreboard.svh,151): (time 20990 NS) Assertion mult_pkg::scoreboard.write.__assert_1 has failed
TEST FAILED: 20990000 Test FAILED for A=9243 B=-32768
Expected:           0  received:           0
xmsim: *E,ASRTST (../tb/tb_classes/scoreboard.svh,151): (time 21030 NS) Assertion mult_pkg::scoreboard.write.__assert_1 has failed
TEST FAILED: 21030000 Test FAILED for A=-24443 B=-10340
Expected:           0  received:           0
xmsim: *E,ASRTST (../tb/tb_classes/scoreboard.svh,151): (time 21070 NS) Assertion mult_pkg::scoreboard.write.__assert_1 has failed
TEST FAILED: 21070000 Test FAILED for A=-32297 B=32767
Expected:           0  received:           0
xmsim: *E,ASRTST (../tb/tb_classes/scoreboard.svh,151): (time 21110 NS) Assertion mult_pkg::scoreboard.write.__assert_1 has failed
TEST FAILED: 21110000 Test FAILED for A=-9777 B=-32768
Expected:           0  received:           0
xmsim: *E,ASRTST (../tb/tb_classes/scoreboard.svh,151): (time 21150 NS) Assertion mult_pkg::scoreboard.write.__assert_1 has failed
TEST FAILED: 21150000 Test FAILED for A=-22244 B=-17228
Expected:           0  received:           0
xmsim: *E,ASRTST (../tb/tb_classes/scoreboard.svh,151): (time 21190 NS) Assertion mult_pkg::scoreboard.write.__assert_1 has failed
TEST FAILED: 21190000 Test FAILED for A=21843 B=23766
Expected:           0  received:           0
xmsim: *E,ASRTST (../tb/tb_classes/scoreboard.svh,151): (time 21230 NS) Assertion mult_pkg::scoreboard.write.__assert_1 has failed
TEST FAILED: 21230000 Test FAILED for A=-25911 B=6881
Expected:           0  received:           0
xmsim: *E,ASRTST (../tb/tb_classes/scoreboard.svh,151): (time 21270 NS) Assertion mult_pkg::scoreboard.write.__assert_1 has failed
TEST FAILED: 21270000 Test FAILED for A=32767 B=27291
Expected:           0  received:           0
xmsim: *E,ASRTST (../tb/tb_classes/scoreboard.svh,151): (time 21310 NS) Assertion mult_pkg::scoreboard.write.__assert_1 has failed
TEST FAILED: 21310000 Test FAILED for A=13537 B=-4716
Expected:           0  received:           0
xmsim: *E,ASRTST (../tb/tb_classes/scoreboard.svh,151): (time 21350 NS) Assertion mult_pkg::scoreboard.write.__assert_1 has failed
TEST FAILED: 21350000 Test FAILED for A=15204 B=-32768
Expected:           0  received:           0
xmsim: *E,ASRTST (../tb/tb_classes/scoreboard.svh,151): (time 21390 NS) Assertion mult_pkg::scoreboard.write.__assert_1 has failed
TEST FAILED: 21390000 Test FAILED for A=32767 B=11656
Expected:           0  received:           0
xmsim: *E,ASRTST (../tb/tb_classes/scoreboard.svh,151): (time 21550 NS) Assertion mult_pkg::scoreboard.write.__assert_1 has failed
TEST FAILED: 21550000 Test FAILED for A=28510 B=-6547
Expected:           0  received:           0
xmsim: *E,ASRTST (../tb/tb_classes/scoreboard.svh,151): (time 21590 NS) Assertion mult_pkg::scoreboard.write.__assert_1 has failed
TEST FAILED: 21590000 Test FAILED for A=-32768 B=-26593
Expected:           0  received:           0
xmsim: *E,ASRTST (../tb/tb_classes/scoreboard.svh,151): (time 21630 NS) Assertion mult_pkg::scoreboard.write.__assert_1 has failed
TEST FAILED: 21630000 Test FAILED for A=32767 B=-29852
Expected:           0  received:           0
xmsim: *E,ASRTST (../tb/tb_classes/scoreboard.svh,151): (time 21750 NS) Assertion mult_pkg::scoreboard.write.__assert_1 has failed
TEST FAILED: 21750000 Test FAILED for A=-20807 B=20109
Expected:  -418407963  received:  -418407963
xmsim: *E,ASRTST (../tb/tb_classes/scoreboard.svh,151): (time 21890 NS) Assertion mult_pkg::scoreboard.write.__assert_1 has failed
TEST FAILED: 21890000 Test FAILED for A=-13473 B=1956
Expected:           0  received:           0
xmsim: *E,ASRTST (../tb/tb_classes/scoreboard.svh,151): (time 21930 NS) Assertion mult_pkg::scoreboard.write.__assert_1 has failed
TEST FAILED: 21930000 Test FAILED for A=15681 B=-27426
Expected:           0  received:           0
xmsim: *E,ASRTST (../tb/tb_classes/scoreboard.svh,151): (time 21970 NS) Assertion mult_pkg::scoreboard.write.__assert_1 has failed
TEST FAILED: 21970000 Test FAILED for A=-3536 B=7899
Expected:           0  received:           0
xmsim: *E,ASRTST (../tb/tb_classes/scoreboard.svh,151): (time 22010 NS) Assertion mult_pkg::scoreboard.write.__assert_1 has failed
TEST FAILED: 22010000 Test FAILED for A=-31122 B=28328
Expected:           0  received:           0
xmsim: *E,ASRTST (../tb/tb_classes/scoreboard.svh,151): (time 22170 NS) Assertion mult_pkg::scoreboard.write.__assert_1 has failed
TEST FAILED: 22170000 Test FAILED for A=-25476 B=27192
Expected:           0  received:           0
xmsim: *E,ASRTST (../tb/tb_classes/scoreboard.svh,151): (time 22210 NS) Assertion mult_pkg::scoreboard.write.__assert_1 has failed
TEST FAILED: 22210000 Test FAILED for A=-19009 B=-2583
Expected:           0  received:           0
xmsim: *E,ASRTST (../tb/tb_classes/scoreboard.svh,151): (time 22250 NS) Assertion mult_pkg::scoreboard.write.__assert_1 has failed
TEST FAILED: 22250000 Test FAILED for A=4931 B=15803
Expected:           0  received:           0
xmsim: *E,ASRTST (../tb/tb_classes/scoreboard.svh,151): (time 22370 NS) Assertion mult_pkg::scoreboard.write.__assert_1 has failed
TEST FAILED: 22370000 Test FAILED for A=30188 B=6618
Expected:   199784184  received:   199784184
xmsim: *E,ASRTST (../tb/tb_classes/scoreboard.svh,151): (time 22410 NS) Assertion mult_pkg::scoreboard.write.__assert_1 has failed
TEST FAILED: 22410000 Test FAILED for A=14987 B=22877
Expected:           0  received:           0
xmsim: *E,ASRTST (../tb/tb_classes/scoreboard.svh,151): (time 22450 NS) Assertion mult_pkg::scoreboard.write.__assert_1 has failed
TEST FAILED: 22450000 Test FAILED for A=31892 B=-5710
Expected:           0  received:           0
xmsim: *E,ASRTST (../tb/tb_classes/scoreboard.svh,151): (time 22490 NS) Assertion mult_pkg::scoreboard.write.__assert_1 has failed
TEST FAILED: 22490000 Test FAILED for A=11465 B=-3511
Expected:           0  received:           0
xmsim: *E,ASRTST (../tb/tb_classes/scoreboard.svh,151): (time 22530 NS) Assertion mult_pkg::scoreboard.write.__assert_1 has failed
TEST FAILED: 22530000 Test FAILED for A=15577 B=-1718
Expected:           0  received:           0
xmsim: *E,ASRTST (../tb/tb_classes/scoreboard.svh,151): (time 22570 NS) Assertion mult_pkg::scoreboard.write.__assert_1 has failed
TEST FAILED: 22570000 Test FAILED for A=-18022 B=-923
Expected:           0  received:           0
xmsim: *E,ASRTST (../tb/tb_classes/scoreboard.svh,151): (time 22690 NS) Assertion mult_pkg::scoreboard.write.__assert_1 has failed
TEST FAILED: 22690000 Test FAILED for A=-5193 B=-25323
Expected:   131502339  received:   131502339
xmsim: *E,ASRTST (../tb/tb_classes/scoreboard.svh,151): (time 22730 NS) Assertion mult_pkg::scoreboard.write.__assert_1 has failed
TEST FAILED: 22730000 Test FAILED for A=30374 B=12177
Expected:           0  received:           0
xmsim: *E,ASRTST (../tb/tb_classes/scoreboard.svh,151): (time 22890 NS) Assertion mult_pkg::scoreboard.write.__assert_1 has failed
TEST FAILED: 22890000 Test FAILED for A=-32768 B=-2634
Expected:           0  received:           0
xmsim: *E,ASRTST (../tb/tb_classes/scoreboard.svh,151): (time 22930 NS) Assertion mult_pkg::scoreboard.write.__assert_1 has failed
TEST FAILED: 22930000 Test FAILED for A=17186 B=32767
Expected:           0  received:           0
xmsim: *E,ASRTST (../tb/tb_classes/scoreboard.svh,151): (time 22970 NS) Assertion mult_pkg::scoreboard.write.__assert_1 has failed
TEST FAILED: 22970000 Test FAILED for A=29987 B=-28883
Expected:           0  received:           0
xmsim: *E,ASRTST (../tb/tb_classes/scoreboard.svh,151): (time 23010 NS) Assertion mult_pkg::scoreboard.write.__assert_1 has failed
TEST FAILED: 23010000 Test FAILED for A=27933 B=-11961
Expected:           0  received:           0
xmsim: *E,ASRTST (../tb/tb_classes/scoreboard.svh,151): (time 23170 NS) Assertion mult_pkg::scoreboard.write.__assert_1 has failed
TEST FAILED: 23170000 Test FAILED for A=-32768 B=-21592
Expected:           0  received:           0
xmsim: *E,ASRTST (../tb/tb_classes/scoreboard.svh,151): (time 23330 NS) Assertion mult_pkg::scoreboard.write.__assert_1 has failed
TEST FAILED: 23330000 Test FAILED for A=-18835 B=-11695
Expected:           0  received:           0
xmsim: *E,ASRTST (../tb/tb_classes/scoreboard.svh,151): (time 23370 NS) Assertion mult_pkg::scoreboard.write.__assert_1 has failed
TEST FAILED: 23370000 Test FAILED for A=-14639 B=-15105
Expected:           0  received:           0
xmsim: *E,ASRTST (../tb/tb_classes/scoreboard.svh,151): (time 23610 NS) Assertion mult_pkg::scoreboard.write.__assert_1 has failed
TEST FAILED: 23610000 Test FAILED for A=-30904 B=-21000
Expected:   648984000  received:   648984000
xmsim: *E,ASRTST (../tb/tb_classes/scoreboard.svh,151): (time 23650 NS) Assertion mult_pkg::scoreboard.write.__assert_1 has failed
TEST FAILED: 23650000 Test FAILED for A=-30698 B=-25670
Expected:           0  received:           0
xmsim: *E,ASRTST (../tb/tb_classes/scoreboard.svh,151): (time 23690 NS) Assertion mult_pkg::scoreboard.write.__assert_1 has failed
TEST FAILED: 23690000 Test FAILED for A=13649 B=-34
Expected:           0  received:           0
xmsim: *E,ASRTST (../tb/tb_classes/scoreboard.svh,151): (time 23730 NS) Assertion mult_pkg::scoreboard.write.__assert_1 has failed
TEST FAILED: 23730000 Test FAILED for A=13145 B=-32768
Expected:           0  received:           0
xmsim: *E,ASRTST (../tb/tb_classes/scoreboard.svh,151): (time 23770 NS) Assertion mult_pkg::scoreboard.write.__assert_1 has failed
TEST FAILED: 23770000 Test FAILED for A=24113 B=2466
Expected:           0  received:           0
xmsim: *E,ASRTST (../tb/tb_classes/scoreboard.svh,151): (time 23890 NS) Assertion mult_pkg::scoreboard.write.__assert_1 has failed
TEST FAILED: 23890000 Test FAILED for A=-7620 B=31915
Expected:  -243192300  received:  -243192300
xmsim: *E,ASRTST (../tb/tb_classes/scoreboard.svh,151): (time 23930 NS) Assertion mult_pkg::scoreboard.write.__assert_1 has failed
TEST FAILED: 23930000 Test FAILED for A=-18406 B=32767
Expected:           0  received:           0
xmsim: *E,ASRTST (../tb/tb_classes/scoreboard.svh,151): (time 23970 NS) Assertion mult_pkg::scoreboard.write.__assert_1 has failed
TEST FAILED: 23970000 Test FAILED for A=30657 B=-18324
Expected:           0  received:           0
xmsim: *E,ASRTST (../tb/tb_classes/scoreboard.svh,151): (time 24010 NS) Assertion mult_pkg::scoreboard.write.__assert_1 has failed
TEST FAILED: 24010000 Test FAILED for A=30490 B=12604
Expected:           0  received:           0
xmsim: *E,ASRTST (../tb/tb_classes/scoreboard.svh,151): (time 24050 NS) Assertion mult_pkg::scoreboard.write.__assert_1 has failed
TEST FAILED: 24050000 Test FAILED for A=32767 B=8747
Expected:           0  received:           0
xmsim: *E,ASRTST (../tb/tb_classes/scoreboard.svh,151): (time 24090 NS) Assertion mult_pkg::scoreboard.write.__assert_1 has failed
TEST FAILED: 24090000 Test FAILED for A=-29376 B=20942
Expected:           0  received:           0
xmsim: *E,ASRTST (../tb/tb_classes/scoreboard.svh,151): (time 24130 NS) Assertion mult_pkg::scoreboard.write.__assert_1 has failed
TEST FAILED: 24130000 Test FAILED for A=-1781 B=-9524
Expected:           0  received:           0
xmsim: *E,ASRTST (../tb/tb_classes/scoreboard.svh,151): (time 24170 NS) Assertion mult_pkg::scoreboard.write.__assert_1 has failed
TEST FAILED: 24170000 Test FAILED for A=-32768 B=4411
Expected:           0  received:           0
xmsim: *E,ASRTST (../tb/tb_classes/scoreboard.svh,151): (time 24210 NS) Assertion mult_pkg::scoreboard.write.__assert_1 has failed
TEST FAILED: 24210000 Test FAILED for A=19262 B=-6264
Expected:           0  received:           0
xmsim: *E,ASRTST (../tb/tb_classes/scoreboard.svh,151): (time 24250 NS) Assertion mult_pkg::scoreboard.write.__assert_1 has failed
TEST FAILED: 24250000 Test FAILED for A=26688 B=15968
Expected:           0  received:           0
xmsim: *E,ASRTST (../tb/tb_classes/scoreboard.svh,151): (time 24290 NS) Assertion mult_pkg::scoreboard.write.__assert_1 has failed
TEST FAILED: 24290000 Test FAILED for A=32767 B=4364
Expected:           0  received:           0
xmsim: *E,ASRTST (../tb/tb_classes/scoreboard.svh,151): (time 24330 NS) Assertion mult_pkg::scoreboard.write.__assert_1 has failed
TEST FAILED: 24330000 Test FAILED for A=8415 B=-32768
Expected:           0  received:           0
xmsim: *E,ASRTST (../tb/tb_classes/scoreboard.svh,151): (time 24370 NS) Assertion mult_pkg::scoreboard.write.__assert_1 has failed
TEST FAILED: 24370000 Test FAILED for A=-23368 B=16334
Expected:           0  received:           0
xmsim: *E,ASRTST (../tb/tb_classes/scoreboard.svh,151): (time 24410 NS) Assertion mult_pkg::scoreboard.write.__assert_1 has failed
TEST FAILED: 24410000 Test FAILED for A=7818 B=15848
Expected:           0  received:           0
xmsim: *E,ASRTST (../tb/tb_classes/scoreboard.svh,151): (time 24450 NS) Assertion mult_pkg::scoreboard.write.__assert_1 has failed
TEST FAILED: 24450000 Test FAILED for A=-32768 B=-31966
Expected:           0  received:           0
xmsim: *E,ASRTST (../tb/tb_classes/scoreboard.svh,151): (time 24490 NS) Assertion mult_pkg::scoreboard.write.__assert_1 has failed
TEST FAILED: 24490000 Test FAILED for A=-8855 B=23608
Expected:           0  received:           0
xmsim: *E,ASRTST (../tb/tb_classes/scoreboard.svh,151): (time 24530 NS) Assertion mult_pkg::scoreboard.write.__assert_1 has failed
TEST FAILED: 24530000 Test FAILED for A=4317 B=26018
Expected:           0  received:           0
xmsim: *E,ASRTST (../tb/tb_classes/scoreboard.svh,151): (time 24570 NS) Assertion mult_pkg::scoreboard.write.__assert_1 has failed
TEST FAILED: 24570000 Test FAILED for A=2134 B=32767
Expected:           0  received:           0
xmsim: *E,ASRTST (../tb/tb_classes/scoreboard.svh,151): (time 24610 NS) Assertion mult_pkg::scoreboard.write.__assert_1 has failed
TEST FAILED: 24610000 Test FAILED for A=10115 B=-31493
Expected:           0  received:           0
xmsim: *E,ASRTST (../tb/tb_classes/scoreboard.svh,151): (time 24650 NS) Assertion mult_pkg::scoreboard.write.__assert_1 has failed
TEST FAILED: 24650000 Test FAILED for A=10340 B=-74
Expected:           0  received:           0
xmsim: *E,ASRTST (../tb/tb_classes/scoreboard.svh,151): (time 24690 NS) Assertion mult_pkg::scoreboard.write.__assert_1 has failed
TEST FAILED: 24690000 Test FAILED for A=387 B=-6309
Expected:           0  received:           0
xmsim: *E,ASRTST (../tb/tb_classes/scoreboard.svh,151): (time 24850 NS) Assertion mult_pkg::scoreboard.write.__assert_1 has failed
TEST FAILED: 24850000 Test FAILED for A=-21547 B=-32768
Expected:           0  received:           0
xmsim: *E,ASRTST (../tb/tb_classes/scoreboard.svh,151): (time 24890 NS) Assertion mult_pkg::scoreboard.write.__assert_1 has failed
TEST FAILED: 24890000 Test FAILED for A=4572 B=15355
Expected:           0  received:           0
xmsim: *E,ASRTST (../tb/tb_classes/scoreboard.svh,151): (time 24930 NS) Assertion mult_pkg::scoreboard.write.__assert_1 has failed
TEST FAILED: 24930000 Test FAILED for A=-24307 B=9401
Expected:           0  received:           0
xmsim: *E,ASRTST (../tb/tb_classes/scoreboard.svh,151): (time 24970 NS) Assertion mult_pkg::scoreboard.write.__assert_1 has failed
TEST FAILED: 24970000 Test FAILED for A=32767 B=6964
Expected:           0  received:           0
xmsim: *E,ASRTST (../tb/tb_classes/scoreboard.svh,151): (time 25010 NS) Assertion mult_pkg::scoreboard.write.__assert_1 has failed
TEST FAILED: 25010000 Test FAILED for A=12074 B=-18016
Expected:           0  received:           0
xmsim: *E,ASRTST (../tb/tb_classes/scoreboard.svh,151): (time 25050 NS) Assertion mult_pkg::scoreboard.write.__assert_1 has failed
TEST FAILED: 25050000 Test FAILED for A=3669 B=29255
Expected:           0  received:           0
xmsim: *E,ASRTST (../tb/tb_classes/scoreboard.svh,151): (time 25090 NS) Assertion mult_pkg::scoreboard.write.__assert_1 has failed
TEST FAILED: 25090000 Test FAILED for A=-499 B=-22645
Expected:           0  received:           0
xmsim: *E,ASRTST (../tb/tb_classes/scoreboard.svh,151): (time 25130 NS) Assertion mult_pkg::scoreboard.write.__assert_1 has failed
TEST FAILED: 25130000 Test FAILED for A=32767 B=32706
Expected:           0  received:           0
xmsim: *E,ASRTST (../tb/tb_classes/scoreboard.svh,151): (time 25170 NS) Assertion mult_pkg::scoreboard.write.__assert_1 has failed
TEST FAILED: 25170000 Test FAILED for A=15755 B=-26724
Expected:           0  received:           0
xmsim: *E,ASRTST (../tb/tb_classes/scoreboard.svh,151): (time 25210 NS) Assertion mult_pkg::scoreboard.write.__assert_1 has failed
TEST FAILED: 25210000 Test FAILED for A=-20040 B=5415
Expected:           0  received:           0
xmsim: *E,ASRTST (../tb/tb_classes/scoreboard.svh,151): (time 25250 NS) Assertion mult_pkg::scoreboard.write.__assert_1 has failed
TEST FAILED: 25250000 Test FAILED for A=-6289 B=-32261
Expected:           0  received:           0
xmsim: *E,ASRTST (../tb/tb_classes/scoreboard.svh,151): (time 25370 NS) Assertion mult_pkg::scoreboard.write.__assert_1 has failed
TEST FAILED: 25370000 Test FAILED for A=12021 B=-17013
Expected:  -204513273  received:  -204513273
xmsim: *E,ASRTST (../tb/tb_classes/scoreboard.svh,151): (time 25410 NS) Assertion mult_pkg::scoreboard.write.__assert_1 has failed
TEST FAILED: 25410000 Test FAILED for A=32767 B=-15645
Expected:           0  received:           0
xmsim: *E,ASRTST (../tb/tb_classes/scoreboard.svh,151): (time 25450 NS) Assertion mult_pkg::scoreboard.write.__assert_1 has failed
TEST FAILED: 25450000 Test FAILED for A=5449 B=12089
Expected:           0  received:           0
xmsim: *E,ASRTST (../tb/tb_classes/scoreboard.svh,151): (time 25490 NS) Assertion mult_pkg::scoreboard.write.__assert_1 has failed
TEST FAILED: 25490000 Test FAILED for A=-2054 B=-20903
Expected:           0  received:           0
xmsim: *E,ASRTST (../tb/tb_classes/scoreboard.svh,151): (time 25530 NS) Assertion mult_pkg::scoreboard.write.__assert_1 has failed
TEST FAILED: 25530000 Test FAILED for A=-12824 B=-22784
Expected:           0  received:           0
xmsim: *E,ASRTST (../tb/tb_classes/scoreboard.svh,151): (time 25650 NS) Assertion mult_pkg::scoreboard.write.__assert_1 has failed
TEST FAILED: 25650000 Test FAILED for A=-22590 B=27606
Expected:  -623619540  received:  -623619540
xmsim: *E,ASRTST (../tb/tb_classes/scoreboard.svh,151): (time 25770 NS) Assertion mult_pkg::scoreboard.write.__assert_1 has failed
TEST FAILED: 25770000 Test FAILED for A=16597 B=-10039
Expected:  -166617283  received:  -166617283
xmsim: *E,ASRTST (../tb/tb_classes/scoreboard.svh,151): (time 25810 NS) Assertion mult_pkg::scoreboard.write.__assert_1 has failed
TEST FAILED: 25810000 Test FAILED for A=-24577 B=-1328
Expected:           0  received:           0
xmsim: *E,ASRTST (../tb/tb_classes/scoreboard.svh,151): (time 25850 NS) Assertion mult_pkg::scoreboard.write.__assert_1 has failed
TEST FAILED: 25850000 Test FAILED for A=-18794 B=-22416
Expected:           0  received:           0
xmsim: *E,ASRTST (../tb/tb_classes/scoreboard.svh,151): (time 25890 NS) Assertion mult_pkg::scoreboard.write.__assert_1 has failed
TEST FAILED: 25890000 Test FAILED for A=728 B=9631
Expected:           0  received:           0
xmsim: *E,ASRTST (../tb/tb_classes/scoreboard.svh,151): (time 26010 NS) Assertion mult_pkg::scoreboard.write.__assert_1 has failed
TEST FAILED: 26010000 Test FAILED for A=11847 B=-17046
Expected:  -201943962  received:  -201943962
xmsim: *E,ASRTST (../tb/tb_classes/scoreboard.svh,151): (time 26050 NS) Assertion mult_pkg::scoreboard.write.__assert_1 has failed
TEST FAILED: 26050000 Test FAILED for A=32767 B=10766
Expected:           0  received:           0
xmsim: *E,ASRTST (../tb/tb_classes/scoreboard.svh,151): (time 26090 NS) Assertion mult_pkg::scoreboard.write.__assert_1 has failed
TEST FAILED: 26090000 Test FAILED for A=-23840 B=-9329
Expected:           0  received:           0
xmsim: *E,ASRTST (../tb/tb_classes/scoreboard.svh,151): (time 26130 NS) Assertion mult_pkg::scoreboard.write.__assert_1 has failed
TEST FAILED: 26130000 Test FAILED for A=-1590 B=10456
Expected:           0  received:           0
xmsim: *E,ASRTST (../tb/tb_classes/scoreboard.svh,151): (time 26250 NS) Assertion mult_pkg::scoreboard.write.__assert_1 has failed
TEST FAILED: 26250000 Test FAILED for A=-5226 B=19559
Expected:  -102215334  received:  -102215334
xmsim: *E,ASRTST (../tb/tb_classes/scoreboard.svh,151): (time 26370 NS) Assertion mult_pkg::scoreboard.write.__assert_1 has failed
TEST FAILED: 26370000 Test FAILED for A=31680 B=24433
Expected:   774037440  received:   774037440
xmsim: *E,ASRTST (../tb/tb_classes/scoreboard.svh,151): (time 26490 NS) Assertion mult_pkg::scoreboard.write.__assert_1 has failed
TEST FAILED: 26490000 Test FAILED for A=18366 B=27571
Expected:   506368986  received:   506368986
xmsim: *E,ASRTST (../tb/tb_classes/scoreboard.svh,151): (time 26530 NS) Assertion mult_pkg::scoreboard.write.__assert_1 has failed
TEST FAILED: 26530000 Test FAILED for A=-23162 B=-24189
Expected:           0  received:           0
xmsim: *E,ASRTST (../tb/tb_classes/scoreboard.svh,151): (time 26570 NS) Assertion mult_pkg::scoreboard.write.__assert_1 has failed
TEST FAILED: 26570000 Test FAILED for A=-13635 B=26498
Expected:           0  received:           0
xmsim: *E,ASRTST (../tb/tb_classes/scoreboard.svh,151): (time 26690 NS) Assertion mult_pkg::scoreboard.write.__assert_1 has failed
TEST FAILED: 26690000 Test FAILED for A=-6178 B=-31903
Expected:   197096734  received:   197096734
xmsim: *E,ASRTST (../tb/tb_classes/scoreboard.svh,151): (time 26730 NS) Assertion mult_pkg::scoreboard.write.__assert_1 has failed
TEST FAILED: 26730000 Test FAILED for A=18510 B=12860
Expected:           0  received:           0
xmsim: *E,ASRTST (../tb/tb_classes/scoreboard.svh,151): (time 26770 NS) Assertion mult_pkg::scoreboard.write.__assert_1 has failed
TEST FAILED: 26770000 Test FAILED for A=30446 B=22523
Expected:           0  received:           0
xmsim: *E,ASRTST (../tb/tb_classes/scoreboard.svh,151): (time 26810 NS) Assertion mult_pkg::scoreboard.write.__assert_1 has failed
TEST FAILED: 26810000 Test FAILED for A=22482 B=32767
Expected:           0  received:           0
xmsim: *E,ASRTST (../tb/tb_classes/scoreboard.svh,151): (time 26850 NS) Assertion mult_pkg::scoreboard.write.__assert_1 has failed
TEST FAILED: 26850000 Test FAILED for A=-7749 B=-32768
Expected:           0  received:           0
xmsim: *E,ASRTST (../tb/tb_classes/scoreboard.svh,151): (time 26890 NS) Assertion mult_pkg::scoreboard.write.__assert_1 has failed
TEST FAILED: 26890000 Test FAILED for A=-15343 B=19168
Expected:           0  received:           0
xmsim: *E,ASRTST (../tb/tb_classes/scoreboard.svh,151): (time 27010 NS) Assertion mult_pkg::scoreboard.write.__assert_1 has failed
TEST FAILED: 27010000 Test FAILED for A=-30211 B=4155
Expected:  -125526705  received:  -125526705
xmsim: *E,ASRTST (../tb/tb_classes/scoreboard.svh,151): (time 27050 NS) Assertion mult_pkg::scoreboard.write.__assert_1 has failed
TEST FAILED: 27050000 Test FAILED for A=-9356 B=13523
Expected:           0  received:           0
xmsim: *E,ASRTST (../tb/tb_classes/scoreboard.svh,151): (time 27090 NS) Assertion mult_pkg::scoreboard.write.__assert_1 has failed
TEST FAILED: 27090000 Test FAILED for A=-10223 B=17296
Expected:           0  received:           0
xmsim: *E,ASRTST (../tb/tb_classes/scoreboard.svh,151): (time 27130 NS) Assertion mult_pkg::scoreboard.write.__assert_1 has failed
TEST FAILED: 27130000 Test FAILED for A=22794 B=-5506
Expected:           0  received:           0
xmsim: *E,ASRTST (../tb/tb_classes/scoreboard.svh,151): (time 27170 NS) Assertion mult_pkg::scoreboard.write.__assert_1 has failed
TEST FAILED: 27170000 Test FAILED for A=3890 B=5039
Expected:           0  received:           0
xmsim: *E,ASRTST (../tb/tb_classes/scoreboard.svh,151): (time 27210 NS) Assertion mult_pkg::scoreboard.write.__assert_1 has failed
TEST FAILED: 27210000 Test FAILED for A=-20816 B=32767
Expected:           0  received:           0
xmsim: *E,ASRTST (../tb/tb_classes/scoreboard.svh,151): (time 27250 NS) Assertion mult_pkg::scoreboard.write.__assert_1 has failed
TEST FAILED: 27250000 Test FAILED for A=1257 B=24890
Expected:           0  received:           0
xmsim: *E,ASRTST (../tb/tb_classes/scoreboard.svh,151): (time 27290 NS) Assertion mult_pkg::scoreboard.write.__assert_1 has failed
TEST FAILED: 27290000 Test FAILED for A=32767 B=4968
Expected:           0  received:           0
xmsim: *E,ASRTST (../tb/tb_classes/scoreboard.svh,151): (time 27330 NS) Assertion mult_pkg::scoreboard.write.__assert_1 has failed
TEST FAILED: 27330000 Test FAILED for A=5997 B=17557
Expected:           0  received:           0
xmsim: *E,ASRTST (../tb/tb_classes/scoreboard.svh,151): (time 27370 NS) Assertion mult_pkg::scoreboard.write.__assert_1 has failed
TEST FAILED: 27370000 Test FAILED for A=14163 B=30816
Expected:           0  received:           0
xmsim: *E,ASRTST (../tb/tb_classes/scoreboard.svh,151): (time 27410 NS) Assertion mult_pkg::scoreboard.write.__assert_1 has failed
TEST FAILED: 27410000 Test FAILED for A=20754 B=11068
Expected:           0  received:           0
xmsim: *E,ASRTST (../tb/tb_classes/scoreboard.svh,151): (time 27570 NS) Assertion mult_pkg::scoreboard.write.__assert_1 has failed
TEST FAILED: 27570000 Test FAILED for A=-1133 B=-13775
Expected:           0  received:           0
xmsim: *E,ASRTST (../tb/tb_classes/scoreboard.svh,151): (time 27610 NS) Assertion mult_pkg::scoreboard.write.__assert_1 has failed
TEST FAILED: 27610000 Test FAILED for A=32767 B=-12787
Expected:           0  received:           0
xmsim: *E,ASRTST (../tb/tb_classes/scoreboard.svh,151): (time 27730 NS) Assertion mult_pkg::scoreboard.write.__assert_1 has failed
TEST FAILED: 27730000 Test FAILED for A=-30405 B=-5480
Expected:   166619400  received:   166619400
xmsim: *E,ASRTST (../tb/tb_classes/scoreboard.svh,151): (time 27770 NS) Assertion mult_pkg::scoreboard.write.__assert_1 has failed
TEST FAILED: 27770000 Test FAILED for A=30637 B=-13377
Expected:           0  received:           0
xmsim: *E,ASRTST (../tb/tb_classes/scoreboard.svh,151): (time 27810 NS) Assertion mult_pkg::scoreboard.write.__assert_1 has failed
TEST FAILED: 27810000 Test FAILED for A=11021 B=-14773
Expected:           0  received:           0
xmsim: *E,ASRTST (../tb/tb_classes/scoreboard.svh,151): (time 27850 NS) Assertion mult_pkg::scoreboard.write.__assert_1 has failed
TEST FAILED: 27850000 Test FAILED for A=-23044 B=32767
Expected:           0  received:           0
xmsim: *E,ASRTST (../tb/tb_classes/scoreboard.svh,151): (time 27890 NS) Assertion mult_pkg::scoreboard.write.__assert_1 has failed
TEST FAILED: 27890000 Test FAILED for A=15511 B=28547
Expected:           0  received:           0
xmsim: *E,ASRTST (../tb/tb_classes/scoreboard.svh,151): (time 27930 NS) Assertion mult_pkg::scoreboard.write.__assert_1 has failed
TEST FAILED: 27930000 Test FAILED for A=-28784 B=-3183
Expected:           0  received:           0
xmsim: *E,ASRTST (../tb/tb_classes/scoreboard.svh,151): (time 27970 NS) Assertion mult_pkg::scoreboard.write.__assert_1 has failed
TEST FAILED: 27970000 Test FAILED for A=8327 B=27022
Expected:           0  received:           0
xmsim: *E,ASRTST (../tb/tb_classes/scoreboard.svh,151): (time 28110 NS) Assertion mult_pkg::scoreboard.write.__assert_1 has failed
TEST FAILED: 28110000 Test FAILED for A=-14048 B=31002
Expected:           0  received:           0
xmsim: *E,ASRTST (../tb/tb_classes/scoreboard.svh,151): (time 28150 NS) Assertion mult_pkg::scoreboard.write.__assert_1 has failed
TEST FAILED: 28150000 Test FAILED for A=-14098 B=-9934
Expected:           0  received:           0
xmsim: *E,ASRTST (../tb/tb_classes/scoreboard.svh,151): (time 28190 NS) Assertion mult_pkg::scoreboard.write.__assert_1 has failed
TEST FAILED: 28190000 Test FAILED for A=-29990 B=-15195
Expected:           0  received:           0
xmsim: *E,ASRTST (../tb/tb_classes/scoreboard.svh,151): (time 28310 NS) Assertion mult_pkg::scoreboard.write.__assert_1 has failed
TEST FAILED: 28310000 Test FAILED for A=-13303 B=7017
Expected:   -93347151  received:   -93347151
xmsim: *E,ASRTST (../tb/tb_classes/scoreboard.svh,151): (time 28430 NS) Assertion mult_pkg::scoreboard.write.__assert_1 has failed
TEST FAILED: 28430000 Test FAILED for A=-27907 B=-6448
Expected:   179944336  received:   179944336
xmsim: *E,ASRTST (../tb/tb_classes/scoreboard.svh,151): (time 28470 NS) Assertion mult_pkg::scoreboard.write.__assert_1 has failed
TEST FAILED: 28470000 Test FAILED for A=-11965 B=-1134
Expected:           0  received:           0
xmsim: *E,ASRTST (../tb/tb_classes/scoreboard.svh,151): (time 28630 NS) Assertion mult_pkg::scoreboard.write.__assert_1 has failed
TEST FAILED: 28630000 Test FAILED for A=-9654 B=8092
Expected:           0  received:           0
xmsim: *E,ASRTST (../tb/tb_classes/scoreboard.svh,151): (time 28670 NS) Assertion mult_pkg::scoreboard.write.__assert_1 has failed
TEST FAILED: 28670000 Test FAILED for A=-14662 B=30043
Expected:           0  received:           0
xmsim: *E,ASRTST (../tb/tb_classes/scoreboard.svh,151): (time 28710 NS) Assertion mult_pkg::scoreboard.write.__assert_1 has failed
TEST FAILED: 28710000 Test FAILED for A=-21077 B=-5936
Expected:           0  received:           0
xmsim: *E,ASRTST (../tb/tb_classes/scoreboard.svh,151): (time 28750 NS) Assertion mult_pkg::scoreboard.write.__assert_1 has failed
TEST FAILED: 28750000 Test FAILED for A=31405 B=-32768
Expected:           0  received:           0
xmsim: *E,ASRTST (../tb/tb_classes/scoreboard.svh,151): (time 28790 NS) Assertion mult_pkg::scoreboard.write.__assert_1 has failed
TEST FAILED: 28790000 Test FAILED for A=-7306 B=-9063
Expected:           0  received:           0
xmsim: *E,ASRTST (../tb/tb_classes/scoreboard.svh,151): (time 28830 NS) Assertion mult_pkg::scoreboard.write.__assert_1 has failed
TEST FAILED: 28830000 Test FAILED for A=31502 B=13452
Expected:           0  received:           0
xmsim: *E,ASRTST (../tb/tb_classes/scoreboard.svh,151): (time 28870 NS) Assertion mult_pkg::scoreboard.write.__assert_1 has failed
TEST FAILED: 28870000 Test FAILED for A=3151 B=32767
Expected:           0  received:           0
xmsim: *E,ASRTST (../tb/tb_classes/scoreboard.svh,151): (time 29030 NS) Assertion mult_pkg::scoreboard.write.__assert_1 has failed
TEST FAILED: 29030000 Test FAILED for A=28482 B=-15921
Expected:           0  received:           0
xmsim: *E,ASRTST (../tb/tb_classes/scoreboard.svh,151): (time 29150 NS) Assertion mult_pkg::scoreboard.write.__assert_1 has failed
TEST FAILED: 29150000 Test FAILED for A=14220 B=-3909
Expected:   -55585980  received:   -55585980
xmsim: *E,ASRTST (../tb/tb_classes/scoreboard.svh,151): (time 29190 NS) Assertion mult_pkg::scoreboard.write.__assert_1 has failed
TEST FAILED: 29190000 Test FAILED for A=9949 B=24313
Expected:           0  received:           0
xmsim: *E,ASRTST (../tb/tb_classes/scoreboard.svh,151): (time 29350 NS) Assertion mult_pkg::scoreboard.write.__assert_1 has failed
TEST FAILED: 29350000 Test FAILED for A=-5218 B=-10074
Expected:           0  received:           0
xmsim: *E,ASRTST (../tb/tb_classes/scoreboard.svh,151): (time 29390 NS) Assertion mult_pkg::scoreboard.write.__assert_1 has failed
TEST FAILED: 29390000 Test FAILED for A=6951 B=9585
Expected:           0  received:           0
xmsim: *E,ASRTST (../tb/tb_classes/scoreboard.svh,151): (time 29430 NS) Assertion mult_pkg::scoreboard.write.__assert_1 has failed
TEST FAILED: 29430000 Test FAILED for A=25903 B=-32768
Expected:           0  received:           0
xmsim: *E,ASRTST (../tb/tb_classes/scoreboard.svh,151): (time 29470 NS) Assertion mult_pkg::scoreboard.write.__assert_1 has failed
TEST FAILED: 29470000 Test FAILED for A=-32411 B=32767
Expected:           0  received:           0
xmsim: *E,ASRTST (../tb/tb_classes/scoreboard.svh,151): (time 29510 NS) Assertion mult_pkg::scoreboard.write.__assert_1 has failed
TEST FAILED: 29510000 Test FAILED for A=17417 B=-3224
Expected:           0  received:           0
xmsim: *E,ASRTST (../tb/tb_classes/scoreboard.svh,151): (time 29550 NS) Assertion mult_pkg::scoreboard.write.__assert_1 has failed
TEST FAILED: 29550000 Test FAILED for A=-987 B=-3285
Expected:           0  received:           0
xmsim: *E,ASRTST (../tb/tb_classes/scoreboard.svh,151): (time 29590 NS) Assertion mult_pkg::scoreboard.write.__assert_1 has failed
TEST FAILED: 29590000 Test FAILED for A=-28215 B=-16986
Expected:           0  received:           0
xmsim: *E,ASRTST (../tb/tb_classes/scoreboard.svh,151): (time 29630 NS) Assertion mult_pkg::scoreboard.write.__assert_1 has failed
TEST FAILED: 29630000 Test FAILED for A=3350 B=32767
Expected:           0  received:           0
xmsim: *E,ASRTST (../tb/tb_classes/scoreboard.svh,151): (time 29670 NS) Assertion mult_pkg::scoreboard.write.__assert_1 has failed
TEST FAILED: 29670000 Test FAILED for A=-29729 B=20459
Expected:           0  received:           0
xmsim: *E,ASRTST (../tb/tb_classes/scoreboard.svh,151): (time 29710 NS) Assertion mult_pkg::scoreboard.write.__assert_1 has failed
TEST FAILED: 29710000 Test FAILED for A=27628 B=26754
Expected:           0  received:           0
xmsim: *E,ASRTST (../tb/tb_classes/scoreboard.svh,151): (time 29750 NS) Assertion mult_pkg::scoreboard.write.__assert_1 has failed
TEST FAILED: 29750000 Test FAILED for A=7862 B=1023
Expected:           0  received:           0
xmsim: *E,ASRTST (../tb/tb_classes/scoreboard.svh,151): (time 29790 NS) Assertion mult_pkg::scoreboard.write.__assert_1 has failed
TEST FAILED: 29790000 Test FAILED for A=30278 B=31919
Expected:           0  received:           0
xmsim: *E,ASRTST (../tb/tb_classes/scoreboard.svh,151): (time 29830 NS) Assertion mult_pkg::scoreboard.write.__assert_1 has failed
TEST FAILED: 29830000 Test FAILED for A=24310 B=-32768
Expected:           0  received:           0
xmsim: *E,ASRTST (../tb/tb_classes/scoreboard.svh,151): (time 29870 NS) Assertion mult_pkg::scoreboard.write.__assert_1 has failed
TEST FAILED: 29870000 Test FAILED for A=12679 B=3383
Expected:           0  received:           0
xmsim: *E,ASRTST (../tb/tb_classes/scoreboard.svh,151): (time 29910 NS) Assertion mult_pkg::scoreboard.write.__assert_1 has failed
TEST FAILED: 29910000 Test FAILED for A=32767 B=-8837
Expected:           0  received:           0
xmsim: *E,ASRTST (../tb/tb_classes/scoreboard.svh,151): (time 29950 NS) Assertion mult_pkg::scoreboard.write.__assert_1 has failed
TEST FAILED: 29950000 Test FAILED for A=28473 B=-1234
Expected:           0  received:           0
xmsim: *E,ASRTST (../tb/tb_classes/scoreboard.svh,151): (time 30110 NS) Assertion mult_pkg::scoreboard.write.__assert_1 has failed
TEST FAILED: 30110000 Test FAILED for A=-25923 B=6866
Expected:           0  received:           0
xmsim: *E,ASRTST (../tb/tb_classes/scoreboard.svh,151): (time 30150 NS) Assertion mult_pkg::scoreboard.write.__assert_1 has failed
TEST FAILED: 30150000 Test FAILED for A=32767 B=26770
Expected:           0  received:           0
xmsim: *E,ASRTST (../tb/tb_classes/scoreboard.svh,151): (time 30190 NS) Assertion mult_pkg::scoreboard.write.__assert_1 has failed
TEST FAILED: 30190000 Test FAILED for A=-22227 B=17548
Expected:           0  received:           0
xmsim: *E,ASRTST (../tb/tb_classes/scoreboard.svh,151): (time 30230 NS) Assertion mult_pkg::scoreboard.write.__assert_1 has failed
TEST FAILED: 30230000 Test FAILED for A=9155 B=-22760
Expected:           0  received:           0
xmsim: *E,ASRTST (../tb/tb_classes/scoreboard.svh,151): (time 30270 NS) Assertion mult_pkg::scoreboard.write.__assert_1 has failed
TEST FAILED: 30270000 Test FAILED for A=-454 B=-17637
Expected:           0  received:           0
xmsim: *E,ASRTST (../tb/tb_classes/scoreboard.svh,151): (time 30310 NS) Assertion mult_pkg::scoreboard.write.__assert_1 has failed
TEST FAILED: 30310000 Test FAILED for A=19672 B=29728
Expected:           0  received:           0
xmsim: *E,ASRTST (../tb/tb_classes/scoreboard.svh,151): (time 30470 NS) Assertion mult_pkg::scoreboard.write.__assert_1 has failed
TEST FAILED: 30470000 Test FAILED for A=-5231 B=29942
Expected:           0  received:           0
xmsim: *E,ASRTST (../tb/tb_classes/scoreboard.svh,151): (time 30510 NS) Assertion mult_pkg::scoreboard.write.__assert_1 has failed
TEST FAILED: 30510000 Test FAILED for A=-25293 B=17912
Expected:           0  received:           0
xmsim: *E,ASRTST (../tb/tb_classes/scoreboard.svh,151): (time 30670 NS) Assertion mult_pkg::scoreboard.write.__assert_1 has failed
TEST FAILED: 30670000 Test FAILED for A=27817 B=8621
Expected:           0  received:           0
xmsim: *E,ASRTST (../tb/tb_classes/scoreboard.svh,151): (time 30710 NS) Assertion mult_pkg::scoreboard.write.__assert_1 has failed
TEST FAILED: 30710000 Test FAILED for A=22321 B=24210
Expected:           0  received:           0
xmsim: *E,ASRTST (../tb/tb_classes/scoreboard.svh,151): (time 30750 NS) Assertion mult_pkg::scoreboard.write.__assert_1 has failed
TEST FAILED: 30750000 Test FAILED for A=-32768 B=29431
Expected:           0  received:           0
xmsim: *E,ASRTST (../tb/tb_classes/scoreboard.svh,151): (time 30790 NS) Assertion mult_pkg::scoreboard.write.__assert_1 has failed
TEST FAILED: 30790000 Test FAILED for A=-13255 B=32767
Expected:           0  received:           0
xmsim: *E,ASRTST (../tb/tb_classes/scoreboard.svh,151): (time 30910 NS) Assertion mult_pkg::scoreboard.write.__assert_1 has failed
TEST FAILED: 30910000 Test FAILED for A=5188 B=2554
Expected:    13250152  received:    13250152
xmsim: *E,ASRTST (../tb/tb_classes/scoreboard.svh,151): (time 30950 NS) Assertion mult_pkg::scoreboard.write.__assert_1 has failed
TEST FAILED: 30950000 Test FAILED for A=19382 B=-31407
Expected:           0  received:           0
xmsim: *E,ASRTST (../tb/tb_classes/scoreboard.svh,151): (time 31110 NS) Assertion mult_pkg::scoreboard.write.__assert_1 has failed
TEST FAILED: 31110000 Test FAILED for A=16235 B=-6019
Expected:           0  received:           0
xmsim: *E,ASRTST (../tb/tb_classes/scoreboard.svh,151): (time 31150 NS) Assertion mult_pkg::scoreboard.write.__assert_1 has failed
TEST FAILED: 31150000 Test FAILED for A=26150 B=-25057
Expected:           0  received:           0
xmsim: *E,ASRTST (../tb/tb_classes/scoreboard.svh,151): (time 31190 NS) Assertion mult_pkg::scoreboard.write.__assert_1 has failed
TEST FAILED: 31190000 Test FAILED for A=12612 B=-26675
Expected:           0  received:           0
xmsim: *E,ASRTST (../tb/tb_classes/scoreboard.svh,151): (time 31230 NS) Assertion mult_pkg::scoreboard.write.__assert_1 has failed
TEST FAILED: 31230000 Test FAILED for A=8502 B=32767
Expected:           0  received:           0
xmsim: *E,ASRTST (../tb/tb_classes/scoreboard.svh,151): (time 31270 NS) Assertion mult_pkg::scoreboard.write.__assert_1 has failed
TEST FAILED: 31270000 Test FAILED for A=28540 B=-11230
Expected:           0  received:           0
xmsim: *E,ASRTST (../tb/tb_classes/scoreboard.svh,151): (time 31310 NS) Assertion mult_pkg::scoreboard.write.__assert_1 has failed
TEST FAILED: 31310000 Test FAILED for A=30458 B=17402
Expected:           0  received:           0
xmsim: *E,ASRTST (../tb/tb_classes/scoreboard.svh,151): (time 31350 NS) Assertion mult_pkg::scoreboard.write.__assert_1 has failed
TEST FAILED: 31350000 Test FAILED for A=5812 B=-2044
Expected:           0  received:           0
xmsim: *E,ASRTST (../tb/tb_classes/scoreboard.svh,151): (time 31590 NS) Assertion mult_pkg::scoreboard.write.__assert_1 has failed
TEST FAILED: 31590000 Test FAILED for A=32767 B=32767
Expected:  1073676289  received:  1073676289
xmsim: *E,ASRTST (../tb/tb_classes/scoreboard.svh,151): (time 31630 NS) Assertion mult_pkg::scoreboard.write.__assert_1 has failed
TEST FAILED: 31630000 Test FAILED for A=12463 B=-32768
Expected:           0  received:           0
xmsim: *E,ASRTST (../tb/tb_classes/scoreboard.svh,151): (time 31790 NS) Assertion mult_pkg::scoreboard.write.__assert_1 has failed
TEST FAILED: 31790000 Test FAILED for A=32767 B=9623
Expected:           0  received:           0
xmsim: *E,ASRTST (../tb/tb_classes/scoreboard.svh,151): (time 31830 NS) Assertion mult_pkg::scoreboard.write.__assert_1 has failed
TEST FAILED: 31830000 Test FAILED for A=-14443 B=25439
Expected:           0  received:           0
xmsim: *E,ASRTST (../tb/tb_classes/scoreboard.svh,151): (time 31870 NS) Assertion mult_pkg::scoreboard.write.__assert_1 has failed
TEST FAILED: 31870000 Test FAILED for A=22955 B=4363
Expected:           0  received:           0
xmsim: *E,ASRTST (../tb/tb_classes/scoreboard.svh,151): (time 31910 NS) Assertion mult_pkg::scoreboard.write.__assert_1 has failed
TEST FAILED: 31910000 Test FAILED for A=-32768 B=-32427
Expected:           0  received:           0
xmsim: *E,ASRTST (../tb/tb_classes/scoreboard.svh,151): (time 31950 NS) Assertion mult_pkg::scoreboard.write.__assert_1 has failed
TEST FAILED: 31950000 Test FAILED for A=9991 B=-32768
Expected:           0  received:           0
xmsim: *E,ASRTST (../tb/tb_classes/scoreboard.svh,151): (time 31990 NS) Assertion mult_pkg::scoreboard.write.__assert_1 has failed
TEST FAILED: 31990000 Test FAILED for A=26403 B=90
Expected:           0  received:           0
xmsim: *E,ASRTST (../tb/tb_classes/scoreboard.svh,151): (time 32030 NS) Assertion mult_pkg::scoreboard.write.__assert_1 has failed
TEST FAILED: 32030000 Test FAILED for A=-2174 B=14529
Expected:           0  received:           0
xmsim: *E,ASRTST (../tb/tb_classes/scoreboard.svh,151): (time 32070 NS) Assertion mult_pkg::scoreboard.write.__assert_1 has failed
TEST FAILED: 32070000 Test FAILED for A=15499 B=28978
Expected:           0  received:           0
xmsim: *E,ASRTST (../tb/tb_classes/scoreboard.svh,151): (time 32110 NS) Assertion mult_pkg::scoreboard.write.__assert_1 has failed
TEST FAILED: 32110000 Test FAILED for A=-5026 B=32767
Expected:           0  received:           0
xmsim: *E,ASRTST (../tb/tb_classes/scoreboard.svh,151): (time 32150 NS) Assertion mult_pkg::scoreboard.write.__assert_1 has failed
TEST FAILED: 32150000 Test FAILED for A=2930 B=22393
Expected:           0  received:           0
xmsim: *E,ASRTST (../tb/tb_classes/scoreboard.svh,151): (time 32190 NS) Assertion mult_pkg::scoreboard.write.__assert_1 has failed
TEST FAILED: 32190000 Test FAILED for A=23076 B=-19647
Expected:           0  received:           0
xmsim: *E,ASRTST (../tb/tb_classes/scoreboard.svh,151): (time 32230 NS) Assertion mult_pkg::scoreboard.write.__assert_1 has failed
TEST FAILED: 32230000 Test FAILED for A=-7641 B=1882
Expected:           0  received:           0
xmsim: *E,ASRTST (../tb/tb_classes/scoreboard.svh,151): (time 32270 NS) Assertion mult_pkg::scoreboard.write.__assert_1 has failed
TEST FAILED: 32270000 Test FAILED for A=-31250 B=-27547
Expected:           0  received:           0
xmsim: *E,ASRTST (../tb/tb_classes/scoreboard.svh,151): (time 32310 NS) Assertion mult_pkg::scoreboard.write.__assert_1 has failed
TEST FAILED: 32310000 Test FAILED for A=12016 B=-27478
Expected:           0  received:           0
xmsim: *E,ASRTST (../tb/tb_classes/scoreboard.svh,151): (time 32350 NS) Assertion mult_pkg::scoreboard.write.__assert_1 has failed
TEST FAILED: 32350000 Test FAILED for A=31797 B=-15758
Expected:           0  received:           0
xmsim: *E,ASRTST (../tb/tb_classes/scoreboard.svh,151): (time 32390 NS) Assertion mult_pkg::scoreboard.write.__assert_1 has failed
TEST FAILED: 32390000 Test FAILED for A=21273 B=2520
Expected:           0  received:           0
xmsim: *E,ASRTST (../tb/tb_classes/scoreboard.svh,151): (time 32550 NS) Assertion mult_pkg::scoreboard.write.__assert_1 has failed
TEST FAILED: 32550000 Test FAILED for A=28772 B=9254
Expected:           0  received:           0
xmsim: *E,ASRTST (../tb/tb_classes/scoreboard.svh,151): (time 32590 NS) Assertion mult_pkg::scoreboard.write.__assert_1 has failed
TEST FAILED: 32590000 Test FAILED for A=-24551 B=19701
Expected:           0  received:           0
xmsim: *E,ASRTST (../tb/tb_classes/scoreboard.svh,151): (time 32630 NS) Assertion mult_pkg::scoreboard.write.__assert_1 has failed
TEST FAILED: 32630000 Test FAILED for A=32767 B=10923
Expected:           0  received:           0
xmsim: *E,ASRTST (../tb/tb_classes/scoreboard.svh,151): (time 32750 NS) Assertion mult_pkg::scoreboard.write.__assert_1 has failed
TEST FAILED: 32750000 Test FAILED for A=19234 B=28827
Expected:   554458518  received:   554458518
xmsim: *E,ASRTST (../tb/tb_classes/scoreboard.svh,151): (time 32870 NS) Assertion mult_pkg::scoreboard.write.__assert_1 has failed
TEST FAILED: 32870000 Test FAILED for A=19683 B=-30463
Expected:  -599603229  received:  -599603229
xmsim: *E,ASRTST (../tb/tb_classes/scoreboard.svh,151): (time 32910 NS) Assertion mult_pkg::scoreboard.write.__assert_1 has failed
TEST FAILED: 32910000 Test FAILED for A=24674 B=3583
Expected:           0  received:           0
xmsim: *E,ASRTST (../tb/tb_classes/scoreboard.svh,151): (time 32950 NS) Assertion mult_pkg::scoreboard.write.__assert_1 has failed
TEST FAILED: 32950000 Test FAILED for A=-32768 B=21067
Expected:           0  received:           0
xmsim: *E,ASRTST (../tb/tb_classes/scoreboard.svh,151): (time 32990 NS) Assertion mult_pkg::scoreboard.write.__assert_1 has failed
TEST FAILED: 32990000 Test FAILED for A=-26243 B=32767
Expected:           0  received:           0
xmsim: *E,ASRTST (../tb/tb_classes/scoreboard.svh,151): (time 33030 NS) Assertion mult_pkg::scoreboard.write.__assert_1 has failed
TEST FAILED: 33030000 Test FAILED for A=-3473 B=-2122
Expected:           0  received:           0
xmsim: *E,ASRTST (../tb/tb_classes/scoreboard.svh,151): (time 33070 NS) Assertion mult_pkg::scoreboard.write.__assert_1 has failed
TEST FAILED: 33070000 Test FAILED for A=-9931 B=-13172
Expected:           0  received:           0
xmsim: *E,ASRTST (../tb/tb_classes/scoreboard.svh,151): (time 33110 NS) Assertion mult_pkg::scoreboard.write.__assert_1 has failed
TEST FAILED: 33110000 Test FAILED for A=-13479 B=-3801
Expected:           0  received:           0
xmsim: *E,ASRTST (../tb/tb_classes/scoreboard.svh,151): (time 33150 NS) Assertion mult_pkg::scoreboard.write.__assert_1 has failed
TEST FAILED: 33150000 Test FAILED for A=-24734 B=2718
Expected:           0  received:           0
xmsim: *E,ASRTST (../tb/tb_classes/scoreboard.svh,151): (time 33190 NS) Assertion mult_pkg::scoreboard.write.__assert_1 has failed
TEST FAILED: 33190000 Test FAILED for A=2360 B=2323
Expected:           0  received:           0
xmsim: *E,ASRTST (../tb/tb_classes/scoreboard.svh,151): (time 33230 NS) Assertion mult_pkg::scoreboard.write.__assert_1 has failed
TEST FAILED: 33230000 Test FAILED for A=-17086 B=10457
Expected:           0  received:           0
xmsim: *E,ASRTST (../tb/tb_classes/scoreboard.svh,151): (time 33270 NS) Assertion mult_pkg::scoreboard.write.__assert_1 has failed
TEST FAILED: 33270000 Test FAILED for A=-31550 B=12698
Expected:           0  received:           0
xmsim: *E,ASRTST (../tb/tb_classes/scoreboard.svh,151): (time 33310 NS) Assertion mult_pkg::scoreboard.write.__assert_1 has failed
TEST FAILED: 33310000 Test FAILED for A=26817 B=31262
Expected:           0  received:           0
xmsim: *E,ASRTST (../tb/tb_classes/scoreboard.svh,151): (time 33430 NS) Assertion mult_pkg::scoreboard.write.__assert_1 has failed
TEST FAILED: 33430000 Test FAILED for A=-12713 B=7819
Expected:   -99402947  received:   -99402947
xmsim: *E,ASRTST (../tb/tb_classes/scoreboard.svh,151): (time 33470 NS) Assertion mult_pkg::scoreboard.write.__assert_1 has failed
TEST FAILED: 33470000 Test FAILED for A=-32768 B=-12746
Expected:           0  received:           0
xmsim: *E,ASRTST (../tb/tb_classes/scoreboard.svh,151): (time 33630 NS) Assertion mult_pkg::scoreboard.write.__assert_1 has failed
TEST FAILED: 33630000 Test FAILED for A=32767 B=32767
Expected:           0  received:           0
xmsim: *E,ASRTST (../tb/tb_classes/scoreboard.svh,151): (time 33790 NS) Assertion mult_pkg::scoreboard.write.__assert_1 has failed
TEST FAILED: 33790000 Test FAILED for A=32767 B=-26091
Expected:           0  received:           0
xmsim: *E,ASRTST (../tb/tb_classes/scoreboard.svh,151): (time 33830 NS) Assertion mult_pkg::scoreboard.write.__assert_1 has failed
TEST FAILED: 33830000 Test FAILED for A=11359 B=-28216
Expected:           0  received:           0
xmsim: *E,ASRTST (../tb/tb_classes/scoreboard.svh,151): (time 33870 NS) Assertion mult_pkg::scoreboard.write.__assert_1 has failed
TEST FAILED: 33870000 Test FAILED for A=-10354 B=-28749
Expected:           0  received:           0
xmsim: *E,ASRTST (../tb/tb_classes/scoreboard.svh,151): (time 33910 NS) Assertion mult_pkg::scoreboard.write.__assert_1 has failed
TEST FAILED: 33910000 Test FAILED for A=-26866 B=-14891
Expected:           0  received:           0
xmsim: *E,ASRTST (../tb/tb_classes/scoreboard.svh,151): (time 34030 NS) Assertion mult_pkg::scoreboard.write.__assert_1 has failed
TEST FAILED: 34030000 Test FAILED for A=-6772 B=32711
Expected:  -221518892  received:  -221518892
xmsim: *E,ASRTST (../tb/tb_classes/scoreboard.svh,151): (time 34190 NS) Assertion mult_pkg::scoreboard.write.__assert_1 has failed
TEST FAILED: 34190000 Test FAILED for A=31892 B=-680
Expected:           0  received:           0
xmsim: *E,ASRTST (../tb/tb_classes/scoreboard.svh,151): (time 34230 NS) Assertion mult_pkg::scoreboard.write.__assert_1 has failed
TEST FAILED: 34230000 Test FAILED for A=-32768 B=-28486
Expected:           0  received:           0
xmsim: *E,ASRTST (../tb/tb_classes/scoreboard.svh,151): (time 34390 NS) Assertion mult_pkg::scoreboard.write.__assert_1 has failed
TEST FAILED: 34390000 Test FAILED for A=22911 B=30078
Expected:           0  received:           0
xmsim: *E,ASRTST (../tb/tb_classes/scoreboard.svh,151): (time 34510 NS) Assertion mult_pkg::scoreboard.write.__assert_1 has failed
TEST FAILED: 34510000 Test FAILED for A=15336 B=22759
Expected:   349032024  received:   349032024
xmsim: *E,ASRTST (../tb/tb_classes/scoreboard.svh,151): (time 34630 NS) Assertion mult_pkg::scoreboard.write.__assert_1 has failed
TEST FAILED: 34630000 Test FAILED for A=-15610 B=-22201
Expected:   346557610  received:   346557610
xmsim: *E,ASRTST (../tb/tb_classes/scoreboard.svh,151): (time 34790 NS) Assertion mult_pkg::scoreboard.write.__assert_1 has failed
TEST FAILED: 34790000 Test FAILED for A=-3389 B=12325
Expected:           0  received:           0
xmsim: *E,ASRTST (../tb/tb_classes/scoreboard.svh,151): (time 34830 NS) Assertion mult_pkg::scoreboard.write.__assert_1 has failed
TEST FAILED: 34830000 Test FAILED for A=-27578 B=19221
Expected:           0  received:           0
xmsim: *E,ASRTST (../tb/tb_classes/scoreboard.svh,151): (time 34870 NS) Assertion mult_pkg::scoreboard.write.__assert_1 has failed
TEST FAILED: 34870000 Test FAILED for A=3414 B=-11624
Expected:           0  received:           0
xmsim: *E,ASRTST (../tb/tb_classes/scoreboard.svh,151): (time 34910 NS) Assertion mult_pkg::scoreboard.write.__assert_1 has failed
TEST FAILED: 34910000 Test FAILED for A=1733 B=5709
Expected:           0  received:           0
xmsim: *E,ASRTST (../tb/tb_classes/scoreboard.svh,151): (time 34950 NS) Assertion mult_pkg::scoreboard.write.__assert_1 has failed
TEST FAILED: 34950000 Test FAILED for A=-2270 B=4428
Expected:           0  received:           0
xmsim: *E,ASRTST (../tb/tb_classes/scoreboard.svh,151): (time 34990 NS) Assertion mult_pkg::scoreboard.write.__assert_1 has failed
TEST FAILED: 34990000 Test FAILED for A=-16259 B=2303
Expected:           0  received:           0
xmsim: *E,ASRTST (../tb/tb_classes/scoreboard.svh,151): (time 35030 NS) Assertion mult_pkg::scoreboard.write.__assert_1 has failed
TEST FAILED: 35030000 Test FAILED for A=21122 B=12407
Expected:           0  received:           0
xmsim: *E,ASRTST (../tb/tb_classes/scoreboard.svh,151): (time 35150 NS) Assertion mult_pkg::scoreboard.write.__assert_1 has failed
TEST FAILED: 35150000 Test FAILED for A=32767 B=17336
Expected:   568048712  received:   568048712
xmsim: *E,ASRTST (../tb/tb_classes/scoreboard.svh,151): (time 35190 NS) Assertion mult_pkg::scoreboard.write.__assert_1 has failed
TEST FAILED: 35190000 Test FAILED for A=-1586 B=20212
Expected:           0  received:           0
xmsim: *E,ASRTST (../tb/tb_classes/scoreboard.svh,151): (time 35230 NS) Assertion mult_pkg::scoreboard.write.__assert_1 has failed
TEST FAILED: 35230000 Test FAILED for A=32737 B=30613
Expected:           0  received:           0
xmsim: *E,ASRTST (../tb/tb_classes/scoreboard.svh,151): (time 35270 NS) Assertion mult_pkg::scoreboard.write.__assert_1 has failed
TEST FAILED: 35270000 Test FAILED for A=-18202 B=-6052
Expected:           0  received:           0
xmsim: *E,ASRTST (../tb/tb_classes/scoreboard.svh,151): (time 35390 NS) Assertion mult_pkg::scoreboard.write.__assert_1 has failed
TEST FAILED: 35390000 Test FAILED for A=-9456 B=2849
Expected:   -26940144  received:   -26940144
xmsim: *E,ASRTST (../tb/tb_classes/scoreboard.svh,151): (time 35430 NS) Assertion mult_pkg::scoreboard.write.__assert_1 has failed
TEST FAILED: 35430000 Test FAILED for A=4971 B=-23862
Expected:           0  received:           0
xmsim: *E,ASRTST (../tb/tb_classes/scoreboard.svh,151): (time 35470 NS) Assertion mult_pkg::scoreboard.write.__assert_1 has failed
TEST FAILED: 35470000 Test FAILED for A=-20275 B=-3657
Expected:           0  received:           0
xmsim: *E,ASRTST (../tb/tb_classes/scoreboard.svh,151): (time 35510 NS) Assertion mult_pkg::scoreboard.write.__assert_1 has failed
TEST FAILED: 35510000 Test FAILED for A=15482 B=-11781
Expected:           0  received:           0
xmsim: *E,ASRTST (../tb/tb_classes/scoreboard.svh,151): (time 35550 NS) Assertion mult_pkg::scoreboard.write.__assert_1 has failed
TEST FAILED: 35550000 Test FAILED for A=-26387 B=-9619
Expected:           0  received:           0
xmsim: *E,ASRTST (../tb/tb_classes/scoreboard.svh,151): (time 35710 NS) Assertion mult_pkg::scoreboard.write.__assert_1 has failed
TEST FAILED: 35710000 Test FAILED for A=-7264 B=16206
Expected:           0  received:           0
xmsim: *E,ASRTST (../tb/tb_classes/scoreboard.svh,151): (time 35750 NS) Assertion mult_pkg::scoreboard.write.__assert_1 has failed
TEST FAILED: 35750000 Test FAILED for A=-31203 B=-26627
Expected:           0  received:           0
xmsim: *E,ASRTST (../tb/tb_classes/scoreboard.svh,151): (time 35910 NS) Assertion mult_pkg::scoreboard.write.__assert_1 has failed
TEST FAILED: 35910000 Test FAILED for A=-12732 B=-26724
Expected:           0  received:           0
xmsim: *E,ASRTST (../tb/tb_classes/scoreboard.svh,151): (time 35950 NS) Assertion mult_pkg::scoreboard.write.__assert_1 has failed
TEST FAILED: 35950000 Test FAILED for A=32767 B=11925
Expected:           0  received:           0
xmsim: *E,ASRTST (../tb/tb_classes/scoreboard.svh,151): (time 35990 NS) Assertion mult_pkg::scoreboard.write.__assert_1 has failed
TEST FAILED: 35990000 Test FAILED for A=-22554 B=-17922
Expected:           0  received:           0
xmsim: *E,ASRTST (../tb/tb_classes/scoreboard.svh,151): (time 36110 NS) Assertion mult_pkg::scoreboard.write.__assert_1 has failed
TEST FAILED: 36110000 Test FAILED for A=-2607 B=-21867
Expected:    57007269  received:    57007269
xmsim: *E,ASRTST (../tb/tb_classes/scoreboard.svh,151): (time 36150 NS) Assertion mult_pkg::scoreboard.write.__assert_1 has failed
TEST FAILED: 36150000 Test FAILED for A=4450 B=-20317
Expected:           0  received:           0
xmsim: *E,ASRTST (../tb/tb_classes/scoreboard.svh,151): (time 36190 NS) Assertion mult_pkg::scoreboard.write.__assert_1 has failed
TEST FAILED: 36190000 Test FAILED for A=18751 B=22627
Expected:           0  received:           0
xmsim: *E,ASRTST (../tb/tb_classes/scoreboard.svh,151): (time 36230 NS) Assertion mult_pkg::scoreboard.write.__assert_1 has failed
TEST FAILED: 36230000 Test FAILED for A=-26939 B=-14868
Expected:           0  received:           0
xmsim: *E,ASRTST (../tb/tb_classes/scoreboard.svh,151): (time 36270 NS) Assertion mult_pkg::scoreboard.write.__assert_1 has failed
TEST FAILED: 36270000 Test FAILED for A=17293 B=15695
Expected:           0  received:           0
xmsim: *E,ASRTST (../tb/tb_classes/scoreboard.svh,151): (time 36430 NS) Assertion mult_pkg::scoreboard.write.__assert_1 has failed
TEST FAILED: 36430000 Test FAILED for A=1753 B=5897
Expected:           0  received:           0
xmsim: *E,ASRTST (../tb/tb_classes/scoreboard.svh,151): (time 36470 NS) Assertion mult_pkg::scoreboard.write.__assert_1 has failed
TEST FAILED: 36470000 Test FAILED for A=-14003 B=-32768
Expected:           0  received:           0
xmsim: *E,ASRTST (../tb/tb_classes/scoreboard.svh,151): (time 36510 NS) Assertion mult_pkg::scoreboard.write.__assert_1 has failed
TEST FAILED: 36510000 Test FAILED for A=-6639 B=-6811
Expected:           0  received:           0
xmsim: *E,ASRTST (../tb/tb_classes/scoreboard.svh,151): (time 36550 NS) Assertion mult_pkg::scoreboard.write.__assert_1 has failed
TEST FAILED: 36550000 Test FAILED for A=15766 B=-27143
Expected:           0  received:           0
xmsim: *E,ASRTST (../tb/tb_classes/scoreboard.svh,151): (time 36590 NS) Assertion mult_pkg::scoreboard.write.__assert_1 has failed
TEST FAILED: 36590000 Test FAILED for A=8880 B=7622
Expected:           0  received:           0
xmsim: *E,ASRTST (../tb/tb_classes/scoreboard.svh,151): (time 36630 NS) Assertion mult_pkg::scoreboard.write.__assert_1 has failed
TEST FAILED: 36630000 Test FAILED for A=24467 B=-3228
Expected:           0  received:           0
xmsim: *E,ASRTST (../tb/tb_classes/scoreboard.svh,151): (time 36670 NS) Assertion mult_pkg::scoreboard.write.__assert_1 has failed
TEST FAILED: 36670000 Test FAILED for A=11998 B=27830
Expected:           0  received:           0
xmsim: *E,ASRTST (../tb/tb_classes/scoreboard.svh,151): (time 36710 NS) Assertion mult_pkg::scoreboard.write.__assert_1 has failed
TEST FAILED: 36710000 Test FAILED for A=29535 B=-9483
Expected:           0  received:           0
xmsim: *E,ASRTST (../tb/tb_classes/scoreboard.svh,151): (time 36750 NS) Assertion mult_pkg::scoreboard.write.__assert_1 has failed
TEST FAILED: 36750000 Test FAILED for A=-15637 B=32767
Expected:           0  received:           0
xmsim: *E,ASRTST (../tb/tb_classes/scoreboard.svh,151): (time 36790 NS) Assertion mult_pkg::scoreboard.write.__assert_1 has failed
TEST FAILED: 36790000 Test FAILED for A=32589 B=30279
Expected:           0  received:           0
xmsim: *E,ASRTST (../tb/tb_classes/scoreboard.svh,151): (time 36830 NS) Assertion mult_pkg::scoreboard.write.__assert_1 has failed
TEST FAILED: 36830000 Test FAILED for A=17913 B=11592
Expected:           0  received:           0
xmsim: *E,ASRTST (../tb/tb_classes/scoreboard.svh,151): (time 36870 NS) Assertion mult_pkg::scoreboard.write.__assert_1 has failed
TEST FAILED: 36870000 Test FAILED for A=-31124 B=14085
Expected:           0  received:           0
xmsim: *E,ASRTST (../tb/tb_classes/scoreboard.svh,151): (time 36910 NS) Assertion mult_pkg::scoreboard.write.__assert_1 has failed
TEST FAILED: 36910000 Test FAILED for A=-19954 B=-23360
Expected:           0  received:           0
xmsim: *E,ASRTST (../tb/tb_classes/scoreboard.svh,151): (time 37030 NS) Assertion mult_pkg::scoreboard.write.__assert_1 has failed
TEST FAILED: 37030000 Test FAILED for A=-485 B=12834
Expected:    -6224490  received:    -6224490
xmsim: *E,ASRTST (../tb/tb_classes/scoreboard.svh,151): (time 37070 NS) Assertion mult_pkg::scoreboard.write.__assert_1 has failed
TEST FAILED: 37070000 Test FAILED for A=3232 B=-7084
Expected:           0  received:           0
xmsim: *E,ASRTST (../tb/tb_classes/scoreboard.svh,151): (time 37230 NS) Assertion mult_pkg::scoreboard.write.__assert_1 has failed
TEST FAILED: 37230000 Test FAILED for A=-12259 B=4472
Expected:           0  received:           0
xmsim: *E,ASRTST (../tb/tb_classes/scoreboard.svh,151): (time 37270 NS) Assertion mult_pkg::scoreboard.write.__assert_1 has failed
TEST FAILED: 37270000 Test FAILED for A=-29885 B=-20005
Expected:           0  received:           0
xmsim: *E,ASRTST (../tb/tb_classes/scoreboard.svh,151): (time 37550 NS) Assertion mult_pkg::scoreboard.write.__assert_1 has failed
TEST FAILED: 37550000 Test FAILED for A=29088 B=29772
Expected:           0  received:           0
xmsim: *E,ASRTST (../tb/tb_classes/scoreboard.svh,151): (time 37590 NS) Assertion mult_pkg::scoreboard.write.__assert_1 has failed
TEST FAILED: 37590000 Test FAILED for A=16629 B=5084
Expected:           0  received:           0
xmsim: *E,ASRTST (../tb/tb_classes/scoreboard.svh,151): (time 37710 NS) Assertion mult_pkg::scoreboard.write.__assert_1 has failed
TEST FAILED: 37710000 Test FAILED for A=5228 B=-18257
Expected:   -95447596  received:   -95447596
xmsim: *E,ASRTST (../tb/tb_classes/scoreboard.svh,151): (time 37870 NS) Assertion mult_pkg::scoreboard.write.__assert_1 has failed
TEST FAILED: 37870000 Test FAILED for A=-19002 B=-2315
Expected:           0  received:           0
xmsim: *E,ASRTST (../tb/tb_classes/scoreboard.svh,151): (time 37910 NS) Assertion mult_pkg::scoreboard.write.__assert_1 has failed
TEST FAILED: 37910000 Test FAILED for A=17274 B=32767
Expected:           0  received:           0
xmsim: *E,ASRTST (../tb/tb_classes/scoreboard.svh,151): (time 37950 NS) Assertion mult_pkg::scoreboard.write.__assert_1 has failed
TEST FAILED: 37950000 Test FAILED for A=-32768 B=-26918
Expected:           0  received:           0
xmsim: *E,ASRTST (../tb/tb_classes/scoreboard.svh,151): (time 37990 NS) Assertion mult_pkg::scoreboard.write.__assert_1 has failed
TEST FAILED: 37990000 Test FAILED for A=1345 B=32767
Expected:           0  received:           0
xmsim: *E,ASRTST (../tb/tb_classes/scoreboard.svh,151): (time 38030 NS) Assertion mult_pkg::scoreboard.write.__assert_1 has failed
TEST FAILED: 38030000 Test FAILED for A=28433 B=-26192
Expected:           0  received:           0
xmsim: *E,ASRTST (../tb/tb_classes/scoreboard.svh,151): (time 38070 NS) Assertion mult_pkg::scoreboard.write.__assert_1 has failed
TEST FAILED: 38070000 Test FAILED for A=6018 B=-32768
Expected:           0  received:           0
xmsim: *E,ASRTST (../tb/tb_classes/scoreboard.svh,151): (time 38110 NS) Assertion mult_pkg::scoreboard.write.__assert_1 has failed
TEST FAILED: 38110000 Test FAILED for A=-363 B=-2291
Expected:           0  received:           0
xmsim: *E,ASRTST (../tb/tb_classes/scoreboard.svh,151): (time 38270 NS) Assertion mult_pkg::scoreboard.write.__assert_1 has failed
TEST FAILED: 38270000 Test FAILED for A=4317 B=5310
Expected:           0  received:           0
xmsim: *E,ASRTST (../tb/tb_classes/scoreboard.svh,151): (time 38310 NS) Assertion mult_pkg::scoreboard.write.__assert_1 has failed
TEST FAILED: 38310000 Test FAILED for A=-13968 B=-19238
Expected:           0  received:           0
xmsim: *E,ASRTST (../tb/tb_classes/scoreboard.svh,151): (time 38350 NS) Assertion mult_pkg::scoreboard.write.__assert_1 has failed
TEST FAILED: 38350000 Test FAILED for A=-14147 B=5658
Expected:           0  received:           0
xmsim: *E,ASRTST (../tb/tb_classes/scoreboard.svh,151): (time 38470 NS) Assertion mult_pkg::scoreboard.write.__assert_1 has failed
TEST FAILED: 38470000 Test FAILED for A=18670 B=-2020
Expected:   -37713400  received:   -37713400
xmsim: *E,ASRTST (../tb/tb_classes/scoreboard.svh,151): (time 38630 NS) Assertion mult_pkg::scoreboard.write.__assert_1 has failed
TEST FAILED: 38630000 Test FAILED for A=23053 B=15763
Expected:           0  received:           0
xmsim: *E,ASRTST (../tb/tb_classes/scoreboard.svh,151): (time 38990 NS) Assertion mult_pkg::scoreboard.write.__assert_1 has failed
TEST FAILED: 38990000 Test FAILED for A=13697 B=4758
Expected:    65170326  received:    65170326
xmsim: *E,ASRTST (../tb/tb_classes/scoreboard.svh,151): (time 39030 NS) Assertion mult_pkg::scoreboard.write.__assert_1 has failed
TEST FAILED: 39030000 Test FAILED for A=-30964 B=32767
Expected:           0  received:           0
xmsim: *E,ASRTST (../tb/tb_classes/scoreboard.svh,151): (time 39070 NS) Assertion mult_pkg::scoreboard.write.__assert_1 has failed
TEST FAILED: 39070000 Test FAILED for A=17091 B=25451
Expected:           0  received:           0
xmsim: *E,ASRTST (../tb/tb_classes/scoreboard.svh,151): (time 39110 NS) Assertion mult_pkg::scoreboard.write.__assert_1 has failed
TEST FAILED: 39110000 Test FAILED for A=32767 B=-21714
Expected:           0  received:           0
xmsim: *E,ASRTST (../tb/tb_classes/scoreboard.svh,151): (time 39270 NS) Assertion mult_pkg::scoreboard.write.__assert_1 has failed
TEST FAILED: 39270000 Test FAILED for A=-2922 B=-32768
Expected:           0  received:           0
xmsim: *E,ASRTST (../tb/tb_classes/scoreboard.svh,151): (time 39310 NS) Assertion mult_pkg::scoreboard.write.__assert_1 has failed
TEST FAILED: 39310000 Test FAILED for A=-14803 B=-25876
Expected:           0  received:           0
xmsim: *E,ASRTST (../tb/tb_classes/scoreboard.svh,151): (time 39350 NS) Assertion mult_pkg::scoreboard.write.__assert_1 has failed
TEST FAILED: 39350000 Test FAILED for A=-7545 B=21973
Expected:           0  received:           0
xmsim: *E,ASRTST (../tb/tb_classes/scoreboard.svh,151): (time 39390 NS) Assertion mult_pkg::scoreboard.write.__assert_1 has failed
TEST FAILED: 39390000 Test FAILED for A=20826 B=32767
Expected:           0  received:           0
xmsim: *E,ASRTST (../tb/tb_classes/scoreboard.svh,151): (time 39430 NS) Assertion mult_pkg::scoreboard.write.__assert_1 has failed
TEST FAILED: 39430000 Test FAILED for A=15497 B=-22109
Expected:           0  received:           0
xmsim: *E,ASRTST (../tb/tb_classes/scoreboard.svh,151): (time 39470 NS) Assertion mult_pkg::scoreboard.write.__assert_1 has failed
TEST FAILED: 39470000 Test FAILED for A=19022 B=28761
Expected:           0  received:           0
xmsim: *E,ASRTST (../tb/tb_classes/scoreboard.svh,151): (time 39510 NS) Assertion mult_pkg::scoreboard.write.__assert_1 has failed
TEST FAILED: 39510000 Test FAILED for A=25443 B=19284
Expected:           0  received:           0
xmsim: *E,ASRTST (../tb/tb_classes/scoreboard.svh,151): (time 39550 NS) Assertion mult_pkg::scoreboard.write.__assert_1 has failed
TEST FAILED: 39550000 Test FAILED for A=-32768 B=-28252
Expected:           0  received:           0
xmsim: *E,ASRTST (../tb/tb_classes/scoreboard.svh,151): (time 39590 NS) Assertion mult_pkg::scoreboard.write.__assert_1 has failed
TEST FAILED: 39590000 Test FAILED for A=-32768 B=-3978
Expected:           0  received:           0
xmsim: *E,ASRTST (../tb/tb_classes/scoreboard.svh,151): (time 39630 NS) Assertion mult_pkg::scoreboard.write.__assert_1 has failed
TEST FAILED: 39630000 Test FAILED for A=-3590 B=-8238
Expected:           0  received:           0
xmsim: *E,ASRTST (../tb/tb_classes/scoreboard.svh,151): (time 39670 NS) Assertion mult_pkg::scoreboard.write.__assert_1 has failed
TEST FAILED: 39670000 Test FAILED for A=-32768 B=-8789
Expected:           0  received:           0
xmsim: *E,ASRTST (../tb/tb_classes/scoreboard.svh,151): (time 39710 NS) Assertion mult_pkg::scoreboard.write.__assert_1 has failed
TEST FAILED: 39710000 Test FAILED for A=-10450 B=26311
Expected:           0  received:           0
xmsim: *E,ASRTST (../tb/tb_classes/scoreboard.svh,151): (time 39750 NS) Assertion mult_pkg::scoreboard.write.__assert_1 has failed
TEST FAILED: 39750000 Test FAILED for A=-32768 B=24074
Expected:           0  received:           0
xmsim: *E,ASRTST (../tb/tb_classes/scoreboard.svh,151): (time 39790 NS) Assertion mult_pkg::scoreboard.write.__assert_1 has failed
TEST FAILED: 39790000 Test FAILED for A=-32768 B=-7680
Expected:           0  received:           0
xmsim: *E,ASRTST (../tb/tb_classes/scoreboard.svh,151): (time 39830 NS) Assertion mult_pkg::scoreboard.write.__assert_1 has failed
TEST FAILED: 39830000 Test FAILED for A=-23390 B=655
Expected:           0  received:           0
xmsim: *E,ASRTST (../tb/tb_classes/scoreboard.svh,151): (time 39870 NS) Assertion mult_pkg::scoreboard.write.__assert_1 has failed
TEST FAILED: 39870000 Test FAILED for A=-22579 B=-13371
Expected:           0  received:           0
xmsim: *E,ASRTST (../tb/tb_classes/scoreboard.svh,151): (time 39910 NS) Assertion mult_pkg::scoreboard.write.__assert_1 has failed
TEST FAILED: 39910000 Test FAILED for A=-22819 B=1407
Expected:           0  received:           0
xmsim: *E,ASRTST (../tb/tb_classes/scoreboard.svh,151): (time 40030 NS) Assertion mult_pkg::scoreboard.write.__assert_1 has failed
TEST FAILED: 40030000 Test FAILED for A=31644 B=-16396
Expected:  -518835024  received:  -518835024
xmsim: *E,ASRTST (../tb/tb_classes/scoreboard.svh,151): (time 40070 NS) Assertion mult_pkg::scoreboard.write.__assert_1 has failed
TEST FAILED: 40070000 Test FAILED for A=-3194 B=22630
Expected:           0  received:           0
xmsim: *E,ASRTST (../tb/tb_classes/scoreboard.svh,151): (time 40190 NS) Assertion mult_pkg::scoreboard.write.__assert_1 has failed
TEST FAILED: 40190000 Test FAILED for A=-1347 B=-19131
Expected:    25769457  received:    25769457
xmsim: *E,ASRTST (../tb/tb_classes/scoreboard.svh,151): (time 40230 NS) Assertion mult_pkg::scoreboard.write.__assert_1 has failed
TEST FAILED: 40230000 Test FAILED for A=-17520 B=20474
Expected:           0  received:           0
xmsim: *E,ASRTST (../tb/tb_classes/scoreboard.svh,151): (time 40390 NS) Assertion mult_pkg::scoreboard.write.__assert_1 has failed
TEST FAILED: 40390000 Test FAILED for A=-2182 B=-32768
Expected:           0  received:           0
xmsim: *E,ASRTST (../tb/tb_classes/scoreboard.svh,151): (time 40550 NS) Assertion mult_pkg::scoreboard.write.__assert_1 has failed
TEST FAILED: 40550000 Test FAILED for A=16573 B=-32768
Expected:           0  received:           0
xmsim: *E,ASRTST (../tb/tb_classes/scoreboard.svh,151): (time 40590 NS) Assertion mult_pkg::scoreboard.write.__assert_1 has failed
TEST FAILED: 40590000 Test FAILED for A=-19069 B=2309
Expected:           0  received:           0
xmsim: *E,ASRTST (../tb/tb_classes/scoreboard.svh,151): (time 40710 NS) Assertion mult_pkg::scoreboard.write.__assert_1 has failed
TEST FAILED: 40710000 Test FAILED for A=26281 B=20594
Expected:   541230914  received:   541230914
xmsim: *E,ASRTST (../tb/tb_classes/scoreboard.svh,151): (time 40750 NS) Assertion mult_pkg::scoreboard.write.__assert_1 has failed
TEST FAILED: 40750000 Test FAILED for A=2732 B=32485
Expected:           0  received:           0
xmsim: *E,ASRTST (../tb/tb_classes/scoreboard.svh,151): (time 40790 NS) Assertion mult_pkg::scoreboard.write.__assert_1 has failed
TEST FAILED: 40790000 Test FAILED for A=-3980 B=6873
Expected:           0  received:           0
xmsim: *E,ASRTST (../tb/tb_classes/scoreboard.svh,151): (time 40830 NS) Assertion mult_pkg::scoreboard.write.__assert_1 has failed
TEST FAILED: 40830000 Test FAILED for A=26668 B=1707
Expected:           0  received:           0
xmsim: *E,ASRTST (../tb/tb_classes/scoreboard.svh,151): (time 40870 NS) Assertion mult_pkg::scoreboard.write.__assert_1 has failed
TEST FAILED: 40870000 Test FAILED for A=-6937 B=-23512
Expected:           0  received:           0
xmsim: *E,ASRTST (../tb/tb_classes/scoreboard.svh,151): (time 40910 NS) Assertion mult_pkg::scoreboard.write.__assert_1 has failed
TEST FAILED: 40910000 Test FAILED for A=1715 B=-4014
Expected:           0  received:           0
xmsim: *E,ASRTST (../tb/tb_classes/scoreboard.svh,151): (time 40950 NS) Assertion mult_pkg::scoreboard.write.__assert_1 has failed
TEST FAILED: 40950000 Test FAILED for A=-10716 B=-23405
Expected:           0  received:           0
xmsim: *E,ASRTST (../tb/tb_classes/scoreboard.svh,151): (time 40990 NS) Assertion mult_pkg::scoreboard.write.__assert_1 has failed
TEST FAILED: 40990000 Test FAILED for A=-10683 B=21001
Expected:           0  received:           0
xmsim: *E,ASRTST (../tb/tb_classes/scoreboard.svh,151): (time 41030 NS) Assertion mult_pkg::scoreboard.write.__assert_1 has failed
TEST FAILED: 41030000 Test FAILED for A=8083 B=32767
Expected:           0  received:           0
xmsim: *E,ASRTST (../tb/tb_classes/scoreboard.svh,151): (time 41070 NS) Assertion mult_pkg::scoreboard.write.__assert_1 has failed
TEST FAILED: 41070000 Test FAILED for A=-32047 B=27153
Expected:           0  received:           0
xmsim: *E,ASRTST (../tb/tb_classes/scoreboard.svh,151): (time 41110 NS) Assertion mult_pkg::scoreboard.write.__assert_1 has failed
TEST FAILED: 41110000 Test FAILED for A=20867 B=31815
Expected:           0  received:           0
xmsim: *E,ASRTST (../tb/tb_classes/scoreboard.svh,151): (time 41150 NS) Assertion mult_pkg::scoreboard.write.__assert_1 has failed
TEST FAILED: 41150000 Test FAILED for A=23023 B=-26084
Expected:           0  received:           0
xmsim: *E,ASRTST (../tb/tb_classes/scoreboard.svh,151): (time 41190 NS) Assertion mult_pkg::scoreboard.write.__assert_1 has failed
TEST FAILED: 41190000 Test FAILED for A=5492 B=1765
Expected:           0  received:           0
xmsim: *E,ASRTST (../tb/tb_classes/scoreboard.svh,151): (time 41230 NS) Assertion mult_pkg::scoreboard.write.__assert_1 has failed
TEST FAILED: 41230000 Test FAILED for A=32767 B=13643
Expected:           0  received:           0
xmsim: *E,ASRTST (../tb/tb_classes/scoreboard.svh,151): (time 41270 NS) Assertion mult_pkg::scoreboard.write.__assert_1 has failed
TEST FAILED: 41270000 Test FAILED for A=-24332 B=30090
Expected:           0  received:           0
xmsim: *E,ASRTST (../tb/tb_classes/scoreboard.svh,151): (time 41390 NS) Assertion mult_pkg::scoreboard.write.__assert_1 has failed
TEST FAILED: 41390000 Test FAILED for A=-29395 B=21680
Expected:  -637283600  received:  -637283600
xmsim: *E,ASRTST (../tb/tb_classes/scoreboard.svh,151): (time 41430 NS) Assertion mult_pkg::scoreboard.write.__assert_1 has failed
TEST FAILED: 41430000 Test FAILED for A=4950 B=21131
Expected:           0  received:           0
xmsim: *E,ASRTST (../tb/tb_classes/scoreboard.svh,151): (time 41470 NS) Assertion mult_pkg::scoreboard.write.__assert_1 has failed
TEST FAILED: 41470000 Test FAILED for A=-19248 B=-22884
Expected:           0  received:           0
xmsim: *E,ASRTST (../tb/tb_classes/scoreboard.svh,151): (time 41510 NS) Assertion mult_pkg::scoreboard.write.__assert_1 has failed
TEST FAILED: 41510000 Test FAILED for A=30128 B=26969
Expected:           0  received:           0
xmsim: *E,ASRTST (../tb/tb_classes/scoreboard.svh,151): (time 41550 NS) Assertion mult_pkg::scoreboard.write.__assert_1 has failed
TEST FAILED: 41550000 Test FAILED for A=-3721 B=-23284
Expected:           0  received:           0
xmsim: *E,ASRTST (../tb/tb_classes/scoreboard.svh,151): (time 41590 NS) Assertion mult_pkg::scoreboard.write.__assert_1 has failed
TEST FAILED: 41590000 Test FAILED for A=32258 B=-30160
Expected:           0  received:           0
xmsim: *E,ASRTST (../tb/tb_classes/scoreboard.svh,151): (time 41630 NS) Assertion mult_pkg::scoreboard.write.__assert_1 has failed
TEST FAILED: 41630000 Test FAILED for A=-32768 B=-32768
Expected:           0  received:           0
xmsim: *E,ASRTST (../tb/tb_classes/scoreboard.svh,151): (time 41670 NS) Assertion mult_pkg::scoreboard.write.__assert_1 has failed
TEST FAILED: 41670000 Test FAILED for A=10788 B=-24117
Expected:           0  received:           0
xmsim: *E,ASRTST (../tb/tb_classes/scoreboard.svh,151): (time 41710 NS) Assertion mult_pkg::scoreboard.write.__assert_1 has failed
TEST FAILED: 41710000 Test FAILED for A=4311 B=-19721
Expected:           0  received:           0
xmsim: *E,ASRTST (../tb/tb_classes/scoreboard.svh,151): (time 41750 NS) Assertion mult_pkg::scoreboard.write.__assert_1 has failed
TEST FAILED: 41750000 Test FAILED for A=6903 B=4579
Expected:           0  received:           0
xmsim: *E,ASRTST (../tb/tb_classes/scoreboard.svh,151): (time 41910 NS) Assertion mult_pkg::scoreboard.write.__assert_1 has failed
TEST FAILED: 41910000 Test FAILED for A=-2493 B=-15718
Expected:           0  received:           0
xmsim: *E,ASRTST (../tb/tb_classes/scoreboard.svh,151): (time 42270 NS) Assertion mult_pkg::scoreboard.write.__assert_1 has failed
TEST FAILED: 42270000 Test FAILED for A=-10917 B=16045
Expected:  -175163265  received:  -175163265
xmsim: *E,ASRTST (../tb/tb_classes/scoreboard.svh,151): (time 42310 NS) Assertion mult_pkg::scoreboard.write.__assert_1 has failed
TEST FAILED: 42310000 Test FAILED for A=-32139 B=31782
Expected:           0  received:           0
xmsim: *E,ASRTST (../tb/tb_classes/scoreboard.svh,151): (time 42350 NS) Assertion mult_pkg::scoreboard.write.__assert_1 has failed
TEST FAILED: 42350000 Test FAILED for A=13108 B=-11255
Expected:           0  received:           0
xmsim: *E,ASRTST (../tb/tb_classes/scoreboard.svh,151): (time 42390 NS) Assertion mult_pkg::scoreboard.write.__assert_1 has failed
TEST FAILED: 42390000 Test FAILED for A=-26437 B=11499
Expected:           0  received:           0
xmsim: *E,ASRTST (../tb/tb_classes/scoreboard.svh,151): (time 42430 NS) Assertion mult_pkg::scoreboard.write.__assert_1 has failed
TEST FAILED: 42430000 Test FAILED for A=27096 B=-32768
Expected:           0  received:           0
xmsim: *E,ASRTST (../tb/tb_classes/scoreboard.svh,151): (time 42590 NS) Assertion mult_pkg::scoreboard.write.__assert_1 has failed
TEST FAILED: 42590000 Test FAILED for A=1764 B=15899
Expected:           0  received:           0
xmsim: *E,ASRTST (../tb/tb_classes/scoreboard.svh,151): (time 42630 NS) Assertion mult_pkg::scoreboard.write.__assert_1 has failed
TEST FAILED: 42630000 Test FAILED for A=12272 B=13310
Expected:           0  received:           0
xmsim: *E,ASRTST (../tb/tb_classes/scoreboard.svh,151): (time 42670 NS) Assertion mult_pkg::scoreboard.write.__assert_1 has failed
TEST FAILED: 42670000 Test FAILED for A=29167 B=24763
Expected:           0  received:           0
xmsim: *E,ASRTST (../tb/tb_classes/scoreboard.svh,151): (time 42710 NS) Assertion mult_pkg::scoreboard.write.__assert_1 has failed
TEST FAILED: 42710000 Test FAILED for A=-17912 B=421
Expected:           0  received:           0
xmsim: *E,ASRTST (../tb/tb_classes/scoreboard.svh,151): (time 42870 NS) Assertion mult_pkg::scoreboard.write.__assert_1 has failed
TEST FAILED: 42870000 Test FAILED for A=7848 B=32767
Expected:           0  received:           0
xmsim: *E,ASRTST (../tb/tb_classes/scoreboard.svh,151): (time 42910 NS) Assertion mult_pkg::scoreboard.write.__assert_1 has failed
TEST FAILED: 42910000 Test FAILED for A=-10991 B=5498
Expected:           0  received:           0
xmsim: *E,ASRTST (../tb/tb_classes/scoreboard.svh,151): (time 43050 NS) Assertion mult_pkg::scoreboard.write.__assert_1 has failed
TEST FAILED: 43050000 Test FAILED for A=10329 B=19929
Expected:           0  received:           0
xmsim: *E,ASRTST (../tb/tb_classes/scoreboard.svh,151): (time 43090 NS) Assertion mult_pkg::scoreboard.write.__assert_1 has failed
TEST FAILED: 43090000 Test FAILED for A=-12977 B=-18339
Expected:           0  received:           0
xmsim: *E,ASRTST (../tb/tb_classes/scoreboard.svh,151): (time 43130 NS) Assertion mult_pkg::scoreboard.write.__assert_1 has failed
TEST FAILED: 43130000 Test FAILED for A=-18434 B=-32126
Expected:           0  received:           0
xmsim: *E,ASRTST (../tb/tb_classes/scoreboard.svh,151): (time 43170 NS) Assertion mult_pkg::scoreboard.write.__assert_1 has failed
TEST FAILED: 43170000 Test FAILED for A=4717 B=-32768
Expected:           0  received:           0
xmsim: *E,ASRTST (../tb/tb_classes/scoreboard.svh,151): (time 43210 NS) Assertion mult_pkg::scoreboard.write.__assert_1 has failed
TEST FAILED: 43210000 Test FAILED for A=32767 B=-10846
Expected:           0  received:           0
xmsim: *E,ASRTST (../tb/tb_classes/scoreboard.svh,151): (time 43250 NS) Assertion mult_pkg::scoreboard.write.__assert_1 has failed
TEST FAILED: 43250000 Test FAILED for A=-32768 B=2861
Expected:           0  received:           0
xmsim: *E,ASRTST (../tb/tb_classes/scoreboard.svh,151): (time 43290 NS) Assertion mult_pkg::scoreboard.write.__assert_1 has failed
TEST FAILED: 43290000 Test FAILED for A=-32768 B=623
Expected:           0  received:           0
xmsim: *E,ASRTST (../tb/tb_classes/scoreboard.svh,151): (time 43330 NS) Assertion mult_pkg::scoreboard.write.__assert_1 has failed
TEST FAILED: 43330000 Test FAILED for A=18254 B=32767
Expected:           0  received:           0
xmsim: *E,ASRTST (../tb/tb_classes/scoreboard.svh,151): (time 43370 NS) Assertion mult_pkg::scoreboard.write.__assert_1 has failed
TEST FAILED: 43370000 Test FAILED for A=12897 B=32767
Expected:           0  received:           0
xmsim: *E,ASRTST (../tb/tb_classes/scoreboard.svh,151): (time 43410 NS) Assertion mult_pkg::scoreboard.write.__assert_1 has failed
TEST FAILED: 43410000 Test FAILED for A=3069 B=7887
Expected:           0  received:           0
xmsim: *E,ASRTST (../tb/tb_classes/scoreboard.svh,151): (time 43450 NS) Assertion mult_pkg::scoreboard.write.__assert_1 has failed
TEST FAILED: 43450000 Test FAILED for A=-6567 B=28419
Expected:           0  received:           0
xmsim: *E,ASRTST (../tb/tb_classes/scoreboard.svh,151): (time 43490 NS) Assertion mult_pkg::scoreboard.write.__assert_1 has failed
TEST FAILED: 43490000 Test FAILED for A=32767 B=-22921
Expected:           0  received:           0
xmsim: *E,ASRTST (../tb/tb_classes/scoreboard.svh,151): (time 43530 NS) Assertion mult_pkg::scoreboard.write.__assert_1 has failed
TEST FAILED: 43530000 Test FAILED for A=25878 B=-14971
Expected:           0  received:           0
xmsim: *E,ASRTST (../tb/tb_classes/scoreboard.svh,151): (time 43570 NS) Assertion mult_pkg::scoreboard.write.__assert_1 has failed
TEST FAILED: 43570000 Test FAILED for A=14428 B=1225
Expected:           0  received:           0
xmsim: *E,ASRTST (../tb/tb_classes/scoreboard.svh,151): (time 43610 NS) Assertion mult_pkg::scoreboard.write.__assert_1 has failed
TEST FAILED: 43610000 Test FAILED for A=8228 B=11293
Expected:           0  received:           0
xmsim: *E,ASRTST (../tb/tb_classes/scoreboard.svh,151): (time 43650 NS) Assertion mult_pkg::scoreboard.write.__assert_1 has failed
TEST FAILED: 43650000 Test FAILED for A=9460 B=-27041
Expected:           0  received:           0
xmsim: *E,ASRTST (../tb/tb_classes/scoreboard.svh,151): (time 43770 NS) Assertion mult_pkg::scoreboard.write.__assert_1 has failed
TEST FAILED: 43770000 Test FAILED for A=-21958 B=23538
Expected:  -516847404  received:  -516847404
xmsim: *E,ASRTST (../tb/tb_classes/scoreboard.svh,151): (time 43810 NS) Assertion mult_pkg::scoreboard.write.__assert_1 has failed
TEST FAILED: 43810000 Test FAILED for A=-27991 B=28762
Expected:           0  received:           0
xmsim: *E,ASRTST (../tb/tb_classes/scoreboard.svh,151): (time 43850 NS) Assertion mult_pkg::scoreboard.write.__assert_1 has failed
TEST FAILED: 43850000 Test FAILED for A=-32768 B=20231
Expected:           0  received:           0
xmsim: *E,ASRTST (../tb/tb_classes/scoreboard.svh,151): (time 43890 NS) Assertion mult_pkg::scoreboard.write.__assert_1 has failed
TEST FAILED: 43890000 Test FAILED for A=-28964 B=-29014
Expected:           0  received:           0
xmsim: *E,ASRTST (../tb/tb_classes/scoreboard.svh,151): (time 43930 NS) Assertion mult_pkg::scoreboard.write.__assert_1 has failed
TEST FAILED: 43930000 Test FAILED for A=-32768 B=-32768
Expected:           0  received:           0
xmsim: *E,ASRTST (../tb/tb_classes/scoreboard.svh,151): (time 43970 NS) Assertion mult_pkg::scoreboard.write.__assert_1 has failed
TEST FAILED: 43970000 Test FAILED for A=13640 B=32767
Expected:           0  received:           0
xmsim: *E,ASRTST (../tb/tb_classes/scoreboard.svh,151): (time 44010 NS) Assertion mult_pkg::scoreboard.write.__assert_1 has failed
TEST FAILED: 44010000 Test FAILED for A=32767 B=4293
Expected:           0  received:           0
xmsim: *E,ASRTST (../tb/tb_classes/scoreboard.svh,151): (time 44050 NS) Assertion mult_pkg::scoreboard.write.__assert_1 has failed
TEST FAILED: 44050000 Test FAILED for A=28346 B=-32768
Expected:           0  received:           0
xmsim: *E,ASRTST (../tb/tb_classes/scoreboard.svh,151): (time 44090 NS) Assertion mult_pkg::scoreboard.write.__assert_1 has failed
TEST FAILED: 44090000 Test FAILED for A=-20619 B=-19574
Expected:           0  received:           0
xmsim: *E,ASRTST (../tb/tb_classes/scoreboard.svh,151): (time 44130 NS) Assertion mult_pkg::scoreboard.write.__assert_1 has failed
TEST FAILED: 44130000 Test FAILED for A=-15725 B=8242
Expected:           0  received:           0
xmsim: *E,ASRTST (../tb/tb_classes/scoreboard.svh,151): (time 44170 NS) Assertion mult_pkg::scoreboard.write.__assert_1 has failed
TEST FAILED: 44170000 Test FAILED for A=-21451 B=29192
Expected:           0  received:           0
xmsim: *E,ASRTST (../tb/tb_classes/scoreboard.svh,151): (time 44210 NS) Assertion mult_pkg::scoreboard.write.__assert_1 has failed
TEST FAILED: 44210000 Test FAILED for A=18748 B=-1590
Expected:           0  received:           0
xmsim: *E,ASRTST (../tb/tb_classes/scoreboard.svh,151): (time 44250 NS) Assertion mult_pkg::scoreboard.write.__assert_1 has failed
TEST FAILED: 44250000 Test FAILED for A=11921 B=8000
Expected:           0  received:           0
xmsim: *E,ASRTST (../tb/tb_classes/scoreboard.svh,151): (time 44290 NS) Assertion mult_pkg::scoreboard.write.__assert_1 has failed
TEST FAILED: 44290000 Test FAILED for A=-10900 B=-29230
Expected:           0  received:           0
xmsim: *E,ASRTST (../tb/tb_classes/scoreboard.svh,151): (time 44330 NS) Assertion mult_pkg::scoreboard.write.__assert_1 has failed
TEST FAILED: 44330000 Test FAILED for A=32767 B=-23146
Expected:           0  received:           0
xmsim: *E,ASRTST (../tb/tb_classes/scoreboard.svh,151): (time 44370 NS) Assertion mult_pkg::scoreboard.write.__assert_1 has failed
TEST FAILED: 44370000 Test FAILED for A=32767 B=32767
Expected:           0  received:           0
xmsim: *E,ASRTST (../tb/tb_classes/scoreboard.svh,151): (time 44410 NS) Assertion mult_pkg::scoreboard.write.__assert_1 has failed
TEST FAILED: 44410000 Test FAILED for A=9324 B=13444
Expected:           0  received:           0
xmsim: *E,ASRTST (../tb/tb_classes/scoreboard.svh,151): (time 44450 NS) Assertion mult_pkg::scoreboard.write.__assert_1 has failed
TEST FAILED: 44450000 Test FAILED for A=5237 B=-17994
Expected:           0  received:           0
xmsim: *E,ASRTST (../tb/tb_classes/scoreboard.svh,151): (time 44490 NS) Assertion mult_pkg::scoreboard.write.__assert_1 has failed
TEST FAILED: 44490000 Test FAILED for A=32767 B=31668
Expected:           0  received:           0
xmsim: *E,ASRTST (../tb/tb_classes/scoreboard.svh,151): (time 44530 NS) Assertion mult_pkg::scoreboard.write.__assert_1 has failed
TEST FAILED: 44530000 Test FAILED for A=12486 B=23109
Expected:           0  received:           0
xmsim: *E,ASRTST (../tb/tb_classes/scoreboard.svh,151): (time 44570 NS) Assertion mult_pkg::scoreboard.write.__assert_1 has failed
TEST FAILED: 44570000 Test FAILED for A=2178 B=16730
Expected:           0  received:           0
xmsim: *E,ASRTST (../tb/tb_classes/scoreboard.svh,151): (time 44730 NS) Assertion mult_pkg::scoreboard.write.__assert_1 has failed
TEST FAILED: 44730000 Test FAILED for A=-25411 B=32767
Expected:           0  received:           0
xmsim: *E,ASRTST (../tb/tb_classes/scoreboard.svh,151): (time 44770 NS) Assertion mult_pkg::scoreboard.write.__assert_1 has failed
TEST FAILED: 44770000 Test FAILED for A=17258 B=15469
Expected:           0  received:           0
xmsim: *E,ASRTST (../tb/tb_classes/scoreboard.svh,151): (time 44810 NS) Assertion mult_pkg::scoreboard.write.__assert_1 has failed
TEST FAILED: 44810000 Test FAILED for A=-21439 B=-32768
Expected:           0  received:           0
xmsim: *E,ASRTST (../tb/tb_classes/scoreboard.svh,151): (time 44850 NS) Assertion mult_pkg::scoreboard.write.__assert_1 has failed
TEST FAILED: 44850000 Test FAILED for A=6591 B=23594
Expected:           0  received:           0
xmsim: *E,ASRTST (../tb/tb_classes/scoreboard.svh,151): (time 44890 NS) Assertion mult_pkg::scoreboard.write.__assert_1 has failed
TEST FAILED: 44890000 Test FAILED for A=-22746 B=32486
Expected:           0  received:           0
xmsim: *E,ASRTST (../tb/tb_classes/scoreboard.svh,151): (time 44930 NS) Assertion mult_pkg::scoreboard.write.__assert_1 has failed
TEST FAILED: 44930000 Test FAILED for A=-2767 B=-21866
Expected:           0  received:           0
xmsim: *E,ASRTST (../tb/tb_classes/scoreboard.svh,151): (time 44970 NS) Assertion mult_pkg::scoreboard.write.__assert_1 has failed
TEST FAILED: 44970000 Test FAILED for A=-32768 B=18992
Expected:           0  received:           0
xmsim: *E,ASRTST (../tb/tb_classes/scoreboard.svh,151): (time 45010 NS) Assertion mult_pkg::scoreboard.write.__assert_1 has failed
TEST FAILED: 45010000 Test FAILED for A=22398 B=32767
Expected:           0  received:           0
xmsim: *E,ASRTST (../tb/tb_classes/scoreboard.svh,151): (time 45290 NS) Assertion mult_pkg::scoreboard.write.__assert_1 has failed
TEST FAILED: 45290000 Test FAILED for A=10713 B=19926
Expected:           0  received:           0
xmsim: *E,ASRTST (../tb/tb_classes/scoreboard.svh,151): (time 45330 NS) Assertion mult_pkg::scoreboard.write.__assert_1 has failed
TEST FAILED: 45330000 Test FAILED for A=-32768 B=-17060
Expected:           0  received:           0
xmsim: *E,ASRTST (../tb/tb_classes/scoreboard.svh,151): (time 45370 NS) Assertion mult_pkg::scoreboard.write.__assert_1 has failed
TEST FAILED: 45370000 Test FAILED for A=28388 B=-6457
Expected:           0  received:           0
xmsim: *E,ASRTST (../tb/tb_classes/scoreboard.svh,151): (time 45410 NS) Assertion mult_pkg::scoreboard.write.__assert_1 has failed
TEST FAILED: 45410000 Test FAILED for A=16441 B=-25865
Expected:           0  received:           0
xmsim: *E,ASRTST (../tb/tb_classes/scoreboard.svh,151): (time 45450 NS) Assertion mult_pkg::scoreboard.write.__assert_1 has failed
TEST FAILED: 45450000 Test FAILED for A=32767 B=26097
Expected:           0  received:           0
xmsim: *E,ASRTST (../tb/tb_classes/scoreboard.svh,151): (time 45610 NS) Assertion mult_pkg::scoreboard.write.__assert_1 has failed
TEST FAILED: 45610000 Test FAILED for A=12936 B=-11156
Expected:           0  received:           0
xmsim: *E,ASRTST (../tb/tb_classes/scoreboard.svh,151): (time 45730 NS) Assertion mult_pkg::scoreboard.write.__assert_1 has failed
TEST FAILED: 45730000 Test FAILED for A=4083 B=-21166
Expected:   -86420778  received:   -86420778
xmsim: *E,ASRTST (../tb/tb_classes/scoreboard.svh,151): (time 45770 NS) Assertion mult_pkg::scoreboard.write.__assert_1 has failed
TEST FAILED: 45770000 Test FAILED for A=29463 B=10288
Expected:           0  received:           0
xmsim: *E,ASRTST (../tb/tb_classes/scoreboard.svh,151): (time 45890 NS) Assertion mult_pkg::scoreboard.write.__assert_1 has failed
TEST FAILED: 45890000 Test FAILED for A=571 B=-731
Expected:     -417401  received:     -417401
xmsim: *E,ASRTST (../tb/tb_classes/scoreboard.svh,151): (time 46050 NS) Assertion mult_pkg::scoreboard.write.__assert_1 has failed
TEST FAILED: 46050000 Test FAILED for A=19174 B=-30895
Expected:           0  received:           0
xmsim: *E,ASRTST (../tb/tb_classes/scoreboard.svh,151): (time 46170 NS) Assertion mult_pkg::scoreboard.write.__assert_1 has failed
TEST FAILED: 46170000 Test FAILED for A=-11302 B=4815
Expected:   -54419130  received:   -54419130
xmsim: *E,ASRTST (../tb/tb_classes/scoreboard.svh,151): (time 46210 NS) Assertion mult_pkg::scoreboard.write.__assert_1 has failed
TEST FAILED: 46210000 Test FAILED for A=24166 B=-7377
Expected:           0  received:           0
xmsim: *E,ASRTST (../tb/tb_classes/scoreboard.svh,151): (time 46250 NS) Assertion mult_pkg::scoreboard.write.__assert_1 has failed
TEST FAILED: 46250000 Test FAILED for A=-9602 B=-11592
Expected:           0  received:           0
xmsim: *E,ASRTST (../tb/tb_classes/scoreboard.svh,151): (time 46290 NS) Assertion mult_pkg::scoreboard.write.__assert_1 has failed
TEST FAILED: 46290000 Test FAILED for A=29022 B=25014
Expected:           0  received:           0
xmsim: *E,ASRTST (../tb/tb_classes/scoreboard.svh,151): (time 46330 NS) Assertion mult_pkg::scoreboard.write.__assert_1 has failed
TEST FAILED: 46330000 Test FAILED for A=-23772 B=-15063
Expected:           0  received:           0
xmsim: *E,ASRTST (../tb/tb_classes/scoreboard.svh,151): (time 46370 NS) Assertion mult_pkg::scoreboard.write.__assert_1 has failed
TEST FAILED: 46370000 Test FAILED for A=29507 B=5919
Expected:           0  received:           0
xmsim: *E,ASRTST (../tb/tb_classes/scoreboard.svh,151): (time 46410 NS) Assertion mult_pkg::scoreboard.write.__assert_1 has failed
TEST FAILED: 46410000 Test FAILED for A=32361 B=25230
Expected:           0  received:           0
xmsim: *E,ASRTST (../tb/tb_classes/scoreboard.svh,151): (time 46450 NS) Assertion mult_pkg::scoreboard.write.__assert_1 has failed
TEST FAILED: 46450000 Test FAILED for A=7576 B=-9941
Expected:           0  received:           0
xmsim: *E,ASRTST (../tb/tb_classes/scoreboard.svh,151): (time 46490 NS) Assertion mult_pkg::scoreboard.write.__assert_1 has failed
TEST FAILED: 46490000 Test FAILED for A=-31852 B=-8539
Expected:           0  received:           0
xmsim: *E,ASRTST (../tb/tb_classes/scoreboard.svh,151): (time 46530 NS) Assertion mult_pkg::scoreboard.write.__assert_1 has failed
TEST FAILED: 46530000 Test FAILED for A=-8678 B=15025
Expected:           0  received:           0
xmsim: *E,ASRTST (../tb/tb_classes/scoreboard.svh,151): (time 46570 NS) Assertion mult_pkg::scoreboard.write.__assert_1 has failed
TEST FAILED: 46570000 Test FAILED for A=-32330 B=10864
Expected:           0  received:           0
xmsim: *E,ASRTST (../tb/tb_classes/scoreboard.svh,151): (time 46610 NS) Assertion mult_pkg::scoreboard.write.__assert_1 has failed
TEST FAILED: 46610000 Test FAILED for A=-4130 B=-29034
Expected:           0  received:           0
xmsim: *E,ASRTST (../tb/tb_classes/scoreboard.svh,151): (time 46650 NS) Assertion mult_pkg::scoreboard.write.__assert_1 has failed
TEST FAILED: 46650000 Test FAILED for A=4085 B=32767
Expected:           0  received:           0
xmsim: *E,ASRTST (../tb/tb_classes/scoreboard.svh,151): (time 46690 NS) Assertion mult_pkg::scoreboard.write.__assert_1 has failed
TEST FAILED: 46690000 Test FAILED for A=-32768 B=16555
Expected:           0  received:           0
xmsim: *E,ASRTST (../tb/tb_classes/scoreboard.svh,151): (time 46810 NS) Assertion mult_pkg::scoreboard.write.__assert_1 has failed
TEST FAILED: 46810000 Test FAILED for A=15485 B=-31972
Expected:  -495086420  received:  -495086420
xmsim: *E,ASRTST (../tb/tb_classes/scoreboard.svh,151): (time 46850 NS) Assertion mult_pkg::scoreboard.write.__assert_1 has failed
TEST FAILED: 46850000 Test FAILED for A=16873 B=-30316
Expected:           0  received:           0
xmsim: *E,ASRTST (../tb/tb_classes/scoreboard.svh,151): (time 46890 NS) Assertion mult_pkg::scoreboard.write.__assert_1 has failed
TEST FAILED: 46890000 Test FAILED for A=-11435 B=32767
Expected:           0  received:           0
xmsim: *E,ASRTST (../tb/tb_classes/scoreboard.svh,151): (time 47010 NS) Assertion mult_pkg::scoreboard.write.__assert_1 has failed
TEST FAILED: 47010000 Test FAILED for A=12709 B=28217
Expected:   358609853  received:   358609853
xmsim: *E,ASRTST (../tb/tb_classes/scoreboard.svh,151): (time 47170 NS) Assertion mult_pkg::scoreboard.write.__assert_1 has failed
TEST FAILED: 47170000 Test FAILED for A=-20264 B=-32768
Expected:           0  received:           0
xmsim: *E,ASRTST (../tb/tb_classes/scoreboard.svh,151): (time 47210 NS) Assertion mult_pkg::scoreboard.write.__assert_1 has failed
TEST FAILED: 47210000 Test FAILED for A=14939 B=-22620
Expected:           0  received:           0
xmsim: *E,ASRTST (../tb/tb_classes/scoreboard.svh,151): (time 47250 NS) Assertion mult_pkg::scoreboard.write.__assert_1 has failed
TEST FAILED: 47250000 Test FAILED for A=-11594 B=14938
Expected:           0  received:           0
xmsim: *E,ASRTST (../tb/tb_classes/scoreboard.svh,151): (time 47290 NS) Assertion mult_pkg::scoreboard.write.__assert_1 has failed
TEST FAILED: 47290000 Test FAILED for A=32697 B=-29722
Expected:           0  received:           0
xmsim: *E,ASRTST (../tb/tb_classes/scoreboard.svh,151): (time 47330 NS) Assertion mult_pkg::scoreboard.write.__assert_1 has failed
TEST FAILED: 47330000 Test FAILED for A=3868 B=-727
Expected:           0  received:           0
xmsim: *E,ASRTST (../tb/tb_classes/scoreboard.svh,151): (time 47370 NS) Assertion mult_pkg::scoreboard.write.__assert_1 has failed
TEST FAILED: 47370000 Test FAILED for A=28354 B=28989
Expected:           0  received:           0
xmsim: *E,ASRTST (../tb/tb_classes/scoreboard.svh,151): (time 47490 NS) Assertion mult_pkg::scoreboard.write.__assert_1 has failed
TEST FAILED: 47490000 Test FAILED for A=-14008 B=25415
Expected:  -356013320  received:  -356013320
xmsim: *E,ASRTST (../tb/tb_classes/scoreboard.svh,151): (time 47530 NS) Assertion mult_pkg::scoreboard.write.__assert_1 has failed
TEST FAILED: 47530000 Test FAILED for A=-24873 B=3472
Expected:           0  received:           0
xmsim: *E,ASRTST (../tb/tb_classes/scoreboard.svh,151): (time 47570 NS) Assertion mult_pkg::scoreboard.write.__assert_1 has failed
TEST FAILED: 47570000 Test FAILED for A=-3135 B=-32089
Expected:           0  received:           0
xmsim: *E,ASRTST (../tb/tb_classes/scoreboard.svh,151): (time 47610 NS) Assertion mult_pkg::scoreboard.write.__assert_1 has failed
TEST FAILED: 47610000 Test FAILED for A=25276 B=-11658
Expected:           0  received:           0
xmsim: *E,ASRTST (../tb/tb_classes/scoreboard.svh,151): (time 47730 NS) Assertion mult_pkg::scoreboard.write.__assert_1 has failed
TEST FAILED: 47730000 Test FAILED for A=17531 B=11515
Expected:   201869465  received:   201869465
xmsim: *E,ASRTST (../tb/tb_classes/scoreboard.svh,151): (time 47770 NS) Assertion mult_pkg::scoreboard.write.__assert_1 has failed
TEST FAILED: 47770000 Test FAILED for A=-13049 B=32767
Expected:           0  received:           0
xmsim: *E,ASRTST (../tb/tb_classes/scoreboard.svh,151): (time 47810 NS) Assertion mult_pkg::scoreboard.write.__assert_1 has failed
TEST FAILED: 47810000 Test FAILED for A=548 B=24090
Expected:           0  received:           0
xmsim: *E,ASRTST (../tb/tb_classes/scoreboard.svh,151): (time 47850 NS) Assertion mult_pkg::scoreboard.write.__assert_1 has failed
TEST FAILED: 47850000 Test FAILED for A=-17310 B=-32768
Expected:           0  received:           0
xmsim: *E,ASRTST (../tb/tb_classes/scoreboard.svh,151): (time 47890 NS) Assertion mult_pkg::scoreboard.write.__assert_1 has failed
TEST FAILED: 47890000 Test FAILED for A=-2780 B=-6531
Expected:           0  received:           0
xmsim: *E,ASRTST (../tb/tb_classes/scoreboard.svh,151): (time 47930 NS) Assertion mult_pkg::scoreboard.write.__assert_1 has failed
TEST FAILED: 47930000 Test FAILED for A=-31004 B=-22010
Expected:           0  received:           0
xmsim: *E,ASRTST (../tb/tb_classes/scoreboard.svh,151): (time 47970 NS) Assertion mult_pkg::scoreboard.write.__assert_1 has failed
TEST FAILED: 47970000 Test FAILED for A=22662 B=24877
Expected:           0  received:           0
xmsim: *E,ASRTST (../tb/tb_classes/scoreboard.svh,151): (time 48130 NS) Assertion mult_pkg::scoreboard.write.__assert_1 has failed
TEST FAILED: 48130000 Test FAILED for A=-17399 B=-32768
Expected:           0  received:           0
xmsim: *E,ASRTST (../tb/tb_classes/scoreboard.svh,151): (time 48170 NS) Assertion mult_pkg::scoreboard.write.__assert_1 has failed
TEST FAILED: 48170000 Test FAILED for A=-24141 B=28954
Expected:           0  received:           0
xmsim: *E,ASRTST (../tb/tb_classes/scoreboard.svh,151): (time 48210 NS) Assertion mult_pkg::scoreboard.write.__assert_1 has failed
TEST FAILED: 48210000 Test FAILED for A=-23877 B=-32768
Expected:           0  received:           0
xmsim: *E,ASRTST (../tb/tb_classes/scoreboard.svh,151): (time 48250 NS) Assertion mult_pkg::scoreboard.write.__assert_1 has failed
TEST FAILED: 48250000 Test FAILED for A=11260 B=30982
Expected:           0  received:           0
xmsim: *E,ASRTST (../tb/tb_classes/scoreboard.svh,151): (time 48290 NS) Assertion mult_pkg::scoreboard.write.__assert_1 has failed
TEST FAILED: 48290000 Test FAILED for A=-16286 B=-27804
Expected:           0  received:           0
xmsim: *E,ASRTST (../tb/tb_classes/scoreboard.svh,151): (time 48450 NS) Assertion mult_pkg::scoreboard.write.__assert_1 has failed
TEST FAILED: 48450000 Test FAILED for A=23384 B=-4309
Expected:           0  received:           0
xmsim: *E,ASRTST (../tb/tb_classes/scoreboard.svh,151): (time 48490 NS) Assertion mult_pkg::scoreboard.write.__assert_1 has failed
TEST FAILED: 48490000 Test FAILED for A=10780 B=701
Expected:           0  received:           0
xmsim: *E,ASRTST (../tb/tb_classes/scoreboard.svh,151): (time 48530 NS) Assertion mult_pkg::scoreboard.write.__assert_1 has failed
TEST FAILED: 48530000 Test FAILED for A=-16504 B=6472
Expected:           0  received:           0
xmsim: *E,ASRTST (../tb/tb_classes/scoreboard.svh,151): (time 48570 NS) Assertion mult_pkg::scoreboard.write.__assert_1 has failed
TEST FAILED: 48570000 Test FAILED for A=32767 B=-31728
Expected:           0  received:           0
xmsim: *E,ASRTST (../tb/tb_classes/scoreboard.svh,151): (time 48610 NS) Assertion mult_pkg::scoreboard.write.__assert_1 has failed
TEST FAILED: 48610000 Test FAILED for A=32767 B=7994
Expected:           0  received:           0
xmsim: *E,ASRTST (../tb/tb_classes/scoreboard.svh,151): (time 48650 NS) Assertion mult_pkg::scoreboard.write.__assert_1 has failed
TEST FAILED: 48650000 Test FAILED for A=-32768 B=-2272
Expected:           0  received:           0
xmsim: *E,ASRTST (../tb/tb_classes/scoreboard.svh,151): (time 48690 NS) Assertion mult_pkg::scoreboard.write.__assert_1 has failed
TEST FAILED: 48690000 Test FAILED for A=-27491 B=-447
Expected:           0  received:           0
xmsim: *E,ASRTST (../tb/tb_classes/scoreboard.svh,151): (time 48730 NS) Assertion mult_pkg::scoreboard.write.__assert_1 has failed
TEST FAILED: 48730000 Test FAILED for A=-24225 B=-32768
Expected:           0  received:           0
xmsim: *E,ASRTST (../tb/tb_classes/scoreboard.svh,151): (time 48770 NS) Assertion mult_pkg::scoreboard.write.__assert_1 has failed
TEST FAILED: 48770000 Test FAILED for A=32767 B=22626
Expected:           0  received:           0
xmsim: *E,ASRTST (../tb/tb_classes/scoreboard.svh,151): (time 48810 NS) Assertion mult_pkg::scoreboard.write.__assert_1 has failed
TEST FAILED: 48810000 Test FAILED for A=9587 B=-6758
Expected:           0  received:           0
xmsim: *E,ASRTST (../tb/tb_classes/scoreboard.svh,151): (time 48850 NS) Assertion mult_pkg::scoreboard.write.__assert_1 has failed
TEST FAILED: 48850000 Test FAILED for A=6409 B=28430
Expected:           0  received:           0
xmsim: *E,ASRTST (../tb/tb_classes/scoreboard.svh,151): (time 48890 NS) Assertion mult_pkg::scoreboard.write.__assert_1 has failed
TEST FAILED: 48890000 Test FAILED for A=-30352 B=-10928
Expected:           0  received:           0
xmsim: *E,ASRTST (../tb/tb_classes/scoreboard.svh,151): (time 48930 NS) Assertion mult_pkg::scoreboard.write.__assert_1 has failed
TEST FAILED: 48930000 Test FAILED for A=32767 B=-21927
Expected:           0  received:           0
xmsim: *E,ASRTST (../tb/tb_classes/scoreboard.svh,151): (time 48970 NS) Assertion mult_pkg::scoreboard.write.__assert_1 has failed
TEST FAILED: 48970000 Test FAILED for A=32767 B=-4176
Expected:           0  received:           0
xmsim: *E,ASRTST (../tb/tb_classes/scoreboard.svh,151): (time 49090 NS) Assertion mult_pkg::scoreboard.write.__assert_1 has failed
TEST FAILED: 49090000 Test FAILED for A=-31963 B=12448
Expected:  -397875424  received:  -397875424
xmsim: *E,ASRTST (../tb/tb_classes/scoreboard.svh,151): (time 49130 NS) Assertion mult_pkg::scoreboard.write.__assert_1 has failed
TEST FAILED: 49130000 Test FAILED for A=-3514 B=-17115
Expected:           0  received:           0
xmsim: *E,ASRTST (../tb/tb_classes/scoreboard.svh,151): (time 49250 NS) Assertion mult_pkg::scoreboard.write.__assert_1 has failed
TEST FAILED: 49250000 Test FAILED for A=31942 B=19067
Expected:   609038114  received:   609038114
xmsim: *E,ASRTST (../tb/tb_classes/scoreboard.svh,151): (time 49290 NS) Assertion mult_pkg::scoreboard.write.__assert_1 has failed
TEST FAILED: 49290000 Test FAILED for A=14315 B=6085
Expected:           0  received:           0
xmsim: *E,ASRTST (../tb/tb_classes/scoreboard.svh,151): (time 49330 NS) Assertion mult_pkg::scoreboard.write.__assert_1 has failed
TEST FAILED: 49330000 Test FAILED for A=-30094 B=-30137
Expected:           0  received:           0
xmsim: *E,ASRTST (../tb/tb_classes/scoreboard.svh,151): (time 49370 NS) Assertion mult_pkg::scoreboard.write.__assert_1 has failed
TEST FAILED: 49370000 Test FAILED for A=-13433 B=32767
Expected:           0  received:           0
xmsim: *E,ASRTST (../tb/tb_classes/scoreboard.svh,151): (time 49410 NS) Assertion mult_pkg::scoreboard.write.__assert_1 has failed
TEST FAILED: 49410000 Test FAILED for A=7731 B=-14086
Expected:           0  received:           0
xmsim: *E,ASRTST (../tb/tb_classes/scoreboard.svh,151): (time 49450 NS) Assertion mult_pkg::scoreboard.write.__assert_1 has failed
TEST FAILED: 49450000 Test FAILED for A=24571 B=-18075
Expected:           0  received:           0
xmsim: *E,ASRTST (../tb/tb_classes/scoreboard.svh,151): (time 49490 NS) Assertion mult_pkg::scoreboard.write.__assert_1 has failed
TEST FAILED: 49490000 Test FAILED for A=18207 B=12041
Expected:           0  received:           0
xmsim: *E,ASRTST (../tb/tb_classes/scoreboard.svh,151): (time 49650 NS) Assertion mult_pkg::scoreboard.write.__assert_1 has failed
TEST FAILED: 49650000 Test FAILED for A=31248 B=18832
Expected:           0  received:           0
xmsim: *E,ASRTST (../tb/tb_classes/scoreboard.svh,151): (time 49690 NS) Assertion mult_pkg::scoreboard.write.__assert_1 has failed
TEST FAILED: 49690000 Test FAILED for A=13672 B=24762
Expected:           0  received:           0
xmsim: *E,ASRTST (../tb/tb_classes/scoreboard.svh,151): (time 49730 NS) Assertion mult_pkg::scoreboard.write.__assert_1 has failed
TEST FAILED: 49730000 Test FAILED for A=-20177 B=32767
Expected:           0  received:           0
xmsim: *E,ASRTST (../tb/tb_classes/scoreboard.svh,151): (time 49770 NS) Assertion mult_pkg::scoreboard.write.__assert_1 has failed
TEST FAILED: 49770000 Test FAILED for A=9638 B=-11683
Expected:           0  received:           0
xmsim: *E,ASRTST (../tb/tb_classes/scoreboard.svh,151): (time 49810 NS) Assertion mult_pkg::scoreboard.write.__assert_1 has failed
TEST FAILED: 49810000 Test FAILED for A=2121 B=22452
Expected:           0  received:           0
xmsim: *E,ASRTST (../tb/tb_classes/scoreboard.svh,151): (time 49970 NS) Assertion mult_pkg::scoreboard.write.__assert_1 has failed
TEST FAILED: 49970000 Test FAILED for A=317 B=-32768
Expected:           0  received:           0
xmsim: *E,ASRTST (../tb/tb_classes/scoreboard.svh,151): (time 50130 NS) Assertion mult_pkg::scoreboard.write.__assert_1 has failed
TEST FAILED: 50130000 Test FAILED for A=25741 B=9566
Expected:           0  received:           0
xmsim: *E,ASRTST (../tb/tb_classes/scoreboard.svh,151): (time 50290 NS) Assertion mult_pkg::scoreboard.write.__assert_1 has failed
TEST FAILED: 50290000 Test FAILED for A=6816 B=-5338
Expected:           0  received:           0
xmsim: *E,ASRTST (../tb/tb_classes/scoreboard.svh,151): (time 50330 NS) Assertion mult_pkg::scoreboard.write.__assert_1 has failed
TEST FAILED: 50330000 Test FAILED for A=32767 B=-24287
Expected:           0  received:           0
xmsim: *E,ASRTST (../tb/tb_classes/scoreboard.svh,151): (time 50370 NS) Assertion mult_pkg::scoreboard.write.__assert_1 has failed
TEST FAILED: 50370000 Test FAILED for A=3302 B=13712
Expected:           0  received:           0
xmsim: *E,ASRTST (../tb/tb_classes/scoreboard.svh,151): (time 50490 NS) Assertion mult_pkg::scoreboard.write.__assert_1 has failed
TEST FAILED: 50490000 Test FAILED for A=4405 B=30671
Expected:   135105755  received:   135105755
xmsim: *E,ASRTST (../tb/tb_classes/scoreboard.svh,151): (time 50530 NS) Assertion mult_pkg::scoreboard.write.__assert_1 has failed
TEST FAILED: 50530000 Test FAILED for A=-32768 B=3581
Expected:           0  received:           0
xmsim: *E,ASRTST (../tb/tb_classes/scoreboard.svh,151): (time 50570 NS) Assertion mult_pkg::scoreboard.write.__assert_1 has failed
TEST FAILED: 50570000 Test FAILED for A=-19936 B=-8040
Expected:           0  received:           0
xmsim: *E,ASRTST (../tb/tb_classes/scoreboard.svh,151): (time 50610 NS) Assertion mult_pkg::scoreboard.write.__assert_1 has failed
TEST FAILED: 50610000 Test FAILED for A=32767 B=32767
Expected:           0  received:           0
xmsim: *E,ASRTST (../tb/tb_classes/scoreboard.svh,151): (time 50650 NS) Assertion mult_pkg::scoreboard.write.__assert_1 has failed
TEST FAILED: 50650000 Test FAILED for A=32767 B=-31302
Expected:           0  received:           0
xmsim: *E,ASRTST (../tb/tb_classes/scoreboard.svh,151): (time 50690 NS) Assertion mult_pkg::scoreboard.write.__assert_1 has failed
TEST FAILED: 50690000 Test FAILED for A=10021 B=-20570
Expected:           0  received:           0
xmsim: *E,ASRTST (../tb/tb_classes/scoreboard.svh,151): (time 50730 NS) Assertion mult_pkg::scoreboard.write.__assert_1 has failed
TEST FAILED: 50730000 Test FAILED for A=-28513 B=7455
Expected:           0  received:           0
xmsim: *E,ASRTST (../tb/tb_classes/scoreboard.svh,151): (time 50770 NS) Assertion mult_pkg::scoreboard.write.__assert_1 has failed
TEST FAILED: 50770000 Test FAILED for A=-29855 B=-14915
Expected:           0  received:           0
xmsim: *E,ASRTST (../tb/tb_classes/scoreboard.svh,151): (time 50810 NS) Assertion mult_pkg::scoreboard.write.__assert_1 has failed
TEST FAILED: 50810000 Test FAILED for A=28009 B=8671
Expected:           0  received:           0
xmsim: *E,ASRTST (../tb/tb_classes/scoreboard.svh,151): (time 50850 NS) Assertion mult_pkg::scoreboard.write.__assert_1 has failed
TEST FAILED: 50850000 Test FAILED for A=-32768 B=-32293
Expected:           0  received:           0
xmsim: *E,ASRTST (../tb/tb_classes/scoreboard.svh,151): (time 50890 NS) Assertion mult_pkg::scoreboard.write.__assert_1 has failed
TEST FAILED: 50890000 Test FAILED for A=28070 B=7536
Expected:           0  received:           0
xmsim: *E,ASRTST (../tb/tb_classes/scoreboard.svh,151): (time 50930 NS) Assertion mult_pkg::scoreboard.write.__assert_1 has failed
TEST FAILED: 50930000 Test FAILED for A=-14330 B=10432
Expected:           0  received:           0
xmsim: *E,ASRTST (../tb/tb_classes/scoreboard.svh,151): (time 50970 NS) Assertion mult_pkg::scoreboard.write.__assert_1 has failed
TEST FAILED: 50970000 Test FAILED for A=-19085 B=-12761
Expected:           0  received:           0
xmsim: *E,ASRTST (../tb/tb_classes/scoreboard.svh,151): (time 51090 NS) Assertion mult_pkg::scoreboard.write.__assert_1 has failed
TEST FAILED: 51090000 Test FAILED for A=8412 B=-28477
Expected:  -239548524  received:  -239548524
xmsim: *E,ASRTST (../tb/tb_classes/scoreboard.svh,151): (time 51130 NS) Assertion mult_pkg::scoreboard.write.__assert_1 has failed
TEST FAILED: 51130000 Test FAILED for A=32767 B=-32768
Expected:           0  received:           0
xmsim: *E,ASRTST (../tb/tb_classes/scoreboard.svh,151): (time 51170 NS) Assertion mult_pkg::scoreboard.write.__assert_1 has failed
TEST FAILED: 51170000 Test FAILED for A=32767 B=-13734
Expected:           0  received:           0
xmsim: *E,ASRTST (../tb/tb_classes/scoreboard.svh,151): (time 51210 NS) Assertion mult_pkg::scoreboard.write.__assert_1 has failed
TEST FAILED: 51210000 Test FAILED for A=-32768 B=8601
Expected:           0  received:           0
xmsim: *E,ASRTST (../tb/tb_classes/scoreboard.svh,151): (time 51330 NS) Assertion mult_pkg::scoreboard.write.__assert_1 has failed
TEST FAILED: 51330000 Test FAILED for A=-17693 B=10120
Expected:  -179053160  received:  -179053160
xmsim: *E,ASRTST (../tb/tb_classes/scoreboard.svh,151): (time 51370 NS) Assertion mult_pkg::scoreboard.write.__assert_1 has failed
TEST FAILED: 51370000 Test FAILED for A=-20138 B=15530
Expected:           0  received:           0
xmsim: *E,ASRTST (../tb/tb_classes/scoreboard.svh,151): (time 51470 NS) Assertion mult_pkg::scoreboard.write.__assert_1 has failed
TEST FAILED: 51470000 Test FAILED for A=-32768 B=-9402
Expected:   308084736  received:   308084736
xmsim: *E,ASRTST (../tb/tb_classes/scoreboard.svh,151): (time 51510 NS) Assertion mult_pkg::scoreboard.write.__assert_1 has failed
TEST FAILED: 51510000 Test FAILED for A=16403 B=-20112
Expected:           0  received:           0
xmsim: *E,ASRTST (../tb/tb_classes/scoreboard.svh,151): (time 51550 NS) Assertion mult_pkg::scoreboard.write.__assert_1 has failed
TEST FAILED: 51550000 Test FAILED for A=27041 B=21044
Expected:           0  received:           0
xmsim: *E,ASRTST (../tb/tb_classes/scoreboard.svh,151): (time 51590 NS) Assertion mult_pkg::scoreboard.write.__assert_1 has failed
TEST FAILED: 51590000 Test FAILED for A=-26720 B=14985
Expected:           0  received:           0
xmsim: *E,ASRTST (../tb/tb_classes/scoreboard.svh,151): (time 51630 NS) Assertion mult_pkg::scoreboard.write.__assert_1 has failed
TEST FAILED: 51630000 Test FAILED for A=12098 B=32767
Expected:           0  received:           0
xmsim: *E,ASRTST (../tb/tb_classes/scoreboard.svh,151): (time 51670 NS) Assertion mult_pkg::scoreboard.write.__assert_1 has failed
TEST FAILED: 51670000 Test FAILED for A=-25683 B=-28517
Expected:           0  received:           0
xmsim: *E,ASRTST (../tb/tb_classes/scoreboard.svh,151): (time 51830 NS) Assertion mult_pkg::scoreboard.write.__assert_1 has failed
TEST FAILED: 51830000 Test FAILED for A=-32768 B=-16746
Expected:           0  received:           0
xmsim: *E,ASRTST (../tb/tb_classes/scoreboard.svh,151): (time 51870 NS) Assertion mult_pkg::scoreboard.write.__assert_1 has failed
TEST FAILED: 51870000 Test FAILED for A=-2372 B=9663
Expected:           0  received:           0
xmsim: *E,ASRTST (../tb/tb_classes/scoreboard.svh,151): (time 51910 NS) Assertion mult_pkg::scoreboard.write.__assert_1 has failed
TEST FAILED: 51910000 Test FAILED for A=29841 B=6091
Expected:           0  received:           0
xmsim: *E,ASRTST (../tb/tb_classes/scoreboard.svh,151): (time 51950 NS) Assertion mult_pkg::scoreboard.write.__assert_1 has failed
TEST FAILED: 51950000 Test FAILED for A=-26750 B=-25010
Expected:           0  received:           0
xmsim: *E,ASRTST (../tb/tb_classes/scoreboard.svh,151): (time 51990 NS) Assertion mult_pkg::scoreboard.write.__assert_1 has failed
TEST FAILED: 51990000 Test FAILED for A=20618 B=-28244
Expected:           0  received:           0
xmsim: *E,ASRTST (../tb/tb_classes/scoreboard.svh,151): (time 52030 NS) Assertion mult_pkg::scoreboard.write.__assert_1 has failed
TEST FAILED: 52030000 Test FAILED for A=8820 B=11813
Expected:           0  received:           0
xmsim: *E,ASRTST (../tb/tb_classes/scoreboard.svh,151): (time 52070 NS) Assertion mult_pkg::scoreboard.write.__assert_1 has failed
TEST FAILED: 52070000 Test FAILED for A=-32768 B=26910
Expected:           0  received:           0
xmsim: *E,ASRTST (../tb/tb_classes/scoreboard.svh,151): (time 52110 NS) Assertion mult_pkg::scoreboard.write.__assert_1 has failed
TEST FAILED: 52110000 Test FAILED for A=-12828 B=27421
Expected:           0  received:           0
xmsim: *E,ASRTST (../tb/tb_classes/scoreboard.svh,151): (time 52150 NS) Assertion mult_pkg::scoreboard.write.__assert_1 has failed
TEST FAILED: 52150000 Test FAILED for A=-16936 B=-4378
Expected:           0  received:           0
xmsim: *E,ASRTST (../tb/tb_classes/scoreboard.svh,151): (time 52190 NS) Assertion mult_pkg::scoreboard.write.__assert_1 has failed
TEST FAILED: 52190000 Test FAILED for A=9882 B=-32768
Expected:           0  received:           0
xmsim: *E,ASRTST (../tb/tb_classes/scoreboard.svh,151): (time 52350 NS) Assertion mult_pkg::scoreboard.write.__assert_1 has failed
TEST FAILED: 52350000 Test FAILED for A=32767 B=-3669
Expected:           0  received:           0
xmsim: *E,ASRTST (../tb/tb_classes/scoreboard.svh,151): (time 52510 NS) Assertion mult_pkg::scoreboard.write.__assert_1 has failed
TEST FAILED: 52510000 Test FAILED for A=2696 B=-7412
Expected:           0  received:           0
xmsim: *E,ASRTST (../tb/tb_classes/scoreboard.svh,151): (time 52550 NS) Assertion mult_pkg::scoreboard.write.__assert_1 has failed
TEST FAILED: 52550000 Test FAILED for A=28540 B=-1206
Expected:           0  received:           0
xmsim: *E,ASRTST (../tb/tb_classes/scoreboard.svh,151): (time 52590 NS) Assertion mult_pkg::scoreboard.write.__assert_1 has failed
TEST FAILED: 52590000 Test FAILED for A=2685 B=27739
Expected:           0  received:           0
xmsim: *E,ASRTST (../tb/tb_classes/scoreboard.svh,151): (time 52630 NS) Assertion mult_pkg::scoreboard.write.__assert_1 has failed
TEST FAILED: 52630000 Test FAILED for A=21819 B=-32154
Expected:           0  received:           0
xmsim: *E,ASRTST (../tb/tb_classes/scoreboard.svh,151): (time 52790 NS) Assertion mult_pkg::scoreboard.write.__assert_1 has failed
TEST FAILED: 52790000 Test FAILED for A=17732 B=-32768
Expected:           0  received:           0
xmsim: *E,ASRTST (../tb/tb_classes/scoreboard.svh,151): (time 52830 NS) Assertion mult_pkg::scoreboard.write.__assert_1 has failed
TEST FAILED: 52830000 Test FAILED for A=-30613 B=-32768
Expected:           0  received:           0
xmsim: *E,ASRTST (../tb/tb_classes/scoreboard.svh,151): (time 52950 NS) Assertion mult_pkg::scoreboard.write.__assert_1 has failed
TEST FAILED: 52950000 Test FAILED for A=9899 B=29285
Expected:   289892215  received:   289892215
xmsim: *E,ASRTST (../tb/tb_classes/scoreboard.svh,151): (time 52990 NS) Assertion mult_pkg::scoreboard.write.__assert_1 has failed
TEST FAILED: 52990000 Test FAILED for A=6420 B=-21742
Expected:           0  received:           0
xmsim: *E,ASRTST (../tb/tb_classes/scoreboard.svh,151): (time 53030 NS) Assertion mult_pkg::scoreboard.write.__assert_1 has failed
TEST FAILED: 53030000 Test FAILED for A=-6624 B=-11951
Expected:           0  received:           0
xmsim: *E,ASRTST (../tb/tb_classes/scoreboard.svh,151): (time 53070 NS) Assertion mult_pkg::scoreboard.write.__assert_1 has failed
TEST FAILED: 53070000 Test FAILED for A=23233 B=-32768
Expected:           0  received:           0
xmsim: *E,ASRTST (../tb/tb_classes/scoreboard.svh,151): (time 53110 NS) Assertion mult_pkg::scoreboard.write.__assert_1 has failed
TEST FAILED: 53110000 Test FAILED for A=-17641 B=32767
Expected:           0  received:           0
xmsim: *E,ASRTST (../tb/tb_classes/scoreboard.svh,151): (time 53150 NS) Assertion mult_pkg::scoreboard.write.__assert_1 has failed
TEST FAILED: 53150000 Test FAILED for A=16979 B=16154
Expected:           0  received:           0
xmsim: *E,ASRTST (../tb/tb_classes/scoreboard.svh,151): (time 53430 NS) Assertion mult_pkg::scoreboard.write.__assert_1 has failed
TEST FAILED: 53430000 Test FAILED for A=-32768 B=32767
Expected:           0  received:           0
xmsim: *E,ASRTST (../tb/tb_classes/scoreboard.svh,151): (time 53590 NS) Assertion mult_pkg::scoreboard.write.__assert_1 has failed
TEST FAILED: 53590000 Test FAILED for A=-31127 B=-27024
Expected:           0  received:           0
xmsim: *E,ASRTST (../tb/tb_classes/scoreboard.svh,151): (time 53750 NS) Assertion mult_pkg::scoreboard.write.__assert_1 has failed
TEST FAILED: 53750000 Test FAILED for A=29750 B=16537
Expected:           0  received:           0
xmsim: *E,ASRTST (../tb/tb_classes/scoreboard.svh,151): (time 53790 NS) Assertion mult_pkg::scoreboard.write.__assert_1 has failed
TEST FAILED: 53790000 Test FAILED for A=29409 B=412
Expected:           0  received:           0
xmsim: *E,ASRTST (../tb/tb_classes/scoreboard.svh,151): (time 53830 NS) Assertion mult_pkg::scoreboard.write.__assert_1 has failed
TEST FAILED: 53830000 Test FAILED for A=-25655 B=22526
Expected:           0  received:           0
xmsim: *E,ASRTST (../tb/tb_classes/scoreboard.svh,151): (time 53870 NS) Assertion mult_pkg::scoreboard.write.__assert_1 has failed
TEST FAILED: 53870000 Test FAILED for A=97 B=-6748
Expected:           0  received:           0
xmsim: *E,ASRTST (../tb/tb_classes/scoreboard.svh,151): (time 53910 NS) Assertion mult_pkg::scoreboard.write.__assert_1 has failed
TEST FAILED: 53910000 Test FAILED for A=-12822 B=-12735
Expected:           0  received:           0
xmsim: *E,ASRTST (../tb/tb_classes/scoreboard.svh,151): (time 53950 NS) Assertion mult_pkg::scoreboard.write.__assert_1 has failed
TEST FAILED: 53950000 Test FAILED for A=27455 B=-12550
Expected:           0  received:           0
xmsim: *E,ASRTST (../tb/tb_classes/scoreboard.svh,151): (time 53990 NS) Assertion mult_pkg::scoreboard.write.__assert_1 has failed
TEST FAILED: 53990000 Test FAILED for A=-24927 B=32767
Expected:           0  received:           0
xmsim: *E,ASRTST (../tb/tb_classes/scoreboard.svh,151): (time 54030 NS) Assertion mult_pkg::scoreboard.write.__assert_1 has failed
TEST FAILED: 54030000 Test FAILED for A=11523 B=-23752
Expected:           0  received:           0
xmsim: *E,ASRTST (../tb/tb_classes/scoreboard.svh,151): (time 54150 NS) Assertion mult_pkg::scoreboard.write.__assert_1 has failed
TEST FAILED: 54150000 Test FAILED for A=-19085 B=28107
Expected:  -536422095  received:  -536422095
xmsim: *E,ASRTST (../tb/tb_classes/scoreboard.svh,151): (time 54430 NS) Assertion mult_pkg::scoreboard.write.__assert_1 has failed
TEST FAILED: 54430000 Test FAILED for A=-32762 B=-3707
Expected:           0  received:           0
xmsim: *E,ASRTST (../tb/tb_classes/scoreboard.svh,151): (time 54470 NS) Assertion mult_pkg::scoreboard.write.__assert_1 has failed
TEST FAILED: 54470000 Test FAILED for A=7176 B=4918
Expected:           0  received:           0
xmsim: *E,ASRTST (../tb/tb_classes/scoreboard.svh,151): (time 54510 NS) Assertion mult_pkg::scoreboard.write.__assert_1 has failed
TEST FAILED: 54510000 Test FAILED for A=-8148 B=-9599
Expected:           0  received:           0
xmsim: *E,ASRTST (../tb/tb_classes/scoreboard.svh,151): (time 54590 NS) Assertion mult_pkg::scoreboard.write.__assert_1 has failed
TEST FAILED: 54590000 Test FAILED for A=1186 B=-44
Expected:      -52184  received:      -52184
xmsim: *E,ASRTST (../tb/tb_classes/scoreboard.svh,151): (time 54630 NS) Assertion mult_pkg::scoreboard.write.__assert_1 has failed
TEST FAILED: 54630000 Test FAILED for A=10494 B=-30079
Expected:           0  received:           0
xmsim: *E,ASRTST (../tb/tb_classes/scoreboard.svh,151): (time 54670 NS) Assertion mult_pkg::scoreboard.write.__assert_1 has failed
TEST FAILED: 54670000 Test FAILED for A=-467 B=27649
Expected:           0  received:           0
UVM_INFO /eda/cadence/2021-22/RHELx86/XCELIUM_21.03.009/tools/methodology/UVM/CDNS-1.2/sv/src/base/uvm_objection.svh(1271) @ 54690000: reporter [TEST_DONE] 'run' phase is ready to proceed to the 'extract' phase
[1;30m[101m-----------------------------------
----------- Test FAILED -----------
-----------------------------------[0m

UVM_INFO /eda/cadence/2021-22/RHELx86/XCELIUM_21.03.009/tools/methodology/UVM/CDNS-1.2/sv/src/base/uvm_report_catcher.svh(705) @ 54690000: reporter [UVM/REPORT/CATCHER] 
--- UVM Report catcher Summary ---


Number of demoted UVM_FATAL reports  :    0
Number of demoted UVM_ERROR reports  :    0
Number of demoted UVM_WARNING reports:    0
Number of caught UVM_FATAL reports   :    0
Number of caught UVM_ERROR reports   :    0
Number of caught UVM_WARNING reports :    0

UVM_INFO /eda/cadence/2021-22/RHELx86/XCELIUM_21.03.009/tools/methodology/UVM/CDNS-1.2/sv/src/base/uvm_report_server.svh(847) @ 54690000: reporter [UVM/REPORT/SERVER] 
--- UVM Report Summary ---

** Report counts by severity
UVM_INFO :    3
UVM_WARNING :    0
UVM_ERROR :    0
UVM_FATAL :    0
** Report counts by id
[RNTST]     1
[TEST_DONE]     1
[UVM/REPORT/CATCHER]     1

Simulation complete via $finish(1) at time 54690 NS + 63
/eda/cadence/2021-22/RHELx86/XCELIUM_21.03.009/tools/methodology/UVM/CDNS-1.2/sv/src/base/uvm_root.svh:543     $finish;
xcelium> exit
See ./cov_work/scope/random_test/icc.com file for message(s) on coverage constant object marking

coverage setup:
  workdir  :  ./cov_work
  dutinst  :  top(top)
  scope    :  scope
  testname :  random_test

coverage files:
  model(design data) :  ./cov_work/scope/icc_757cba64_24a54a11.ucm (reused)
  data               :  ./cov_work/scope/random_test/icc_757cba64_24a54a11.ucd
TOOL:	xrun	21.03-s009: Exiting on Nov 30, 2023 at 01:51:41 CET  (total: 00:00:01)
