TOOL:	xrun	21.03-s009: Started on Nov 30, 2023 at 01:51:39 CET
xrun
	-F ../tb/tb.f
		mult_pkg.sv
		mult_bfm.sv
		../../common/vdic_dut_2023.svp
		top.sv
		+incdir+tb_classes
		+incdir+.
		+nowarn+DSEMEL
		+nowarnBADPRF
		-uvm
		-uvmhome /eda/cadence/2021-22/RHELx86/XCELIUM_21.03.009/tools/methodology/UVM/CDNS-1.2/sv
		+UVM_NO_RELNOTES
		+UVM_VERBOSITY=MEDIUM
		-linedebug
		-fsmdebug
		-uvmlinedebug
	-v93
	+nowarnDSEM2009
	+nowarnDSEMEL
	+nowarnCGDEFN
	+nowarnCOVUTA
	+nowarnBADPRF
	+nowarnXCLGNOPTM
	+nowarnRNDXCELON
	+nowarnSAWSTP
	-xmlibdirname INCA_libs
	+overwrite
	-nocopyright
	-coverage all
	-covoverwrite
	-covfile xrun_covfile.txt
	-covtest add_test
	+UVM_TESTNAME=add_test
	-l xrun_test_add_test.log

   User defined plus("+") options:
	+UVM_NO_RELNOTES
	+UVM_VERBOSITY=MEDIUM

Loading snapshot worklib.top:sv .................... Done
SVSEED default: 1
xcelium> source /eda/cadence/2021-22/RHELx86/XCELIUM_21.03.009/tools/xcelium/files/xmsimrc
xcelium> source /eda/cadence/2021-22/RHELx86/XCELIUM_21.03.009/tools/methodology/UVM/CDNS-1.2/sv/files/tcl/uvm_sim.tcl
xcelium> run
UVM_INFO @ 0: reporter [RNTST] Running test add_test...
[1;30m[103m*** Created tpgen type: add_tpgen ***[0m

----------------------------------------------------------------
Name                     Type                        Size  Value
----------------------------------------------------------------
uvm_test_top             add_test                    -     @1937
  env_h                  env                         -     @2014
    command_f            uvm_tlm_fifo #(T)           -     @2047
      get_ap             uvm_analysis_port           -     @2281
      get_peek_export    uvm_get_peek_imp            -     @2181
      put_ap             uvm_analysis_port           -     @2231
      put_export         uvm_put_imp                 -     @2129
    command_monitor_h    command_monitor             -     @2511
      ap                 uvm_analysis_port           -     @2601
    coverage_h           coverage                    -     @2345
      analysis_imp       uvm_analysis_imp            -     @2395
    drive_h              driver                      -     @2314
      command_port       uvm_get_port                -     @2657
    result_monitor_h     result_monitor              -     @2542
      ap                 uvm_analysis_port           -     @2711
    scoreboard_h         scoreboard                  -     @2428
      analysis_imp       uvm_analysis_imp            -     @2478
      cmd_f              uvm_tlm_analysis_fifo #(T)  -     @2742
        analysis_export  uvm_analysis_imp            -     @2991
        get_ap           uvm_analysis_port           -     @2940
        get_peek_export  uvm_get_peek_imp            -     @2842
        put_ap           uvm_analysis_port           -     @2891
        put_export       uvm_put_imp                 -     @2793
    tpgen_h              add_tpgen                   -     @2048
      command_port       uvm_put_port                -     @3049
----------------------------------------------------------------
xmsim: *E,ASRTST (../tb/tb_classes/scoreboard.svh,151): (time 70 NS) Assertion mult_pkg::scoreboard.write.__assert_1 has failed
TEST FAILED: 70000 Test FAILED for A=32767 B=-32768
Expected:           0  received:           0
xmsim: *E,ASRTST (../tb/tb_classes/scoreboard.svh,151): (time 110 NS) Assertion mult_pkg::scoreboard.write.__assert_1 has failed
TEST FAILED: 110000 Test FAILED for A=-32768 B=-32768
Expected:           0  received:           0
xmsim: *E,ASRTST (../tb/tb_classes/scoreboard.svh,151): (time 150 NS) Assertion mult_pkg::scoreboard.write.__assert_1 has failed
TEST FAILED: 150000 Test FAILED for A=-32768 B=-32768
Expected:           0  received:           0
xmsim: *E,ASRTST (../tb/tb_classes/scoreboard.svh,151): (time 190 NS) Assertion mult_pkg::scoreboard.write.__assert_1 has failed
TEST FAILED: 190000 Test FAILED for A=-32768 B=32767
Expected:           0  received:           0
xmsim: *E,ASRTST (../tb/tb_classes/scoreboard.svh,151): (time 230 NS) Assertion mult_pkg::scoreboard.write.__assert_1 has failed
TEST FAILED: 230000 Test FAILED for A=-32768 B=32767
Expected:           0  received:           0
xmsim: *E,ASRTST (../tb/tb_classes/scoreboard.svh,151): (time 270 NS) Assertion mult_pkg::scoreboard.write.__assert_1 has failed
TEST FAILED: 270000 Test FAILED for A=32767 B=-32768
Expected:           0  received:           0
xmsim: *E,ASRTST (../tb/tb_classes/scoreboard.svh,151): (time 310 NS) Assertion mult_pkg::scoreboard.write.__assert_1 has failed
TEST FAILED: 310000 Test FAILED for A=32767 B=-32768
Expected:           0  received:           0
xmsim: *E,ASRTST (../tb/tb_classes/scoreboard.svh,151): (time 350 NS) Assertion mult_pkg::scoreboard.write.__assert_1 has failed
TEST FAILED: 350000 Test FAILED for A=-32768 B=-32768
Expected:           0  received:           0
xmsim: *E,ASRTST (../tb/tb_classes/scoreboard.svh,151): (time 390 NS) Assertion mult_pkg::scoreboard.write.__assert_1 has failed
TEST FAILED: 390000 Test FAILED for A=32767 B=32767
Expected:           0  received:           0
xmsim: *E,ASRTST (../tb/tb_classes/scoreboard.svh,151): (time 430 NS) Assertion mult_pkg::scoreboard.write.__assert_1 has failed
TEST FAILED: 430000 Test FAILED for A=32767 B=-32768
Expected:           0  received:           0
xmsim: *E,ASRTST (../tb/tb_classes/scoreboard.svh,151): (time 470 NS) Assertion mult_pkg::scoreboard.write.__assert_1 has failed
TEST FAILED: 470000 Test FAILED for A=-32768 B=-32768
Expected:           0  received:           0
xmsim: *E,ASRTST (../tb/tb_classes/scoreboard.svh,151): (time 510 NS) Assertion mult_pkg::scoreboard.write.__assert_1 has failed
TEST FAILED: 510000 Test FAILED for A=-32768 B=-32768
Expected:           0  received:           0
xmsim: *E,ASRTST (../tb/tb_classes/scoreboard.svh,151): (time 550 NS) Assertion mult_pkg::scoreboard.write.__assert_1 has failed
TEST FAILED: 550000 Test FAILED for A=32767 B=32767
Expected:           0  received:           0
xmsim: *E,ASRTST (../tb/tb_classes/scoreboard.svh,151): (time 650 NS) Assertion mult_pkg::scoreboard.write.__assert_1 has failed
TEST FAILED: 650000 Test FAILED for A=-32768 B=32767
Expected: -1073709056  received: -1073709056
xmsim: *E,ASRTST (../tb/tb_classes/scoreboard.svh,151): (time 690 NS) Assertion mult_pkg::scoreboard.write.__assert_1 has failed
TEST FAILED: 690000 Test FAILED for A=-32768 B=32767
Expected:           0  received:           0
xmsim: *E,ASRTST (../tb/tb_classes/scoreboard.svh,151): (time 730 NS) Assertion mult_pkg::scoreboard.write.__assert_1 has failed
TEST FAILED: 730000 Test FAILED for A=32767 B=32767
Expected:           0  received:           0
xmsim: *E,ASRTST (../tb/tb_classes/scoreboard.svh,151): (time 770 NS) Assertion mult_pkg::scoreboard.write.__assert_1 has failed
TEST FAILED: 770000 Test FAILED for A=-32768 B=-32768
Expected:           0  received:           0
xmsim: *E,ASRTST (../tb/tb_classes/scoreboard.svh,151): (time 810 NS) Assertion mult_pkg::scoreboard.write.__assert_1 has failed
TEST FAILED: 810000 Test FAILED for A=32767 B=-32768
Expected:           0  received:           0
xmsim: *E,ASRTST (../tb/tb_classes/scoreboard.svh,151): (time 850 NS) Assertion mult_pkg::scoreboard.write.__assert_1 has failed
TEST FAILED: 850000 Test FAILED for A=32767 B=32767
Expected:           0  received:           0
xmsim: *E,ASRTST (../tb/tb_classes/scoreboard.svh,151): (time 890 NS) Assertion mult_pkg::scoreboard.write.__assert_1 has failed
TEST FAILED: 890000 Test FAILED for A=32767 B=-32768
Expected:           0  received:           0
xmsim: *E,ASRTST (../tb/tb_classes/scoreboard.svh,151): (time 930 NS) Assertion mult_pkg::scoreboard.write.__assert_1 has failed
TEST FAILED: 930000 Test FAILED for A=-32768 B=-32768
Expected:           0  received:           0
xmsim: *E,ASRTST (../tb/tb_classes/scoreboard.svh,151): (time 970 NS) Assertion mult_pkg::scoreboard.write.__assert_1 has failed
TEST FAILED: 970000 Test FAILED for A=-32768 B=-32768
Expected:           0  received:           0
xmsim: *E,ASRTST (../tb/tb_classes/scoreboard.svh,151): (time 1010 NS) Assertion mult_pkg::scoreboard.write.__assert_1 has failed
TEST FAILED: 1010000 Test FAILED for A=32767 B=32767
Expected:           0  received:           0
xmsim: *E,ASRTST (../tb/tb_classes/scoreboard.svh,151): (time 1050 NS) Assertion mult_pkg::scoreboard.write.__assert_1 has failed
TEST FAILED: 1050000 Test FAILED for A=32767 B=32767
Expected:           0  received:           0
xmsim: *E,ASRTST (../tb/tb_classes/scoreboard.svh,151): (time 1090 NS) Assertion mult_pkg::scoreboard.write.__assert_1 has failed
TEST FAILED: 1090000 Test FAILED for A=-32768 B=-32768
Expected:           0  received:           0
xmsim: *E,ASRTST (../tb/tb_classes/scoreboard.svh,151): (time 1130 NS) Assertion mult_pkg::scoreboard.write.__assert_1 has failed
TEST FAILED: 1130000 Test FAILED for A=-32768 B=-32768
Expected:           0  received:           0
xmsim: *E,ASRTST (../tb/tb_classes/scoreboard.svh,151): (time 1170 NS) Assertion mult_pkg::scoreboard.write.__assert_1 has failed
TEST FAILED: 1170000 Test FAILED for A=32767 B=32767
Expected:           0  received:           0
xmsim: *E,ASRTST (../tb/tb_classes/scoreboard.svh,151): (time 1210 NS) Assertion mult_pkg::scoreboard.write.__assert_1 has failed
TEST FAILED: 1210000 Test FAILED for A=32767 B=32767
Expected:           0  received:           0
xmsim: *E,ASRTST (../tb/tb_classes/scoreboard.svh,151): (time 1250 NS) Assertion mult_pkg::scoreboard.write.__assert_1 has failed
TEST FAILED: 1250000 Test FAILED for A=-32768 B=-32768
Expected:           0  received:           0
xmsim: *E,ASRTST (../tb/tb_classes/scoreboard.svh,151): (time 1290 NS) Assertion mult_pkg::scoreboard.write.__assert_1 has failed
TEST FAILED: 1290000 Test FAILED for A=-32768 B=-32768
Expected:           0  received:           0
xmsim: *E,ASRTST (../tb/tb_classes/scoreboard.svh,151): (time 1330 NS) Assertion mult_pkg::scoreboard.write.__assert_1 has failed
TEST FAILED: 1330000 Test FAILED for A=-32768 B=-32768
Expected:           0  received:           0
xmsim: *E,ASRTST (../tb/tb_classes/scoreboard.svh,151): (time 1370 NS) Assertion mult_pkg::scoreboard.write.__assert_1 has failed
TEST FAILED: 1370000 Test FAILED for A=-32768 B=-32768
Expected:           0  received:           0
xmsim: *E,ASRTST (../tb/tb_classes/scoreboard.svh,151): (time 1410 NS) Assertion mult_pkg::scoreboard.write.__assert_1 has failed
TEST FAILED: 1410000 Test FAILED for A=32767 B=32767
Expected:           0  received:           0
xmsim: *E,ASRTST (../tb/tb_classes/scoreboard.svh,151): (time 1450 NS) Assertion mult_pkg::scoreboard.write.__assert_1 has failed
TEST FAILED: 1450000 Test FAILED for A=32767 B=32767
Expected:           0  received:           0
xmsim: *E,ASRTST (../tb/tb_classes/scoreboard.svh,151): (time 1490 NS) Assertion mult_pkg::scoreboard.write.__assert_1 has failed
TEST FAILED: 1490000 Test FAILED for A=32767 B=32767
Expected:           0  received:           0
xmsim: *E,ASRTST (../tb/tb_classes/scoreboard.svh,151): (time 1530 NS) Assertion mult_pkg::scoreboard.write.__assert_1 has failed
TEST FAILED: 1530000 Test FAILED for A=32767 B=32767
Expected:           0  received:           0
xmsim: *E,ASRTST (../tb/tb_classes/scoreboard.svh,151): (time 1570 NS) Assertion mult_pkg::scoreboard.write.__assert_1 has failed
TEST FAILED: 1570000 Test FAILED for A=32767 B=-32768
Expected:           0  received:           0
xmsim: *E,ASRTST (../tb/tb_classes/scoreboard.svh,151): (time 1610 NS) Assertion mult_pkg::scoreboard.write.__assert_1 has failed
TEST FAILED: 1610000 Test FAILED for A=-32768 B=-32768
Expected:           0  received:           0
xmsim: *E,ASRTST (../tb/tb_classes/scoreboard.svh,151): (time 1650 NS) Assertion mult_pkg::scoreboard.write.__assert_1 has failed
TEST FAILED: 1650000 Test FAILED for A=32767 B=32767
Expected:           0  received:           0
xmsim: *E,ASRTST (../tb/tb_classes/scoreboard.svh,151): (time 1690 NS) Assertion mult_pkg::scoreboard.write.__assert_1 has failed
TEST FAILED: 1690000 Test FAILED for A=32767 B=32767
Expected:           0  received:           0
xmsim: *E,ASRTST (../tb/tb_classes/scoreboard.svh,151): (time 1810 NS) Assertion mult_pkg::scoreboard.write.__assert_1 has failed
TEST FAILED: 1810000 Test FAILED for A=32767 B=32767
Expected:  1073676289  received:  1073676289
xmsim: *E,ASRTST (../tb/tb_classes/scoreboard.svh,151): (time 1910 NS) Assertion mult_pkg::scoreboard.write.__assert_1 has failed
TEST FAILED: 1910000 Test FAILED for A=-32768 B=32767
Expected: -1073709056  received: -1073709056
xmsim: *E,ASRTST (../tb/tb_classes/scoreboard.svh,151): (time 1950 NS) Assertion mult_pkg::scoreboard.write.__assert_1 has failed
TEST FAILED: 1950000 Test FAILED for A=-32768 B=-32768
Expected:           0  received:           0
xmsim: *E,ASRTST (../tb/tb_classes/scoreboard.svh,151): (time 1990 NS) Assertion mult_pkg::scoreboard.write.__assert_1 has failed
TEST FAILED: 1990000 Test FAILED for A=32767 B=-32768
Expected:           0  received:           0
xmsim: *E,ASRTST (../tb/tb_classes/scoreboard.svh,151): (time 2030 NS) Assertion mult_pkg::scoreboard.write.__assert_1 has failed
TEST FAILED: 2030000 Test FAILED for A=-32768 B=32767
Expected:           0  received:           0
xmsim: *E,ASRTST (../tb/tb_classes/scoreboard.svh,151): (time 2070 NS) Assertion mult_pkg::scoreboard.write.__assert_1 has failed
TEST FAILED: 2070000 Test FAILED for A=-32768 B=32767
Expected:           0  received:           0
xmsim: *E,ASRTST (../tb/tb_classes/scoreboard.svh,151): (time 2110 NS) Assertion mult_pkg::scoreboard.write.__assert_1 has failed
TEST FAILED: 2110000 Test FAILED for A=32767 B=32767
Expected:           0  received:           0
xmsim: *E,ASRTST (../tb/tb_classes/scoreboard.svh,151): (time 2150 NS) Assertion mult_pkg::scoreboard.write.__assert_1 has failed
TEST FAILED: 2150000 Test FAILED for A=-32768 B=32767
Expected:           0  received:           0
xmsim: *E,ASRTST (../tb/tb_classes/scoreboard.svh,151): (time 2190 NS) Assertion mult_pkg::scoreboard.write.__assert_1 has failed
TEST FAILED: 2190000 Test FAILED for A=32767 B=-32768
Expected:           0  received:           0
xmsim: *E,ASRTST (../tb/tb_classes/scoreboard.svh,151): (time 2230 NS) Assertion mult_pkg::scoreboard.write.__assert_1 has failed
TEST FAILED: 2230000 Test FAILED for A=32767 B=-32768
Expected:           0  received:           0
xmsim: *E,ASRTST (../tb/tb_classes/scoreboard.svh,151): (time 2270 NS) Assertion mult_pkg::scoreboard.write.__assert_1 has failed
TEST FAILED: 2270000 Test FAILED for A=32767 B=32767
Expected:           0  received:           0
xmsim: *E,ASRTST (../tb/tb_classes/scoreboard.svh,151): (time 2310 NS) Assertion mult_pkg::scoreboard.write.__assert_1 has failed
TEST FAILED: 2310000 Test FAILED for A=-32768 B=-32768
Expected:           0  received:           0
xmsim: *E,ASRTST (../tb/tb_classes/scoreboard.svh,151): (time 2350 NS) Assertion mult_pkg::scoreboard.write.__assert_1 has failed
TEST FAILED: 2350000 Test FAILED for A=-32768 B=-32768
Expected:           0  received:           0
xmsim: *E,ASRTST (../tb/tb_classes/scoreboard.svh,151): (time 2390 NS) Assertion mult_pkg::scoreboard.write.__assert_1 has failed
TEST FAILED: 2390000 Test FAILED for A=32767 B=32767
Expected:           0  received:           0
xmsim: *E,ASRTST (../tb/tb_classes/scoreboard.svh,151): (time 2430 NS) Assertion mult_pkg::scoreboard.write.__assert_1 has failed
TEST FAILED: 2430000 Test FAILED for A=32767 B=32767
Expected:           0  received:           0
xmsim: *E,ASRTST (../tb/tb_classes/scoreboard.svh,151): (time 2470 NS) Assertion mult_pkg::scoreboard.write.__assert_1 has failed
TEST FAILED: 2470000 Test FAILED for A=32767 B=-32768
Expected:           0  received:           0
xmsim: *E,ASRTST (../tb/tb_classes/scoreboard.svh,151): (time 2510 NS) Assertion mult_pkg::scoreboard.write.__assert_1 has failed
TEST FAILED: 2510000 Test FAILED for A=-32768 B=32767
Expected:           0  received:           0
xmsim: *E,ASRTST (../tb/tb_classes/scoreboard.svh,151): (time 2550 NS) Assertion mult_pkg::scoreboard.write.__assert_1 has failed
TEST FAILED: 2550000 Test FAILED for A=-32768 B=-32768
Expected:           0  received:           0
xmsim: *E,ASRTST (../tb/tb_classes/scoreboard.svh,151): (time 2590 NS) Assertion mult_pkg::scoreboard.write.__assert_1 has failed
TEST FAILED: 2590000 Test FAILED for A=32767 B=-32768
Expected:           0  received:           0
xmsim: *E,ASRTST (../tb/tb_classes/scoreboard.svh,151): (time 2630 NS) Assertion mult_pkg::scoreboard.write.__assert_1 has failed
TEST FAILED: 2630000 Test FAILED for A=-32768 B=32767
Expected:           0  received:           0
xmsim: *E,ASRTST (../tb/tb_classes/scoreboard.svh,151): (time 2670 NS) Assertion mult_pkg::scoreboard.write.__assert_1 has failed
TEST FAILED: 2670000 Test FAILED for A=32767 B=-32768
Expected:           0  received:           0
xmsim: *E,ASRTST (../tb/tb_classes/scoreboard.svh,151): (time 2710 NS) Assertion mult_pkg::scoreboard.write.__assert_1 has failed
TEST FAILED: 2710000 Test FAILED for A=32767 B=-32768
Expected:           0  received:           0
xmsim: *E,ASRTST (../tb/tb_classes/scoreboard.svh,151): (time 2750 NS) Assertion mult_pkg::scoreboard.write.__assert_1 has failed
TEST FAILED: 2750000 Test FAILED for A=-32768 B=-32768
Expected:           0  received:           0
xmsim: *E,ASRTST (../tb/tb_classes/scoreboard.svh,151): (time 2790 NS) Assertion mult_pkg::scoreboard.write.__assert_1 has failed
TEST FAILED: 2790000 Test FAILED for A=32767 B=-32768
Expected:           0  received:           0
xmsim: *E,ASRTST (../tb/tb_classes/scoreboard.svh,151): (time 2830 NS) Assertion mult_pkg::scoreboard.write.__assert_1 has failed
TEST FAILED: 2830000 Test FAILED for A=32767 B=32767
Expected:           0  received:           0
xmsim: *E,ASRTST (../tb/tb_classes/scoreboard.svh,151): (time 2870 NS) Assertion mult_pkg::scoreboard.write.__assert_1 has failed
TEST FAILED: 2870000 Test FAILED for A=32767 B=-32768
Expected:           0  received:           0
xmsim: *E,ASRTST (../tb/tb_classes/scoreboard.svh,151): (time 2910 NS) Assertion mult_pkg::scoreboard.write.__assert_1 has failed
TEST FAILED: 2910000 Test FAILED for A=32767 B=-32768
Expected:           0  received:           0
xmsim: *E,ASRTST (../tb/tb_classes/scoreboard.svh,151): (time 2950 NS) Assertion mult_pkg::scoreboard.write.__assert_1 has failed
TEST FAILED: 2950000 Test FAILED for A=-32768 B=32767
Expected:           0  received:           0
xmsim: *E,ASRTST (../tb/tb_classes/scoreboard.svh,151): (time 2990 NS) Assertion mult_pkg::scoreboard.write.__assert_1 has failed
TEST FAILED: 2990000 Test FAILED for A=32767 B=-32768
Expected:           0  received:           0
xmsim: *E,ASRTST (../tb/tb_classes/scoreboard.svh,151): (time 3030 NS) Assertion mult_pkg::scoreboard.write.__assert_1 has failed
TEST FAILED: 3030000 Test FAILED for A=32767 B=32767
Expected:           0  received:           0
xmsim: *E,ASRTST (../tb/tb_classes/scoreboard.svh,151): (time 3070 NS) Assertion mult_pkg::scoreboard.write.__assert_1 has failed
TEST FAILED: 3070000 Test FAILED for A=32767 B=32767
Expected:           0  received:           0
xmsim: *E,ASRTST (../tb/tb_classes/scoreboard.svh,151): (time 3110 NS) Assertion mult_pkg::scoreboard.write.__assert_1 has failed
TEST FAILED: 3110000 Test FAILED for A=-32768 B=-32768
Expected:           0  received:           0
xmsim: *E,ASRTST (../tb/tb_classes/scoreboard.svh,151): (time 3150 NS) Assertion mult_pkg::scoreboard.write.__assert_1 has failed
TEST FAILED: 3150000 Test FAILED for A=-32768 B=-32768
Expected:           0  received:           0
xmsim: *E,ASRTST (../tb/tb_classes/scoreboard.svh,151): (time 3190 NS) Assertion mult_pkg::scoreboard.write.__assert_1 has failed
TEST FAILED: 3190000 Test FAILED for A=32767 B=32767
Expected:           0  received:           0
xmsim: *E,ASRTST (../tb/tb_classes/scoreboard.svh,151): (time 3230 NS) Assertion mult_pkg::scoreboard.write.__assert_1 has failed
TEST FAILED: 3230000 Test FAILED for A=32767 B=-32768
Expected:           0  received:           0
xmsim: *E,ASRTST (../tb/tb_classes/scoreboard.svh,151): (time 3270 NS) Assertion mult_pkg::scoreboard.write.__assert_1 has failed
TEST FAILED: 3270000 Test FAILED for A=-32768 B=-32768
Expected:           0  received:           0
xmsim: *E,ASRTST (../tb/tb_classes/scoreboard.svh,151): (time 3310 NS) Assertion mult_pkg::scoreboard.write.__assert_1 has failed
TEST FAILED: 3310000 Test FAILED for A=32767 B=-32768
Expected:           0  received:           0
xmsim: *E,ASRTST (../tb/tb_classes/scoreboard.svh,151): (time 3350 NS) Assertion mult_pkg::scoreboard.write.__assert_1 has failed
TEST FAILED: 3350000 Test FAILED for A=-32768 B=-32768
Expected:           0  received:           0
xmsim: *E,ASRTST (../tb/tb_classes/scoreboard.svh,151): (time 3390 NS) Assertion mult_pkg::scoreboard.write.__assert_1 has failed
TEST FAILED: 3390000 Test FAILED for A=-32768 B=32767
Expected:           0  received:           0
xmsim: *E,ASRTST (../tb/tb_classes/scoreboard.svh,151): (time 3430 NS) Assertion mult_pkg::scoreboard.write.__assert_1 has failed
TEST FAILED: 3430000 Test FAILED for A=-32768 B=32767
Expected:           0  received:           0
xmsim: *E,ASRTST (../tb/tb_classes/scoreboard.svh,151): (time 3470 NS) Assertion mult_pkg::scoreboard.write.__assert_1 has failed
TEST FAILED: 3470000 Test FAILED for A=32767 B=-32768
Expected:           0  received:           0
xmsim: *E,ASRTST (../tb/tb_classes/scoreboard.svh,151): (time 3590 NS) Assertion mult_pkg::scoreboard.write.__assert_1 has failed
TEST FAILED: 3590000 Test FAILED for A=32767 B=32767
Expected:  1073676289  received:  1073676289
xmsim: *E,ASRTST (../tb/tb_classes/scoreboard.svh,151): (time 3630 NS) Assertion mult_pkg::scoreboard.write.__assert_1 has failed
TEST FAILED: 3630000 Test FAILED for A=-32768 B=32767
Expected:           0  received:           0
xmsim: *E,ASRTST (../tb/tb_classes/scoreboard.svh,151): (time 3670 NS) Assertion mult_pkg::scoreboard.write.__assert_1 has failed
TEST FAILED: 3670000 Test FAILED for A=32767 B=32767
Expected:           0  received:           0
xmsim: *E,ASRTST (../tb/tb_classes/scoreboard.svh,151): (time 3710 NS) Assertion mult_pkg::scoreboard.write.__assert_1 has failed
TEST FAILED: 3710000 Test FAILED for A=-32768 B=-32768
Expected:           0  received:           0
xmsim: *E,ASRTST (../tb/tb_classes/scoreboard.svh,151): (time 3750 NS) Assertion mult_pkg::scoreboard.write.__assert_1 has failed
TEST FAILED: 3750000 Test FAILED for A=-32768 B=32767
Expected:           0  received:           0
xmsim: *E,ASRTST (../tb/tb_classes/scoreboard.svh,151): (time 3790 NS) Assertion mult_pkg::scoreboard.write.__assert_1 has failed
TEST FAILED: 3790000 Test FAILED for A=-32768 B=32767
Expected:           0  received:           0
xmsim: *E,ASRTST (../tb/tb_classes/scoreboard.svh,151): (time 3830 NS) Assertion mult_pkg::scoreboard.write.__assert_1 has failed
TEST FAILED: 3830000 Test FAILED for A=32767 B=-32768
Expected:           0  received:           0
xmsim: *E,ASRTST (../tb/tb_classes/scoreboard.svh,151): (time 3870 NS) Assertion mult_pkg::scoreboard.write.__assert_1 has failed
TEST FAILED: 3870000 Test FAILED for A=-32768 B=32767
Expected:           0  received:           0
xmsim: *E,ASRTST (../tb/tb_classes/scoreboard.svh,151): (time 3910 NS) Assertion mult_pkg::scoreboard.write.__assert_1 has failed
TEST FAILED: 3910000 Test FAILED for A=32767 B=32767
Expected:           0  received:           0
xmsim: *E,ASRTST (../tb/tb_classes/scoreboard.svh,151): (time 3950 NS) Assertion mult_pkg::scoreboard.write.__assert_1 has failed
TEST FAILED: 3950000 Test FAILED for A=-32768 B=-32768
Expected:           0  received:           0
xmsim: *E,ASRTST (../tb/tb_classes/scoreboard.svh,151): (time 3990 NS) Assertion mult_pkg::scoreboard.write.__assert_1 has failed
TEST FAILED: 3990000 Test FAILED for A=32767 B=-32768
Expected:           0  received:           0
xmsim: *E,ASRTST (../tb/tb_classes/scoreboard.svh,151): (time 4030 NS) Assertion mult_pkg::scoreboard.write.__assert_1 has failed
TEST FAILED: 4030000 Test FAILED for A=-32768 B=-32768
Expected:           0  received:           0
xmsim: *E,ASRTST (../tb/tb_classes/scoreboard.svh,151): (time 4130 NS) Assertion mult_pkg::scoreboard.write.__assert_1 has failed
TEST FAILED: 4130000 Test FAILED for A=32767 B=-32768
Expected: -1073709056  received: -1073709056
xmsim: *E,ASRTST (../tb/tb_classes/scoreboard.svh,151): (time 4170 NS) Assertion mult_pkg::scoreboard.write.__assert_1 has failed
TEST FAILED: 4170000 Test FAILED for A=32767 B=32767
Expected:           0  received:           0
xmsim: *E,ASRTST (../tb/tb_classes/scoreboard.svh,151): (time 4210 NS) Assertion mult_pkg::scoreboard.write.__assert_1 has failed
TEST FAILED: 4210000 Test FAILED for A=32767 B=32767
Expected:           0  received:           0
xmsim: *E,ASRTST (../tb/tb_classes/scoreboard.svh,151): (time 4250 NS) Assertion mult_pkg::scoreboard.write.__assert_1 has failed
TEST FAILED: 4250000 Test FAILED for A=-32768 B=32767
Expected:           0  received:           0
xmsim: *E,ASRTST (../tb/tb_classes/scoreboard.svh,151): (time 4290 NS) Assertion mult_pkg::scoreboard.write.__assert_1 has failed
TEST FAILED: 4290000 Test FAILED for A=32767 B=32767
Expected:           0  received:           0
xmsim: *E,ASRTST (../tb/tb_classes/scoreboard.svh,151): (time 4330 NS) Assertion mult_pkg::scoreboard.write.__assert_1 has failed
TEST FAILED: 4330000 Test FAILED for A=32767 B=-32768
Expected:           0  received:           0
xmsim: *E,ASRTST (../tb/tb_classes/scoreboard.svh,151): (time 4370 NS) Assertion mult_pkg::scoreboard.write.__assert_1 has failed
TEST FAILED: 4370000 Test FAILED for A=-32768 B=32767
Expected:           0  received:           0
xmsim: *E,ASRTST (../tb/tb_classes/scoreboard.svh,151): (time 4410 NS) Assertion mult_pkg::scoreboard.write.__assert_1 has failed
TEST FAILED: 4410000 Test FAILED for A=32767 B=-32768
Expected:           0  received:           0
xmsim: *E,ASRTST (../tb/tb_classes/scoreboard.svh,151): (time 4450 NS) Assertion mult_pkg::scoreboard.write.__assert_1 has failed
TEST FAILED: 4450000 Test FAILED for A=32767 B=32767
Expected:           0  received:           0
xmsim: *E,ASRTST (../tb/tb_classes/scoreboard.svh,151): (time 4490 NS) Assertion mult_pkg::scoreboard.write.__assert_1 has failed
TEST FAILED: 4490000 Test FAILED for A=-32768 B=32767
Expected:           0  received:           0
xmsim: *E,ASRTST (../tb/tb_classes/scoreboard.svh,151): (time 4530 NS) Assertion mult_pkg::scoreboard.write.__assert_1 has failed
TEST FAILED: 4530000 Test FAILED for A=-32768 B=-32768
Expected:           0  received:           0
xmsim: *E,ASRTST (../tb/tb_classes/scoreboard.svh,151): (time 4570 NS) Assertion mult_pkg::scoreboard.write.__assert_1 has failed
TEST FAILED: 4570000 Test FAILED for A=32767 B=-32768
Expected:           0  received:           0
xmsim: *E,ASRTST (../tb/tb_classes/scoreboard.svh,151): (time 4610 NS) Assertion mult_pkg::scoreboard.write.__assert_1 has failed
TEST FAILED: 4610000 Test FAILED for A=32767 B=-32768
Expected:           0  received:           0
xmsim: *E,ASRTST (../tb/tb_classes/scoreboard.svh,151): (time 4650 NS) Assertion mult_pkg::scoreboard.write.__assert_1 has failed
TEST FAILED: 4650000 Test FAILED for A=32767 B=-32768
Expected:           0  received:           0
xmsim: *E,ASRTST (../tb/tb_classes/scoreboard.svh,151): (time 4690 NS) Assertion mult_pkg::scoreboard.write.__assert_1 has failed
TEST FAILED: 4690000 Test FAILED for A=32767 B=-32768
Expected:           0  received:           0
xmsim: *E,ASRTST (../tb/tb_classes/scoreboard.svh,151): (time 4730 NS) Assertion mult_pkg::scoreboard.write.__assert_1 has failed
TEST FAILED: 4730000 Test FAILED for A=32767 B=-32768
Expected:           0  received:           0
xmsim: *E,ASRTST (../tb/tb_classes/scoreboard.svh,151): (time 4770 NS) Assertion mult_pkg::scoreboard.write.__assert_1 has failed
TEST FAILED: 4770000 Test FAILED for A=-32768 B=-32768
Expected:           0  received:           0
xmsim: *E,ASRTST (../tb/tb_classes/scoreboard.svh,151): (time 4810 NS) Assertion mult_pkg::scoreboard.write.__assert_1 has failed
TEST FAILED: 4810000 Test FAILED for A=-32768 B=32767
Expected:           0  received:           0
xmsim: *E,ASRTST (../tb/tb_classes/scoreboard.svh,151): (time 4850 NS) Assertion mult_pkg::scoreboard.write.__assert_1 has failed
TEST FAILED: 4850000 Test FAILED for A=-32768 B=32767
Expected:           0  received:           0
xmsim: *E,ASRTST (../tb/tb_classes/scoreboard.svh,151): (time 4890 NS) Assertion mult_pkg::scoreboard.write.__assert_1 has failed
TEST FAILED: 4890000 Test FAILED for A=-32768 B=-32768
Expected:           0  received:           0
xmsim: *E,ASRTST (../tb/tb_classes/scoreboard.svh,151): (time 4970 NS) Assertion mult_pkg::scoreboard.write.__assert_1 has failed
TEST FAILED: 4970000 Test FAILED for A=-32768 B=-32768
Expected:  1073741824  received:  1073741824
xmsim: *E,ASRTST (../tb/tb_classes/scoreboard.svh,151): (time 5010 NS) Assertion mult_pkg::scoreboard.write.__assert_1 has failed
TEST FAILED: 5010000 Test FAILED for A=-32768 B=-32768
Expected:           0  received:           0
xmsim: *E,ASRTST (../tb/tb_classes/scoreboard.svh,151): (time 5110 NS) Assertion mult_pkg::scoreboard.write.__assert_1 has failed
TEST FAILED: 5110000 Test FAILED for A=-32768 B=32767
Expected: -1073709056  received: -1073709056
xmsim: *E,ASRTST (../tb/tb_classes/scoreboard.svh,151): (time 5150 NS) Assertion mult_pkg::scoreboard.write.__assert_1 has failed
TEST FAILED: 5150000 Test FAILED for A=32767 B=32767
Expected:           0  received:           0
xmsim: *E,ASRTST (../tb/tb_classes/scoreboard.svh,151): (time 5190 NS) Assertion mult_pkg::scoreboard.write.__assert_1 has failed
TEST FAILED: 5190000 Test FAILED for A=32767 B=-32768
Expected:           0  received:           0
xmsim: *E,ASRTST (../tb/tb_classes/scoreboard.svh,151): (time 5230 NS) Assertion mult_pkg::scoreboard.write.__assert_1 has failed
TEST FAILED: 5230000 Test FAILED for A=-32768 B=-32768
Expected:           0  received:           0
xmsim: *E,ASRTST (../tb/tb_classes/scoreboard.svh,151): (time 5330 NS) Assertion mult_pkg::scoreboard.write.__assert_1 has failed
TEST FAILED: 5330000 Test FAILED for A=32767 B=-32768
Expected: -1073709056  received: -1073709056
xmsim: *E,ASRTST (../tb/tb_classes/scoreboard.svh,151): (time 5370 NS) Assertion mult_pkg::scoreboard.write.__assert_1 has failed
TEST FAILED: 5370000 Test FAILED for A=32767 B=-32768
Expected:           0  received:           0
xmsim: *E,ASRTST (../tb/tb_classes/scoreboard.svh,151): (time 5410 NS) Assertion mult_pkg::scoreboard.write.__assert_1 has failed
TEST FAILED: 5410000 Test FAILED for A=32767 B=-32768
Expected:           0  received:           0
xmsim: *E,ASRTST (../tb/tb_classes/scoreboard.svh,151): (time 5450 NS) Assertion mult_pkg::scoreboard.write.__assert_1 has failed
TEST FAILED: 5450000 Test FAILED for A=32767 B=32767
Expected:           0  received:           0
xmsim: *E,ASRTST (../tb/tb_classes/scoreboard.svh,151): (time 5490 NS) Assertion mult_pkg::scoreboard.write.__assert_1 has failed
TEST FAILED: 5490000 Test FAILED for A=32767 B=-32768
Expected:           0  received:           0
xmsim: *E,ASRTST (../tb/tb_classes/scoreboard.svh,151): (time 5530 NS) Assertion mult_pkg::scoreboard.write.__assert_1 has failed
TEST FAILED: 5530000 Test FAILED for A=32767 B=-32768
Expected:           0  received:           0
xmsim: *E,ASRTST (../tb/tb_classes/scoreboard.svh,151): (time 5570 NS) Assertion mult_pkg::scoreboard.write.__assert_1 has failed
TEST FAILED: 5570000 Test FAILED for A=32767 B=32767
Expected:           0  received:           0
xmsim: *E,ASRTST (../tb/tb_classes/scoreboard.svh,151): (time 5610 NS) Assertion mult_pkg::scoreboard.write.__assert_1 has failed
TEST FAILED: 5610000 Test FAILED for A=-32768 B=32767
Expected:           0  received:           0
xmsim: *E,ASRTST (../tb/tb_classes/scoreboard.svh,151): (time 5650 NS) Assertion mult_pkg::scoreboard.write.__assert_1 has failed
TEST FAILED: 5650000 Test FAILED for A=-32768 B=-32768
Expected:           0  received:           0
xmsim: *E,ASRTST (../tb/tb_classes/scoreboard.svh,151): (time 5690 NS) Assertion mult_pkg::scoreboard.write.__assert_1 has failed
TEST FAILED: 5690000 Test FAILED for A=32767 B=-32768
Expected:           0  received:           0
xmsim: *E,ASRTST (../tb/tb_classes/scoreboard.svh,151): (time 5730 NS) Assertion mult_pkg::scoreboard.write.__assert_1 has failed
TEST FAILED: 5730000 Test FAILED for A=-32768 B=-32768
Expected:           0  received:           0
xmsim: *E,ASRTST (../tb/tb_classes/scoreboard.svh,151): (time 5770 NS) Assertion mult_pkg::scoreboard.write.__assert_1 has failed
TEST FAILED: 5770000 Test FAILED for A=32767 B=-32768
Expected:           0  received:           0
xmsim: *E,ASRTST (../tb/tb_classes/scoreboard.svh,151): (time 5810 NS) Assertion mult_pkg::scoreboard.write.__assert_1 has failed
TEST FAILED: 5810000 Test FAILED for A=32767 B=-32768
Expected:           0  received:           0
xmsim: *E,ASRTST (../tb/tb_classes/scoreboard.svh,151): (time 5850 NS) Assertion mult_pkg::scoreboard.write.__assert_1 has failed
TEST FAILED: 5850000 Test FAILED for A=-32768 B=-32768
Expected:           0  received:           0
xmsim: *E,ASRTST (../tb/tb_classes/scoreboard.svh,151): (time 5930 NS) Assertion mult_pkg::scoreboard.write.__assert_1 has failed
TEST FAILED: 5930000 Test FAILED for A=-32768 B=-32768
Expected:  1073741824  received:  1073741824
xmsim: *E,ASRTST (../tb/tb_classes/scoreboard.svh,151): (time 5970 NS) Assertion mult_pkg::scoreboard.write.__assert_1 has failed
TEST FAILED: 5970000 Test FAILED for A=32767 B=-32768
Expected:           0  received:           0
xmsim: *E,ASRTST (../tb/tb_classes/scoreboard.svh,151): (time 6010 NS) Assertion mult_pkg::scoreboard.write.__assert_1 has failed
TEST FAILED: 6010000 Test FAILED for A=32767 B=-32768
Expected:           0  received:           0
xmsim: *E,ASRTST (../tb/tb_classes/scoreboard.svh,151): (time 6050 NS) Assertion mult_pkg::scoreboard.write.__assert_1 has failed
TEST FAILED: 6050000 Test FAILED for A=32767 B=32767
Expected:           0  received:           0
xmsim: *E,ASRTST (../tb/tb_classes/scoreboard.svh,151): (time 6090 NS) Assertion mult_pkg::scoreboard.write.__assert_1 has failed
TEST FAILED: 6090000 Test FAILED for A=32767 B=-32768
Expected:           0  received:           0
xmsim: *E,ASRTST (../tb/tb_classes/scoreboard.svh,151): (time 6130 NS) Assertion mult_pkg::scoreboard.write.__assert_1 has failed
TEST FAILED: 6130000 Test FAILED for A=32767 B=32767
Expected:           0  received:           0
xmsim: *E,ASRTST (../tb/tb_classes/scoreboard.svh,151): (time 6170 NS) Assertion mult_pkg::scoreboard.write.__assert_1 has failed
TEST FAILED: 6170000 Test FAILED for A=-32768 B=-32768
Expected:           0  received:           0
xmsim: *E,ASRTST (../tb/tb_classes/scoreboard.svh,151): (time 6210 NS) Assertion mult_pkg::scoreboard.write.__assert_1 has failed
TEST FAILED: 6210000 Test FAILED for A=32767 B=-32768
Expected:           0  received:           0
xmsim: *E,ASRTST (../tb/tb_classes/scoreboard.svh,151): (time 6250 NS) Assertion mult_pkg::scoreboard.write.__assert_1 has failed
TEST FAILED: 6250000 Test FAILED for A=-32768 B=32767
Expected:           0  received:           0
xmsim: *E,ASRTST (../tb/tb_classes/scoreboard.svh,151): (time 6290 NS) Assertion mult_pkg::scoreboard.write.__assert_1 has failed
TEST FAILED: 6290000 Test FAILED for A=32767 B=-32768
Expected:           0  received:           0
xmsim: *E,ASRTST (../tb/tb_classes/scoreboard.svh,151): (time 6330 NS) Assertion mult_pkg::scoreboard.write.__assert_1 has failed
TEST FAILED: 6330000 Test FAILED for A=32767 B=-32768
Expected:           0  received:           0
xmsim: *E,ASRTST (../tb/tb_classes/scoreboard.svh,151): (time 6370 NS) Assertion mult_pkg::scoreboard.write.__assert_1 has failed
TEST FAILED: 6370000 Test FAILED for A=32767 B=-32768
Expected:           0  received:           0
xmsim: *E,ASRTST (../tb/tb_classes/scoreboard.svh,151): (time 6410 NS) Assertion mult_pkg::scoreboard.write.__assert_1 has failed
TEST FAILED: 6410000 Test FAILED for A=-32768 B=-32768
Expected:           0  received:           0
xmsim: *E,ASRTST (../tb/tb_classes/scoreboard.svh,151): (time 6450 NS) Assertion mult_pkg::scoreboard.write.__assert_1 has failed
TEST FAILED: 6450000 Test FAILED for A=32767 B=32767
Expected:           0  received:           0
xmsim: *E,ASRTST (../tb/tb_classes/scoreboard.svh,151): (time 6490 NS) Assertion mult_pkg::scoreboard.write.__assert_1 has failed
TEST FAILED: 6490000 Test FAILED for A=-32768 B=-32768
Expected:           0  received:           0
xmsim: *E,ASRTST (../tb/tb_classes/scoreboard.svh,151): (time 6610 NS) Assertion mult_pkg::scoreboard.write.__assert_1 has failed
TEST FAILED: 6610000 Test FAILED for A=32767 B=32767
Expected:  1073676289  received:  1073676289
xmsim: *E,ASRTST (../tb/tb_classes/scoreboard.svh,151): (time 6650 NS) Assertion mult_pkg::scoreboard.write.__assert_1 has failed
TEST FAILED: 6650000 Test FAILED for A=32767 B=32767
Expected:           0  received:           0
xmsim: *E,ASRTST (../tb/tb_classes/scoreboard.svh,151): (time 6690 NS) Assertion mult_pkg::scoreboard.write.__assert_1 has failed
TEST FAILED: 6690000 Test FAILED for A=-32768 B=-32768
Expected:           0  received:           0
xmsim: *E,ASRTST (../tb/tb_classes/scoreboard.svh,151): (time 6790 NS) Assertion mult_pkg::scoreboard.write.__assert_1 has failed
TEST FAILED: 6790000 Test FAILED for A=-32768 B=32767
Expected: -1073709056  received: -1073709056
xmsim: *E,ASRTST (../tb/tb_classes/scoreboard.svh,151): (time 6830 NS) Assertion mult_pkg::scoreboard.write.__assert_1 has failed
TEST FAILED: 6830000 Test FAILED for A=32767 B=32767
Expected:           0  received:           0
xmsim: *E,ASRTST (../tb/tb_classes/scoreboard.svh,151): (time 6870 NS) Assertion mult_pkg::scoreboard.write.__assert_1 has failed
TEST FAILED: 6870000 Test FAILED for A=-32768 B=32767
Expected:           0  received:           0
xmsim: *E,ASRTST (../tb/tb_classes/scoreboard.svh,151): (time 6910 NS) Assertion mult_pkg::scoreboard.write.__assert_1 has failed
TEST FAILED: 6910000 Test FAILED for A=-32768 B=-32768
Expected:           0  received:           0
xmsim: *E,ASRTST (../tb/tb_classes/scoreboard.svh,151): (time 6950 NS) Assertion mult_pkg::scoreboard.write.__assert_1 has failed
TEST FAILED: 6950000 Test FAILED for A=32767 B=32767
Expected:           0  received:           0
xmsim: *E,ASRTST (../tb/tb_classes/scoreboard.svh,151): (time 7050 NS) Assertion mult_pkg::scoreboard.write.__assert_1 has failed
TEST FAILED: 7050000 Test FAILED for A=32767 B=-32768
Expected: -1073709056  received: -1073709056
xmsim: *E,ASRTST (../tb/tb_classes/scoreboard.svh,151): (time 7090 NS) Assertion mult_pkg::scoreboard.write.__assert_1 has failed
TEST FAILED: 7090000 Test FAILED for A=32767 B=32767
Expected:           0  received:           0
xmsim: *E,ASRTST (../tb/tb_classes/scoreboard.svh,151): (time 7130 NS) Assertion mult_pkg::scoreboard.write.__assert_1 has failed
TEST FAILED: 7130000 Test FAILED for A=-32768 B=32767
Expected:           0  received:           0
xmsim: *E,ASRTST (../tb/tb_classes/scoreboard.svh,151): (time 7170 NS) Assertion mult_pkg::scoreboard.write.__assert_1 has failed
TEST FAILED: 7170000 Test FAILED for A=32767 B=32767
Expected:           0  received:           0
xmsim: *E,ASRTST (../tb/tb_classes/scoreboard.svh,151): (time 7210 NS) Assertion mult_pkg::scoreboard.write.__assert_1 has failed
TEST FAILED: 7210000 Test FAILED for A=-32768 B=32767
Expected:           0  received:           0
xmsim: *E,ASRTST (../tb/tb_classes/scoreboard.svh,151): (time 7250 NS) Assertion mult_pkg::scoreboard.write.__assert_1 has failed
TEST FAILED: 7250000 Test FAILED for A=-32768 B=-32768
Expected:           0  received:           0
xmsim: *E,ASRTST (../tb/tb_classes/scoreboard.svh,151): (time 7290 NS) Assertion mult_pkg::scoreboard.write.__assert_1 has failed
TEST FAILED: 7290000 Test FAILED for A=-32768 B=-32768
Expected:           0  received:           0
xmsim: *E,ASRTST (../tb/tb_classes/scoreboard.svh,151): (time 7330 NS) Assertion mult_pkg::scoreboard.write.__assert_1 has failed
TEST FAILED: 7330000 Test FAILED for A=32767 B=-32768
Expected:           0  received:           0
xmsim: *E,ASRTST (../tb/tb_classes/scoreboard.svh,151): (time 7370 NS) Assertion mult_pkg::scoreboard.write.__assert_1 has failed
TEST FAILED: 7370000 Test FAILED for A=-32768 B=32767
Expected:           0  received:           0
xmsim: *E,ASRTST (../tb/tb_classes/scoreboard.svh,151): (time 7410 NS) Assertion mult_pkg::scoreboard.write.__assert_1 has failed
TEST FAILED: 7410000 Test FAILED for A=32767 B=32767
Expected:           0  received:           0
xmsim: *E,ASRTST (../tb/tb_classes/scoreboard.svh,151): (time 7450 NS) Assertion mult_pkg::scoreboard.write.__assert_1 has failed
TEST FAILED: 7450000 Test FAILED for A=32767 B=32767
Expected:           0  received:           0
xmsim: *E,ASRTST (../tb/tb_classes/scoreboard.svh,151): (time 7490 NS) Assertion mult_pkg::scoreboard.write.__assert_1 has failed
TEST FAILED: 7490000 Test FAILED for A=32767 B=32767
Expected:           0  received:           0
xmsim: *E,ASRTST (../tb/tb_classes/scoreboard.svh,151): (time 7530 NS) Assertion mult_pkg::scoreboard.write.__assert_1 has failed
TEST FAILED: 7530000 Test FAILED for A=-32768 B=-32768
Expected:           0  received:           0
xmsim: *E,ASRTST (../tb/tb_classes/scoreboard.svh,151): (time 7570 NS) Assertion mult_pkg::scoreboard.write.__assert_1 has failed
TEST FAILED: 7570000 Test FAILED for A=-32768 B=32767
Expected:           0  received:           0
xmsim: *E,ASRTST (../tb/tb_classes/scoreboard.svh,151): (time 7610 NS) Assertion mult_pkg::scoreboard.write.__assert_1 has failed
TEST FAILED: 7610000 Test FAILED for A=32767 B=32767
Expected:           0  received:           0
xmsim: *E,ASRTST (../tb/tb_classes/scoreboard.svh,151): (time 7650 NS) Assertion mult_pkg::scoreboard.write.__assert_1 has failed
TEST FAILED: 7650000 Test FAILED for A=32767 B=-32768
Expected:           0  received:           0
xmsim: *E,ASRTST (../tb/tb_classes/scoreboard.svh,151): (time 7690 NS) Assertion mult_pkg::scoreboard.write.__assert_1 has failed
TEST FAILED: 7690000 Test FAILED for A=32767 B=32767
Expected:           0  received:           0
xmsim: *E,ASRTST (../tb/tb_classes/scoreboard.svh,151): (time 7730 NS) Assertion mult_pkg::scoreboard.write.__assert_1 has failed
TEST FAILED: 7730000 Test FAILED for A=-32768 B=-32768
Expected:           0  received:           0
xmsim: *E,ASRTST (../tb/tb_classes/scoreboard.svh,151): (time 7830 NS) Assertion mult_pkg::scoreboard.write.__assert_1 has failed
TEST FAILED: 7830000 Test FAILED for A=-32768 B=32767
Expected: -1073709056  received: -1073709056
xmsim: *E,ASRTST (../tb/tb_classes/scoreboard.svh,151): (time 7870 NS) Assertion mult_pkg::scoreboard.write.__assert_1 has failed
TEST FAILED: 7870000 Test FAILED for A=32767 B=32767
Expected:           0  received:           0
xmsim: *E,ASRTST (../tb/tb_classes/scoreboard.svh,151): (time 7910 NS) Assertion mult_pkg::scoreboard.write.__assert_1 has failed
TEST FAILED: 7910000 Test FAILED for A=-32768 B=32767
Expected:           0  received:           0
xmsim: *E,ASRTST (../tb/tb_classes/scoreboard.svh,151): (time 7950 NS) Assertion mult_pkg::scoreboard.write.__assert_1 has failed
TEST FAILED: 7950000 Test FAILED for A=-32768 B=-32768
Expected:           0  received:           0
xmsim: *E,ASRTST (../tb/tb_classes/scoreboard.svh,151): (time 7990 NS) Assertion mult_pkg::scoreboard.write.__assert_1 has failed
TEST FAILED: 7990000 Test FAILED for A=32767 B=32767
Expected:           0  received:           0
xmsim: *E,ASRTST (../tb/tb_classes/scoreboard.svh,151): (time 8030 NS) Assertion mult_pkg::scoreboard.write.__assert_1 has failed
TEST FAILED: 8030000 Test FAILED for A=-32768 B=-32768
Expected:           0  received:           0
xmsim: *E,ASRTST (../tb/tb_classes/scoreboard.svh,151): (time 8070 NS) Assertion mult_pkg::scoreboard.write.__assert_1 has failed
TEST FAILED: 8070000 Test FAILED for A=-32768 B=-32768
Expected:           0  received:           0
xmsim: *E,ASRTST (../tb/tb_classes/scoreboard.svh,151): (time 8110 NS) Assertion mult_pkg::scoreboard.write.__assert_1 has failed
TEST FAILED: 8110000 Test FAILED for A=-32768 B=32767
Expected:           0  received:           0
xmsim: *E,ASRTST (../tb/tb_classes/scoreboard.svh,151): (time 8150 NS) Assertion mult_pkg::scoreboard.write.__assert_1 has failed
TEST FAILED: 8150000 Test FAILED for A=-32768 B=32767
Expected:           0  received:           0
xmsim: *E,ASRTST (../tb/tb_classes/scoreboard.svh,151): (time 8270 NS) Assertion mult_pkg::scoreboard.write.__assert_1 has failed
TEST FAILED: 8270000 Test FAILED for A=32767 B=32767
Expected:  1073676289  received:  1073676289
xmsim: *E,ASRTST (../tb/tb_classes/scoreboard.svh,151): (time 8310 NS) Assertion mult_pkg::scoreboard.write.__assert_1 has failed
TEST FAILED: 8310000 Test FAILED for A=-32768 B=32767
Expected:           0  received:           0
xmsim: *E,ASRTST (../tb/tb_classes/scoreboard.svh,151): (time 8350 NS) Assertion mult_pkg::scoreboard.write.__assert_1 has failed
TEST FAILED: 8350000 Test FAILED for A=32767 B=-32768
Expected:           0  received:           0
xmsim: *E,ASRTST (../tb/tb_classes/scoreboard.svh,151): (time 8390 NS) Assertion mult_pkg::scoreboard.write.__assert_1 has failed
TEST FAILED: 8390000 Test FAILED for A=-32768 B=32767
Expected:           0  received:           0
xmsim: *E,ASRTST (../tb/tb_classes/scoreboard.svh,151): (time 8430 NS) Assertion mult_pkg::scoreboard.write.__assert_1 has failed
TEST FAILED: 8430000 Test FAILED for A=32767 B=32767
Expected:           0  received:           0
xmsim: *E,ASRTST (../tb/tb_classes/scoreboard.svh,151): (time 8470 NS) Assertion mult_pkg::scoreboard.write.__assert_1 has failed
TEST FAILED: 8470000 Test FAILED for A=32767 B=32767
Expected:           0  received:           0
xmsim: *E,ASRTST (../tb/tb_classes/scoreboard.svh,151): (time 8510 NS) Assertion mult_pkg::scoreboard.write.__assert_1 has failed
TEST FAILED: 8510000 Test FAILED for A=-32768 B=-32768
Expected:           0  received:           0
xmsim: *E,ASRTST (../tb/tb_classes/scoreboard.svh,151): (time 8550 NS) Assertion mult_pkg::scoreboard.write.__assert_1 has failed
TEST FAILED: 8550000 Test FAILED for A=32767 B=-32768
Expected:           0  received:           0
xmsim: *E,ASRTST (../tb/tb_classes/scoreboard.svh,151): (time 8590 NS) Assertion mult_pkg::scoreboard.write.__assert_1 has failed
TEST FAILED: 8590000 Test FAILED for A=-32768 B=32767
Expected:           0  received:           0
xmsim: *E,ASRTST (../tb/tb_classes/scoreboard.svh,151): (time 8630 NS) Assertion mult_pkg::scoreboard.write.__assert_1 has failed
TEST FAILED: 8630000 Test FAILED for A=-32768 B=32767
Expected:           0  received:           0
xmsim: *E,ASRTST (../tb/tb_classes/scoreboard.svh,151): (time 8730 NS) Assertion mult_pkg::scoreboard.write.__assert_1 has failed
TEST FAILED: 8730000 Test FAILED for A=32767 B=-32768
Expected: -1073709056  received: -1073709056
xmsim: *E,ASRTST (../tb/tb_classes/scoreboard.svh,151): (time 8830 NS) Assertion mult_pkg::scoreboard.write.__assert_1 has failed
TEST FAILED: 8830000 Test FAILED for A=-32768 B=32767
Expected: -1073709056  received: -1073709056
xmsim: *E,ASRTST (../tb/tb_classes/scoreboard.svh,151): (time 8870 NS) Assertion mult_pkg::scoreboard.write.__assert_1 has failed
TEST FAILED: 8870000 Test FAILED for A=32767 B=32767
Expected:           0  received:           0
xmsim: *E,ASRTST (../tb/tb_classes/scoreboard.svh,151): (time 8910 NS) Assertion mult_pkg::scoreboard.write.__assert_1 has failed
TEST FAILED: 8910000 Test FAILED for A=-32768 B=32767
Expected:           0  received:           0
xmsim: *E,ASRTST (../tb/tb_classes/scoreboard.svh,151): (time 9010 NS) Assertion mult_pkg::scoreboard.write.__assert_1 has failed
TEST FAILED: 9010000 Test FAILED for A=-32768 B=32767
Expected: -1073709056  received: -1073709056
xmsim: *E,ASRTST (../tb/tb_classes/scoreboard.svh,151): (time 9050 NS) Assertion mult_pkg::scoreboard.write.__assert_1 has failed
TEST FAILED: 9050000 Test FAILED for A=32767 B=-32768
Expected:           0  received:           0
xmsim: *E,ASRTST (../tb/tb_classes/scoreboard.svh,151): (time 9130 NS) Assertion mult_pkg::scoreboard.write.__assert_1 has failed
TEST FAILED: 9130000 Test FAILED for A=-32768 B=-32768
Expected:  1073741824  received:  1073741824
xmsim: *E,ASRTST (../tb/tb_classes/scoreboard.svh,151): (time 9230 NS) Assertion mult_pkg::scoreboard.write.__assert_1 has failed
TEST FAILED: 9230000 Test FAILED for A=-32768 B=32767
Expected: -1073709056  received: -1073709056
xmsim: *E,ASRTST (../tb/tb_classes/scoreboard.svh,151): (time 9270 NS) Assertion mult_pkg::scoreboard.write.__assert_1 has failed
TEST FAILED: 9270000 Test FAILED for A=32767 B=-32768
Expected:           0  received:           0
xmsim: *E,ASRTST (../tb/tb_classes/scoreboard.svh,151): (time 9310 NS) Assertion mult_pkg::scoreboard.write.__assert_1 has failed
TEST FAILED: 9310000 Test FAILED for A=-32768 B=-32768
Expected:           0  received:           0
xmsim: *E,ASRTST (../tb/tb_classes/scoreboard.svh,151): (time 9410 NS) Assertion mult_pkg::scoreboard.write.__assert_1 has failed
TEST FAILED: 9410000 Test FAILED for A=32767 B=-32768
Expected: -1073709056  received: -1073709056
xmsim: *E,ASRTST (../tb/tb_classes/scoreboard.svh,151): (time 9450 NS) Assertion mult_pkg::scoreboard.write.__assert_1 has failed
TEST FAILED: 9450000 Test FAILED for A=-32768 B=32767
Expected:           0  received:           0
xmsim: *E,ASRTST (../tb/tb_classes/scoreboard.svh,151): (time 9490 NS) Assertion mult_pkg::scoreboard.write.__assert_1 has failed
TEST FAILED: 9490000 Test FAILED for A=32767 B=-32768
Expected:           0  received:           0
xmsim: *E,ASRTST (../tb/tb_classes/scoreboard.svh,151): (time 9530 NS) Assertion mult_pkg::scoreboard.write.__assert_1 has failed
TEST FAILED: 9530000 Test FAILED for A=32767 B=-32768
Expected:           0  received:           0
xmsim: *E,ASRTST (../tb/tb_classes/scoreboard.svh,151): (time 9610 NS) Assertion mult_pkg::scoreboard.write.__assert_1 has failed
TEST FAILED: 9610000 Test FAILED for A=-32768 B=-32768
Expected:  1073741824  received:  1073741824
xmsim: *E,ASRTST (../tb/tb_classes/scoreboard.svh,151): (time 9650 NS) Assertion mult_pkg::scoreboard.write.__assert_1 has failed
TEST FAILED: 9650000 Test FAILED for A=32767 B=32767
Expected:           0  received:           0
xmsim: *E,ASRTST (../tb/tb_classes/scoreboard.svh,151): (time 9690 NS) Assertion mult_pkg::scoreboard.write.__assert_1 has failed
TEST FAILED: 9690000 Test FAILED for A=32767 B=-32768
Expected:           0  received:           0
xmsim: *E,ASRTST (../tb/tb_classes/scoreboard.svh,151): (time 9730 NS) Assertion mult_pkg::scoreboard.write.__assert_1 has failed
TEST FAILED: 9730000 Test FAILED for A=32767 B=32767
Expected:           0  received:           0
xmsim: *E,ASRTST (../tb/tb_classes/scoreboard.svh,151): (time 9770 NS) Assertion mult_pkg::scoreboard.write.__assert_1 has failed
TEST FAILED: 9770000 Test FAILED for A=32767 B=32767
Expected:           0  received:           0
xmsim: *E,ASRTST (../tb/tb_classes/scoreboard.svh,151): (time 9810 NS) Assertion mult_pkg::scoreboard.write.__assert_1 has failed
TEST FAILED: 9810000 Test FAILED for A=32767 B=-32768
Expected:           0  received:           0
xmsim: *E,ASRTST (../tb/tb_classes/scoreboard.svh,151): (time 9850 NS) Assertion mult_pkg::scoreboard.write.__assert_1 has failed
TEST FAILED: 9850000 Test FAILED for A=32767 B=-32768
Expected:           0  received:           0
xmsim: *E,ASRTST (../tb/tb_classes/scoreboard.svh,151): (time 9890 NS) Assertion mult_pkg::scoreboard.write.__assert_1 has failed
TEST FAILED: 9890000 Test FAILED for A=-32768 B=-32768
Expected:           0  received:           0
xmsim: *E,ASRTST (../tb/tb_classes/scoreboard.svh,151): (time 9930 NS) Assertion mult_pkg::scoreboard.write.__assert_1 has failed
TEST FAILED: 9930000 Test FAILED for A=-32768 B=32767
Expected:           0  received:           0
xmsim: *E,ASRTST (../tb/tb_classes/scoreboard.svh,151): (time 9970 NS) Assertion mult_pkg::scoreboard.write.__assert_1 has failed
TEST FAILED: 9970000 Test FAILED for A=-32768 B=-32768
Expected:           0  received:           0
xmsim: *E,ASRTST (../tb/tb_classes/scoreboard.svh,151): (time 10010 NS) Assertion mult_pkg::scoreboard.write.__assert_1 has failed
TEST FAILED: 10010000 Test FAILED for A=-32768 B=-32768
Expected:           0  received:           0
xmsim: *E,ASRTST (../tb/tb_classes/scoreboard.svh,151): (time 10050 NS) Assertion mult_pkg::scoreboard.write.__assert_1 has failed
TEST FAILED: 10050000 Test FAILED for A=-32768 B=32767
Expected:           0  received:           0
xmsim: *E,ASRTST (../tb/tb_classes/scoreboard.svh,151): (time 10090 NS) Assertion mult_pkg::scoreboard.write.__assert_1 has failed
TEST FAILED: 10090000 Test FAILED for A=32767 B=32767
Expected:           0  received:           0
xmsim: *E,ASRTST (../tb/tb_classes/scoreboard.svh,151): (time 10130 NS) Assertion mult_pkg::scoreboard.write.__assert_1 has failed
TEST FAILED: 10130000 Test FAILED for A=-32768 B=32767
Expected:           0  received:           0
xmsim: *E,ASRTST (../tb/tb_classes/scoreboard.svh,151): (time 10170 NS) Assertion mult_pkg::scoreboard.write.__assert_1 has failed
TEST FAILED: 10170000 Test FAILED for A=32767 B=32767
Expected:           0  received:           0
xmsim: *E,ASRTST (../tb/tb_classes/scoreboard.svh,151): (time 10210 NS) Assertion mult_pkg::scoreboard.write.__assert_1 has failed
TEST FAILED: 10210000 Test FAILED for A=32767 B=32767
Expected:           0  received:           0
xmsim: *E,ASRTST (../tb/tb_classes/scoreboard.svh,151): (time 10250 NS) Assertion mult_pkg::scoreboard.write.__assert_1 has failed
TEST FAILED: 10250000 Test FAILED for A=-32768 B=32767
Expected:           0  received:           0
xmsim: *E,ASRTST (../tb/tb_classes/scoreboard.svh,151): (time 10290 NS) Assertion mult_pkg::scoreboard.write.__assert_1 has failed
TEST FAILED: 10290000 Test FAILED for A=-32768 B=32767
Expected:           0  received:           0
xmsim: *E,ASRTST (../tb/tb_classes/scoreboard.svh,151): (time 10330 NS) Assertion mult_pkg::scoreboard.write.__assert_1 has failed
TEST FAILED: 10330000 Test FAILED for A=-32768 B=32767
Expected:           0  received:           0
xmsim: *E,ASRTST (../tb/tb_classes/scoreboard.svh,151): (time 10370 NS) Assertion mult_pkg::scoreboard.write.__assert_1 has failed
TEST FAILED: 10370000 Test FAILED for A=-32768 B=-32768
Expected:           0  received:           0
xmsim: *E,ASRTST (../tb/tb_classes/scoreboard.svh,151): (time 10410 NS) Assertion mult_pkg::scoreboard.write.__assert_1 has failed
TEST FAILED: 10410000 Test FAILED for A=32767 B=32767
Expected:           0  received:           0
xmsim: *E,ASRTST (../tb/tb_classes/scoreboard.svh,151): (time 10450 NS) Assertion mult_pkg::scoreboard.write.__assert_1 has failed
TEST FAILED: 10450000 Test FAILED for A=32767 B=-32768
Expected:           0  received:           0
xmsim: *E,ASRTST (../tb/tb_classes/scoreboard.svh,151): (time 10490 NS) Assertion mult_pkg::scoreboard.write.__assert_1 has failed
TEST FAILED: 10490000 Test FAILED for A=-32768 B=-32768
Expected:           0  received:           0
xmsim: *E,ASRTST (../tb/tb_classes/scoreboard.svh,151): (time 10530 NS) Assertion mult_pkg::scoreboard.write.__assert_1 has failed
TEST FAILED: 10530000 Test FAILED for A=-32768 B=32767
Expected:           0  received:           0
xmsim: *E,ASRTST (../tb/tb_classes/scoreboard.svh,151): (time 10570 NS) Assertion mult_pkg::scoreboard.write.__assert_1 has failed
TEST FAILED: 10570000 Test FAILED for A=32767 B=32767
Expected:           0  received:           0
xmsim: *E,ASRTST (../tb/tb_classes/scoreboard.svh,151): (time 10610 NS) Assertion mult_pkg::scoreboard.write.__assert_1 has failed
TEST FAILED: 10610000 Test FAILED for A=32767 B=32767
Expected:           0  received:           0
xmsim: *E,ASRTST (../tb/tb_classes/scoreboard.svh,151): (time 10650 NS) Assertion mult_pkg::scoreboard.write.__assert_1 has failed
TEST FAILED: 10650000 Test FAILED for A=-32768 B=-32768
Expected:           0  received:           0
xmsim: *E,ASRTST (../tb/tb_classes/scoreboard.svh,151): (time 10690 NS) Assertion mult_pkg::scoreboard.write.__assert_1 has failed
TEST FAILED: 10690000 Test FAILED for A=32767 B=32767
Expected:           0  received:           0
xmsim: *E,ASRTST (../tb/tb_classes/scoreboard.svh,151): (time 10730 NS) Assertion mult_pkg::scoreboard.write.__assert_1 has failed
TEST FAILED: 10730000 Test FAILED for A=32767 B=-32768
Expected:           0  received:           0
xmsim: *E,ASRTST (../tb/tb_classes/scoreboard.svh,151): (time 10770 NS) Assertion mult_pkg::scoreboard.write.__assert_1 has failed
TEST FAILED: 10770000 Test FAILED for A=32767 B=32767
Expected:           0  received:           0
xmsim: *E,ASRTST (../tb/tb_classes/scoreboard.svh,151): (time 10810 NS) Assertion mult_pkg::scoreboard.write.__assert_1 has failed
TEST FAILED: 10810000 Test FAILED for A=32767 B=32767
Expected:           0  received:           0
xmsim: *E,ASRTST (../tb/tb_classes/scoreboard.svh,151): (time 10850 NS) Assertion mult_pkg::scoreboard.write.__assert_1 has failed
TEST FAILED: 10850000 Test FAILED for A=-32768 B=32767
Expected:           0  received:           0
xmsim: *E,ASRTST (../tb/tb_classes/scoreboard.svh,151): (time 10890 NS) Assertion mult_pkg::scoreboard.write.__assert_1 has failed
TEST FAILED: 10890000 Test FAILED for A=32767 B=-32768
Expected:           0  received:           0
xmsim: *E,ASRTST (../tb/tb_classes/scoreboard.svh,151): (time 10930 NS) Assertion mult_pkg::scoreboard.write.__assert_1 has failed
TEST FAILED: 10930000 Test FAILED for A=-32768 B=32767
Expected:           0  received:           0
xmsim: *E,ASRTST (../tb/tb_classes/scoreboard.svh,151): (time 10970 NS) Assertion mult_pkg::scoreboard.write.__assert_1 has failed
TEST FAILED: 10970000 Test FAILED for A=-32768 B=-32768
Expected:           0  received:           0
xmsim: *E,ASRTST (../tb/tb_classes/scoreboard.svh,151): (time 11010 NS) Assertion mult_pkg::scoreboard.write.__assert_1 has failed
TEST FAILED: 11010000 Test FAILED for A=32767 B=-32768
Expected:           0  received:           0
xmsim: *E,ASRTST (../tb/tb_classes/scoreboard.svh,151): (time 11050 NS) Assertion mult_pkg::scoreboard.write.__assert_1 has failed
TEST FAILED: 11050000 Test FAILED for A=32767 B=32767
Expected:           0  received:           0
xmsim: *E,ASRTST (../tb/tb_classes/scoreboard.svh,151): (time 11090 NS) Assertion mult_pkg::scoreboard.write.__assert_1 has failed
TEST FAILED: 11090000 Test FAILED for A=-32768 B=32767
Expected:           0  received:           0
xmsim: *E,ASRTST (../tb/tb_classes/scoreboard.svh,151): (time 11130 NS) Assertion mult_pkg::scoreboard.write.__assert_1 has failed
TEST FAILED: 11130000 Test FAILED for A=-32768 B=-32768
Expected:           0  received:           0
xmsim: *E,ASRTST (../tb/tb_classes/scoreboard.svh,151): (time 11170 NS) Assertion mult_pkg::scoreboard.write.__assert_1 has failed
TEST FAILED: 11170000 Test FAILED for A=-32768 B=-32768
Expected:           0  received:           0
xmsim: *E,ASRTST (../tb/tb_classes/scoreboard.svh,151): (time 11210 NS) Assertion mult_pkg::scoreboard.write.__assert_1 has failed
TEST FAILED: 11210000 Test FAILED for A=32767 B=-32768
Expected:           0  received:           0
xmsim: *E,ASRTST (../tb/tb_classes/scoreboard.svh,151): (time 11250 NS) Assertion mult_pkg::scoreboard.write.__assert_1 has failed
TEST FAILED: 11250000 Test FAILED for A=32767 B=-32768
Expected:           0  received:           0
xmsim: *E,ASRTST (../tb/tb_classes/scoreboard.svh,151): (time 11290 NS) Assertion mult_pkg::scoreboard.write.__assert_1 has failed
TEST FAILED: 11290000 Test FAILED for A=32767 B=-32768
Expected:           0  received:           0
xmsim: *E,ASRTST (../tb/tb_classes/scoreboard.svh,151): (time 11330 NS) Assertion mult_pkg::scoreboard.write.__assert_1 has failed
TEST FAILED: 11330000 Test FAILED for A=-32768 B=-32768
Expected:           0  received:           0
xmsim: *E,ASRTST (../tb/tb_classes/scoreboard.svh,151): (time 11370 NS) Assertion mult_pkg::scoreboard.write.__assert_1 has failed
TEST FAILED: 11370000 Test FAILED for A=-32768 B=32767
Expected:           0  received:           0
xmsim: *E,ASRTST (../tb/tb_classes/scoreboard.svh,151): (time 11410 NS) Assertion mult_pkg::scoreboard.write.__assert_1 has failed
TEST FAILED: 11410000 Test FAILED for A=-32768 B=-32768
Expected:           0  received:           0
xmsim: *E,ASRTST (../tb/tb_classes/scoreboard.svh,151): (time 11450 NS) Assertion mult_pkg::scoreboard.write.__assert_1 has failed
TEST FAILED: 11450000 Test FAILED for A=-32768 B=-32768
Expected:           0  received:           0
xmsim: *E,ASRTST (../tb/tb_classes/scoreboard.svh,151): (time 11490 NS) Assertion mult_pkg::scoreboard.write.__assert_1 has failed
TEST FAILED: 11490000 Test FAILED for A=32767 B=-32768
Expected:           0  received:           0
xmsim: *E,ASRTST (../tb/tb_classes/scoreboard.svh,151): (time 11530 NS) Assertion mult_pkg::scoreboard.write.__assert_1 has failed
TEST FAILED: 11530000 Test FAILED for A=32767 B=-32768
Expected:           0  received:           0
xmsim: *E,ASRTST (../tb/tb_classes/scoreboard.svh,151): (time 11570 NS) Assertion mult_pkg::scoreboard.write.__assert_1 has failed
TEST FAILED: 11570000 Test FAILED for A=32767 B=-32768
Expected:           0  received:           0
xmsim: *E,ASRTST (../tb/tb_classes/scoreboard.svh,151): (time 11690 NS) Assertion mult_pkg::scoreboard.write.__assert_1 has failed
TEST FAILED: 11690000 Test FAILED for A=32767 B=32767
Expected:  1073676289  received:  1073676289
xmsim: *E,ASRTST (../tb/tb_classes/scoreboard.svh,151): (time 11730 NS) Assertion mult_pkg::scoreboard.write.__assert_1 has failed
TEST FAILED: 11730000 Test FAILED for A=32767 B=32767
Expected:           0  received:           0
xmsim: *E,ASRTST (../tb/tb_classes/scoreboard.svh,151): (time 11770 NS) Assertion mult_pkg::scoreboard.write.__assert_1 has failed
TEST FAILED: 11770000 Test FAILED for A=-32768 B=-32768
Expected:           0  received:           0
xmsim: *E,ASRTST (../tb/tb_classes/scoreboard.svh,151): (time 11810 NS) Assertion mult_pkg::scoreboard.write.__assert_1 has failed
TEST FAILED: 11810000 Test FAILED for A=-32768 B=-32768
Expected:           0  received:           0
xmsim: *E,ASRTST (../tb/tb_classes/scoreboard.svh,151): (time 11850 NS) Assertion mult_pkg::scoreboard.write.__assert_1 has failed
TEST FAILED: 11850000 Test FAILED for A=32767 B=-32768
Expected:           0  received:           0
xmsim: *E,ASRTST (../tb/tb_classes/scoreboard.svh,151): (time 11890 NS) Assertion mult_pkg::scoreboard.write.__assert_1 has failed
TEST FAILED: 11890000 Test FAILED for A=-32768 B=-32768
Expected:           0  received:           0
xmsim: *E,ASRTST (../tb/tb_classes/scoreboard.svh,151): (time 11930 NS) Assertion mult_pkg::scoreboard.write.__assert_1 has failed
TEST FAILED: 11930000 Test FAILED for A=32767 B=-32768
Expected:           0  received:           0
xmsim: *E,ASRTST (../tb/tb_classes/scoreboard.svh,151): (time 11970 NS) Assertion mult_pkg::scoreboard.write.__assert_1 has failed
TEST FAILED: 11970000 Test FAILED for A=-32768 B=32767
Expected:           0  received:           0
xmsim: *E,ASRTST (../tb/tb_classes/scoreboard.svh,151): (time 12010 NS) Assertion mult_pkg::scoreboard.write.__assert_1 has failed
TEST FAILED: 12010000 Test FAILED for A=-32768 B=-32768
Expected:           0  received:           0
xmsim: *E,ASRTST (../tb/tb_classes/scoreboard.svh,151): (time 12050 NS) Assertion mult_pkg::scoreboard.write.__assert_1 has failed
TEST FAILED: 12050000 Test FAILED for A=32767 B=-32768
Expected:           0  received:           0
xmsim: *E,ASRTST (../tb/tb_classes/scoreboard.svh,151): (time 12090 NS) Assertion mult_pkg::scoreboard.write.__assert_1 has failed
TEST FAILED: 12090000 Test FAILED for A=32767 B=32767
Expected:           0  received:           0
xmsim: *E,ASRTST (../tb/tb_classes/scoreboard.svh,151): (time 12130 NS) Assertion mult_pkg::scoreboard.write.__assert_1 has failed
TEST FAILED: 12130000 Test FAILED for A=-32768 B=32767
Expected:           0  received:           0
xmsim: *E,ASRTST (../tb/tb_classes/scoreboard.svh,151): (time 12170 NS) Assertion mult_pkg::scoreboard.write.__assert_1 has failed
TEST FAILED: 12170000 Test FAILED for A=32767 B=32767
Expected:           0  received:           0
xmsim: *E,ASRTST (../tb/tb_classes/scoreboard.svh,151): (time 12210 NS) Assertion mult_pkg::scoreboard.write.__assert_1 has failed
TEST FAILED: 12210000 Test FAILED for A=32767 B=32767
Expected:           0  received:           0
xmsim: *E,ASRTST (../tb/tb_classes/scoreboard.svh,151): (time 12330 NS) Assertion mult_pkg::scoreboard.write.__assert_1 has failed
TEST FAILED: 12330000 Test FAILED for A=32767 B=32767
Expected:  1073676289  received:  1073676289
xmsim: *E,ASRTST (../tb/tb_classes/scoreboard.svh,151): (time 12370 NS) Assertion mult_pkg::scoreboard.write.__assert_1 has failed
TEST FAILED: 12370000 Test FAILED for A=32767 B=-32768
Expected:           0  received:           0
xmsim: *E,ASRTST (../tb/tb_classes/scoreboard.svh,151): (time 12410 NS) Assertion mult_pkg::scoreboard.write.__assert_1 has failed
TEST FAILED: 12410000 Test FAILED for A=-32768 B=-32768
Expected:           0  received:           0
xmsim: *E,ASRTST (../tb/tb_classes/scoreboard.svh,151): (time 12450 NS) Assertion mult_pkg::scoreboard.write.__assert_1 has failed
TEST FAILED: 12450000 Test FAILED for A=32767 B=32767
Expected:           0  received:           0
xmsim: *E,ASRTST (../tb/tb_classes/scoreboard.svh,151): (time 12490 NS) Assertion mult_pkg::scoreboard.write.__assert_1 has failed
TEST FAILED: 12490000 Test FAILED for A=-32768 B=-32768
Expected:           0  received:           0
xmsim: *E,ASRTST (../tb/tb_classes/scoreboard.svh,151): (time 12530 NS) Assertion mult_pkg::scoreboard.write.__assert_1 has failed
TEST FAILED: 12530000 Test FAILED for A=32767 B=32767
Expected:           0  received:           0
xmsim: *E,ASRTST (../tb/tb_classes/scoreboard.svh,151): (time 12570 NS) Assertion mult_pkg::scoreboard.write.__assert_1 has failed
TEST FAILED: 12570000 Test FAILED for A=32767 B=32767
Expected:           0  received:           0
xmsim: *E,ASRTST (../tb/tb_classes/scoreboard.svh,151): (time 12610 NS) Assertion mult_pkg::scoreboard.write.__assert_1 has failed
TEST FAILED: 12610000 Test FAILED for A=-32768 B=-32768
Expected:           0  received:           0
xmsim: *E,ASRTST (../tb/tb_classes/scoreboard.svh,151): (time 12650 NS) Assertion mult_pkg::scoreboard.write.__assert_1 has failed
TEST FAILED: 12650000 Test FAILED for A=32767 B=32767
Expected:           0  received:           0
xmsim: *E,ASRTST (../tb/tb_classes/scoreboard.svh,151): (time 12690 NS) Assertion mult_pkg::scoreboard.write.__assert_1 has failed
TEST FAILED: 12690000 Test FAILED for A=-32768 B=-32768
Expected:           0  received:           0
xmsim: *E,ASRTST (../tb/tb_classes/scoreboard.svh,151): (time 12730 NS) Assertion mult_pkg::scoreboard.write.__assert_1 has failed
TEST FAILED: 12730000 Test FAILED for A=32767 B=32767
Expected:           0  received:           0
xmsim: *E,ASRTST (../tb/tb_classes/scoreboard.svh,151): (time 12770 NS) Assertion mult_pkg::scoreboard.write.__assert_1 has failed
TEST FAILED: 12770000 Test FAILED for A=-32768 B=-32768
Expected:           0  received:           0
xmsim: *E,ASRTST (../tb/tb_classes/scoreboard.svh,151): (time 12810 NS) Assertion mult_pkg::scoreboard.write.__assert_1 has failed
TEST FAILED: 12810000 Test FAILED for A=32767 B=-32768
Expected:           0  received:           0
xmsim: *E,ASRTST (../tb/tb_classes/scoreboard.svh,151): (time 12850 NS) Assertion mult_pkg::scoreboard.write.__assert_1 has failed
TEST FAILED: 12850000 Test FAILED for A=32767 B=-32768
Expected:           0  received:           0
xmsim: *E,ASRTST (../tb/tb_classes/scoreboard.svh,151): (time 12890 NS) Assertion mult_pkg::scoreboard.write.__assert_1 has failed
TEST FAILED: 12890000 Test FAILED for A=-32768 B=32767
Expected:           0  received:           0
xmsim: *E,ASRTST (../tb/tb_classes/scoreboard.svh,151): (time 12930 NS) Assertion mult_pkg::scoreboard.write.__assert_1 has failed
TEST FAILED: 12930000 Test FAILED for A=32767 B=32767
Expected:           0  received:           0
xmsim: *E,ASRTST (../tb/tb_classes/scoreboard.svh,151): (time 12970 NS) Assertion mult_pkg::scoreboard.write.__assert_1 has failed
TEST FAILED: 12970000 Test FAILED for A=32767 B=32767
Expected:           0  received:           0
xmsim: *E,ASRTST (../tb/tb_classes/scoreboard.svh,151): (time 13010 NS) Assertion mult_pkg::scoreboard.write.__assert_1 has failed
TEST FAILED: 13010000 Test FAILED for A=32767 B=-32768
Expected:           0  received:           0
xmsim: *E,ASRTST (../tb/tb_classes/scoreboard.svh,151): (time 13050 NS) Assertion mult_pkg::scoreboard.write.__assert_1 has failed
TEST FAILED: 13050000 Test FAILED for A=-32768 B=-32768
Expected:           0  received:           0
xmsim: *E,ASRTST (../tb/tb_classes/scoreboard.svh,151): (time 13090 NS) Assertion mult_pkg::scoreboard.write.__assert_1 has failed
TEST FAILED: 13090000 Test FAILED for A=32767 B=-32768
Expected:           0  received:           0
xmsim: *E,ASRTST (../tb/tb_classes/scoreboard.svh,151): (time 13130 NS) Assertion mult_pkg::scoreboard.write.__assert_1 has failed
TEST FAILED: 13130000 Test FAILED for A=32767 B=32767
Expected:           0  received:           0
xmsim: *E,ASRTST (../tb/tb_classes/scoreboard.svh,151): (time 13170 NS) Assertion mult_pkg::scoreboard.write.__assert_1 has failed
TEST FAILED: 13170000 Test FAILED for A=32767 B=32767
Expected:           0  received:           0
xmsim: *E,ASRTST (../tb/tb_classes/scoreboard.svh,151): (time 13210 NS) Assertion mult_pkg::scoreboard.write.__assert_1 has failed
TEST FAILED: 13210000 Test FAILED for A=-32768 B=-32768
Expected:           0  received:           0
xmsim: *E,ASRTST (../tb/tb_classes/scoreboard.svh,151): (time 13250 NS) Assertion mult_pkg::scoreboard.write.__assert_1 has failed
TEST FAILED: 13250000 Test FAILED for A=-32768 B=-32768
Expected:           0  received:           0
xmsim: *E,ASRTST (../tb/tb_classes/scoreboard.svh,151): (time 13290 NS) Assertion mult_pkg::scoreboard.write.__assert_1 has failed
TEST FAILED: 13290000 Test FAILED for A=-32768 B=-32768
Expected:           0  received:           0
xmsim: *E,ASRTST (../tb/tb_classes/scoreboard.svh,151): (time 13330 NS) Assertion mult_pkg::scoreboard.write.__assert_1 has failed
TEST FAILED: 13330000 Test FAILED for A=-32768 B=-32768
Expected:           0  received:           0
xmsim: *E,ASRTST (../tb/tb_classes/scoreboard.svh,151): (time 13370 NS) Assertion mult_pkg::scoreboard.write.__assert_1 has failed
TEST FAILED: 13370000 Test FAILED for A=32767 B=-32768
Expected:           0  received:           0
xmsim: *E,ASRTST (../tb/tb_classes/scoreboard.svh,151): (time 13410 NS) Assertion mult_pkg::scoreboard.write.__assert_1 has failed
TEST FAILED: 13410000 Test FAILED for A=32767 B=-32768
Expected:           0  received:           0
xmsim: *E,ASRTST (../tb/tb_classes/scoreboard.svh,151): (time 13450 NS) Assertion mult_pkg::scoreboard.write.__assert_1 has failed
TEST FAILED: 13450000 Test FAILED for A=-32768 B=32767
Expected:           0  received:           0
xmsim: *E,ASRTST (../tb/tb_classes/scoreboard.svh,151): (time 13490 NS) Assertion mult_pkg::scoreboard.write.__assert_1 has failed
TEST FAILED: 13490000 Test FAILED for A=-32768 B=32767
Expected:           0  received:           0
xmsim: *E,ASRTST (../tb/tb_classes/scoreboard.svh,151): (time 13530 NS) Assertion mult_pkg::scoreboard.write.__assert_1 has failed
TEST FAILED: 13530000 Test FAILED for A=32767 B=32767
Expected:           0  received:           0
xmsim: *E,ASRTST (../tb/tb_classes/scoreboard.svh,151): (time 13570 NS) Assertion mult_pkg::scoreboard.write.__assert_1 has failed
TEST FAILED: 13570000 Test FAILED for A=32767 B=32767
Expected:           0  received:           0
xmsim: *E,ASRTST (../tb/tb_classes/scoreboard.svh,151): (time 13650 NS) Assertion mult_pkg::scoreboard.write.__assert_1 has failed
TEST FAILED: 13650000 Test FAILED for A=-32768 B=-32768
Expected:  1073741824  received:  1073741824
xmsim: *E,ASRTST (../tb/tb_classes/scoreboard.svh,151): (time 13690 NS) Assertion mult_pkg::scoreboard.write.__assert_1 has failed
TEST FAILED: 13690000 Test FAILED for A=32767 B=32767
Expected:           0  received:           0
xmsim: *E,ASRTST (../tb/tb_classes/scoreboard.svh,151): (time 13730 NS) Assertion mult_pkg::scoreboard.write.__assert_1 has failed
TEST FAILED: 13730000 Test FAILED for A=-32768 B=-32768
Expected:           0  received:           0
xmsim: *E,ASRTST (../tb/tb_classes/scoreboard.svh,151): (time 13770 NS) Assertion mult_pkg::scoreboard.write.__assert_1 has failed
TEST FAILED: 13770000 Test FAILED for A=32767 B=32767
Expected:           0  received:           0
xmsim: *E,ASRTST (../tb/tb_classes/scoreboard.svh,151): (time 13810 NS) Assertion mult_pkg::scoreboard.write.__assert_1 has failed
TEST FAILED: 13810000 Test FAILED for A=-32768 B=-32768
Expected:           0  received:           0
xmsim: *E,ASRTST (../tb/tb_classes/scoreboard.svh,151): (time 13890 NS) Assertion mult_pkg::scoreboard.write.__assert_1 has failed
TEST FAILED: 13890000 Test FAILED for A=-32768 B=-32768
Expected:  1073741824  received:  1073741824
xmsim: *E,ASRTST (../tb/tb_classes/scoreboard.svh,151): (time 13930 NS) Assertion mult_pkg::scoreboard.write.__assert_1 has failed
TEST FAILED: 13930000 Test FAILED for A=-32768 B=-32768
Expected:           0  received:           0
xmsim: *E,ASRTST (../tb/tb_classes/scoreboard.svh,151): (time 13970 NS) Assertion mult_pkg::scoreboard.write.__assert_1 has failed
TEST FAILED: 13970000 Test FAILED for A=32767 B=32767
Expected:           0  received:           0
xmsim: *E,ASRTST (../tb/tb_classes/scoreboard.svh,151): (time 14010 NS) Assertion mult_pkg::scoreboard.write.__assert_1 has failed
TEST FAILED: 14010000 Test FAILED for A=-32768 B=32767
Expected:           0  received:           0
xmsim: *E,ASRTST (../tb/tb_classes/scoreboard.svh,151): (time 14050 NS) Assertion mult_pkg::scoreboard.write.__assert_1 has failed
TEST FAILED: 14050000 Test FAILED for A=32767 B=-32768
Expected:           0  received:           0
xmsim: *E,ASRTST (../tb/tb_classes/scoreboard.svh,151): (time 14150 NS) Assertion mult_pkg::scoreboard.write.__assert_1 has failed
TEST FAILED: 14150000 Test FAILED for A=32767 B=-32768
Expected: -1073709056  received: -1073709056
xmsim: *E,ASRTST (../tb/tb_classes/scoreboard.svh,151): (time 14190 NS) Assertion mult_pkg::scoreboard.write.__assert_1 has failed
TEST FAILED: 14190000 Test FAILED for A=32767 B=-32768
Expected:           0  received:           0
xmsim: *E,ASRTST (../tb/tb_classes/scoreboard.svh,151): (time 14230 NS) Assertion mult_pkg::scoreboard.write.__assert_1 has failed
TEST FAILED: 14230000 Test FAILED for A=-32768 B=-32768
Expected:           0  received:           0
xmsim: *E,ASRTST (../tb/tb_classes/scoreboard.svh,151): (time 14270 NS) Assertion mult_pkg::scoreboard.write.__assert_1 has failed
TEST FAILED: 14270000 Test FAILED for A=32767 B=32767
Expected:           0  received:           0
xmsim: *E,ASRTST (../tb/tb_classes/scoreboard.svh,151): (time 14370 NS) Assertion mult_pkg::scoreboard.write.__assert_1 has failed
TEST FAILED: 14370000 Test FAILED for A=32767 B=-32768
Expected: -1073709056  received: -1073709056
xmsim: *E,ASRTST (../tb/tb_classes/scoreboard.svh,151): (time 14410 NS) Assertion mult_pkg::scoreboard.write.__assert_1 has failed
TEST FAILED: 14410000 Test FAILED for A=-32768 B=32767
Expected:           0  received:           0
xmsim: *E,ASRTST (../tb/tb_classes/scoreboard.svh,151): (time 14510 NS) Assertion mult_pkg::scoreboard.write.__assert_1 has failed
TEST FAILED: 14510000 Test FAILED for A=-32768 B=32767
Expected: -1073709056  received: -1073709056
xmsim: *E,ASRTST (../tb/tb_classes/scoreboard.svh,151): (time 14550 NS) Assertion mult_pkg::scoreboard.write.__assert_1 has failed
TEST FAILED: 14550000 Test FAILED for A=-32768 B=-32768
Expected:           0  received:           0
xmsim: *E,ASRTST (../tb/tb_classes/scoreboard.svh,151): (time 14590 NS) Assertion mult_pkg::scoreboard.write.__assert_1 has failed
TEST FAILED: 14590000 Test FAILED for A=-32768 B=32767
Expected:           0  received:           0
xmsim: *E,ASRTST (../tb/tb_classes/scoreboard.svh,151): (time 14630 NS) Assertion mult_pkg::scoreboard.write.__assert_1 has failed
TEST FAILED: 14630000 Test FAILED for A=-32768 B=-32768
Expected:           0  received:           0
xmsim: *E,ASRTST (../tb/tb_classes/scoreboard.svh,151): (time 14710 NS) Assertion mult_pkg::scoreboard.write.__assert_1 has failed
TEST FAILED: 14710000 Test FAILED for A=-32768 B=-32768
Expected:  1073741824  received:  1073741824
xmsim: *E,ASRTST (../tb/tb_classes/scoreboard.svh,151): (time 14810 NS) Assertion mult_pkg::scoreboard.write.__assert_1 has failed
TEST FAILED: 14810000 Test FAILED for A=32767 B=-32768
Expected: -1073709056  received: -1073709056
xmsim: *E,ASRTST (../tb/tb_classes/scoreboard.svh,151): (time 14850 NS) Assertion mult_pkg::scoreboard.write.__assert_1 has failed
TEST FAILED: 14850000 Test FAILED for A=-32768 B=-32768
Expected:           0  received:           0
xmsim: *E,ASRTST (../tb/tb_classes/scoreboard.svh,151): (time 14890 NS) Assertion mult_pkg::scoreboard.write.__assert_1 has failed
TEST FAILED: 14890000 Test FAILED for A=32767 B=32767
Expected:           0  received:           0
xmsim: *E,ASRTST (../tb/tb_classes/scoreboard.svh,151): (time 14930 NS) Assertion mult_pkg::scoreboard.write.__assert_1 has failed
TEST FAILED: 14930000 Test FAILED for A=-32768 B=32767
Expected:           0  received:           0
xmsim: *E,ASRTST (../tb/tb_classes/scoreboard.svh,151): (time 14970 NS) Assertion mult_pkg::scoreboard.write.__assert_1 has failed
TEST FAILED: 14970000 Test FAILED for A=-32768 B=32767
Expected:           0  received:           0
xmsim: *E,ASRTST (../tb/tb_classes/scoreboard.svh,151): (time 15010 NS) Assertion mult_pkg::scoreboard.write.__assert_1 has failed
TEST FAILED: 15010000 Test FAILED for A=-32768 B=-32768
Expected:           0  received:           0
xmsim: *E,ASRTST (../tb/tb_classes/scoreboard.svh,151): (time 15050 NS) Assertion mult_pkg::scoreboard.write.__assert_1 has failed
TEST FAILED: 15050000 Test FAILED for A=32767 B=32767
Expected:           0  received:           0
xmsim: *E,ASRTST (../tb/tb_classes/scoreboard.svh,151): (time 15090 NS) Assertion mult_pkg::scoreboard.write.__assert_1 has failed
TEST FAILED: 15090000 Test FAILED for A=32767 B=32767
Expected:           0  received:           0
xmsim: *E,ASRTST (../tb/tb_classes/scoreboard.svh,151): (time 15130 NS) Assertion mult_pkg::scoreboard.write.__assert_1 has failed
TEST FAILED: 15130000 Test FAILED for A=-32768 B=32767
Expected:           0  received:           0
xmsim: *E,ASRTST (../tb/tb_classes/scoreboard.svh,151): (time 15170 NS) Assertion mult_pkg::scoreboard.write.__assert_1 has failed
TEST FAILED: 15170000 Test FAILED for A=-32768 B=32767
Expected:           0  received:           0
xmsim: *E,ASRTST (../tb/tb_classes/scoreboard.svh,151): (time 15210 NS) Assertion mult_pkg::scoreboard.write.__assert_1 has failed
TEST FAILED: 15210000 Test FAILED for A=-32768 B=-32768
Expected:           0  received:           0
xmsim: *E,ASRTST (../tb/tb_classes/scoreboard.svh,151): (time 15250 NS) Assertion mult_pkg::scoreboard.write.__assert_1 has failed
TEST FAILED: 15250000 Test FAILED for A=-32768 B=32767
Expected:           0  received:           0
xmsim: *E,ASRTST (../tb/tb_classes/scoreboard.svh,151): (time 15290 NS) Assertion mult_pkg::scoreboard.write.__assert_1 has failed
TEST FAILED: 15290000 Test FAILED for A=-32768 B=32767
Expected:           0  received:           0
xmsim: *E,ASRTST (../tb/tb_classes/scoreboard.svh,151): (time 15330 NS) Assertion mult_pkg::scoreboard.write.__assert_1 has failed
TEST FAILED: 15330000 Test FAILED for A=32767 B=-32768
Expected:           0  received:           0
xmsim: *E,ASRTST (../tb/tb_classes/scoreboard.svh,151): (time 15370 NS) Assertion mult_pkg::scoreboard.write.__assert_1 has failed
TEST FAILED: 15370000 Test FAILED for A=32767 B=-32768
Expected:           0  received:           0
xmsim: *E,ASRTST (../tb/tb_classes/scoreboard.svh,151): (time 15410 NS) Assertion mult_pkg::scoreboard.write.__assert_1 has failed
TEST FAILED: 15410000 Test FAILED for A=-32768 B=32767
Expected:           0  received:           0
xmsim: *E,ASRTST (../tb/tb_classes/scoreboard.svh,151): (time 15510 NS) Assertion mult_pkg::scoreboard.write.__assert_1 has failed
TEST FAILED: 15510000 Test FAILED for A=32767 B=-32768
Expected: -1073709056  received: -1073709056
xmsim: *E,ASRTST (../tb/tb_classes/scoreboard.svh,151): (time 15550 NS) Assertion mult_pkg::scoreboard.write.__assert_1 has failed
TEST FAILED: 15550000 Test FAILED for A=32767 B=32767
Expected:           0  received:           0
xmsim: *E,ASRTST (../tb/tb_classes/scoreboard.svh,151): (time 15590 NS) Assertion mult_pkg::scoreboard.write.__assert_1 has failed
TEST FAILED: 15590000 Test FAILED for A=32767 B=32767
Expected:           0  received:           0
xmsim: *E,ASRTST (../tb/tb_classes/scoreboard.svh,151): (time 15710 NS) Assertion mult_pkg::scoreboard.write.__assert_1 has failed
TEST FAILED: 15710000 Test FAILED for A=32767 B=32767
Expected:  1073676289  received:  1073676289
xmsim: *E,ASRTST (../tb/tb_classes/scoreboard.svh,151): (time 15750 NS) Assertion mult_pkg::scoreboard.write.__assert_1 has failed
TEST FAILED: 15750000 Test FAILED for A=32767 B=32767
Expected:           0  received:           0
xmsim: *E,ASRTST (../tb/tb_classes/scoreboard.svh,151): (time 15850 NS) Assertion mult_pkg::scoreboard.write.__assert_1 has failed
TEST FAILED: 15850000 Test FAILED for A=-32768 B=32767
Expected: -1073709056  received: -1073709056
xmsim: *E,ASRTST (../tb/tb_classes/scoreboard.svh,151): (time 15890 NS) Assertion mult_pkg::scoreboard.write.__assert_1 has failed
TEST FAILED: 15890000 Test FAILED for A=32767 B=-32768
Expected:           0  received:           0
xmsim: *E,ASRTST (../tb/tb_classes/scoreboard.svh,151): (time 15930 NS) Assertion mult_pkg::scoreboard.write.__assert_1 has failed
TEST FAILED: 15930000 Test FAILED for A=-32768 B=-32768
Expected:           0  received:           0
xmsim: *E,ASRTST (../tb/tb_classes/scoreboard.svh,151): (time 15970 NS) Assertion mult_pkg::scoreboard.write.__assert_1 has failed
TEST FAILED: 15970000 Test FAILED for A=32767 B=32767
Expected:           0  received:           0
xmsim: *E,ASRTST (../tb/tb_classes/scoreboard.svh,151): (time 16010 NS) Assertion mult_pkg::scoreboard.write.__assert_1 has failed
TEST FAILED: 16010000 Test FAILED for A=-32768 B=-32768
Expected:           0  received:           0
xmsim: *E,ASRTST (../tb/tb_classes/scoreboard.svh,151): (time 16050 NS) Assertion mult_pkg::scoreboard.write.__assert_1 has failed
TEST FAILED: 16050000 Test FAILED for A=32767 B=32767
Expected:           0  received:           0
xmsim: *E,ASRTST (../tb/tb_classes/scoreboard.svh,151): (time 16090 NS) Assertion mult_pkg::scoreboard.write.__assert_1 has failed
TEST FAILED: 16090000 Test FAILED for A=-32768 B=32767
Expected:           0  received:           0
xmsim: *E,ASRTST (../tb/tb_classes/scoreboard.svh,151): (time 16130 NS) Assertion mult_pkg::scoreboard.write.__assert_1 has failed
TEST FAILED: 16130000 Test FAILED for A=-32768 B=32767
Expected:           0  received:           0
xmsim: *E,ASRTST (../tb/tb_classes/scoreboard.svh,151): (time 16250 NS) Assertion mult_pkg::scoreboard.write.__assert_1 has failed
TEST FAILED: 16250000 Test FAILED for A=32767 B=32767
Expected:  1073676289  received:  1073676289
xmsim: *E,ASRTST (../tb/tb_classes/scoreboard.svh,151): (time 16290 NS) Assertion mult_pkg::scoreboard.write.__assert_1 has failed
TEST FAILED: 16290000 Test FAILED for A=32767 B=32767
Expected:           0  received:           0
xmsim: *E,ASRTST (../tb/tb_classes/scoreboard.svh,151): (time 16330 NS) Assertion mult_pkg::scoreboard.write.__assert_1 has failed
TEST FAILED: 16330000 Test FAILED for A=-32768 B=-32768
Expected:           0  received:           0
xmsim: *E,ASRTST (../tb/tb_classes/scoreboard.svh,151): (time 16370 NS) Assertion mult_pkg::scoreboard.write.__assert_1 has failed
TEST FAILED: 16370000 Test FAILED for A=32767 B=32767
Expected:           0  received:           0
xmsim: *E,ASRTST (../tb/tb_classes/scoreboard.svh,151): (time 16410 NS) Assertion mult_pkg::scoreboard.write.__assert_1 has failed
TEST FAILED: 16410000 Test FAILED for A=32767 B=-32768
Expected:           0  received:           0
xmsim: *E,ASRTST (../tb/tb_classes/scoreboard.svh,151): (time 16450 NS) Assertion mult_pkg::scoreboard.write.__assert_1 has failed
TEST FAILED: 16450000 Test FAILED for A=32767 B=32767
Expected:           0  received:           0
xmsim: *E,ASRTST (../tb/tb_classes/scoreboard.svh,151): (time 16490 NS) Assertion mult_pkg::scoreboard.write.__assert_1 has failed
TEST FAILED: 16490000 Test FAILED for A=-32768 B=-32768
Expected:           0  received:           0
xmsim: *E,ASRTST (../tb/tb_classes/scoreboard.svh,151): (time 16530 NS) Assertion mult_pkg::scoreboard.write.__assert_1 has failed
TEST FAILED: 16530000 Test FAILED for A=-32768 B=-32768
Expected:           0  received:           0
xmsim: *E,ASRTST (../tb/tb_classes/scoreboard.svh,151): (time 16650 NS) Assertion mult_pkg::scoreboard.write.__assert_1 has failed
TEST FAILED: 16650000 Test FAILED for A=32767 B=32767
Expected:  1073676289  received:  1073676289
xmsim: *E,ASRTST (../tb/tb_classes/scoreboard.svh,151): (time 16690 NS) Assertion mult_pkg::scoreboard.write.__assert_1 has failed
TEST FAILED: 16690000 Test FAILED for A=-32768 B=32767
Expected:           0  received:           0
xmsim: *E,ASRTST (../tb/tb_classes/scoreboard.svh,151): (time 16730 NS) Assertion mult_pkg::scoreboard.write.__assert_1 has failed
TEST FAILED: 16730000 Test FAILED for A=-32768 B=-32768
Expected:           0  received:           0
xmsim: *E,ASRTST (../tb/tb_classes/scoreboard.svh,151): (time 16770 NS) Assertion mult_pkg::scoreboard.write.__assert_1 has failed
TEST FAILED: 16770000 Test FAILED for A=32767 B=32767
Expected:           0  received:           0
xmsim: *E,ASRTST (../tb/tb_classes/scoreboard.svh,151): (time 16810 NS) Assertion mult_pkg::scoreboard.write.__assert_1 has failed
TEST FAILED: 16810000 Test FAILED for A=-32768 B=32767
Expected:           0  received:           0
xmsim: *E,ASRTST (../tb/tb_classes/scoreboard.svh,151): (time 16850 NS) Assertion mult_pkg::scoreboard.write.__assert_1 has failed
TEST FAILED: 16850000 Test FAILED for A=-32768 B=-32768
Expected:           0  received:           0
xmsim: *E,ASRTST (../tb/tb_classes/scoreboard.svh,151): (time 16950 NS) Assertion mult_pkg::scoreboard.write.__assert_1 has failed
TEST FAILED: 16950000 Test FAILED for A=-32768 B=32767
Expected: -1073709056  received: -1073709056
xmsim: *E,ASRTST (../tb/tb_classes/scoreboard.svh,151): (time 16990 NS) Assertion mult_pkg::scoreboard.write.__assert_1 has failed
TEST FAILED: 16990000 Test FAILED for A=32767 B=-32768
Expected:           0  received:           0
xmsim: *E,ASRTST (../tb/tb_classes/scoreboard.svh,151): (time 17090 NS) Assertion mult_pkg::scoreboard.write.__assert_1 has failed
TEST FAILED: 17090000 Test FAILED for A=-32768 B=32767
Expected: -1073709056  received: -1073709056
xmsim: *E,ASRTST (../tb/tb_classes/scoreboard.svh,151): (time 17170 NS) Assertion mult_pkg::scoreboard.write.__assert_1 has failed
TEST FAILED: 17170000 Test FAILED for A=-32768 B=-32768
Expected:  1073741824  received:  1073741824
xmsim: *E,ASRTST (../tb/tb_classes/scoreboard.svh,151): (time 17210 NS) Assertion mult_pkg::scoreboard.write.__assert_1 has failed
TEST FAILED: 17210000 Test FAILED for A=32767 B=-32768
Expected:           0  received:           0
xmsim: *E,ASRTST (../tb/tb_classes/scoreboard.svh,151): (time 17250 NS) Assertion mult_pkg::scoreboard.write.__assert_1 has failed
TEST FAILED: 17250000 Test FAILED for A=-32768 B=-32768
Expected:           0  received:           0
xmsim: *E,ASRTST (../tb/tb_classes/scoreboard.svh,151): (time 17290 NS) Assertion mult_pkg::scoreboard.write.__assert_1 has failed
TEST FAILED: 17290000 Test FAILED for A=-32768 B=-32768
Expected:           0  received:           0
xmsim: *E,ASRTST (../tb/tb_classes/scoreboard.svh,151): (time 17330 NS) Assertion mult_pkg::scoreboard.write.__assert_1 has failed
TEST FAILED: 17330000 Test FAILED for A=32767 B=-32768
Expected:           0  received:           0
xmsim: *E,ASRTST (../tb/tb_classes/scoreboard.svh,151): (time 17370 NS) Assertion mult_pkg::scoreboard.write.__assert_1 has failed
TEST FAILED: 17370000 Test FAILED for A=-32768 B=-32768
Expected:           0  received:           0
xmsim: *E,ASRTST (../tb/tb_classes/scoreboard.svh,151): (time 17410 NS) Assertion mult_pkg::scoreboard.write.__assert_1 has failed
TEST FAILED: 17410000 Test FAILED for A=-32768 B=-32768
Expected:           0  received:           0
xmsim: *E,ASRTST (../tb/tb_classes/scoreboard.svh,151): (time 17450 NS) Assertion mult_pkg::scoreboard.write.__assert_1 has failed
TEST FAILED: 17450000 Test FAILED for A=32767 B=-32768
Expected:           0  received:           0
xmsim: *E,ASRTST (../tb/tb_classes/scoreboard.svh,151): (time 17490 NS) Assertion mult_pkg::scoreboard.write.__assert_1 has failed
TEST FAILED: 17490000 Test FAILED for A=-32768 B=32767
Expected:           0  received:           0
xmsim: *E,ASRTST (../tb/tb_classes/scoreboard.svh,151): (time 17530 NS) Assertion mult_pkg::scoreboard.write.__assert_1 has failed
TEST FAILED: 17530000 Test FAILED for A=32767 B=-32768
Expected:           0  received:           0
xmsim: *E,ASRTST (../tb/tb_classes/scoreboard.svh,151): (time 17570 NS) Assertion mult_pkg::scoreboard.write.__assert_1 has failed
TEST FAILED: 17570000 Test FAILED for A=32767 B=-32768
Expected:           0  received:           0
xmsim: *E,ASRTST (../tb/tb_classes/scoreboard.svh,151): (time 17610 NS) Assertion mult_pkg::scoreboard.write.__assert_1 has failed
TEST FAILED: 17610000 Test FAILED for A=32767 B=-32768
Expected:           0  received:           0
xmsim: *E,ASRTST (../tb/tb_classes/scoreboard.svh,151): (time 17650 NS) Assertion mult_pkg::scoreboard.write.__assert_1 has failed
TEST FAILED: 17650000 Test FAILED for A=-32768 B=-32768
Expected:           0  received:           0
xmsim: *E,ASRTST (../tb/tb_classes/scoreboard.svh,151): (time 17730 NS) Assertion mult_pkg::scoreboard.write.__assert_1 has failed
TEST FAILED: 17730000 Test FAILED for A=-32768 B=-32768
Expected:  1073741824  received:  1073741824
xmsim: *E,ASRTST (../tb/tb_classes/scoreboard.svh,151): (time 17770 NS) Assertion mult_pkg::scoreboard.write.__assert_1 has failed
TEST FAILED: 17770000 Test FAILED for A=32767 B=-32768
Expected:           0  received:           0
xmsim: *E,ASRTST (../tb/tb_classes/scoreboard.svh,151): (time 17850 NS) Assertion mult_pkg::scoreboard.write.__assert_1 has failed
TEST FAILED: 17850000 Test FAILED for A=-32768 B=-32768
Expected:  1073741824  received:  1073741824
xmsim: *E,ASRTST (../tb/tb_classes/scoreboard.svh,151): (time 17890 NS) Assertion mult_pkg::scoreboard.write.__assert_1 has failed
TEST FAILED: 17890000 Test FAILED for A=-32768 B=32767
Expected:           0  received:           0
xmsim: *E,ASRTST (../tb/tb_classes/scoreboard.svh,151): (time 17930 NS) Assertion mult_pkg::scoreboard.write.__assert_1 has failed
TEST FAILED: 17930000 Test FAILED for A=32767 B=-32768
Expected:           0  received:           0
xmsim: *E,ASRTST (../tb/tb_classes/scoreboard.svh,151): (time 17970 NS) Assertion mult_pkg::scoreboard.write.__assert_1 has failed
TEST FAILED: 17970000 Test FAILED for A=32767 B=32767
Expected:           0  received:           0
xmsim: *E,ASRTST (../tb/tb_classes/scoreboard.svh,151): (time 18010 NS) Assertion mult_pkg::scoreboard.write.__assert_1 has failed
TEST FAILED: 18010000 Test FAILED for A=32767 B=32767
Expected:           0  received:           0
xmsim: *E,ASRTST (../tb/tb_classes/scoreboard.svh,151): (time 18050 NS) Assertion mult_pkg::scoreboard.write.__assert_1 has failed
TEST FAILED: 18050000 Test FAILED for A=32767 B=-32768
Expected:           0  received:           0
xmsim: *E,ASRTST (../tb/tb_classes/scoreboard.svh,151): (time 18090 NS) Assertion mult_pkg::scoreboard.write.__assert_1 has failed
TEST FAILED: 18090000 Test FAILED for A=32767 B=-32768
Expected:           0  received:           0
xmsim: *E,ASRTST (../tb/tb_classes/scoreboard.svh,151): (time 18130 NS) Assertion mult_pkg::scoreboard.write.__assert_1 has failed
TEST FAILED: 18130000 Test FAILED for A=-32768 B=-32768
Expected:           0  received:           0
xmsim: *E,ASRTST (../tb/tb_classes/scoreboard.svh,151): (time 18170 NS) Assertion mult_pkg::scoreboard.write.__assert_1 has failed
TEST FAILED: 18170000 Test FAILED for A=32767 B=-32768
Expected:           0  received:           0
xmsim: *E,ASRTST (../tb/tb_classes/scoreboard.svh,151): (time 18270 NS) Assertion mult_pkg::scoreboard.write.__assert_1 has failed
TEST FAILED: 18270000 Test FAILED for A=-32768 B=32767
Expected: -1073709056  received: -1073709056
xmsim: *E,ASRTST (../tb/tb_classes/scoreboard.svh,151): (time 18310 NS) Assertion mult_pkg::scoreboard.write.__assert_1 has failed
TEST FAILED: 18310000 Test FAILED for A=32767 B=-32768
Expected:           0  received:           0
xmsim: *E,ASRTST (../tb/tb_classes/scoreboard.svh,151): (time 18350 NS) Assertion mult_pkg::scoreboard.write.__assert_1 has failed
TEST FAILED: 18350000 Test FAILED for A=-32768 B=-32768
Expected:           0  received:           0
xmsim: *E,ASRTST (../tb/tb_classes/scoreboard.svh,151): (time 18390 NS) Assertion mult_pkg::scoreboard.write.__assert_1 has failed
TEST FAILED: 18390000 Test FAILED for A=-32768 B=32767
Expected:           0  received:           0
xmsim: *E,ASRTST (../tb/tb_classes/scoreboard.svh,151): (time 18430 NS) Assertion mult_pkg::scoreboard.write.__assert_1 has failed
TEST FAILED: 18430000 Test FAILED for A=-32768 B=32767
Expected:           0  received:           0
xmsim: *E,ASRTST (../tb/tb_classes/scoreboard.svh,151): (time 18470 NS) Assertion mult_pkg::scoreboard.write.__assert_1 has failed
TEST FAILED: 18470000 Test FAILED for A=-32768 B=32767
Expected:           0  received:           0
xmsim: *E,ASRTST (../tb/tb_classes/scoreboard.svh,151): (time 18510 NS) Assertion mult_pkg::scoreboard.write.__assert_1 has failed
TEST FAILED: 18510000 Test FAILED for A=-32768 B=32767
Expected:           0  received:           0
xmsim: *E,ASRTST (../tb/tb_classes/scoreboard.svh,151): (time 18550 NS) Assertion mult_pkg::scoreboard.write.__assert_1 has failed
TEST FAILED: 18550000 Test FAILED for A=-32768 B=-32768
Expected:           0  received:           0
xmsim: *E,ASRTST (../tb/tb_classes/scoreboard.svh,151): (time 18590 NS) Assertion mult_pkg::scoreboard.write.__assert_1 has failed
TEST FAILED: 18590000 Test FAILED for A=-32768 B=32767
Expected:           0  received:           0
xmsim: *E,ASRTST (../tb/tb_classes/scoreboard.svh,151): (time 18630 NS) Assertion mult_pkg::scoreboard.write.__assert_1 has failed
TEST FAILED: 18630000 Test FAILED for A=-32768 B=32767
Expected:           0  received:           0
xmsim: *E,ASRTST (../tb/tb_classes/scoreboard.svh,151): (time 18670 NS) Assertion mult_pkg::scoreboard.write.__assert_1 has failed
TEST FAILED: 18670000 Test FAILED for A=32767 B=-32768
Expected:           0  received:           0
xmsim: *E,ASRTST (../tb/tb_classes/scoreboard.svh,151): (time 18710 NS) Assertion mult_pkg::scoreboard.write.__assert_1 has failed
TEST FAILED: 18710000 Test FAILED for A=-32768 B=-32768
Expected:           0  received:           0
xmsim: *E,ASRTST (../tb/tb_classes/scoreboard.svh,151): (time 18750 NS) Assertion mult_pkg::scoreboard.write.__assert_1 has failed
TEST FAILED: 18750000 Test FAILED for A=-32768 B=32767
Expected:           0  received:           0
xmsim: *E,ASRTST (../tb/tb_classes/scoreboard.svh,151): (time 18850 NS) Assertion mult_pkg::scoreboard.write.__assert_1 has failed
TEST FAILED: 18850000 Test FAILED for A=32767 B=-32768
Expected: -1073709056  received: -1073709056
xmsim: *E,ASRTST (../tb/tb_classes/scoreboard.svh,151): (time 18890 NS) Assertion mult_pkg::scoreboard.write.__assert_1 has failed
TEST FAILED: 18890000 Test FAILED for A=-32768 B=-32768
Expected:           0  received:           0
xmsim: *E,ASRTST (../tb/tb_classes/scoreboard.svh,151): (time 18930 NS) Assertion mult_pkg::scoreboard.write.__assert_1 has failed
TEST FAILED: 18930000 Test FAILED for A=32767 B=-32768
Expected:           0  received:           0
xmsim: *E,ASRTST (../tb/tb_classes/scoreboard.svh,151): (time 18970 NS) Assertion mult_pkg::scoreboard.write.__assert_1 has failed
TEST FAILED: 18970000 Test FAILED for A=-32768 B=32767
Expected:           0  received:           0
xmsim: *E,ASRTST (../tb/tb_classes/scoreboard.svh,151): (time 19010 NS) Assertion mult_pkg::scoreboard.write.__assert_1 has failed
TEST FAILED: 19010000 Test FAILED for A=32767 B=-32768
Expected:           0  received:           0
xmsim: *E,ASRTST (../tb/tb_classes/scoreboard.svh,151): (time 19050 NS) Assertion mult_pkg::scoreboard.write.__assert_1 has failed
TEST FAILED: 19050000 Test FAILED for A=32767 B=32767
Expected:           0  received:           0
xmsim: *E,ASRTST (../tb/tb_classes/scoreboard.svh,151): (time 19150 NS) Assertion mult_pkg::scoreboard.write.__assert_1 has failed
TEST FAILED: 19150000 Test FAILED for A=32767 B=-32768
Expected: -1073709056  received: -1073709056
xmsim: *E,ASRTST (../tb/tb_classes/scoreboard.svh,151): (time 19190 NS) Assertion mult_pkg::scoreboard.write.__assert_1 has failed
TEST FAILED: 19190000 Test FAILED for A=-32768 B=-32768
Expected:           0  received:           0
xmsim: *E,ASRTST (../tb/tb_classes/scoreboard.svh,151): (time 19230 NS) Assertion mult_pkg::scoreboard.write.__assert_1 has failed
TEST FAILED: 19230000 Test FAILED for A=32767 B=32767
Expected:           0  received:           0
xmsim: *E,ASRTST (../tb/tb_classes/scoreboard.svh,151): (time 19270 NS) Assertion mult_pkg::scoreboard.write.__assert_1 has failed
TEST FAILED: 19270000 Test FAILED for A=-32768 B=-32768
Expected:           0  received:           0
xmsim: *E,ASRTST (../tb/tb_classes/scoreboard.svh,151): (time 19310 NS) Assertion mult_pkg::scoreboard.write.__assert_1 has failed
TEST FAILED: 19310000 Test FAILED for A=32767 B=32767
Expected:           0  received:           0
xmsim: *E,ASRTST (../tb/tb_classes/scoreboard.svh,151): (time 19350 NS) Assertion mult_pkg::scoreboard.write.__assert_1 has failed
TEST FAILED: 19350000 Test FAILED for A=32767 B=32767
Expected:           0  received:           0
xmsim: *E,ASRTST (../tb/tb_classes/scoreboard.svh,151): (time 19390 NS) Assertion mult_pkg::scoreboard.write.__assert_1 has failed
TEST FAILED: 19390000 Test FAILED for A=32767 B=-32768
Expected:           0  received:           0
xmsim: *E,ASRTST (../tb/tb_classes/scoreboard.svh,151): (time 19430 NS) Assertion mult_pkg::scoreboard.write.__assert_1 has failed
TEST FAILED: 19430000 Test FAILED for A=-32768 B=32767
Expected:           0  received:           0
xmsim: *E,ASRTST (../tb/tb_classes/scoreboard.svh,151): (time 19470 NS) Assertion mult_pkg::scoreboard.write.__assert_1 has failed
TEST FAILED: 19470000 Test FAILED for A=-32768 B=32767
Expected:           0  received:           0
xmsim: *E,ASRTST (../tb/tb_classes/scoreboard.svh,151): (time 19590 NS) Assertion mult_pkg::scoreboard.write.__assert_1 has failed
TEST FAILED: 19590000 Test FAILED for A=32767 B=32767
Expected:  1073676289  received:  1073676289
xmsim: *E,ASRTST (../tb/tb_classes/scoreboard.svh,151): (time 19630 NS) Assertion mult_pkg::scoreboard.write.__assert_1 has failed
TEST FAILED: 19630000 Test FAILED for A=32767 B=-32768
Expected:           0  received:           0
xmsim: *E,ASRTST (../tb/tb_classes/scoreboard.svh,151): (time 19730 NS) Assertion mult_pkg::scoreboard.write.__assert_1 has failed
TEST FAILED: 19730000 Test FAILED for A=-32768 B=32767
Expected: -1073709056  received: -1073709056
xmsim: *E,ASRTST (../tb/tb_classes/scoreboard.svh,151): (time 19770 NS) Assertion mult_pkg::scoreboard.write.__assert_1 has failed
TEST FAILED: 19770000 Test FAILED for A=-32768 B=32767
Expected:           0  received:           0
xmsim: *E,ASRTST (../tb/tb_classes/scoreboard.svh,151): (time 19810 NS) Assertion mult_pkg::scoreboard.write.__assert_1 has failed
TEST FAILED: 19810000 Test FAILED for A=32767 B=32767
Expected:           0  received:           0
xmsim: *E,ASRTST (../tb/tb_classes/scoreboard.svh,151): (time 19850 NS) Assertion mult_pkg::scoreboard.write.__assert_1 has failed
TEST FAILED: 19850000 Test FAILED for A=32767 B=32767
Expected:           0  received:           0
xmsim: *E,ASRTST (../tb/tb_classes/scoreboard.svh,151): (time 19890 NS) Assertion mult_pkg::scoreboard.write.__assert_1 has failed
TEST FAILED: 19890000 Test FAILED for A=32767 B=-32768
Expected:           0  received:           0
xmsim: *E,ASRTST (../tb/tb_classes/scoreboard.svh,151): (time 19930 NS) Assertion mult_pkg::scoreboard.write.__assert_1 has failed
TEST FAILED: 19930000 Test FAILED for A=-32768 B=-32768
Expected:           0  received:           0
xmsim: *E,ASRTST (../tb/tb_classes/scoreboard.svh,151): (time 19970 NS) Assertion mult_pkg::scoreboard.write.__assert_1 has failed
TEST FAILED: 19970000 Test FAILED for A=32767 B=32767
Expected:           0  received:           0
xmsim: *E,ASRTST (../tb/tb_classes/scoreboard.svh,151): (time 20010 NS) Assertion mult_pkg::scoreboard.write.__assert_1 has failed
TEST FAILED: 20010000 Test FAILED for A=32767 B=-32768
Expected:           0  received:           0
xmsim: *E,ASRTST (../tb/tb_classes/scoreboard.svh,151): (time 20050 NS) Assertion mult_pkg::scoreboard.write.__assert_1 has failed
TEST FAILED: 20050000 Test FAILED for A=32767 B=-32768
Expected:           0  received:           0
xmsim: *E,ASRTST (../tb/tb_classes/scoreboard.svh,151): (time 20090 NS) Assertion mult_pkg::scoreboard.write.__assert_1 has failed
TEST FAILED: 20090000 Test FAILED for A=-32768 B=32767
Expected:           0  received:           0
xmsim: *E,ASRTST (../tb/tb_classes/scoreboard.svh,151): (time 20130 NS) Assertion mult_pkg::scoreboard.write.__assert_1 has failed
TEST FAILED: 20130000 Test FAILED for A=32767 B=-32768
Expected:           0  received:           0
xmsim: *E,ASRTST (../tb/tb_classes/scoreboard.svh,151): (time 20170 NS) Assertion mult_pkg::scoreboard.write.__assert_1 has failed
TEST FAILED: 20170000 Test FAILED for A=32767 B=-32768
Expected:           0  received:           0
xmsim: *E,ASRTST (../tb/tb_classes/scoreboard.svh,151): (time 20210 NS) Assertion mult_pkg::scoreboard.write.__assert_1 has failed
TEST FAILED: 20210000 Test FAILED for A=-32768 B=-32768
Expected:           0  received:           0
xmsim: *E,ASRTST (../tb/tb_classes/scoreboard.svh,151): (time 20250 NS) Assertion mult_pkg::scoreboard.write.__assert_1 has failed
TEST FAILED: 20250000 Test FAILED for A=32767 B=-32768
Expected:           0  received:           0
xmsim: *E,ASRTST (../tb/tb_classes/scoreboard.svh,151): (time 20290 NS) Assertion mult_pkg::scoreboard.write.__assert_1 has failed
TEST FAILED: 20290000 Test FAILED for A=32767 B=32767
Expected:           0  received:           0
xmsim: *E,ASRTST (../tb/tb_classes/scoreboard.svh,151): (time 20330 NS) Assertion mult_pkg::scoreboard.write.__assert_1 has failed
TEST FAILED: 20330000 Test FAILED for A=32767 B=-32768
Expected:           0  received:           0
xmsim: *E,ASRTST (../tb/tb_classes/scoreboard.svh,151): (time 20370 NS) Assertion mult_pkg::scoreboard.write.__assert_1 has failed
TEST FAILED: 20370000 Test FAILED for A=32767 B=-32768
Expected:           0  received:           0
xmsim: *E,ASRTST (../tb/tb_classes/scoreboard.svh,151): (time 20470 NS) Assertion mult_pkg::scoreboard.write.__assert_1 has failed
TEST FAILED: 20470000 Test FAILED for A=32767 B=-32768
Expected: -1073709056  received: -1073709056
xmsim: *E,ASRTST (../tb/tb_classes/scoreboard.svh,151): (time 20510 NS) Assertion mult_pkg::scoreboard.write.__assert_1 has failed
TEST FAILED: 20510000 Test FAILED for A=32767 B=-32768
Expected:           0  received:           0
xmsim: *E,ASRTST (../tb/tb_classes/scoreboard.svh,151): (time 20550 NS) Assertion mult_pkg::scoreboard.write.__assert_1 has failed
TEST FAILED: 20550000 Test FAILED for A=-32768 B=-32768
Expected:           0  received:           0
xmsim: *E,ASRTST (../tb/tb_classes/scoreboard.svh,151): (time 20590 NS) Assertion mult_pkg::scoreboard.write.__assert_1 has failed
TEST FAILED: 20590000 Test FAILED for A=-32768 B=-32768
Expected:           0  received:           0
xmsim: *E,ASRTST (../tb/tb_classes/scoreboard.svh,151): (time 20630 NS) Assertion mult_pkg::scoreboard.write.__assert_1 has failed
TEST FAILED: 20630000 Test FAILED for A=-32768 B=-32768
Expected:           0  received:           0
xmsim: *E,ASRTST (../tb/tb_classes/scoreboard.svh,151): (time 20670 NS) Assertion mult_pkg::scoreboard.write.__assert_1 has failed
TEST FAILED: 20670000 Test FAILED for A=-32768 B=32767
Expected:           0  received:           0
xmsim: *E,ASRTST (../tb/tb_classes/scoreboard.svh,151): (time 20710 NS) Assertion mult_pkg::scoreboard.write.__assert_1 has failed
TEST FAILED: 20710000 Test FAILED for A=-32768 B=-32768
Expected:           0  received:           0
xmsim: *E,ASRTST (../tb/tb_classes/scoreboard.svh,151): (time 20790 NS) Assertion mult_pkg::scoreboard.write.__assert_1 has failed
TEST FAILED: 20790000 Test FAILED for A=-32768 B=-32768
Expected:  1073741824  received:  1073741824
xmsim: *E,ASRTST (../tb/tb_classes/scoreboard.svh,151): (time 20830 NS) Assertion mult_pkg::scoreboard.write.__assert_1 has failed
TEST FAILED: 20830000 Test FAILED for A=-32768 B=32767
Expected:           0  received:           0
xmsim: *E,ASRTST (../tb/tb_classes/scoreboard.svh,151): (time 20870 NS) Assertion mult_pkg::scoreboard.write.__assert_1 has failed
TEST FAILED: 20870000 Test FAILED for A=-32768 B=32767
Expected:           0  received:           0
xmsim: *E,ASRTST (../tb/tb_classes/scoreboard.svh,151): (time 20990 NS) Assertion mult_pkg::scoreboard.write.__assert_1 has failed
TEST FAILED: 20990000 Test FAILED for A=32767 B=32767
Expected:  1073676289  received:  1073676289
xmsim: *E,ASRTST (../tb/tb_classes/scoreboard.svh,151): (time 21030 NS) Assertion mult_pkg::scoreboard.write.__assert_1 has failed
TEST FAILED: 21030000 Test FAILED for A=32767 B=32767
Expected:           0  received:           0
xmsim: *E,ASRTST (../tb/tb_classes/scoreboard.svh,151): (time 21070 NS) Assertion mult_pkg::scoreboard.write.__assert_1 has failed
TEST FAILED: 21070000 Test FAILED for A=-32768 B=32767
Expected:           0  received:           0
xmsim: *E,ASRTST (../tb/tb_classes/scoreboard.svh,151): (time 21110 NS) Assertion mult_pkg::scoreboard.write.__assert_1 has failed
TEST FAILED: 21110000 Test FAILED for A=32767 B=-32768
Expected:           0  received:           0
xmsim: *E,ASRTST (../tb/tb_classes/scoreboard.svh,151): (time 21210 NS) Assertion mult_pkg::scoreboard.write.__assert_1 has failed
TEST FAILED: 21210000 Test FAILED for A=-32768 B=32767
Expected: -1073709056  received: -1073709056
xmsim: *E,ASRTST (../tb/tb_classes/scoreboard.svh,151): (time 21250 NS) Assertion mult_pkg::scoreboard.write.__assert_1 has failed
TEST FAILED: 21250000 Test FAILED for A=-32768 B=-32768
Expected:           0  received:           0
xmsim: *E,ASRTST (../tb/tb_classes/scoreboard.svh,151): (time 21290 NS) Assertion mult_pkg::scoreboard.write.__assert_1 has failed
TEST FAILED: 21290000 Test FAILED for A=32767 B=32767
Expected:           0  received:           0
xmsim: *E,ASRTST (../tb/tb_classes/scoreboard.svh,151): (time 21330 NS) Assertion mult_pkg::scoreboard.write.__assert_1 has failed
TEST FAILED: 21330000 Test FAILED for A=-32768 B=32767
Expected:           0  received:           0
xmsim: *E,ASRTST (../tb/tb_classes/scoreboard.svh,151): (time 21370 NS) Assertion mult_pkg::scoreboard.write.__assert_1 has failed
TEST FAILED: 21370000 Test FAILED for A=32767 B=-32768
Expected:           0  received:           0
xmsim: *E,ASRTST (../tb/tb_classes/scoreboard.svh,151): (time 21410 NS) Assertion mult_pkg::scoreboard.write.__assert_1 has failed
TEST FAILED: 21410000 Test FAILED for A=-32768 B=-32768
Expected:           0  received:           0
xmsim: *E,ASRTST (../tb/tb_classes/scoreboard.svh,151): (time 21450 NS) Assertion mult_pkg::scoreboard.write.__assert_1 has failed
TEST FAILED: 21450000 Test FAILED for A=32767 B=32767
Expected:           0  received:           0
xmsim: *E,ASRTST (../tb/tb_classes/scoreboard.svh,151): (time 21490 NS) Assertion mult_pkg::scoreboard.write.__assert_1 has failed
TEST FAILED: 21490000 Test FAILED for A=32767 B=32767
Expected:           0  received:           0
xmsim: *E,ASRTST (../tb/tb_classes/scoreboard.svh,151): (time 21530 NS) Assertion mult_pkg::scoreboard.write.__assert_1 has failed
TEST FAILED: 21530000 Test FAILED for A=32767 B=32767
Expected:           0  received:           0
xmsim: *E,ASRTST (../tb/tb_classes/scoreboard.svh,151): (time 21570 NS) Assertion mult_pkg::scoreboard.write.__assert_1 has failed
TEST FAILED: 21570000 Test FAILED for A=-32768 B=32767
Expected:           0  received:           0
xmsim: *E,ASRTST (../tb/tb_classes/scoreboard.svh,151): (time 21610 NS) Assertion mult_pkg::scoreboard.write.__assert_1 has failed
TEST FAILED: 21610000 Test FAILED for A=32767 B=32767
Expected:           0  received:           0
xmsim: *E,ASRTST (../tb/tb_classes/scoreboard.svh,151): (time 21730 NS) Assertion mult_pkg::scoreboard.write.__assert_1 has failed
TEST FAILED: 21730000 Test FAILED for A=32767 B=32767
Expected:  1073676289  received:  1073676289
xmsim: *E,ASRTST (../tb/tb_classes/scoreboard.svh,151): (time 21770 NS) Assertion mult_pkg::scoreboard.write.__assert_1 has failed
TEST FAILED: 21770000 Test FAILED for A=-32768 B=32767
Expected:           0  received:           0
xmsim: *E,ASRTST (../tb/tb_classes/scoreboard.svh,151): (time 21810 NS) Assertion mult_pkg::scoreboard.write.__assert_1 has failed
TEST FAILED: 21810000 Test FAILED for A=-32768 B=-32768
Expected:           0  received:           0
xmsim: *E,ASRTST (../tb/tb_classes/scoreboard.svh,151): (time 21850 NS) Assertion mult_pkg::scoreboard.write.__assert_1 has failed
TEST FAILED: 21850000 Test FAILED for A=-32768 B=-32768
Expected:           0  received:           0
xmsim: *E,ASRTST (../tb/tb_classes/scoreboard.svh,151): (time 21890 NS) Assertion mult_pkg::scoreboard.write.__assert_1 has failed
TEST FAILED: 21890000 Test FAILED for A=-32768 B=32767
Expected:           0  received:           0
xmsim: *E,ASRTST (../tb/tb_classes/scoreboard.svh,151): (time 21930 NS) Assertion mult_pkg::scoreboard.write.__assert_1 has failed
TEST FAILED: 21930000 Test FAILED for A=32767 B=-32768
Expected:           0  received:           0
xmsim: *E,ASRTST (../tb/tb_classes/scoreboard.svh,151): (time 21970 NS) Assertion mult_pkg::scoreboard.write.__assert_1 has failed
TEST FAILED: 21970000 Test FAILED for A=32767 B=32767
Expected:           0  received:           0
xmsim: *E,ASRTST (../tb/tb_classes/scoreboard.svh,151): (time 22010 NS) Assertion mult_pkg::scoreboard.write.__assert_1 has failed
TEST FAILED: 22010000 Test FAILED for A=32767 B=-32768
Expected:           0  received:           0
xmsim: *E,ASRTST (../tb/tb_classes/scoreboard.svh,151): (time 22130 NS) Assertion mult_pkg::scoreboard.write.__assert_1 has failed
TEST FAILED: 22130000 Test FAILED for A=32767 B=32767
Expected:  1073676289  received:  1073676289
xmsim: *E,ASRTST (../tb/tb_classes/scoreboard.svh,151): (time 22170 NS) Assertion mult_pkg::scoreboard.write.__assert_1 has failed
TEST FAILED: 22170000 Test FAILED for A=-32768 B=-32768
Expected:           0  received:           0
xmsim: *E,ASRTST (../tb/tb_classes/scoreboard.svh,151): (time 22210 NS) Assertion mult_pkg::scoreboard.write.__assert_1 has failed
TEST FAILED: 22210000 Test FAILED for A=-32768 B=32767
Expected:           0  received:           0
xmsim: *E,ASRTST (../tb/tb_classes/scoreboard.svh,151): (time 22250 NS) Assertion mult_pkg::scoreboard.write.__assert_1 has failed
TEST FAILED: 22250000 Test FAILED for A=-32768 B=32767
Expected:           0  received:           0
xmsim: *E,ASRTST (../tb/tb_classes/scoreboard.svh,151): (time 22290 NS) Assertion mult_pkg::scoreboard.write.__assert_1 has failed
TEST FAILED: 22290000 Test FAILED for A=32767 B=32767
Expected:           0  received:           0
xmsim: *E,ASRTST (../tb/tb_classes/scoreboard.svh,151): (time 22330 NS) Assertion mult_pkg::scoreboard.write.__assert_1 has failed
TEST FAILED: 22330000 Test FAILED for A=-32768 B=-32768
Expected:           0  received:           0
xmsim: *E,ASRTST (../tb/tb_classes/scoreboard.svh,151): (time 22370 NS) Assertion mult_pkg::scoreboard.write.__assert_1 has failed
TEST FAILED: 22370000 Test FAILED for A=-32768 B=32767
Expected:           0  received:           0
xmsim: *E,ASRTST (../tb/tb_classes/scoreboard.svh,151): (time 22410 NS) Assertion mult_pkg::scoreboard.write.__assert_1 has failed
TEST FAILED: 22410000 Test FAILED for A=-32768 B=-32768
Expected:           0  received:           0
xmsim: *E,ASRTST (../tb/tb_classes/scoreboard.svh,151): (time 22450 NS) Assertion mult_pkg::scoreboard.write.__assert_1 has failed
TEST FAILED: 22450000 Test FAILED for A=32767 B=32767
Expected:           0  received:           0
xmsim: *E,ASRTST (../tb/tb_classes/scoreboard.svh,151): (time 22490 NS) Assertion mult_pkg::scoreboard.write.__assert_1 has failed
TEST FAILED: 22490000 Test FAILED for A=-32768 B=-32768
Expected:           0  received:           0
xmsim: *E,ASRTST (../tb/tb_classes/scoreboard.svh,151): (time 22530 NS) Assertion mult_pkg::scoreboard.write.__assert_1 has failed
TEST FAILED: 22530000 Test FAILED for A=32767 B=32767
Expected:           0  received:           0
xmsim: *E,ASRTST (../tb/tb_classes/scoreboard.svh,151): (time 22570 NS) Assertion mult_pkg::scoreboard.write.__assert_1 has failed
TEST FAILED: 22570000 Test FAILED for A=32767 B=32767
Expected:           0  received:           0
xmsim: *E,ASRTST (../tb/tb_classes/scoreboard.svh,151): (time 22610 NS) Assertion mult_pkg::scoreboard.write.__assert_1 has failed
TEST FAILED: 22610000 Test FAILED for A=32767 B=32767
Expected:           0  received:           0
xmsim: *E,ASRTST (../tb/tb_classes/scoreboard.svh,151): (time 22690 NS) Assertion mult_pkg::scoreboard.write.__assert_1 has failed
TEST FAILED: 22690000 Test FAILED for A=-32768 B=-32768
Expected:  1073741824  received:  1073741824
xmsim: *E,ASRTST (../tb/tb_classes/scoreboard.svh,151): (time 22730 NS) Assertion mult_pkg::scoreboard.write.__assert_1 has failed
TEST FAILED: 22730000 Test FAILED for A=32767 B=32767
Expected:           0  received:           0
xmsim: *E,ASRTST (../tb/tb_classes/scoreboard.svh,151): (time 22770 NS) Assertion mult_pkg::scoreboard.write.__assert_1 has failed
TEST FAILED: 22770000 Test FAILED for A=-32768 B=32767
Expected:           0  received:           0
xmsim: *E,ASRTST (../tb/tb_classes/scoreboard.svh,151): (time 22810 NS) Assertion mult_pkg::scoreboard.write.__assert_1 has failed
TEST FAILED: 22810000 Test FAILED for A=32767 B=-32768
Expected:           0  received:           0
xmsim: *E,ASRTST (../tb/tb_classes/scoreboard.svh,151): (time 22850 NS) Assertion mult_pkg::scoreboard.write.__assert_1 has failed
TEST FAILED: 22850000 Test FAILED for A=32767 B=-32768
Expected:           0  received:           0
xmsim: *E,ASRTST (../tb/tb_classes/scoreboard.svh,151): (time 22890 NS) Assertion mult_pkg::scoreboard.write.__assert_1 has failed
TEST FAILED: 22890000 Test FAILED for A=-32768 B=32767
Expected:           0  received:           0
xmsim: *E,ASRTST (../tb/tb_classes/scoreboard.svh,151): (time 22930 NS) Assertion mult_pkg::scoreboard.write.__assert_1 has failed
TEST FAILED: 22930000 Test FAILED for A=32767 B=-32768
Expected:           0  received:           0
xmsim: *E,ASRTST (../tb/tb_classes/scoreboard.svh,151): (time 22970 NS) Assertion mult_pkg::scoreboard.write.__assert_1 has failed
TEST FAILED: 22970000 Test FAILED for A=32767 B=32767
Expected:           0  received:           0
xmsim: *E,ASRTST (../tb/tb_classes/scoreboard.svh,151): (time 23070 NS) Assertion mult_pkg::scoreboard.write.__assert_1 has failed
TEST FAILED: 23070000 Test FAILED for A=-32768 B=32767
Expected: -1073709056  received: -1073709056
xmsim: *E,ASRTST (../tb/tb_classes/scoreboard.svh,151): (time 23110 NS) Assertion mult_pkg::scoreboard.write.__assert_1 has failed
TEST FAILED: 23110000 Test FAILED for A=32767 B=32767
Expected:           0  received:           0
xmsim: *E,ASRTST (../tb/tb_classes/scoreboard.svh,151): (time 23150 NS) Assertion mult_pkg::scoreboard.write.__assert_1 has failed
TEST FAILED: 23150000 Test FAILED for A=-32768 B=32767
Expected:           0  received:           0
xmsim: *E,ASRTST (../tb/tb_classes/scoreboard.svh,151): (time 23190 NS) Assertion mult_pkg::scoreboard.write.__assert_1 has failed
TEST FAILED: 23190000 Test FAILED for A=-32768 B=-32768
Expected:           0  received:           0
xmsim: *E,ASRTST (../tb/tb_classes/scoreboard.svh,151): (time 23230 NS) Assertion mult_pkg::scoreboard.write.__assert_1 has failed
TEST FAILED: 23230000 Test FAILED for A=-32768 B=-32768
Expected:           0  received:           0
xmsim: *E,ASRTST (../tb/tb_classes/scoreboard.svh,151): (time 23270 NS) Assertion mult_pkg::scoreboard.write.__assert_1 has failed
TEST FAILED: 23270000 Test FAILED for A=32767 B=-32768
Expected:           0  received:           0
xmsim: *E,ASRTST (../tb/tb_classes/scoreboard.svh,151): (time 23310 NS) Assertion mult_pkg::scoreboard.write.__assert_1 has failed
TEST FAILED: 23310000 Test FAILED for A=-32768 B=-32768
Expected:           0  received:           0
xmsim: *E,ASRTST (../tb/tb_classes/scoreboard.svh,151): (time 23350 NS) Assertion mult_pkg::scoreboard.write.__assert_1 has failed
TEST FAILED: 23350000 Test FAILED for A=-32768 B=-32768
Expected:           0  received:           0
xmsim: *E,ASRTST (../tb/tb_classes/scoreboard.svh,151): (time 23450 NS) Assertion mult_pkg::scoreboard.write.__assert_1 has failed
TEST FAILED: 23450000 Test FAILED for A=32767 B=-32768
Expected: -1073709056  received: -1073709056
xmsim: *E,ASRTST (../tb/tb_classes/scoreboard.svh,151): (time 23490 NS) Assertion mult_pkg::scoreboard.write.__assert_1 has failed
TEST FAILED: 23490000 Test FAILED for A=32767 B=-32768
Expected:           0  received:           0
xmsim: *E,ASRTST (../tb/tb_classes/scoreboard.svh,151): (time 23530 NS) Assertion mult_pkg::scoreboard.write.__assert_1 has failed
TEST FAILED: 23530000 Test FAILED for A=32767 B=32767
Expected:           0  received:           0
xmsim: *E,ASRTST (../tb/tb_classes/scoreboard.svh,151): (time 23570 NS) Assertion mult_pkg::scoreboard.write.__assert_1 has failed
TEST FAILED: 23570000 Test FAILED for A=32767 B=-32768
Expected:           0  received:           0
xmsim: *E,ASRTST (../tb/tb_classes/scoreboard.svh,151): (time 23610 NS) Assertion mult_pkg::scoreboard.write.__assert_1 has failed
TEST FAILED: 23610000 Test FAILED for A=32767 B=32767
Expected:           0  received:           0
xmsim: *E,ASRTST (../tb/tb_classes/scoreboard.svh,151): (time 23650 NS) Assertion mult_pkg::scoreboard.write.__assert_1 has failed
TEST FAILED: 23650000 Test FAILED for A=32767 B=-32768
Expected:           0  received:           0
xmsim: *E,ASRTST (../tb/tb_classes/scoreboard.svh,151): (time 23770 NS) Assertion mult_pkg::scoreboard.write.__assert_1 has failed
TEST FAILED: 23770000 Test FAILED for A=32767 B=32767
Expected:  1073676289  received:  1073676289
xmsim: *E,ASRTST (../tb/tb_classes/scoreboard.svh,151): (time 23810 NS) Assertion mult_pkg::scoreboard.write.__assert_1 has failed
TEST FAILED: 23810000 Test FAILED for A=-32768 B=32767
Expected:           0  received:           0
xmsim: *E,ASRTST (../tb/tb_classes/scoreboard.svh,151): (time 23850 NS) Assertion mult_pkg::scoreboard.write.__assert_1 has failed
TEST FAILED: 23850000 Test FAILED for A=32767 B=-32768
Expected:           0  received:           0
xmsim: *E,ASRTST (../tb/tb_classes/scoreboard.svh,151): (time 23890 NS) Assertion mult_pkg::scoreboard.write.__assert_1 has failed
TEST FAILED: 23890000 Test FAILED for A=-32768 B=32767
Expected:           0  received:           0
xmsim: *E,ASRTST (../tb/tb_classes/scoreboard.svh,151): (time 24010 NS) Assertion mult_pkg::scoreboard.write.__assert_1 has failed
TEST FAILED: 24010000 Test FAILED for A=32767 B=32767
Expected:  1073676289  received:  1073676289
xmsim: *E,ASRTST (../tb/tb_classes/scoreboard.svh,151): (time 24050 NS) Assertion mult_pkg::scoreboard.write.__assert_1 has failed
TEST FAILED: 24050000 Test FAILED for A=-32768 B=-32768
Expected:           0  received:           0
xmsim: *E,ASRTST (../tb/tb_classes/scoreboard.svh,151): (time 24090 NS) Assertion mult_pkg::scoreboard.write.__assert_1 has failed
TEST FAILED: 24090000 Test FAILED for A=-32768 B=32767
Expected:           0  received:           0
xmsim: *E,ASRTST (../tb/tb_classes/scoreboard.svh,151): (time 24130 NS) Assertion mult_pkg::scoreboard.write.__assert_1 has failed
TEST FAILED: 24130000 Test FAILED for A=-32768 B=32767
Expected:           0  received:           0
xmsim: *E,ASRTST (../tb/tb_classes/scoreboard.svh,151): (time 24170 NS) Assertion mult_pkg::scoreboard.write.__assert_1 has failed
TEST FAILED: 24170000 Test FAILED for A=32767 B=32767
Expected:           0  received:           0
xmsim: *E,ASRTST (../tb/tb_classes/scoreboard.svh,151): (time 24210 NS) Assertion mult_pkg::scoreboard.write.__assert_1 has failed
TEST FAILED: 24210000 Test FAILED for A=32767 B=-32768
Expected:           0  received:           0
xmsim: *E,ASRTST (../tb/tb_classes/scoreboard.svh,151): (time 24250 NS) Assertion mult_pkg::scoreboard.write.__assert_1 has failed
TEST FAILED: 24250000 Test FAILED for A=-32768 B=-32768
Expected:           0  received:           0
xmsim: *E,ASRTST (../tb/tb_classes/scoreboard.svh,151): (time 24290 NS) Assertion mult_pkg::scoreboard.write.__assert_1 has failed
TEST FAILED: 24290000 Test FAILED for A=32767 B=32767
Expected:           0  received:           0
xmsim: *E,ASRTST (../tb/tb_classes/scoreboard.svh,151): (time 24330 NS) Assertion mult_pkg::scoreboard.write.__assert_1 has failed
TEST FAILED: 24330000 Test FAILED for A=-32768 B=32767
Expected:           0  received:           0
xmsim: *E,ASRTST (../tb/tb_classes/scoreboard.svh,151): (time 24370 NS) Assertion mult_pkg::scoreboard.write.__assert_1 has failed
TEST FAILED: 24370000 Test FAILED for A=32767 B=-32768
Expected:           0  received:           0
xmsim: *E,ASRTST (../tb/tb_classes/scoreboard.svh,151): (time 24410 NS) Assertion mult_pkg::scoreboard.write.__assert_1 has failed
TEST FAILED: 24410000 Test FAILED for A=-32768 B=32767
Expected:           0  received:           0
xmsim: *E,ASRTST (../tb/tb_classes/scoreboard.svh,151): (time 24450 NS) Assertion mult_pkg::scoreboard.write.__assert_1 has failed
TEST FAILED: 24450000 Test FAILED for A=32767 B=-32768
Expected:           0  received:           0
xmsim: *E,ASRTST (../tb/tb_classes/scoreboard.svh,151): (time 24490 NS) Assertion mult_pkg::scoreboard.write.__assert_1 has failed
TEST FAILED: 24490000 Test FAILED for A=-32768 B=32767
Expected:           0  received:           0
xmsim: *E,ASRTST (../tb/tb_classes/scoreboard.svh,151): (time 24530 NS) Assertion mult_pkg::scoreboard.write.__assert_1 has failed
TEST FAILED: 24530000 Test FAILED for A=-32768 B=32767
Expected:           0  received:           0
xmsim: *E,ASRTST (../tb/tb_classes/scoreboard.svh,151): (time 24570 NS) Assertion mult_pkg::scoreboard.write.__assert_1 has failed
TEST FAILED: 24570000 Test FAILED for A=32767 B=32767
Expected:           0  received:           0
xmsim: *E,ASRTST (../tb/tb_classes/scoreboard.svh,151): (time 24610 NS) Assertion mult_pkg::scoreboard.write.__assert_1 has failed
TEST FAILED: 24610000 Test FAILED for A=32767 B=32767
Expected:           0  received:           0
xmsim: *E,ASRTST (../tb/tb_classes/scoreboard.svh,151): (time 24710 NS) Assertion mult_pkg::scoreboard.write.__assert_1 has failed
TEST FAILED: 24710000 Test FAILED for A=-32768 B=32767
Expected: -1073709056  received: -1073709056
xmsim: *E,ASRTST (../tb/tb_classes/scoreboard.svh,151): (time 24810 NS) Assertion mult_pkg::scoreboard.write.__assert_1 has failed
TEST FAILED: 24810000 Test FAILED for A=32767 B=-32768
Expected: -1073709056  received: -1073709056
xmsim: *E,ASRTST (../tb/tb_classes/scoreboard.svh,151): (time 24850 NS) Assertion mult_pkg::scoreboard.write.__assert_1 has failed
TEST FAILED: 24850000 Test FAILED for A=-32768 B=32767
Expected:           0  received:           0
xmsim: *E,ASRTST (../tb/tb_classes/scoreboard.svh,151): (time 24890 NS) Assertion mult_pkg::scoreboard.write.__assert_1 has failed
TEST FAILED: 24890000 Test FAILED for A=32767 B=-32768
Expected:           0  received:           0
xmsim: *E,ASRTST (../tb/tb_classes/scoreboard.svh,151): (time 24930 NS) Assertion mult_pkg::scoreboard.write.__assert_1 has failed
TEST FAILED: 24930000 Test FAILED for A=32767 B=32767
Expected:           0  received:           0
xmsim: *E,ASRTST (../tb/tb_classes/scoreboard.svh,151): (time 24970 NS) Assertion mult_pkg::scoreboard.write.__assert_1 has failed
TEST FAILED: 24970000 Test FAILED for A=32767 B=-32768
Expected:           0  received:           0
xmsim: *E,ASRTST (../tb/tb_classes/scoreboard.svh,151): (time 25010 NS) Assertion mult_pkg::scoreboard.write.__assert_1 has failed
TEST FAILED: 25010000 Test FAILED for A=32767 B=32767
Expected:           0  received:           0
xmsim: *E,ASRTST (../tb/tb_classes/scoreboard.svh,151): (time 25050 NS) Assertion mult_pkg::scoreboard.write.__assert_1 has failed
TEST FAILED: 25050000 Test FAILED for A=-32768 B=32767
Expected:           0  received:           0
xmsim: *E,ASRTST (../tb/tb_classes/scoreboard.svh,151): (time 25090 NS) Assertion mult_pkg::scoreboard.write.__assert_1 has failed
TEST FAILED: 25090000 Test FAILED for A=-32768 B=-32768
Expected:           0  received:           0
xmsim: *E,ASRTST (../tb/tb_classes/scoreboard.svh,151): (time 25130 NS) Assertion mult_pkg::scoreboard.write.__assert_1 has failed
TEST FAILED: 25130000 Test FAILED for A=32767 B=32767
Expected:           0  received:           0
xmsim: *E,ASRTST (../tb/tb_classes/scoreboard.svh,151): (time 25170 NS) Assertion mult_pkg::scoreboard.write.__assert_1 has failed
TEST FAILED: 25170000 Test FAILED for A=-32768 B=32767
Expected:           0  received:           0
xmsim: *E,ASRTST (../tb/tb_classes/scoreboard.svh,151): (time 25210 NS) Assertion mult_pkg::scoreboard.write.__assert_1 has failed
TEST FAILED: 25210000 Test FAILED for A=32767 B=32767
Expected:           0  received:           0
xmsim: *E,ASRTST (../tb/tb_classes/scoreboard.svh,151): (time 25250 NS) Assertion mult_pkg::scoreboard.write.__assert_1 has failed
TEST FAILED: 25250000 Test FAILED for A=32767 B=-32768
Expected:           0  received:           0
xmsim: *E,ASRTST (../tb/tb_classes/scoreboard.svh,151): (time 25370 NS) Assertion mult_pkg::scoreboard.write.__assert_1 has failed
TEST FAILED: 25370000 Test FAILED for A=32767 B=32767
Expected:  1073676289  received:  1073676289
xmsim: *E,ASRTST (../tb/tb_classes/scoreboard.svh,151): (time 25410 NS) Assertion mult_pkg::scoreboard.write.__assert_1 has failed
TEST FAILED: 25410000 Test FAILED for A=32767 B=32767
Expected:           0  received:           0
xmsim: *E,ASRTST (../tb/tb_classes/scoreboard.svh,151): (time 25450 NS) Assertion mult_pkg::scoreboard.write.__assert_1 has failed
TEST FAILED: 25450000 Test FAILED for A=32767 B=32767
Expected:           0  received:           0
xmsim: *E,ASRTST (../tb/tb_classes/scoreboard.svh,151): (time 25570 NS) Assertion mult_pkg::scoreboard.write.__assert_1 has failed
TEST FAILED: 25570000 Test FAILED for A=32767 B=32767
Expected:  1073676289  received:  1073676289
xmsim: *E,ASRTST (../tb/tb_classes/scoreboard.svh,151): (time 25650 NS) Assertion mult_pkg::scoreboard.write.__assert_1 has failed
TEST FAILED: 25650000 Test FAILED for A=-32768 B=-32768
Expected:  1073741824  received:  1073741824
xmsim: *E,ASRTST (../tb/tb_classes/scoreboard.svh,151): (time 25730 NS) Assertion mult_pkg::scoreboard.write.__assert_1 has failed
TEST FAILED: 25730000 Test FAILED for A=-32768 B=-32768
Expected:  1073741824  received:  1073741824
xmsim: *E,ASRTST (../tb/tb_classes/scoreboard.svh,151): (time 25770 NS) Assertion mult_pkg::scoreboard.write.__assert_1 has failed
TEST FAILED: 25770000 Test FAILED for A=32767 B=32767
Expected:           0  received:           0
xmsim: *E,ASRTST (../tb/tb_classes/scoreboard.svh,151): (time 25810 NS) Assertion mult_pkg::scoreboard.write.__assert_1 has failed
TEST FAILED: 25810000 Test FAILED for A=-32768 B=-32768
Expected:           0  received:           0
xmsim: *E,ASRTST (../tb/tb_classes/scoreboard.svh,151): (time 25850 NS) Assertion mult_pkg::scoreboard.write.__assert_1 has failed
TEST FAILED: 25850000 Test FAILED for A=-32768 B=-32768
Expected:           0  received:           0
xmsim: *E,ASRTST (../tb/tb_classes/scoreboard.svh,151): (time 25890 NS) Assertion mult_pkg::scoreboard.write.__assert_1 has failed
TEST FAILED: 25890000 Test FAILED for A=32767 B=32767
Expected:           0  received:           0
xmsim: *E,ASRTST (../tb/tb_classes/scoreboard.svh,151): (time 25930 NS) Assertion mult_pkg::scoreboard.write.__assert_1 has failed
TEST FAILED: 25930000 Test FAILED for A=-32768 B=32767
Expected:           0  received:           0
xmsim: *E,ASRTST (../tb/tb_classes/scoreboard.svh,151): (time 25970 NS) Assertion mult_pkg::scoreboard.write.__assert_1 has failed
TEST FAILED: 25970000 Test FAILED for A=-32768 B=-32768
Expected:           0  received:           0
xmsim: *E,ASRTST (../tb/tb_classes/scoreboard.svh,151): (time 26010 NS) Assertion mult_pkg::scoreboard.write.__assert_1 has failed
TEST FAILED: 26010000 Test FAILED for A=32767 B=32767
Expected:           0  received:           0
xmsim: *E,ASRTST (../tb/tb_classes/scoreboard.svh,151): (time 26050 NS) Assertion mult_pkg::scoreboard.write.__assert_1 has failed
TEST FAILED: 26050000 Test FAILED for A=32767 B=-32768
Expected:           0  received:           0
xmsim: *E,ASRTST (../tb/tb_classes/scoreboard.svh,151): (time 26150 NS) Assertion mult_pkg::scoreboard.write.__assert_1 has failed
TEST FAILED: 26150000 Test FAILED for A=32767 B=-32768
Expected: -1073709056  received: -1073709056
xmsim: *E,ASRTST (../tb/tb_classes/scoreboard.svh,151): (time 26190 NS) Assertion mult_pkg::scoreboard.write.__assert_1 has failed
TEST FAILED: 26190000 Test FAILED for A=-32768 B=32767
Expected:           0  received:           0
xmsim: *E,ASRTST (../tb/tb_classes/scoreboard.svh,151): (time 26230 NS) Assertion mult_pkg::scoreboard.write.__assert_1 has failed
TEST FAILED: 26230000 Test FAILED for A=32767 B=-32768
Expected:           0  received:           0
xmsim: *E,ASRTST (../tb/tb_classes/scoreboard.svh,151): (time 26350 NS) Assertion mult_pkg::scoreboard.write.__assert_1 has failed
TEST FAILED: 26350000 Test FAILED for A=32767 B=32767
Expected:  1073676289  received:  1073676289
xmsim: *E,ASRTST (../tb/tb_classes/scoreboard.svh,151): (time 26390 NS) Assertion mult_pkg::scoreboard.write.__assert_1 has failed
TEST FAILED: 26390000 Test FAILED for A=-32768 B=32767
Expected:           0  received:           0
xmsim: *E,ASRTST (../tb/tb_classes/scoreboard.svh,151): (time 26430 NS) Assertion mult_pkg::scoreboard.write.__assert_1 has failed
TEST FAILED: 26430000 Test FAILED for A=32767 B=-32768
Expected:           0  received:           0
xmsim: *E,ASRTST (../tb/tb_classes/scoreboard.svh,151): (time 26470 NS) Assertion mult_pkg::scoreboard.write.__assert_1 has failed
TEST FAILED: 26470000 Test FAILED for A=-32768 B=32767
Expected:           0  received:           0
xmsim: *E,ASRTST (../tb/tb_classes/scoreboard.svh,151): (time 26510 NS) Assertion mult_pkg::scoreboard.write.__assert_1 has failed
TEST FAILED: 26510000 Test FAILED for A=32767 B=-32768
Expected:           0  received:           0
xmsim: *E,ASRTST (../tb/tb_classes/scoreboard.svh,151): (time 26550 NS) Assertion mult_pkg::scoreboard.write.__assert_1 has failed
TEST FAILED: 26550000 Test FAILED for A=32767 B=-32768
Expected:           0  received:           0
xmsim: *E,ASRTST (../tb/tb_classes/scoreboard.svh,151): (time 26590 NS) Assertion mult_pkg::scoreboard.write.__assert_1 has failed
TEST FAILED: 26590000 Test FAILED for A=-32768 B=32767
Expected:           0  received:           0
xmsim: *E,ASRTST (../tb/tb_classes/scoreboard.svh,151): (time 26630 NS) Assertion mult_pkg::scoreboard.write.__assert_1 has failed
TEST FAILED: 26630000 Test FAILED for A=32767 B=32767
Expected:           0  received:           0
xmsim: *E,ASRTST (../tb/tb_classes/scoreboard.svh,151): (time 26670 NS) Assertion mult_pkg::scoreboard.write.__assert_1 has failed
TEST FAILED: 26670000 Test FAILED for A=-32768 B=32767
Expected:           0  received:           0
xmsim: *E,ASRTST (../tb/tb_classes/scoreboard.svh,151): (time 26710 NS) Assertion mult_pkg::scoreboard.write.__assert_1 has failed
TEST FAILED: 26710000 Test FAILED for A=-32768 B=32767
Expected:           0  received:           0
xmsim: *E,ASRTST (../tb/tb_classes/scoreboard.svh,151): (time 26750 NS) Assertion mult_pkg::scoreboard.write.__assert_1 has failed
TEST FAILED: 26750000 Test FAILED for A=-32768 B=32767
Expected:           0  received:           0
xmsim: *E,ASRTST (../tb/tb_classes/scoreboard.svh,151): (time 26790 NS) Assertion mult_pkg::scoreboard.write.__assert_1 has failed
TEST FAILED: 26790000 Test FAILED for A=32767 B=-32768
Expected:           0  received:           0
xmsim: *E,ASRTST (../tb/tb_classes/scoreboard.svh,151): (time 26830 NS) Assertion mult_pkg::scoreboard.write.__assert_1 has failed
TEST FAILED: 26830000 Test FAILED for A=-32768 B=32767
Expected:           0  received:           0
xmsim: *E,ASRTST (../tb/tb_classes/scoreboard.svh,151): (time 26870 NS) Assertion mult_pkg::scoreboard.write.__assert_1 has failed
TEST FAILED: 26870000 Test FAILED for A=32767 B=-32768
Expected:           0  received:           0
xmsim: *E,ASRTST (../tb/tb_classes/scoreboard.svh,151): (time 26910 NS) Assertion mult_pkg::scoreboard.write.__assert_1 has failed
TEST FAILED: 26910000 Test FAILED for A=-32768 B=32767
Expected:           0  received:           0
xmsim: *E,ASRTST (../tb/tb_classes/scoreboard.svh,151): (time 26950 NS) Assertion mult_pkg::scoreboard.write.__assert_1 has failed
TEST FAILED: 26950000 Test FAILED for A=32767 B=32767
Expected:           0  received:           0
xmsim: *E,ASRTST (../tb/tb_classes/scoreboard.svh,151): (time 26990 NS) Assertion mult_pkg::scoreboard.write.__assert_1 has failed
TEST FAILED: 26990000 Test FAILED for A=32767 B=-32768
Expected:           0  received:           0
xmsim: *E,ASRTST (../tb/tb_classes/scoreboard.svh,151): (time 27030 NS) Assertion mult_pkg::scoreboard.write.__assert_1 has failed
TEST FAILED: 27030000 Test FAILED for A=-32768 B=-32768
Expected:           0  received:           0
xmsim: *E,ASRTST (../tb/tb_classes/scoreboard.svh,151): (time 27070 NS) Assertion mult_pkg::scoreboard.write.__assert_1 has failed
TEST FAILED: 27070000 Test FAILED for A=32767 B=-32768
Expected:           0  received:           0
xmsim: *E,ASRTST (../tb/tb_classes/scoreboard.svh,151): (time 27110 NS) Assertion mult_pkg::scoreboard.write.__assert_1 has failed
TEST FAILED: 27110000 Test FAILED for A=32767 B=32767
Expected:           0  received:           0
xmsim: *E,ASRTST (../tb/tb_classes/scoreboard.svh,151): (time 27150 NS) Assertion mult_pkg::scoreboard.write.__assert_1 has failed
TEST FAILED: 27150000 Test FAILED for A=32767 B=-32768
Expected:           0  received:           0
xmsim: *E,ASRTST (../tb/tb_classes/scoreboard.svh,151): (time 27190 NS) Assertion mult_pkg::scoreboard.write.__assert_1 has failed
TEST FAILED: 27190000 Test FAILED for A=32767 B=-32768
Expected:           0  received:           0
xmsim: *E,ASRTST (../tb/tb_classes/scoreboard.svh,151): (time 27230 NS) Assertion mult_pkg::scoreboard.write.__assert_1 has failed
TEST FAILED: 27230000 Test FAILED for A=-32768 B=-32768
Expected:           0  received:           0
xmsim: *E,ASRTST (../tb/tb_classes/scoreboard.svh,151): (time 27270 NS) Assertion mult_pkg::scoreboard.write.__assert_1 has failed
TEST FAILED: 27270000 Test FAILED for A=-32768 B=-32768
Expected:           0  received:           0
xmsim: *E,ASRTST (../tb/tb_classes/scoreboard.svh,151): (time 27310 NS) Assertion mult_pkg::scoreboard.write.__assert_1 has failed
TEST FAILED: 27310000 Test FAILED for A=32767 B=-32768
Expected:           0  received:           0
xmsim: *E,ASRTST (../tb/tb_classes/scoreboard.svh,151): (time 27350 NS) Assertion mult_pkg::scoreboard.write.__assert_1 has failed
TEST FAILED: 27350000 Test FAILED for A=32767 B=32767
Expected:           0  received:           0
xmsim: *E,ASRTST (../tb/tb_classes/scoreboard.svh,151): (time 27390 NS) Assertion mult_pkg::scoreboard.write.__assert_1 has failed
TEST FAILED: 27390000 Test FAILED for A=32767 B=32767
Expected:           0  received:           0
xmsim: *E,ASRTST (../tb/tb_classes/scoreboard.svh,151): (time 27470 NS) Assertion mult_pkg::scoreboard.write.__assert_1 has failed
TEST FAILED: 27470000 Test FAILED for A=-32768 B=-32768
Expected:  1073741824  received:  1073741824
xmsim: *E,ASRTST (../tb/tb_classes/scoreboard.svh,151): (time 27510 NS) Assertion mult_pkg::scoreboard.write.__assert_1 has failed
TEST FAILED: 27510000 Test FAILED for A=-32768 B=-32768
Expected:           0  received:           0
xmsim: *E,ASRTST (../tb/tb_classes/scoreboard.svh,151): (time 27550 NS) Assertion mult_pkg::scoreboard.write.__assert_1 has failed
TEST FAILED: 27550000 Test FAILED for A=-32768 B=32767
Expected:           0  received:           0
xmsim: *E,ASRTST (../tb/tb_classes/scoreboard.svh,151): (time 27590 NS) Assertion mult_pkg::scoreboard.write.__assert_1 has failed
TEST FAILED: 27590000 Test FAILED for A=32767 B=-32768
Expected:           0  received:           0
xmsim: *E,ASRTST (../tb/tb_classes/scoreboard.svh,151): (time 27710 NS) Assertion mult_pkg::scoreboard.write.__assert_1 has failed
TEST FAILED: 27710000 Test FAILED for A=32767 B=32767
Expected:  1073676289  received:  1073676289
xmsim: *E,ASRTST (../tb/tb_classes/scoreboard.svh,151): (time 27750 NS) Assertion mult_pkg::scoreboard.write.__assert_1 has failed
TEST FAILED: 27750000 Test FAILED for A=-32768 B=-32768
Expected:           0  received:           0
xmsim: *E,ASRTST (../tb/tb_classes/scoreboard.svh,151): (time 27790 NS) Assertion mult_pkg::scoreboard.write.__assert_1 has failed
TEST FAILED: 27790000 Test FAILED for A=32767 B=32767
Expected:           0  received:           0
xmsim: *E,ASRTST (../tb/tb_classes/scoreboard.svh,151): (time 27830 NS) Assertion mult_pkg::scoreboard.write.__assert_1 has failed
TEST FAILED: 27830000 Test FAILED for A=-32768 B=-32768
Expected:           0  received:           0
xmsim: *E,ASRTST (../tb/tb_classes/scoreboard.svh,151): (time 27870 NS) Assertion mult_pkg::scoreboard.write.__assert_1 has failed
TEST FAILED: 27870000 Test FAILED for A=32767 B=-32768
Expected:           0  received:           0
xmsim: *E,ASRTST (../tb/tb_classes/scoreboard.svh,151): (time 27910 NS) Assertion mult_pkg::scoreboard.write.__assert_1 has failed
TEST FAILED: 27910000 Test FAILED for A=32767 B=-32768
Expected:           0  received:           0
xmsim: *E,ASRTST (../tb/tb_classes/scoreboard.svh,151): (time 27950 NS) Assertion mult_pkg::scoreboard.write.__assert_1 has failed
TEST FAILED: 27950000 Test FAILED for A=-32768 B=32767
Expected:           0  received:           0
xmsim: *E,ASRTST (../tb/tb_classes/scoreboard.svh,151): (time 27990 NS) Assertion mult_pkg::scoreboard.write.__assert_1 has failed
TEST FAILED: 27990000 Test FAILED for A=32767 B=-32768
Expected:           0  received:           0
xmsim: *E,ASRTST (../tb/tb_classes/scoreboard.svh,151): (time 28030 NS) Assertion mult_pkg::scoreboard.write.__assert_1 has failed
TEST FAILED: 28030000 Test FAILED for A=-32768 B=-32768
Expected:           0  received:           0
xmsim: *E,ASRTST (../tb/tb_classes/scoreboard.svh,151): (time 28070 NS) Assertion mult_pkg::scoreboard.write.__assert_1 has failed
TEST FAILED: 28070000 Test FAILED for A=-32768 B=-32768
Expected:           0  received:           0
xmsim: *E,ASRTST (../tb/tb_classes/scoreboard.svh,151): (time 28110 NS) Assertion mult_pkg::scoreboard.write.__assert_1 has failed
TEST FAILED: 28110000 Test FAILED for A=-32768 B=32767
Expected:           0  received:           0
xmsim: *E,ASRTST (../tb/tb_classes/scoreboard.svh,151): (time 28150 NS) Assertion mult_pkg::scoreboard.write.__assert_1 has failed
TEST FAILED: 28150000 Test FAILED for A=32767 B=-32768
Expected:           0  received:           0
xmsim: *E,ASRTST (../tb/tb_classes/scoreboard.svh,151): (time 28190 NS) Assertion mult_pkg::scoreboard.write.__assert_1 has failed
TEST FAILED: 28190000 Test FAILED for A=-32768 B=-32768
Expected:           0  received:           0
xmsim: *E,ASRTST (../tb/tb_classes/scoreboard.svh,151): (time 28230 NS) Assertion mult_pkg::scoreboard.write.__assert_1 has failed
TEST FAILED: 28230000 Test FAILED for A=-32768 B=32767
Expected:           0  received:           0
xmsim: *E,ASRTST (../tb/tb_classes/scoreboard.svh,151): (time 28270 NS) Assertion mult_pkg::scoreboard.write.__assert_1 has failed
TEST FAILED: 28270000 Test FAILED for A=-32768 B=32767
Expected:           0  received:           0
xmsim: *E,ASRTST (../tb/tb_classes/scoreboard.svh,151): (time 28310 NS) Assertion mult_pkg::scoreboard.write.__assert_1 has failed
TEST FAILED: 28310000 Test FAILED for A=-32768 B=-32768
Expected:           0  received:           0
xmsim: *E,ASRTST (../tb/tb_classes/scoreboard.svh,151): (time 28350 NS) Assertion mult_pkg::scoreboard.write.__assert_1 has failed
TEST FAILED: 28350000 Test FAILED for A=32767 B=-32768
Expected:           0  received:           0
xmsim: *E,ASRTST (../tb/tb_classes/scoreboard.svh,151): (time 28390 NS) Assertion mult_pkg::scoreboard.write.__assert_1 has failed
TEST FAILED: 28390000 Test FAILED for A=32767 B=-32768
Expected:           0  received:           0
xmsim: *E,ASRTST (../tb/tb_classes/scoreboard.svh,151): (time 28430 NS) Assertion mult_pkg::scoreboard.write.__assert_1 has failed
TEST FAILED: 28430000 Test FAILED for A=32767 B=32767
Expected:           0  received:           0
xmsim: *E,ASRTST (../tb/tb_classes/scoreboard.svh,151): (time 28470 NS) Assertion mult_pkg::scoreboard.write.__assert_1 has failed
TEST FAILED: 28470000 Test FAILED for A=-32768 B=-32768
Expected:           0  received:           0
xmsim: *E,ASRTST (../tb/tb_classes/scoreboard.svh,151): (time 28510 NS) Assertion mult_pkg::scoreboard.write.__assert_1 has failed
TEST FAILED: 28510000 Test FAILED for A=32767 B=-32768
Expected:           0  received:           0
xmsim: *E,ASRTST (../tb/tb_classes/scoreboard.svh,151): (time 28550 NS) Assertion mult_pkg::scoreboard.write.__assert_1 has failed
TEST FAILED: 28550000 Test FAILED for A=32767 B=32767
Expected:           0  received:           0
xmsim: *E,ASRTST (../tb/tb_classes/scoreboard.svh,151): (time 28590 NS) Assertion mult_pkg::scoreboard.write.__assert_1 has failed
TEST FAILED: 28590000 Test FAILED for A=-32768 B=-32768
Expected:           0  received:           0
xmsim: *E,ASRTST (../tb/tb_classes/scoreboard.svh,151): (time 28630 NS) Assertion mult_pkg::scoreboard.write.__assert_1 has failed
TEST FAILED: 28630000 Test FAILED for A=-32768 B=-32768
Expected:           0  received:           0
xmsim: *E,ASRTST (../tb/tb_classes/scoreboard.svh,151): (time 28670 NS) Assertion mult_pkg::scoreboard.write.__assert_1 has failed
TEST FAILED: 28670000 Test FAILED for A=-32768 B=32767
Expected:           0  received:           0
xmsim: *E,ASRTST (../tb/tb_classes/scoreboard.svh,151): (time 28770 NS) Assertion mult_pkg::scoreboard.write.__assert_1 has failed
TEST FAILED: 28770000 Test FAILED for A=-32768 B=32767
Expected: -1073709056  received: -1073709056
xmsim: *E,ASRTST (../tb/tb_classes/scoreboard.svh,151): (time 28850 NS) Assertion mult_pkg::scoreboard.write.__assert_1 has failed
TEST FAILED: 28850000 Test FAILED for A=-32768 B=-32768
Expected:  1073741824  received:  1073741824
xmsim: *E,ASRTST (../tb/tb_classes/scoreboard.svh,151): (time 28890 NS) Assertion mult_pkg::scoreboard.write.__assert_1 has failed
TEST FAILED: 28890000 Test FAILED for A=-32768 B=-32768
Expected:           0  received:           0
xmsim: *E,ASRTST (../tb/tb_classes/scoreboard.svh,151): (time 28930 NS) Assertion mult_pkg::scoreboard.write.__assert_1 has failed
TEST FAILED: 28930000 Test FAILED for A=32767 B=32767
Expected:           0  received:           0
xmsim: *E,ASRTST (../tb/tb_classes/scoreboard.svh,151): (time 29050 NS) Assertion mult_pkg::scoreboard.write.__assert_1 has failed
TEST FAILED: 29050000 Test FAILED for A=32767 B=32767
Expected:  1073676289  received:  1073676289
xmsim: *E,ASRTST (../tb/tb_classes/scoreboard.svh,151): (time 29090 NS) Assertion mult_pkg::scoreboard.write.__assert_1 has failed
TEST FAILED: 29090000 Test FAILED for A=32767 B=-32768
Expected:           0  received:           0
xmsim: *E,ASRTST (../tb/tb_classes/scoreboard.svh,151): (time 29130 NS) Assertion mult_pkg::scoreboard.write.__assert_1 has failed
TEST FAILED: 29130000 Test FAILED for A=32767 B=-32768
Expected:           0  received:           0
xmsim: *E,ASRTST (../tb/tb_classes/scoreboard.svh,151): (time 29170 NS) Assertion mult_pkg::scoreboard.write.__assert_1 has failed
TEST FAILED: 29170000 Test FAILED for A=32767 B=-32768
Expected:           0  received:           0
xmsim: *E,ASRTST (../tb/tb_classes/scoreboard.svh,151): (time 29210 NS) Assertion mult_pkg::scoreboard.write.__assert_1 has failed
TEST FAILED: 29210000 Test FAILED for A=-32768 B=-32768
Expected:           0  received:           0
xmsim: *E,ASRTST (../tb/tb_classes/scoreboard.svh,151): (time 29250 NS) Assertion mult_pkg::scoreboard.write.__assert_1 has failed
TEST FAILED: 29250000 Test FAILED for A=-32768 B=-32768
Expected:           0  received:           0
xmsim: *E,ASRTST (../tb/tb_classes/scoreboard.svh,151): (time 29290 NS) Assertion mult_pkg::scoreboard.write.__assert_1 has failed
TEST FAILED: 29290000 Test FAILED for A=32767 B=-32768
Expected:           0  received:           0
xmsim: *E,ASRTST (../tb/tb_classes/scoreboard.svh,151): (time 29330 NS) Assertion mult_pkg::scoreboard.write.__assert_1 has failed
TEST FAILED: 29330000 Test FAILED for A=-32768 B=32767
Expected:           0  received:           0
xmsim: *E,ASRTST (../tb/tb_classes/scoreboard.svh,151): (time 29410 NS) Assertion mult_pkg::scoreboard.write.__assert_1 has failed
TEST FAILED: 29410000 Test FAILED for A=-32768 B=-32768
Expected:  1073741824  received:  1073741824
xmsim: *E,ASRTST (../tb/tb_classes/scoreboard.svh,151): (time 29530 NS) Assertion mult_pkg::scoreboard.write.__assert_1 has failed
TEST FAILED: 29530000 Test FAILED for A=32767 B=32767
Expected:  1073676289  received:  1073676289
xmsim: *E,ASRTST (../tb/tb_classes/scoreboard.svh,151): (time 29570 NS) Assertion mult_pkg::scoreboard.write.__assert_1 has failed
TEST FAILED: 29570000 Test FAILED for A=-32768 B=32767
Expected:           0  received:           0
xmsim: *E,ASRTST (../tb/tb_classes/scoreboard.svh,151): (time 29610 NS) Assertion mult_pkg::scoreboard.write.__assert_1 has failed
TEST FAILED: 29610000 Test FAILED for A=32767 B=-32768
Expected:           0  received:           0
xmsim: *E,ASRTST (../tb/tb_classes/scoreboard.svh,151): (time 29650 NS) Assertion mult_pkg::scoreboard.write.__assert_1 has failed
TEST FAILED: 29650000 Test FAILED for A=-32768 B=-32768
Expected:           0  received:           0
xmsim: *E,ASRTST (../tb/tb_classes/scoreboard.svh,151): (time 29690 NS) Assertion mult_pkg::scoreboard.write.__assert_1 has failed
TEST FAILED: 29690000 Test FAILED for A=32767 B=-32768
Expected:           0  received:           0
xmsim: *E,ASRTST (../tb/tb_classes/scoreboard.svh,151): (time 29730 NS) Assertion mult_pkg::scoreboard.write.__assert_1 has failed
TEST FAILED: 29730000 Test FAILED for A=-32768 B=-32768
Expected:           0  received:           0
xmsim: *E,ASRTST (../tb/tb_classes/scoreboard.svh,151): (time 29770 NS) Assertion mult_pkg::scoreboard.write.__assert_1 has failed
TEST FAILED: 29770000 Test FAILED for A=-32768 B=-32768
Expected:           0  received:           0
xmsim: *E,ASRTST (../tb/tb_classes/scoreboard.svh,151): (time 29850 NS) Assertion mult_pkg::scoreboard.write.__assert_1 has failed
TEST FAILED: 29850000 Test FAILED for A=-32768 B=-32768
Expected:  1073741824  received:  1073741824
xmsim: *E,ASRTST (../tb/tb_classes/scoreboard.svh,151): (time 29890 NS) Assertion mult_pkg::scoreboard.write.__assert_1 has failed
TEST FAILED: 29890000 Test FAILED for A=32767 B=32767
Expected:           0  received:           0
xmsim: *E,ASRTST (../tb/tb_classes/scoreboard.svh,151): (time 29930 NS) Assertion mult_pkg::scoreboard.write.__assert_1 has failed
TEST FAILED: 29930000 Test FAILED for A=32767 B=-32768
Expected:           0  received:           0
xmsim: *E,ASRTST (../tb/tb_classes/scoreboard.svh,151): (time 29970 NS) Assertion mult_pkg::scoreboard.write.__assert_1 has failed
TEST FAILED: 29970000 Test FAILED for A=-32768 B=32767
Expected:           0  received:           0
xmsim: *E,ASRTST (../tb/tb_classes/scoreboard.svh,151): (time 30010 NS) Assertion mult_pkg::scoreboard.write.__assert_1 has failed
TEST FAILED: 30010000 Test FAILED for A=32767 B=-32768
Expected:           0  received:           0
xmsim: *E,ASRTST (../tb/tb_classes/scoreboard.svh,151): (time 30050 NS) Assertion mult_pkg::scoreboard.write.__assert_1 has failed
TEST FAILED: 30050000 Test FAILED for A=-32768 B=32767
Expected:           0  received:           0
xmsim: *E,ASRTST (../tb/tb_classes/scoreboard.svh,151): (time 30090 NS) Assertion mult_pkg::scoreboard.write.__assert_1 has failed
TEST FAILED: 30090000 Test FAILED for A=32767 B=-32768
Expected:           0  received:           0
xmsim: *E,ASRTST (../tb/tb_classes/scoreboard.svh,151): (time 30130 NS) Assertion mult_pkg::scoreboard.write.__assert_1 has failed
TEST FAILED: 30130000 Test FAILED for A=32767 B=-32768
Expected:           0  received:           0
xmsim: *E,ASRTST (../tb/tb_classes/scoreboard.svh,151): (time 30170 NS) Assertion mult_pkg::scoreboard.write.__assert_1 has failed
TEST FAILED: 30170000 Test FAILED for A=-32768 B=-32768
Expected:           0  received:           0
xmsim: *E,ASRTST (../tb/tb_classes/scoreboard.svh,151): (time 30210 NS) Assertion mult_pkg::scoreboard.write.__assert_1 has failed
TEST FAILED: 30210000 Test FAILED for A=32767 B=32767
Expected:           0  received:           0
xmsim: *E,ASRTST (../tb/tb_classes/scoreboard.svh,151): (time 30250 NS) Assertion mult_pkg::scoreboard.write.__assert_1 has failed
TEST FAILED: 30250000 Test FAILED for A=32767 B=-32768
Expected:           0  received:           0
xmsim: *E,ASRTST (../tb/tb_classes/scoreboard.svh,151): (time 30370 NS) Assertion mult_pkg::scoreboard.write.__assert_1 has failed
TEST FAILED: 30370000 Test FAILED for A=32767 B=32767
Expected:  1073676289  received:  1073676289
xmsim: *E,ASRTST (../tb/tb_classes/scoreboard.svh,151): (time 30410 NS) Assertion mult_pkg::scoreboard.write.__assert_1 has failed
TEST FAILED: 30410000 Test FAILED for A=32767 B=32767
Expected:           0  received:           0
xmsim: *E,ASRTST (../tb/tb_classes/scoreboard.svh,151): (time 30450 NS) Assertion mult_pkg::scoreboard.write.__assert_1 has failed
TEST FAILED: 30450000 Test FAILED for A=32767 B=-32768
Expected:           0  received:           0
xmsim: *E,ASRTST (../tb/tb_classes/scoreboard.svh,151): (time 30490 NS) Assertion mult_pkg::scoreboard.write.__assert_1 has failed
TEST FAILED: 30490000 Test FAILED for A=-32768 B=32767
Expected:           0  received:           0
xmsim: *E,ASRTST (../tb/tb_classes/scoreboard.svh,151): (time 30530 NS) Assertion mult_pkg::scoreboard.write.__assert_1 has failed
TEST FAILED: 30530000 Test FAILED for A=-32768 B=32767
Expected:           0  received:           0
xmsim: *E,ASRTST (../tb/tb_classes/scoreboard.svh,151): (time 30570 NS) Assertion mult_pkg::scoreboard.write.__assert_1 has failed
TEST FAILED: 30570000 Test FAILED for A=32767 B=-32768
Expected:           0  received:           0
xmsim: *E,ASRTST (../tb/tb_classes/scoreboard.svh,151): (time 30670 NS) Assertion mult_pkg::scoreboard.write.__assert_1 has failed
TEST FAILED: 30670000 Test FAILED for A=32767 B=-32768
Expected: -1073709056  received: -1073709056
xmsim: *E,ASRTST (../tb/tb_classes/scoreboard.svh,151): (time 30710 NS) Assertion mult_pkg::scoreboard.write.__assert_1 has failed
TEST FAILED: 30710000 Test FAILED for A=-32768 B=-32768
Expected:           0  received:           0
xmsim: *E,ASRTST (../tb/tb_classes/scoreboard.svh,151): (time 30810 NS) Assertion mult_pkg::scoreboard.write.__assert_1 has failed
TEST FAILED: 30810000 Test FAILED for A=32767 B=-32768
Expected: -1073709056  received: -1073709056
xmsim: *E,ASRTST (../tb/tb_classes/scoreboard.svh,151): (time 30890 NS) Assertion mult_pkg::scoreboard.write.__assert_1 has failed
TEST FAILED: 30890000 Test FAILED for A=-32768 B=-32768
Expected:  1073741824  received:  1073741824
xmsim: *E,ASRTST (../tb/tb_classes/scoreboard.svh,151): (time 30930 NS) Assertion mult_pkg::scoreboard.write.__assert_1 has failed
TEST FAILED: 30930000 Test FAILED for A=32767 B=-32768
Expected:           0  received:           0
xmsim: *E,ASRTST (../tb/tb_classes/scoreboard.svh,151): (time 31050 NS) Assertion mult_pkg::scoreboard.write.__assert_1 has failed
TEST FAILED: 31050000 Test FAILED for A=32767 B=32767
Expected:  1073676289  received:  1073676289
xmsim: *E,ASRTST (../tb/tb_classes/scoreboard.svh,151): (time 31150 NS) Assertion mult_pkg::scoreboard.write.__assert_1 has failed
TEST FAILED: 31150000 Test FAILED for A=32767 B=-32768
Expected: -1073709056  received: -1073709056
xmsim: *E,ASRTST (../tb/tb_classes/scoreboard.svh,151): (time 31230 NS) Assertion mult_pkg::scoreboard.write.__assert_1 has failed
TEST FAILED: 31230000 Test FAILED for A=-32768 B=-32768
Expected:  1073741824  received:  1073741824
xmsim: *E,ASRTST (../tb/tb_classes/scoreboard.svh,151): (time 31270 NS) Assertion mult_pkg::scoreboard.write.__assert_1 has failed
TEST FAILED: 31270000 Test FAILED for A=32767 B=-32768
Expected:           0  received:           0
xmsim: *E,ASRTST (../tb/tb_classes/scoreboard.svh,151): (time 31370 NS) Assertion mult_pkg::scoreboard.write.__assert_1 has failed
TEST FAILED: 31370000 Test FAILED for A=32767 B=-32768
Expected: -1073709056  received: -1073709056
xmsim: *E,ASRTST (../tb/tb_classes/scoreboard.svh,151): (time 31410 NS) Assertion mult_pkg::scoreboard.write.__assert_1 has failed
TEST FAILED: 31410000 Test FAILED for A=32767 B=32767
Expected:           0  received:           0
xmsim: *E,ASRTST (../tb/tb_classes/scoreboard.svh,151): (time 31450 NS) Assertion mult_pkg::scoreboard.write.__assert_1 has failed
TEST FAILED: 31450000 Test FAILED for A=-32768 B=-32768
Expected:           0  received:           0
xmsim: *E,ASRTST (../tb/tb_classes/scoreboard.svh,151): (time 31490 NS) Assertion mult_pkg::scoreboard.write.__assert_1 has failed
TEST FAILED: 31490000 Test FAILED for A=-32768 B=32767
Expected:           0  received:           0
xmsim: *E,ASRTST (../tb/tb_classes/scoreboard.svh,151): (time 31530 NS) Assertion mult_pkg::scoreboard.write.__assert_1 has failed
TEST FAILED: 31530000 Test FAILED for A=32767 B=-32768
Expected:           0  received:           0
xmsim: *E,ASRTST (../tb/tb_classes/scoreboard.svh,151): (time 31610 NS) Assertion mult_pkg::scoreboard.write.__assert_1 has failed
TEST FAILED: 31610000 Test FAILED for A=-32768 B=-32768
Expected:  1073741824  received:  1073741824
xmsim: *E,ASRTST (../tb/tb_classes/scoreboard.svh,151): (time 31650 NS) Assertion mult_pkg::scoreboard.write.__assert_1 has failed
TEST FAILED: 31650000 Test FAILED for A=-32768 B=-32768
Expected:           0  received:           0
xmsim: *E,ASRTST (../tb/tb_classes/scoreboard.svh,151): (time 31690 NS) Assertion mult_pkg::scoreboard.write.__assert_1 has failed
TEST FAILED: 31690000 Test FAILED for A=-32768 B=-32768
Expected:           0  received:           0
xmsim: *E,ASRTST (../tb/tb_classes/scoreboard.svh,151): (time 31730 NS) Assertion mult_pkg::scoreboard.write.__assert_1 has failed
TEST FAILED: 31730000 Test FAILED for A=32767 B=32767
Expected:           0  received:           0
xmsim: *E,ASRTST (../tb/tb_classes/scoreboard.svh,151): (time 31770 NS) Assertion mult_pkg::scoreboard.write.__assert_1 has failed
TEST FAILED: 31770000 Test FAILED for A=32767 B=-32768
Expected:           0  received:           0
xmsim: *E,ASRTST (../tb/tb_classes/scoreboard.svh,151): (time 31810 NS) Assertion mult_pkg::scoreboard.write.__assert_1 has failed
TEST FAILED: 31810000 Test FAILED for A=-32768 B=32767
Expected:           0  received:           0
xmsim: *E,ASRTST (../tb/tb_classes/scoreboard.svh,151): (time 31850 NS) Assertion mult_pkg::scoreboard.write.__assert_1 has failed
TEST FAILED: 31850000 Test FAILED for A=32767 B=32767
Expected:           0  received:           0
xmsim: *E,ASRTST (../tb/tb_classes/scoreboard.svh,151): (time 31890 NS) Assertion mult_pkg::scoreboard.write.__assert_1 has failed
TEST FAILED: 31890000 Test FAILED for A=32767 B=32767
Expected:           0  received:           0
xmsim: *E,ASRTST (../tb/tb_classes/scoreboard.svh,151): (time 31930 NS) Assertion mult_pkg::scoreboard.write.__assert_1 has failed
TEST FAILED: 31930000 Test FAILED for A=-32768 B=32767
Expected:           0  received:           0
xmsim: *E,ASRTST (../tb/tb_classes/scoreboard.svh,151): (time 31970 NS) Assertion mult_pkg::scoreboard.write.__assert_1 has failed
TEST FAILED: 31970000 Test FAILED for A=32767 B=32767
Expected:           0  received:           0
xmsim: *E,ASRTST (../tb/tb_classes/scoreboard.svh,151): (time 32010 NS) Assertion mult_pkg::scoreboard.write.__assert_1 has failed
TEST FAILED: 32010000 Test FAILED for A=32767 B=32767
Expected:           0  received:           0
xmsim: *E,ASRTST (../tb/tb_classes/scoreboard.svh,151): (time 32050 NS) Assertion mult_pkg::scoreboard.write.__assert_1 has failed
TEST FAILED: 32050000 Test FAILED for A=32767 B=-32768
Expected:           0  received:           0
xmsim: *E,ASRTST (../tb/tb_classes/scoreboard.svh,151): (time 32090 NS) Assertion mult_pkg::scoreboard.write.__assert_1 has failed
TEST FAILED: 32090000 Test FAILED for A=-32768 B=32767
Expected:           0  received:           0
xmsim: *E,ASRTST (../tb/tb_classes/scoreboard.svh,151): (time 32130 NS) Assertion mult_pkg::scoreboard.write.__assert_1 has failed
TEST FAILED: 32130000 Test FAILED for A=32767 B=-32768
Expected:           0  received:           0
xmsim: *E,ASRTST (../tb/tb_classes/scoreboard.svh,151): (time 32170 NS) Assertion mult_pkg::scoreboard.write.__assert_1 has failed
TEST FAILED: 32170000 Test FAILED for A=32767 B=32767
Expected:           0  received:           0
xmsim: *E,ASRTST (../tb/tb_classes/scoreboard.svh,151): (time 32210 NS) Assertion mult_pkg::scoreboard.write.__assert_1 has failed
TEST FAILED: 32210000 Test FAILED for A=-32768 B=32767
Expected:           0  received:           0
xmsim: *E,ASRTST (../tb/tb_classes/scoreboard.svh,151): (time 32250 NS) Assertion mult_pkg::scoreboard.write.__assert_1 has failed
TEST FAILED: 32250000 Test FAILED for A=-32768 B=-32768
Expected:           0  received:           0
xmsim: *E,ASRTST (../tb/tb_classes/scoreboard.svh,151): (time 32350 NS) Assertion mult_pkg::scoreboard.write.__assert_1 has failed
TEST FAILED: 32350000 Test FAILED for A=-32768 B=32767
Expected: -1073709056  received: -1073709056
xmsim: *E,ASRTST (../tb/tb_classes/scoreboard.svh,151): (time 32390 NS) Assertion mult_pkg::scoreboard.write.__assert_1 has failed
TEST FAILED: 32390000 Test FAILED for A=32767 B=32767
Expected:           0  received:           0
xmsim: *E,ASRTST (../tb/tb_classes/scoreboard.svh,151): (time 32430 NS) Assertion mult_pkg::scoreboard.write.__assert_1 has failed
TEST FAILED: 32430000 Test FAILED for A=-32768 B=-32768
Expected:           0  received:           0
xmsim: *E,ASRTST (../tb/tb_classes/scoreboard.svh,151): (time 32470 NS) Assertion mult_pkg::scoreboard.write.__assert_1 has failed
TEST FAILED: 32470000 Test FAILED for A=-32768 B=-32768
Expected:           0  received:           0
xmsim: *E,ASRTST (../tb/tb_classes/scoreboard.svh,151): (time 32510 NS) Assertion mult_pkg::scoreboard.write.__assert_1 has failed
TEST FAILED: 32510000 Test FAILED for A=-32768 B=-32768
Expected:           0  received:           0
xmsim: *E,ASRTST (../tb/tb_classes/scoreboard.svh,151): (time 32550 NS) Assertion mult_pkg::scoreboard.write.__assert_1 has failed
TEST FAILED: 32550000 Test FAILED for A=32767 B=-32768
Expected:           0  received:           0
xmsim: *E,ASRTST (../tb/tb_classes/scoreboard.svh,151): (time 32590 NS) Assertion mult_pkg::scoreboard.write.__assert_1 has failed
TEST FAILED: 32590000 Test FAILED for A=-32768 B=32767
Expected:           0  received:           0
xmsim: *E,ASRTST (../tb/tb_classes/scoreboard.svh,151): (time 32630 NS) Assertion mult_pkg::scoreboard.write.__assert_1 has failed
TEST FAILED: 32630000 Test FAILED for A=32767 B=-32768
Expected:           0  received:           0
xmsim: *E,ASRTST (../tb/tb_classes/scoreboard.svh,151): (time 32670 NS) Assertion mult_pkg::scoreboard.write.__assert_1 has failed
TEST FAILED: 32670000 Test FAILED for A=-32768 B=32767
Expected:           0  received:           0
xmsim: *E,ASRTST (../tb/tb_classes/scoreboard.svh,151): (time 32710 NS) Assertion mult_pkg::scoreboard.write.__assert_1 has failed
TEST FAILED: 32710000 Test FAILED for A=-32768 B=-32768
Expected:           0  received:           0
xmsim: *E,ASRTST (../tb/tb_classes/scoreboard.svh,151): (time 32750 NS) Assertion mult_pkg::scoreboard.write.__assert_1 has failed
TEST FAILED: 32750000 Test FAILED for A=-32768 B=32767
Expected:           0  received:           0
xmsim: *E,ASRTST (../tb/tb_classes/scoreboard.svh,151): (time 32790 NS) Assertion mult_pkg::scoreboard.write.__assert_1 has failed
TEST FAILED: 32790000 Test FAILED for A=32767 B=-32768
Expected:           0  received:           0
xmsim: *E,ASRTST (../tb/tb_classes/scoreboard.svh,151): (time 32870 NS) Assertion mult_pkg::scoreboard.write.__assert_1 has failed
TEST FAILED: 32870000 Test FAILED for A=-32768 B=-32768
Expected:  1073741824  received:  1073741824
xmsim: *E,ASRTST (../tb/tb_classes/scoreboard.svh,151): (time 32910 NS) Assertion mult_pkg::scoreboard.write.__assert_1 has failed
TEST FAILED: 32910000 Test FAILED for A=32767 B=-32768
Expected:           0  received:           0
xmsim: *E,ASRTST (../tb/tb_classes/scoreboard.svh,151): (time 32950 NS) Assertion mult_pkg::scoreboard.write.__assert_1 has failed
TEST FAILED: 32950000 Test FAILED for A=32767 B=32767
Expected:           0  received:           0
xmsim: *E,ASRTST (../tb/tb_classes/scoreboard.svh,151): (time 32990 NS) Assertion mult_pkg::scoreboard.write.__assert_1 has failed
TEST FAILED: 32990000 Test FAILED for A=-32768 B=-32768
Expected:           0  received:           0
xmsim: *E,ASRTST (../tb/tb_classes/scoreboard.svh,151): (time 33030 NS) Assertion mult_pkg::scoreboard.write.__assert_1 has failed
TEST FAILED: 33030000 Test FAILED for A=-32768 B=32767
Expected:           0  received:           0
xmsim: *E,ASRTST (../tb/tb_classes/scoreboard.svh,151): (time 33130 NS) Assertion mult_pkg::scoreboard.write.__assert_1 has failed
TEST FAILED: 33130000 Test FAILED for A=-32768 B=32767
Expected: -1073709056  received: -1073709056
xmsim: *E,ASRTST (../tb/tb_classes/scoreboard.svh,151): (time 33170 NS) Assertion mult_pkg::scoreboard.write.__assert_1 has failed
TEST FAILED: 33170000 Test FAILED for A=-32768 B=32767
Expected:           0  received:           0
xmsim: *E,ASRTST (../tb/tb_classes/scoreboard.svh,151): (time 33270 NS) Assertion mult_pkg::scoreboard.write.__assert_1 has failed
TEST FAILED: 33270000 Test FAILED for A=32767 B=-32768
Expected: -1073709056  received: -1073709056
xmsim: *E,ASRTST (../tb/tb_classes/scoreboard.svh,151): (time 33310 NS) Assertion mult_pkg::scoreboard.write.__assert_1 has failed
TEST FAILED: 33310000 Test FAILED for A=32767 B=-32768
Expected:           0  received:           0
xmsim: *E,ASRTST (../tb/tb_classes/scoreboard.svh,151): (time 33350 NS) Assertion mult_pkg::scoreboard.write.__assert_1 has failed
TEST FAILED: 33350000 Test FAILED for A=-32768 B=-32768
Expected:           0  received:           0
xmsim: *E,ASRTST (../tb/tb_classes/scoreboard.svh,151): (time 33390 NS) Assertion mult_pkg::scoreboard.write.__assert_1 has failed
TEST FAILED: 33390000 Test FAILED for A=32767 B=32767
Expected:           0  received:           0
xmsim: *E,ASRTST (../tb/tb_classes/scoreboard.svh,151): (time 33430 NS) Assertion mult_pkg::scoreboard.write.__assert_1 has failed
TEST FAILED: 33430000 Test FAILED for A=-32768 B=32767
Expected:           0  received:           0
xmsim: *E,ASRTST (../tb/tb_classes/scoreboard.svh,151): (time 33470 NS) Assertion mult_pkg::scoreboard.write.__assert_1 has failed
TEST FAILED: 33470000 Test FAILED for A=32767 B=32767
Expected:           0  received:           0
xmsim: *E,ASRTST (../tb/tb_classes/scoreboard.svh,151): (time 33510 NS) Assertion mult_pkg::scoreboard.write.__assert_1 has failed
TEST FAILED: 33510000 Test FAILED for A=-32768 B=-32768
Expected:           0  received:           0
xmsim: *E,ASRTST (../tb/tb_classes/scoreboard.svh,151): (time 33630 NS) Assertion mult_pkg::scoreboard.write.__assert_1 has failed
TEST FAILED: 33630000 Test FAILED for A=32767 B=32767
Expected:  1073676289  received:  1073676289
xmsim: *E,ASRTST (../tb/tb_classes/scoreboard.svh,151): (time 33670 NS) Assertion mult_pkg::scoreboard.write.__assert_1 has failed
TEST FAILED: 33670000 Test FAILED for A=32767 B=32767
Expected:           0  received:           0
xmsim: *E,ASRTST (../tb/tb_classes/scoreboard.svh,151): (time 33710 NS) Assertion mult_pkg::scoreboard.write.__assert_1 has failed
TEST FAILED: 33710000 Test FAILED for A=-32768 B=32767
Expected:           0  received:           0
xmsim: *E,ASRTST (../tb/tb_classes/scoreboard.svh,151): (time 33750 NS) Assertion mult_pkg::scoreboard.write.__assert_1 has failed
TEST FAILED: 33750000 Test FAILED for A=-32768 B=-32768
Expected:           0  received:           0
xmsim: *E,ASRTST (../tb/tb_classes/scoreboard.svh,151): (time 33790 NS) Assertion mult_pkg::scoreboard.write.__assert_1 has failed
TEST FAILED: 33790000 Test FAILED for A=32767 B=32767
Expected:           0  received:           0
xmsim: *E,ASRTST (../tb/tb_classes/scoreboard.svh,151): (time 33830 NS) Assertion mult_pkg::scoreboard.write.__assert_1 has failed
TEST FAILED: 33830000 Test FAILED for A=32767 B=-32768
Expected:           0  received:           0
xmsim: *E,ASRTST (../tb/tb_classes/scoreboard.svh,151): (time 33870 NS) Assertion mult_pkg::scoreboard.write.__assert_1 has failed
TEST FAILED: 33870000 Test FAILED for A=32767 B=-32768
Expected:           0  received:           0
xmsim: *E,ASRTST (../tb/tb_classes/scoreboard.svh,151): (time 33910 NS) Assertion mult_pkg::scoreboard.write.__assert_1 has failed
TEST FAILED: 33910000 Test FAILED for A=32767 B=-32768
Expected:           0  received:           0
xmsim: *E,ASRTST (../tb/tb_classes/scoreboard.svh,151): (time 33950 NS) Assertion mult_pkg::scoreboard.write.__assert_1 has failed
TEST FAILED: 33950000 Test FAILED for A=32767 B=32767
Expected:           0  received:           0
xmsim: *E,ASRTST (../tb/tb_classes/scoreboard.svh,151): (time 33990 NS) Assertion mult_pkg::scoreboard.write.__assert_1 has failed
TEST FAILED: 33990000 Test FAILED for A=32767 B=-32768
Expected:           0  received:           0
xmsim: *E,ASRTST (../tb/tb_classes/scoreboard.svh,151): (time 34030 NS) Assertion mult_pkg::scoreboard.write.__assert_1 has failed
TEST FAILED: 34030000 Test FAILED for A=32767 B=32767
Expected:           0  received:           0
xmsim: *E,ASRTST (../tb/tb_classes/scoreboard.svh,151): (time 34070 NS) Assertion mult_pkg::scoreboard.write.__assert_1 has failed
TEST FAILED: 34070000 Test FAILED for A=-32768 B=32767
Expected:           0  received:           0
xmsim: *E,ASRTST (../tb/tb_classes/scoreboard.svh,151): (time 34110 NS) Assertion mult_pkg::scoreboard.write.__assert_1 has failed
TEST FAILED: 34110000 Test FAILED for A=32767 B=-32768
Expected:           0  received:           0
xmsim: *E,ASRTST (../tb/tb_classes/scoreboard.svh,151): (time 34150 NS) Assertion mult_pkg::scoreboard.write.__assert_1 has failed
TEST FAILED: 34150000 Test FAILED for A=-32768 B=32767
Expected:           0  received:           0
xmsim: *E,ASRTST (../tb/tb_classes/scoreboard.svh,151): (time 34190 NS) Assertion mult_pkg::scoreboard.write.__assert_1 has failed
TEST FAILED: 34190000 Test FAILED for A=32767 B=32767
Expected:           0  received:           0
xmsim: *E,ASRTST (../tb/tb_classes/scoreboard.svh,151): (time 34290 NS) Assertion mult_pkg::scoreboard.write.__assert_1 has failed
TEST FAILED: 34290000 Test FAILED for A=-32768 B=32767
Expected: -1073709056  received: -1073709056
xmsim: *E,ASRTST (../tb/tb_classes/scoreboard.svh,151): (time 34330 NS) Assertion mult_pkg::scoreboard.write.__assert_1 has failed
TEST FAILED: 34330000 Test FAILED for A=32767 B=32767
Expected:           0  received:           0
xmsim: *E,ASRTST (../tb/tb_classes/scoreboard.svh,151): (time 34370 NS) Assertion mult_pkg::scoreboard.write.__assert_1 has failed
TEST FAILED: 34370000 Test FAILED for A=-32768 B=-32768
Expected:           0  received:           0
xmsim: *E,ASRTST (../tb/tb_classes/scoreboard.svh,151): (time 34410 NS) Assertion mult_pkg::scoreboard.write.__assert_1 has failed
TEST FAILED: 34410000 Test FAILED for A=32767 B=32767
Expected:           0  received:           0
xmsim: *E,ASRTST (../tb/tb_classes/scoreboard.svh,151): (time 34490 NS) Assertion mult_pkg::scoreboard.write.__assert_1 has failed
TEST FAILED: 34490000 Test FAILED for A=-32768 B=-32768
Expected:  1073741824  received:  1073741824
xmsim: *E,ASRTST (../tb/tb_classes/scoreboard.svh,151): (time 34530 NS) Assertion mult_pkg::scoreboard.write.__assert_1 has failed
TEST FAILED: 34530000 Test FAILED for A=-32768 B=-32768
Expected:           0  received:           0
xmsim: *E,ASRTST (../tb/tb_classes/scoreboard.svh,151): (time 34570 NS) Assertion mult_pkg::scoreboard.write.__assert_1 has failed
TEST FAILED: 34570000 Test FAILED for A=-32768 B=-32768
Expected:           0  received:           0
xmsim: *E,ASRTST (../tb/tb_classes/scoreboard.svh,151): (time 34610 NS) Assertion mult_pkg::scoreboard.write.__assert_1 has failed
TEST FAILED: 34610000 Test FAILED for A=32767 B=32767
Expected:           0  received:           0
xmsim: *E,ASRTST (../tb/tb_classes/scoreboard.svh,151): (time 34710 NS) Assertion mult_pkg::scoreboard.write.__assert_1 has failed
TEST FAILED: 34710000 Test FAILED for A=-32768 B=32767
Expected: -1073709056  received: -1073709056
xmsim: *E,ASRTST (../tb/tb_classes/scoreboard.svh,151): (time 34750 NS) Assertion mult_pkg::scoreboard.write.__assert_1 has failed
TEST FAILED: 34750000 Test FAILED for A=-32768 B=32767
Expected:           0  received:           0
xmsim: *E,ASRTST (../tb/tb_classes/scoreboard.svh,151): (time 34790 NS) Assertion mult_pkg::scoreboard.write.__assert_1 has failed
TEST FAILED: 34790000 Test FAILED for A=-32768 B=-32768
Expected:           0  received:           0
xmsim: *E,ASRTST (../tb/tb_classes/scoreboard.svh,151): (time 34830 NS) Assertion mult_pkg::scoreboard.write.__assert_1 has failed
TEST FAILED: 34830000 Test FAILED for A=-32768 B=32767
Expected:           0  received:           0
xmsim: *E,ASRTST (../tb/tb_classes/scoreboard.svh,151): (time 34870 NS) Assertion mult_pkg::scoreboard.write.__assert_1 has failed
TEST FAILED: 34870000 Test FAILED for A=-32768 B=-32768
Expected:           0  received:           0
xmsim: *E,ASRTST (../tb/tb_classes/scoreboard.svh,151): (time 34910 NS) Assertion mult_pkg::scoreboard.write.__assert_1 has failed
TEST FAILED: 34910000 Test FAILED for A=-32768 B=32767
Expected:           0  received:           0
xmsim: *E,ASRTST (../tb/tb_classes/scoreboard.svh,151): (time 34950 NS) Assertion mult_pkg::scoreboard.write.__assert_1 has failed
TEST FAILED: 34950000 Test FAILED for A=-32768 B=-32768
Expected:           0  received:           0
xmsim: *E,ASRTST (../tb/tb_classes/scoreboard.svh,151): (time 34990 NS) Assertion mult_pkg::scoreboard.write.__assert_1 has failed
TEST FAILED: 34990000 Test FAILED for A=-32768 B=-32768
Expected:           0  received:           0
xmsim: *E,ASRTST (../tb/tb_classes/scoreboard.svh,151): (time 35030 NS) Assertion mult_pkg::scoreboard.write.__assert_1 has failed
TEST FAILED: 35030000 Test FAILED for A=32767 B=-32768
Expected:           0  received:           0
xmsim: *E,ASRTST (../tb/tb_classes/scoreboard.svh,151): (time 35070 NS) Assertion mult_pkg::scoreboard.write.__assert_1 has failed
TEST FAILED: 35070000 Test FAILED for A=-32768 B=32767
Expected:           0  received:           0
xmsim: *E,ASRTST (../tb/tb_classes/scoreboard.svh,151): (time 35110 NS) Assertion mult_pkg::scoreboard.write.__assert_1 has failed
TEST FAILED: 35110000 Test FAILED for A=32767 B=-32768
Expected:           0  received:           0
xmsim: *E,ASRTST (../tb/tb_classes/scoreboard.svh,151): (time 35150 NS) Assertion mult_pkg::scoreboard.write.__assert_1 has failed
TEST FAILED: 35150000 Test FAILED for A=-32768 B=32767
Expected:           0  received:           0
xmsim: *E,ASRTST (../tb/tb_classes/scoreboard.svh,151): (time 35190 NS) Assertion mult_pkg::scoreboard.write.__assert_1 has failed
TEST FAILED: 35190000 Test FAILED for A=-32768 B=-32768
Expected:           0  received:           0
xmsim: *E,ASRTST (../tb/tb_classes/scoreboard.svh,151): (time 35230 NS) Assertion mult_pkg::scoreboard.write.__assert_1 has failed
TEST FAILED: 35230000 Test FAILED for A=-32768 B=-32768
Expected:           0  received:           0
xmsim: *E,ASRTST (../tb/tb_classes/scoreboard.svh,151): (time 35270 NS) Assertion mult_pkg::scoreboard.write.__assert_1 has failed
TEST FAILED: 35270000 Test FAILED for A=-32768 B=-32768
Expected:           0  received:           0
xmsim: *E,ASRTST (../tb/tb_classes/scoreboard.svh,151): (time 35310 NS) Assertion mult_pkg::scoreboard.write.__assert_1 has failed
TEST FAILED: 35310000 Test FAILED for A=32767 B=32767
Expected:           0  received:           0
xmsim: *E,ASRTST (../tb/tb_classes/scoreboard.svh,151): (time 35350 NS) Assertion mult_pkg::scoreboard.write.__assert_1 has failed
TEST FAILED: 35350000 Test FAILED for A=-32768 B=32767
Expected:           0  received:           0
xmsim: *E,ASRTST (../tb/tb_classes/scoreboard.svh,151): (time 35390 NS) Assertion mult_pkg::scoreboard.write.__assert_1 has failed
TEST FAILED: 35390000 Test FAILED for A=32767 B=32767
Expected:           0  received:           0
xmsim: *E,ASRTST (../tb/tb_classes/scoreboard.svh,151): (time 35430 NS) Assertion mult_pkg::scoreboard.write.__assert_1 has failed
TEST FAILED: 35430000 Test FAILED for A=-32768 B=32767
Expected:           0  received:           0
xmsim: *E,ASRTST (../tb/tb_classes/scoreboard.svh,151): (time 35470 NS) Assertion mult_pkg::scoreboard.write.__assert_1 has failed
TEST FAILED: 35470000 Test FAILED for A=32767 B=-32768
Expected:           0  received:           0
xmsim: *E,ASRTST (../tb/tb_classes/scoreboard.svh,151): (time 35510 NS) Assertion mult_pkg::scoreboard.write.__assert_1 has failed
TEST FAILED: 35510000 Test FAILED for A=-32768 B=-32768
Expected:           0  received:           0
xmsim: *E,ASRTST (../tb/tb_classes/scoreboard.svh,151): (time 35550 NS) Assertion mult_pkg::scoreboard.write.__assert_1 has failed
TEST FAILED: 35550000 Test FAILED for A=-32768 B=32767
Expected:           0  received:           0
xmsim: *E,ASRTST (../tb/tb_classes/scoreboard.svh,151): (time 35590 NS) Assertion mult_pkg::scoreboard.write.__assert_1 has failed
TEST FAILED: 35590000 Test FAILED for A=-32768 B=-32768
Expected:           0  received:           0
xmsim: *E,ASRTST (../tb/tb_classes/scoreboard.svh,151): (time 35630 NS) Assertion mult_pkg::scoreboard.write.__assert_1 has failed
TEST FAILED: 35630000 Test FAILED for A=-32768 B=-32768
Expected:           0  received:           0
xmsim: *E,ASRTST (../tb/tb_classes/scoreboard.svh,151): (time 35670 NS) Assertion mult_pkg::scoreboard.write.__assert_1 has failed
TEST FAILED: 35670000 Test FAILED for A=-32768 B=32767
Expected:           0  received:           0
xmsim: *E,ASRTST (../tb/tb_classes/scoreboard.svh,151): (time 35710 NS) Assertion mult_pkg::scoreboard.write.__assert_1 has failed
TEST FAILED: 35710000 Test FAILED for A=32767 B=32767
Expected:           0  received:           0
xmsim: *E,ASRTST (../tb/tb_classes/scoreboard.svh,151): (time 35750 NS) Assertion mult_pkg::scoreboard.write.__assert_1 has failed
TEST FAILED: 35750000 Test FAILED for A=32767 B=32767
Expected:           0  received:           0
xmsim: *E,ASRTST (../tb/tb_classes/scoreboard.svh,151): (time 35790 NS) Assertion mult_pkg::scoreboard.write.__assert_1 has failed
TEST FAILED: 35790000 Test FAILED for A=-32768 B=32767
Expected:           0  received:           0
xmsim: *E,ASRTST (../tb/tb_classes/scoreboard.svh,151): (time 35830 NS) Assertion mult_pkg::scoreboard.write.__assert_1 has failed
TEST FAILED: 35830000 Test FAILED for A=32767 B=32767
Expected:           0  received:           0
xmsim: *E,ASRTST (../tb/tb_classes/scoreboard.svh,151): (time 35870 NS) Assertion mult_pkg::scoreboard.write.__assert_1 has failed
TEST FAILED: 35870000 Test FAILED for A=32767 B=32767
Expected:           0  received:           0
xmsim: *E,ASRTST (../tb/tb_classes/scoreboard.svh,151): (time 35910 NS) Assertion mult_pkg::scoreboard.write.__assert_1 has failed
TEST FAILED: 35910000 Test FAILED for A=-32768 B=32767
Expected:           0  received:           0
xmsim: *E,ASRTST (../tb/tb_classes/scoreboard.svh,151): (time 35950 NS) Assertion mult_pkg::scoreboard.write.__assert_1 has failed
TEST FAILED: 35950000 Test FAILED for A=-32768 B=-32768
Expected:           0  received:           0
xmsim: *E,ASRTST (../tb/tb_classes/scoreboard.svh,151): (time 36030 NS) Assertion mult_pkg::scoreboard.write.__assert_1 has failed
TEST FAILED: 36030000 Test FAILED for A=-32768 B=-32768
Expected:  1073741824  received:  1073741824
xmsim: *E,ASRTST (../tb/tb_classes/scoreboard.svh,151): (time 36070 NS) Assertion mult_pkg::scoreboard.write.__assert_1 has failed
TEST FAILED: 36070000 Test FAILED for A=32767 B=32767
Expected:           0  received:           0
xmsim: *E,ASRTST (../tb/tb_classes/scoreboard.svh,151): (time 36110 NS) Assertion mult_pkg::scoreboard.write.__assert_1 has failed
TEST FAILED: 36110000 Test FAILED for A=32767 B=-32768
Expected:           0  received:           0
xmsim: *E,ASRTST (../tb/tb_classes/scoreboard.svh,151): (time 36230 NS) Assertion mult_pkg::scoreboard.write.__assert_1 has failed
TEST FAILED: 36230000 Test FAILED for A=32767 B=32767
Expected:  1073676289  received:  1073676289
xmsim: *E,ASRTST (../tb/tb_classes/scoreboard.svh,151): (time 36270 NS) Assertion mult_pkg::scoreboard.write.__assert_1 has failed
TEST FAILED: 36270000 Test FAILED for A=32767 B=-32768
Expected:           0  received:           0
xmsim: *E,ASRTST (../tb/tb_classes/scoreboard.svh,151): (time 36310 NS) Assertion mult_pkg::scoreboard.write.__assert_1 has failed
TEST FAILED: 36310000 Test FAILED for A=32767 B=-32768
Expected:           0  received:           0
xmsim: *E,ASRTST (../tb/tb_classes/scoreboard.svh,151): (time 36350 NS) Assertion mult_pkg::scoreboard.write.__assert_1 has failed
TEST FAILED: 36350000 Test FAILED for A=32767 B=-32768
Expected:           0  received:           0
xmsim: *E,ASRTST (../tb/tb_classes/scoreboard.svh,151): (time 36390 NS) Assertion mult_pkg::scoreboard.write.__assert_1 has failed
TEST FAILED: 36390000 Test FAILED for A=32767 B=-32768
Expected:           0  received:           0
xmsim: *E,ASRTST (../tb/tb_classes/scoreboard.svh,151): (time 36430 NS) Assertion mult_pkg::scoreboard.write.__assert_1 has failed
TEST FAILED: 36430000 Test FAILED for A=32767 B=32767
Expected:           0  received:           0
xmsim: *E,ASRTST (../tb/tb_classes/scoreboard.svh,151): (time 36470 NS) Assertion mult_pkg::scoreboard.write.__assert_1 has failed
TEST FAILED: 36470000 Test FAILED for A=-32768 B=32767
Expected:           0  received:           0
xmsim: *E,ASRTST (../tb/tb_classes/scoreboard.svh,151): (time 36510 NS) Assertion mult_pkg::scoreboard.write.__assert_1 has failed
TEST FAILED: 36510000 Test FAILED for A=32767 B=32767
Expected:           0  received:           0
xmsim: *E,ASRTST (../tb/tb_classes/scoreboard.svh,151): (time 36550 NS) Assertion mult_pkg::scoreboard.write.__assert_1 has failed
TEST FAILED: 36550000 Test FAILED for A=32767 B=32767
Expected:           0  received:           0
xmsim: *E,ASRTST (../tb/tb_classes/scoreboard.svh,151): (time 36590 NS) Assertion mult_pkg::scoreboard.write.__assert_1 has failed
TEST FAILED: 36590000 Test FAILED for A=-32768 B=32767
Expected:           0  received:           0
xmsim: *E,ASRTST (../tb/tb_classes/scoreboard.svh,151): (time 36630 NS) Assertion mult_pkg::scoreboard.write.__assert_1 has failed
TEST FAILED: 36630000 Test FAILED for A=-32768 B=-32768
Expected:           0  received:           0
xmsim: *E,ASRTST (../tb/tb_classes/scoreboard.svh,151): (time 36670 NS) Assertion mult_pkg::scoreboard.write.__assert_1 has failed
TEST FAILED: 36670000 Test FAILED for A=32767 B=-32768
Expected:           0  received:           0
xmsim: *E,ASRTST (../tb/tb_classes/scoreboard.svh,151): (time 36710 NS) Assertion mult_pkg::scoreboard.write.__assert_1 has failed
TEST FAILED: 36710000 Test FAILED for A=-32768 B=32767
Expected:           0  received:           0
xmsim: *E,ASRTST (../tb/tb_classes/scoreboard.svh,151): (time 36750 NS) Assertion mult_pkg::scoreboard.write.__assert_1 has failed
TEST FAILED: 36750000 Test FAILED for A=32767 B=-32768
Expected:           0  received:           0
xmsim: *E,ASRTST (../tb/tb_classes/scoreboard.svh,151): (time 36790 NS) Assertion mult_pkg::scoreboard.write.__assert_1 has failed
TEST FAILED: 36790000 Test FAILED for A=-32768 B=-32768
Expected:           0  received:           0
xmsim: *E,ASRTST (../tb/tb_classes/scoreboard.svh,151): (time 36830 NS) Assertion mult_pkg::scoreboard.write.__assert_1 has failed
TEST FAILED: 36830000 Test FAILED for A=-32768 B=-32768
Expected:           0  received:           0
xmsim: *E,ASRTST (../tb/tb_classes/scoreboard.svh,151): (time 36870 NS) Assertion mult_pkg::scoreboard.write.__assert_1 has failed
TEST FAILED: 36870000 Test FAILED for A=-32768 B=32767
Expected:           0  received:           0
xmsim: *E,ASRTST (../tb/tb_classes/scoreboard.svh,151): (time 36910 NS) Assertion mult_pkg::scoreboard.write.__assert_1 has failed
TEST FAILED: 36910000 Test FAILED for A=32767 B=-32768
Expected:           0  received:           0
xmsim: *E,ASRTST (../tb/tb_classes/scoreboard.svh,151): (time 36950 NS) Assertion mult_pkg::scoreboard.write.__assert_1 has failed
TEST FAILED: 36950000 Test FAILED for A=-32768 B=32767
Expected:           0  received:           0
xmsim: *E,ASRTST (../tb/tb_classes/scoreboard.svh,151): (time 36990 NS) Assertion mult_pkg::scoreboard.write.__assert_1 has failed
TEST FAILED: 36990000 Test FAILED for A=32767 B=32767
Expected:           0  received:           0
xmsim: *E,ASRTST (../tb/tb_classes/scoreboard.svh,151): (time 37030 NS) Assertion mult_pkg::scoreboard.write.__assert_1 has failed
TEST FAILED: 37030000 Test FAILED for A=32767 B=-32768
Expected:           0  received:           0
xmsim: *E,ASRTST (../tb/tb_classes/scoreboard.svh,151): (time 37130 NS) Assertion mult_pkg::scoreboard.write.__assert_1 has failed
TEST FAILED: 37130000 Test FAILED for A=-32768 B=32767
Expected: -1073709056  received: -1073709056
xmsim: *E,ASRTST (../tb/tb_classes/scoreboard.svh,151): (time 37170 NS) Assertion mult_pkg::scoreboard.write.__assert_1 has failed
TEST FAILED: 37170000 Test FAILED for A=-32768 B=32767
Expected:           0  received:           0
xmsim: *E,ASRTST (../tb/tb_classes/scoreboard.svh,151): (time 37210 NS) Assertion mult_pkg::scoreboard.write.__assert_1 has failed
TEST FAILED: 37210000 Test FAILED for A=32767 B=-32768
Expected:           0  received:           0
xmsim: *E,ASRTST (../tb/tb_classes/scoreboard.svh,151): (time 37250 NS) Assertion mult_pkg::scoreboard.write.__assert_1 has failed
TEST FAILED: 37250000 Test FAILED for A=32767 B=32767
Expected:           0  received:           0
xmsim: *E,ASRTST (../tb/tb_classes/scoreboard.svh,151): (time 37290 NS) Assertion mult_pkg::scoreboard.write.__assert_1 has failed
TEST FAILED: 37290000 Test FAILED for A=32767 B=-32768
Expected:           0  received:           0
xmsim: *E,ASRTST (../tb/tb_classes/scoreboard.svh,151): (time 37330 NS) Assertion mult_pkg::scoreboard.write.__assert_1 has failed
TEST FAILED: 37330000 Test FAILED for A=-32768 B=-32768
Expected:           0  received:           0
xmsim: *E,ASRTST (../tb/tb_classes/scoreboard.svh,151): (time 37370 NS) Assertion mult_pkg::scoreboard.write.__assert_1 has failed
TEST FAILED: 37370000 Test FAILED for A=32767 B=32767
Expected:           0  received:           0
xmsim: *E,ASRTST (../tb/tb_classes/scoreboard.svh,151): (time 37410 NS) Assertion mult_pkg::scoreboard.write.__assert_1 has failed
TEST FAILED: 37410000 Test FAILED for A=32767 B=32767
Expected:           0  received:           0
xmsim: *E,ASRTST (../tb/tb_classes/scoreboard.svh,151): (time 37450 NS) Assertion mult_pkg::scoreboard.write.__assert_1 has failed
TEST FAILED: 37450000 Test FAILED for A=32767 B=-32768
Expected:           0  received:           0
xmsim: *E,ASRTST (../tb/tb_classes/scoreboard.svh,151): (time 37490 NS) Assertion mult_pkg::scoreboard.write.__assert_1 has failed
TEST FAILED: 37490000 Test FAILED for A=32767 B=-32768
Expected:           0  received:           0
xmsim: *E,ASRTST (../tb/tb_classes/scoreboard.svh,151): (time 37590 NS) Assertion mult_pkg::scoreboard.write.__assert_1 has failed
TEST FAILED: 37590000 Test FAILED for A=32767 B=-32768
Expected: -1073709056  received: -1073709056
xmsim: *E,ASRTST (../tb/tb_classes/scoreboard.svh,151): (time 37630 NS) Assertion mult_pkg::scoreboard.write.__assert_1 has failed
TEST FAILED: 37630000 Test FAILED for A=32767 B=32767
Expected:           0  received:           0
xmsim: *E,ASRTST (../tb/tb_classes/scoreboard.svh,151): (time 37670 NS) Assertion mult_pkg::scoreboard.write.__assert_1 has failed
TEST FAILED: 37670000 Test FAILED for A=-32768 B=32767
Expected:           0  received:           0
xmsim: *E,ASRTST (../tb/tb_classes/scoreboard.svh,151): (time 37710 NS) Assertion mult_pkg::scoreboard.write.__assert_1 has failed
TEST FAILED: 37710000 Test FAILED for A=32767 B=-32768
Expected:           0  received:           0
xmsim: *E,ASRTST (../tb/tb_classes/scoreboard.svh,151): (time 37810 NS) Assertion mult_pkg::scoreboard.write.__assert_1 has failed
TEST FAILED: 37810000 Test FAILED for A=32767 B=-32768
Expected: -1073709056  received: -1073709056
xmsim: *E,ASRTST (../tb/tb_classes/scoreboard.svh,151): (time 37930 NS) Assertion mult_pkg::scoreboard.write.__assert_1 has failed
TEST FAILED: 37930000 Test FAILED for A=32767 B=32767
Expected:  1073676289  received:  1073676289
xmsim: *E,ASRTST (../tb/tb_classes/scoreboard.svh,151): (time 37970 NS) Assertion mult_pkg::scoreboard.write.__assert_1 has failed
TEST FAILED: 37970000 Test FAILED for A=32767 B=-32768
Expected:           0  received:           0
xmsim: *E,ASRTST (../tb/tb_classes/scoreboard.svh,151): (time 38010 NS) Assertion mult_pkg::scoreboard.write.__assert_1 has failed
TEST FAILED: 38010000 Test FAILED for A=-32768 B=32767
Expected:           0  received:           0
xmsim: *E,ASRTST (../tb/tb_classes/scoreboard.svh,151): (time 38050 NS) Assertion mult_pkg::scoreboard.write.__assert_1 has failed
TEST FAILED: 38050000 Test FAILED for A=-32768 B=-32768
Expected:           0  received:           0
xmsim: *E,ASRTST (../tb/tb_classes/scoreboard.svh,151): (time 38090 NS) Assertion mult_pkg::scoreboard.write.__assert_1 has failed
TEST FAILED: 38090000 Test FAILED for A=-32768 B=-32768
Expected:           0  received:           0
xmsim: *E,ASRTST (../tb/tb_classes/scoreboard.svh,151): (time 38130 NS) Assertion mult_pkg::scoreboard.write.__assert_1 has failed
TEST FAILED: 38130000 Test FAILED for A=-32768 B=32767
Expected:           0  received:           0
xmsim: *E,ASRTST (../tb/tb_classes/scoreboard.svh,151): (time 38170 NS) Assertion mult_pkg::scoreboard.write.__assert_1 has failed
TEST FAILED: 38170000 Test FAILED for A=-32768 B=32767
Expected:           0  received:           0
xmsim: *E,ASRTST (../tb/tb_classes/scoreboard.svh,151): (time 38210 NS) Assertion mult_pkg::scoreboard.write.__assert_1 has failed
TEST FAILED: 38210000 Test FAILED for A=32767 B=-32768
Expected:           0  received:           0
xmsim: *E,ASRTST (../tb/tb_classes/scoreboard.svh,151): (time 38250 NS) Assertion mult_pkg::scoreboard.write.__assert_1 has failed
TEST FAILED: 38250000 Test FAILED for A=32767 B=-32768
Expected:           0  received:           0
xmsim: *E,ASRTST (../tb/tb_classes/scoreboard.svh,151): (time 38290 NS) Assertion mult_pkg::scoreboard.write.__assert_1 has failed
TEST FAILED: 38290000 Test FAILED for A=32767 B=-32768
Expected:           0  received:           0
xmsim: *E,ASRTST (../tb/tb_classes/scoreboard.svh,151): (time 38330 NS) Assertion mult_pkg::scoreboard.write.__assert_1 has failed
TEST FAILED: 38330000 Test FAILED for A=-32768 B=32767
Expected:           0  received:           0
xmsim: *E,ASRTST (../tb/tb_classes/scoreboard.svh,151): (time 38370 NS) Assertion mult_pkg::scoreboard.write.__assert_1 has failed
TEST FAILED: 38370000 Test FAILED for A=32767 B=32767
Expected:           0  received:           0
xmsim: *E,ASRTST (../tb/tb_classes/scoreboard.svh,151): (time 38410 NS) Assertion mult_pkg::scoreboard.write.__assert_1 has failed
TEST FAILED: 38410000 Test FAILED for A=32767 B=-32768
Expected:           0  received:           0
xmsim: *E,ASRTST (../tb/tb_classes/scoreboard.svh,151): (time 38450 NS) Assertion mult_pkg::scoreboard.write.__assert_1 has failed
TEST FAILED: 38450000 Test FAILED for A=32767 B=-32768
Expected:           0  received:           0
xmsim: *E,ASRTST (../tb/tb_classes/scoreboard.svh,151): (time 38570 NS) Assertion mult_pkg::scoreboard.write.__assert_1 has failed
TEST FAILED: 38570000 Test FAILED for A=32767 B=32767
Expected:  1073676289  received:  1073676289
xmsim: *E,ASRTST (../tb/tb_classes/scoreboard.svh,151): (time 38610 NS) Assertion mult_pkg::scoreboard.write.__assert_1 has failed
TEST FAILED: 38610000 Test FAILED for A=32767 B=-32768
Expected:           0  received:           0
xmsim: *E,ASRTST (../tb/tb_classes/scoreboard.svh,151): (time 38650 NS) Assertion mult_pkg::scoreboard.write.__assert_1 has failed
TEST FAILED: 38650000 Test FAILED for A=-32768 B=32767
Expected:           0  received:           0
xmsim: *E,ASRTST (../tb/tb_classes/scoreboard.svh,151): (time 38690 NS) Assertion mult_pkg::scoreboard.write.__assert_1 has failed
TEST FAILED: 38690000 Test FAILED for A=-32768 B=32767
Expected:           0  received:           0
xmsim: *E,ASRTST (../tb/tb_classes/scoreboard.svh,151): (time 38730 NS) Assertion mult_pkg::scoreboard.write.__assert_1 has failed
TEST FAILED: 38730000 Test FAILED for A=32767 B=32767
Expected:           0  received:           0
xmsim: *E,ASRTST (../tb/tb_classes/scoreboard.svh,151): (time 38810 NS) Assertion mult_pkg::scoreboard.write.__assert_1 has failed
TEST FAILED: 38810000 Test FAILED for A=-32768 B=-32768
Expected:  1073741824  received:  1073741824
xmsim: *E,ASRTST (../tb/tb_classes/scoreboard.svh,151): (time 38850 NS) Assertion mult_pkg::scoreboard.write.__assert_1 has failed
TEST FAILED: 38850000 Test FAILED for A=-32768 B=-32768
Expected:           0  received:           0
xmsim: *E,ASRTST (../tb/tb_classes/scoreboard.svh,151): (time 38890 NS) Assertion mult_pkg::scoreboard.write.__assert_1 has failed
TEST FAILED: 38890000 Test FAILED for A=-32768 B=32767
Expected:           0  received:           0
xmsim: *E,ASRTST (../tb/tb_classes/scoreboard.svh,151): (time 38930 NS) Assertion mult_pkg::scoreboard.write.__assert_1 has failed
TEST FAILED: 38930000 Test FAILED for A=-32768 B=-32768
Expected:           0  received:           0
xmsim: *E,ASRTST (../tb/tb_classes/scoreboard.svh,151): (time 38970 NS) Assertion mult_pkg::scoreboard.write.__assert_1 has failed
TEST FAILED: 38970000 Test FAILED for A=-32768 B=-32768
Expected:           0  received:           0
xmsim: *E,ASRTST (../tb/tb_classes/scoreboard.svh,151): (time 39010 NS) Assertion mult_pkg::scoreboard.write.__assert_1 has failed
TEST FAILED: 39010000 Test FAILED for A=32767 B=32767
Expected:           0  received:           0
xmsim: *E,ASRTST (../tb/tb_classes/scoreboard.svh,151): (time 39050 NS) Assertion mult_pkg::scoreboard.write.__assert_1 has failed
TEST FAILED: 39050000 Test FAILED for A=-32768 B=-32768
Expected:           0  received:           0
xmsim: *E,ASRTST (../tb/tb_classes/scoreboard.svh,151): (time 39090 NS) Assertion mult_pkg::scoreboard.write.__assert_1 has failed
TEST FAILED: 39090000 Test FAILED for A=-32768 B=-32768
Expected:           0  received:           0
xmsim: *E,ASRTST (../tb/tb_classes/scoreboard.svh,151): (time 39130 NS) Assertion mult_pkg::scoreboard.write.__assert_1 has failed
TEST FAILED: 39130000 Test FAILED for A=-32768 B=32767
Expected:           0  received:           0
xmsim: *E,ASRTST (../tb/tb_classes/scoreboard.svh,151): (time 39170 NS) Assertion mult_pkg::scoreboard.write.__assert_1 has failed
TEST FAILED: 39170000 Test FAILED for A=32767 B=-32768
Expected:           0  received:           0
xmsim: *E,ASRTST (../tb/tb_classes/scoreboard.svh,151): (time 39210 NS) Assertion mult_pkg::scoreboard.write.__assert_1 has failed
TEST FAILED: 39210000 Test FAILED for A=32767 B=-32768
Expected:           0  received:           0
xmsim: *E,ASRTST (../tb/tb_classes/scoreboard.svh,151): (time 39250 NS) Assertion mult_pkg::scoreboard.write.__assert_1 has failed
TEST FAILED: 39250000 Test FAILED for A=32767 B=-32768
Expected:           0  received:           0
xmsim: *E,ASRTST (../tb/tb_classes/scoreboard.svh,151): (time 39290 NS) Assertion mult_pkg::scoreboard.write.__assert_1 has failed
TEST FAILED: 39290000 Test FAILED for A=32767 B=32767
Expected:           0  received:           0
xmsim: *E,ASRTST (../tb/tb_classes/scoreboard.svh,151): (time 39330 NS) Assertion mult_pkg::scoreboard.write.__assert_1 has failed
TEST FAILED: 39330000 Test FAILED for A=-32768 B=32767
Expected:           0  received:           0
xmsim: *E,ASRTST (../tb/tb_classes/scoreboard.svh,151): (time 39370 NS) Assertion mult_pkg::scoreboard.write.__assert_1 has failed
TEST FAILED: 39370000 Test FAILED for A=32767 B=32767
Expected:           0  received:           0
xmsim: *E,ASRTST (../tb/tb_classes/scoreboard.svh,151): (time 39410 NS) Assertion mult_pkg::scoreboard.write.__assert_1 has failed
TEST FAILED: 39410000 Test FAILED for A=-32768 B=32767
Expected:           0  received:           0
xmsim: *E,ASRTST (../tb/tb_classes/scoreboard.svh,151): (time 39450 NS) Assertion mult_pkg::scoreboard.write.__assert_1 has failed
TEST FAILED: 39450000 Test FAILED for A=32767 B=-32768
Expected:           0  received:           0
xmsim: *E,ASRTST (../tb/tb_classes/scoreboard.svh,151): (time 39490 NS) Assertion mult_pkg::scoreboard.write.__assert_1 has failed
TEST FAILED: 39490000 Test FAILED for A=-32768 B=-32768
Expected:           0  received:           0
xmsim: *E,ASRTST (../tb/tb_classes/scoreboard.svh,151): (time 39530 NS) Assertion mult_pkg::scoreboard.write.__assert_1 has failed
TEST FAILED: 39530000 Test FAILED for A=-32768 B=32767
Expected:           0  received:           0
xmsim: *E,ASRTST (../tb/tb_classes/scoreboard.svh,151): (time 39570 NS) Assertion mult_pkg::scoreboard.write.__assert_1 has failed
TEST FAILED: 39570000 Test FAILED for A=32767 B=32767
Expected:           0  received:           0
xmsim: *E,ASRTST (../tb/tb_classes/scoreboard.svh,151): (time 39610 NS) Assertion mult_pkg::scoreboard.write.__assert_1 has failed
TEST FAILED: 39610000 Test FAILED for A=32767 B=32767
Expected:           0  received:           0
xmsim: *E,ASRTST (../tb/tb_classes/scoreboard.svh,151): (time 39650 NS) Assertion mult_pkg::scoreboard.write.__assert_1 has failed
TEST FAILED: 39650000 Test FAILED for A=-32768 B=32767
Expected:           0  received:           0
xmsim: *E,ASRTST (../tb/tb_classes/scoreboard.svh,151): (time 39750 NS) Assertion mult_pkg::scoreboard.write.__assert_1 has failed
TEST FAILED: 39750000 Test FAILED for A=-32768 B=32767
Expected: -1073709056  received: -1073709056
xmsim: *E,ASRTST (../tb/tb_classes/scoreboard.svh,151): (time 39790 NS) Assertion mult_pkg::scoreboard.write.__assert_1 has failed
TEST FAILED: 39790000 Test FAILED for A=-32768 B=-32768
Expected:           0  received:           0
xmsim: *E,ASRTST (../tb/tb_classes/scoreboard.svh,151): (time 39830 NS) Assertion mult_pkg::scoreboard.write.__assert_1 has failed
TEST FAILED: 39830000 Test FAILED for A=32767 B=-32768
Expected:           0  received:           0
xmsim: *E,ASRTST (../tb/tb_classes/scoreboard.svh,151): (time 39870 NS) Assertion mult_pkg::scoreboard.write.__assert_1 has failed
TEST FAILED: 39870000 Test FAILED for A=32767 B=-32768
Expected:           0  received:           0
xmsim: *E,ASRTST (../tb/tb_classes/scoreboard.svh,151): (time 39910 NS) Assertion mult_pkg::scoreboard.write.__assert_1 has failed
TEST FAILED: 39910000 Test FAILED for A=32767 B=32767
Expected:           0  received:           0
xmsim: *E,ASRTST (../tb/tb_classes/scoreboard.svh,151): (time 39950 NS) Assertion mult_pkg::scoreboard.write.__assert_1 has failed
TEST FAILED: 39950000 Test FAILED for A=-32768 B=-32768
Expected:           0  received:           0
xmsim: *E,ASRTST (../tb/tb_classes/scoreboard.svh,151): (time 39990 NS) Assertion mult_pkg::scoreboard.write.__assert_1 has failed
TEST FAILED: 39990000 Test FAILED for A=32767 B=-32768
Expected:           0  received:           0
xmsim: *E,ASRTST (../tb/tb_classes/scoreboard.svh,151): (time 40030 NS) Assertion mult_pkg::scoreboard.write.__assert_1 has failed
TEST FAILED: 40030000 Test FAILED for A=-32768 B=32767
Expected:           0  received:           0
xmsim: *E,ASRTST (../tb/tb_classes/scoreboard.svh,151): (time 40070 NS) Assertion mult_pkg::scoreboard.write.__assert_1 has failed
TEST FAILED: 40070000 Test FAILED for A=-32768 B=-32768
Expected:           0  received:           0
xmsim: *E,ASRTST (../tb/tb_classes/scoreboard.svh,151): (time 40110 NS) Assertion mult_pkg::scoreboard.write.__assert_1 has failed
TEST FAILED: 40110000 Test FAILED for A=-32768 B=-32768
Expected:           0  received:           0
xmsim: *E,ASRTST (../tb/tb_classes/scoreboard.svh,151): (time 40230 NS) Assertion mult_pkg::scoreboard.write.__assert_1 has failed
TEST FAILED: 40230000 Test FAILED for A=32767 B=32767
Expected:  1073676289  received:  1073676289
xmsim: *E,ASRTST (../tb/tb_classes/scoreboard.svh,151): (time 40270 NS) Assertion mult_pkg::scoreboard.write.__assert_1 has failed
TEST FAILED: 40270000 Test FAILED for A=-32768 B=32767
Expected:           0  received:           0
xmsim: *E,ASRTST (../tb/tb_classes/scoreboard.svh,151): (time 40310 NS) Assertion mult_pkg::scoreboard.write.__assert_1 has failed
TEST FAILED: 40310000 Test FAILED for A=-32768 B=32767
Expected:           0  received:           0
xmsim: *E,ASRTST (../tb/tb_classes/scoreboard.svh,151): (time 40350 NS) Assertion mult_pkg::scoreboard.write.__assert_1 has failed
TEST FAILED: 40350000 Test FAILED for A=-32768 B=-32768
Expected:           0  received:           0
xmsim: *E,ASRTST (../tb/tb_classes/scoreboard.svh,151): (time 40390 NS) Assertion mult_pkg::scoreboard.write.__assert_1 has failed
TEST FAILED: 40390000 Test FAILED for A=32767 B=32767
Expected:           0  received:           0
xmsim: *E,ASRTST (../tb/tb_classes/scoreboard.svh,151): (time 40430 NS) Assertion mult_pkg::scoreboard.write.__assert_1 has failed
TEST FAILED: 40430000 Test FAILED for A=32767 B=-32768
Expected:           0  received:           0
xmsim: *E,ASRTST (../tb/tb_classes/scoreboard.svh,151): (time 40470 NS) Assertion mult_pkg::scoreboard.write.__assert_1 has failed
TEST FAILED: 40470000 Test FAILED for A=-32768 B=-32768
Expected:           0  received:           0
xmsim: *E,ASRTST (../tb/tb_classes/scoreboard.svh,151): (time 40510 NS) Assertion mult_pkg::scoreboard.write.__assert_1 has failed
TEST FAILED: 40510000 Test FAILED for A=-32768 B=32767
Expected:           0  received:           0
xmsim: *E,ASRTST (../tb/tb_classes/scoreboard.svh,151): (time 40550 NS) Assertion mult_pkg::scoreboard.write.__assert_1 has failed
TEST FAILED: 40550000 Test FAILED for A=-32768 B=32767
Expected:           0  received:           0
xmsim: *E,ASRTST (../tb/tb_classes/scoreboard.svh,151): (time 40590 NS) Assertion mult_pkg::scoreboard.write.__assert_1 has failed
TEST FAILED: 40590000 Test FAILED for A=32767 B=32767
Expected:           0  received:           0
xmsim: *E,ASRTST (../tb/tb_classes/scoreboard.svh,151): (time 40630 NS) Assertion mult_pkg::scoreboard.write.__assert_1 has failed
TEST FAILED: 40630000 Test FAILED for A=-32768 B=-32768
Expected:           0  received:           0
xmsim: *E,ASRTST (../tb/tb_classes/scoreboard.svh,151): (time 40670 NS) Assertion mult_pkg::scoreboard.write.__assert_1 has failed
TEST FAILED: 40670000 Test FAILED for A=-32768 B=32767
Expected:           0  received:           0
xmsim: *E,ASRTST (../tb/tb_classes/scoreboard.svh,151): (time 40710 NS) Assertion mult_pkg::scoreboard.write.__assert_1 has failed
TEST FAILED: 40710000 Test FAILED for A=-32768 B=-32768
Expected:           0  received:           0
xmsim: *E,ASRTST (../tb/tb_classes/scoreboard.svh,151): (time 40750 NS) Assertion mult_pkg::scoreboard.write.__assert_1 has failed
TEST FAILED: 40750000 Test FAILED for A=-32768 B=-32768
Expected:           0  received:           0
xmsim: *E,ASRTST (../tb/tb_classes/scoreboard.svh,151): (time 40790 NS) Assertion mult_pkg::scoreboard.write.__assert_1 has failed
TEST FAILED: 40790000 Test FAILED for A=-32768 B=32767
Expected:           0  received:           0
xmsim: *E,ASRTST (../tb/tb_classes/scoreboard.svh,151): (time 40830 NS) Assertion mult_pkg::scoreboard.write.__assert_1 has failed
TEST FAILED: 40830000 Test FAILED for A=32767 B=-32768
Expected:           0  received:           0
xmsim: *E,ASRTST (../tb/tb_classes/scoreboard.svh,151): (time 40870 NS) Assertion mult_pkg::scoreboard.write.__assert_1 has failed
TEST FAILED: 40870000 Test FAILED for A=-32768 B=-32768
Expected:           0  received:           0
xmsim: *E,ASRTST (../tb/tb_classes/scoreboard.svh,151): (time 40910 NS) Assertion mult_pkg::scoreboard.write.__assert_1 has failed
TEST FAILED: 40910000 Test FAILED for A=32767 B=-32768
Expected:           0  received:           0
xmsim: *E,ASRTST (../tb/tb_classes/scoreboard.svh,151): (time 41010 NS) Assertion mult_pkg::scoreboard.write.__assert_1 has failed
TEST FAILED: 41010000 Test FAILED for A=-32768 B=32767
Expected: -1073709056  received: -1073709056
xmsim: *E,ASRTST (../tb/tb_classes/scoreboard.svh,151): (time 41090 NS) Assertion mult_pkg::scoreboard.write.__assert_1 has failed
TEST FAILED: 41090000 Test FAILED for A=-32768 B=-32768
Expected:  1073741824  received:  1073741824
xmsim: *E,ASRTST (../tb/tb_classes/scoreboard.svh,151): (time 41130 NS) Assertion mult_pkg::scoreboard.write.__assert_1 has failed
TEST FAILED: 41130000 Test FAILED for A=32767 B=32767
Expected:           0  received:           0
xmsim: *E,ASRTST (../tb/tb_classes/scoreboard.svh,151): (time 41170 NS) Assertion mult_pkg::scoreboard.write.__assert_1 has failed
TEST FAILED: 41170000 Test FAILED for A=32767 B=-32768
Expected:           0  received:           0
xmsim: *E,ASRTST (../tb/tb_classes/scoreboard.svh,151): (time 41210 NS) Assertion mult_pkg::scoreboard.write.__assert_1 has failed
TEST FAILED: 41210000 Test FAILED for A=32767 B=-32768
Expected:           0  received:           0
xmsim: *E,ASRTST (../tb/tb_classes/scoreboard.svh,151): (time 41250 NS) Assertion mult_pkg::scoreboard.write.__assert_1 has failed
TEST FAILED: 41250000 Test FAILED for A=-32768 B=-32768
Expected:           0  received:           0
xmsim: *E,ASRTST (../tb/tb_classes/scoreboard.svh,151): (time 41290 NS) Assertion mult_pkg::scoreboard.write.__assert_1 has failed
TEST FAILED: 41290000 Test FAILED for A=32767 B=-32768
Expected:           0  received:           0
xmsim: *E,ASRTST (../tb/tb_classes/scoreboard.svh,151): (time 41330 NS) Assertion mult_pkg::scoreboard.write.__assert_1 has failed
TEST FAILED: 41330000 Test FAILED for A=-32768 B=32767
Expected:           0  received:           0
xmsim: *E,ASRTST (../tb/tb_classes/scoreboard.svh,151): (time 41370 NS) Assertion mult_pkg::scoreboard.write.__assert_1 has failed
TEST FAILED: 41370000 Test FAILED for A=-32768 B=32767
Expected:           0  received:           0
xmsim: *E,ASRTST (../tb/tb_classes/scoreboard.svh,151): (time 41410 NS) Assertion mult_pkg::scoreboard.write.__assert_1 has failed
TEST FAILED: 41410000 Test FAILED for A=-32768 B=-32768
Expected:           0  received:           0
xmsim: *E,ASRTST (../tb/tb_classes/scoreboard.svh,151): (time 41450 NS) Assertion mult_pkg::scoreboard.write.__assert_1 has failed
TEST FAILED: 41450000 Test FAILED for A=32767 B=32767
Expected:           0  received:           0
xmsim: *E,ASRTST (../tb/tb_classes/scoreboard.svh,151): (time 41530 NS) Assertion mult_pkg::scoreboard.write.__assert_1 has failed
TEST FAILED: 41530000 Test FAILED for A=-32768 B=-32768
Expected:  1073741824  received:  1073741824
xmsim: *E,ASRTST (../tb/tb_classes/scoreboard.svh,151): (time 41570 NS) Assertion mult_pkg::scoreboard.write.__assert_1 has failed
TEST FAILED: 41570000 Test FAILED for A=-32768 B=32767
Expected:           0  received:           0
xmsim: *E,ASRTST (../tb/tb_classes/scoreboard.svh,151): (time 41610 NS) Assertion mult_pkg::scoreboard.write.__assert_1 has failed
TEST FAILED: 41610000 Test FAILED for A=-32768 B=-32768
Expected:           0  received:           0
xmsim: *E,ASRTST (../tb/tb_classes/scoreboard.svh,151): (time 41650 NS) Assertion mult_pkg::scoreboard.write.__assert_1 has failed
TEST FAILED: 41650000 Test FAILED for A=32767 B=-32768
Expected:           0  received:           0
xmsim: *E,ASRTST (../tb/tb_classes/scoreboard.svh,151): (time 41690 NS) Assertion mult_pkg::scoreboard.write.__assert_1 has failed
TEST FAILED: 41690000 Test FAILED for A=-32768 B=32767
Expected:           0  received:           0
xmsim: *E,ASRTST (../tb/tb_classes/scoreboard.svh,151): (time 41730 NS) Assertion mult_pkg::scoreboard.write.__assert_1 has failed
TEST FAILED: 41730000 Test FAILED for A=-32768 B=32767
Expected:           0  received:           0
xmsim: *E,ASRTST (../tb/tb_classes/scoreboard.svh,151): (time 41770 NS) Assertion mult_pkg::scoreboard.write.__assert_1 has failed
TEST FAILED: 41770000 Test FAILED for A=32767 B=-32768
Expected:           0  received:           0
xmsim: *E,ASRTST (../tb/tb_classes/scoreboard.svh,151): (time 41810 NS) Assertion mult_pkg::scoreboard.write.__assert_1 has failed
TEST FAILED: 41810000 Test FAILED for A=-32768 B=-32768
Expected:           0  received:           0
xmsim: *E,ASRTST (../tb/tb_classes/scoreboard.svh,151): (time 41850 NS) Assertion mult_pkg::scoreboard.write.__assert_1 has failed
TEST FAILED: 41850000 Test FAILED for A=32767 B=32767
Expected:           0  received:           0
xmsim: *E,ASRTST (../tb/tb_classes/scoreboard.svh,151): (time 41890 NS) Assertion mult_pkg::scoreboard.write.__assert_1 has failed
TEST FAILED: 41890000 Test FAILED for A=-32768 B=32767
Expected:           0  received:           0
xmsim: *E,ASRTST (../tb/tb_classes/scoreboard.svh,151): (time 41930 NS) Assertion mult_pkg::scoreboard.write.__assert_1 has failed
TEST FAILED: 41930000 Test FAILED for A=32767 B=-32768
Expected:           0  received:           0
xmsim: *E,ASRTST (../tb/tb_classes/scoreboard.svh,151): (time 42010 NS) Assertion mult_pkg::scoreboard.write.__assert_1 has failed
TEST FAILED: 42010000 Test FAILED for A=-32768 B=-32768
Expected:  1073741824  received:  1073741824
xmsim: *E,ASRTST (../tb/tb_classes/scoreboard.svh,151): (time 42050 NS) Assertion mult_pkg::scoreboard.write.__assert_1 has failed
TEST FAILED: 42050000 Test FAILED for A=32767 B=32767
Expected:           0  received:           0
xmsim: *E,ASRTST (../tb/tb_classes/scoreboard.svh,151): (time 42090 NS) Assertion mult_pkg::scoreboard.write.__assert_1 has failed
TEST FAILED: 42090000 Test FAILED for A=-32768 B=-32768
Expected:           0  received:           0
xmsim: *E,ASRTST (../tb/tb_classes/scoreboard.svh,151): (time 42130 NS) Assertion mult_pkg::scoreboard.write.__assert_1 has failed
TEST FAILED: 42130000 Test FAILED for A=-32768 B=32767
Expected:           0  received:           0
xmsim: *E,ASRTST (../tb/tb_classes/scoreboard.svh,151): (time 42170 NS) Assertion mult_pkg::scoreboard.write.__assert_1 has failed
TEST FAILED: 42170000 Test FAILED for A=-32768 B=-32768
Expected:           0  received:           0
xmsim: *E,ASRTST (../tb/tb_classes/scoreboard.svh,151): (time 42270 NS) Assertion mult_pkg::scoreboard.write.__assert_1 has failed
TEST FAILED: 42270000 Test FAILED for A=-32768 B=32767
Expected: -1073709056  received: -1073709056
xmsim: *E,ASRTST (../tb/tb_classes/scoreboard.svh,151): (time 42310 NS) Assertion mult_pkg::scoreboard.write.__assert_1 has failed
TEST FAILED: 42310000 Test FAILED for A=32767 B=32767
Expected:           0  received:           0
xmsim: *E,ASRTST (../tb/tb_classes/scoreboard.svh,151): (time 42350 NS) Assertion mult_pkg::scoreboard.write.__assert_1 has failed
TEST FAILED: 42350000 Test FAILED for A=32767 B=-32768
Expected:           0  received:           0
xmsim: *E,ASRTST (../tb/tb_classes/scoreboard.svh,151): (time 42390 NS) Assertion mult_pkg::scoreboard.write.__assert_1 has failed
TEST FAILED: 42390000 Test FAILED for A=-32768 B=-32768
Expected:           0  received:           0
xmsim: *E,ASRTST (../tb/tb_classes/scoreboard.svh,151): (time 42430 NS) Assertion mult_pkg::scoreboard.write.__assert_1 has failed
TEST FAILED: 42430000 Test FAILED for A=-32768 B=-32768
Expected:           0  received:           0
xmsim: *E,ASRTST (../tb/tb_classes/scoreboard.svh,151): (time 42470 NS) Assertion mult_pkg::scoreboard.write.__assert_1 has failed
TEST FAILED: 42470000 Test FAILED for A=-32768 B=-32768
Expected:           0  received:           0
xmsim: *E,ASRTST (../tb/tb_classes/scoreboard.svh,151): (time 42510 NS) Assertion mult_pkg::scoreboard.write.__assert_1 has failed
TEST FAILED: 42510000 Test FAILED for A=32767 B=-32768
Expected:           0  received:           0
xmsim: *E,ASRTST (../tb/tb_classes/scoreboard.svh,151): (time 42550 NS) Assertion mult_pkg::scoreboard.write.__assert_1 has failed
TEST FAILED: 42550000 Test FAILED for A=32767 B=-32768
Expected:           0  received:           0
xmsim: *E,ASRTST (../tb/tb_classes/scoreboard.svh,151): (time 42590 NS) Assertion mult_pkg::scoreboard.write.__assert_1 has failed
TEST FAILED: 42590000 Test FAILED for A=32767 B=-32768
Expected:           0  received:           0
xmsim: *E,ASRTST (../tb/tb_classes/scoreboard.svh,151): (time 42690 NS) Assertion mult_pkg::scoreboard.write.__assert_1 has failed
TEST FAILED: 42690000 Test FAILED for A=32767 B=-32768
Expected: -1073709056  received: -1073709056
xmsim: *E,ASRTST (../tb/tb_classes/scoreboard.svh,151): (time 42730 NS) Assertion mult_pkg::scoreboard.write.__assert_1 has failed
TEST FAILED: 42730000 Test FAILED for A=32767 B=32767
Expected:           0  received:           0
xmsim: *E,ASRTST (../tb/tb_classes/scoreboard.svh,151): (time 42770 NS) Assertion mult_pkg::scoreboard.write.__assert_1 has failed
TEST FAILED: 42770000 Test FAILED for A=-32768 B=32767
Expected:           0  received:           0
xmsim: *E,ASRTST (../tb/tb_classes/scoreboard.svh,151): (time 42810 NS) Assertion mult_pkg::scoreboard.write.__assert_1 has failed
TEST FAILED: 42810000 Test FAILED for A=-32768 B=-32768
Expected:           0  received:           0
xmsim: *E,ASRTST (../tb/tb_classes/scoreboard.svh,151): (time 42930 NS) Assertion mult_pkg::scoreboard.write.__assert_1 has failed
TEST FAILED: 42930000 Test FAILED for A=32767 B=32767
Expected:  1073676289  received:  1073676289
xmsim: *E,ASRTST (../tb/tb_classes/scoreboard.svh,151): (time 42970 NS) Assertion mult_pkg::scoreboard.write.__assert_1 has failed
TEST FAILED: 42970000 Test FAILED for A=-32768 B=32767
Expected:           0  received:           0
xmsim: *E,ASRTST (../tb/tb_classes/scoreboard.svh,151): (time 43090 NS) Assertion mult_pkg::scoreboard.write.__assert_1 has failed
TEST FAILED: 43090000 Test FAILED for A=32767 B=32767
Expected:  1073676289  received:  1073676289
xmsim: *E,ASRTST (../tb/tb_classes/scoreboard.svh,151): (time 43130 NS) Assertion mult_pkg::scoreboard.write.__assert_1 has failed
TEST FAILED: 43130000 Test FAILED for A=32767 B=32767
Expected:           0  received:           0
xmsim: *E,ASRTST (../tb/tb_classes/scoreboard.svh,151): (time 43210 NS) Assertion mult_pkg::scoreboard.write.__assert_1 has failed
TEST FAILED: 43210000 Test FAILED for A=-32768 B=-32768
Expected:  1073741824  received:  1073741824
xmsim: *E,ASRTST (../tb/tb_classes/scoreboard.svh,151): (time 43250 NS) Assertion mult_pkg::scoreboard.write.__assert_1 has failed
TEST FAILED: 43250000 Test FAILED for A=32767 B=32767
Expected:           0  received:           0
xmsim: *E,ASRTST (../tb/tb_classes/scoreboard.svh,151): (time 43290 NS) Assertion mult_pkg::scoreboard.write.__assert_1 has failed
TEST FAILED: 43290000 Test FAILED for A=-32768 B=-32768
Expected:           0  received:           0
xmsim: *E,ASRTST (../tb/tb_classes/scoreboard.svh,151): (time 43390 NS) Assertion mult_pkg::scoreboard.write.__assert_1 has failed
TEST FAILED: 43390000 Test FAILED for A=-32768 B=32767
Expected: -1073709056  received: -1073709056
xmsim: *E,ASRTST (../tb/tb_classes/scoreboard.svh,151): (time 43430 NS) Assertion mult_pkg::scoreboard.write.__assert_1 has failed
TEST FAILED: 43430000 Test FAILED for A=-32768 B=32767
Expected:           0  received:           0
xmsim: *E,ASRTST (../tb/tb_classes/scoreboard.svh,151): (time 43470 NS) Assertion mult_pkg::scoreboard.write.__assert_1 has failed
TEST FAILED: 43470000 Test FAILED for A=32767 B=-32768
Expected:           0  received:           0
xmsim: *E,ASRTST (../tb/tb_classes/scoreboard.svh,151): (time 43510 NS) Assertion mult_pkg::scoreboard.write.__assert_1 has failed
TEST FAILED: 43510000 Test FAILED for A=32767 B=-32768
Expected:           0  received:           0
xmsim: *E,ASRTST (../tb/tb_classes/scoreboard.svh,151): (time 43550 NS) Assertion mult_pkg::scoreboard.write.__assert_1 has failed
TEST FAILED: 43550000 Test FAILED for A=-32768 B=-32768
Expected:           0  received:           0
xmsim: *E,ASRTST (../tb/tb_classes/scoreboard.svh,151): (time 43590 NS) Assertion mult_pkg::scoreboard.write.__assert_1 has failed
TEST FAILED: 43590000 Test FAILED for A=-32768 B=32767
Expected:           0  received:           0
xmsim: *E,ASRTST (../tb/tb_classes/scoreboard.svh,151): (time 43630 NS) Assertion mult_pkg::scoreboard.write.__assert_1 has failed
TEST FAILED: 43630000 Test FAILED for A=-32768 B=32767
Expected:           0  received:           0
xmsim: *E,ASRTST (../tb/tb_classes/scoreboard.svh,151): (time 43670 NS) Assertion mult_pkg::scoreboard.write.__assert_1 has failed
TEST FAILED: 43670000 Test FAILED for A=-32768 B=-32768
Expected:           0  received:           0
xmsim: *E,ASRTST (../tb/tb_classes/scoreboard.svh,151): (time 43790 NS) Assertion mult_pkg::scoreboard.write.__assert_1 has failed
TEST FAILED: 43790000 Test FAILED for A=32767 B=32767
Expected:  1073676289  received:  1073676289
xmsim: *E,ASRTST (../tb/tb_classes/scoreboard.svh,151): (time 43830 NS) Assertion mult_pkg::scoreboard.write.__assert_1 has failed
TEST FAILED: 43830000 Test FAILED for A=-32768 B=32767
Expected:           0  received:           0
xmsim: *E,ASRTST (../tb/tb_classes/scoreboard.svh,151): (time 43870 NS) Assertion mult_pkg::scoreboard.write.__assert_1 has failed
TEST FAILED: 43870000 Test FAILED for A=-32768 B=32767
Expected:           0  received:           0
xmsim: *E,ASRTST (../tb/tb_classes/scoreboard.svh,151): (time 43910 NS) Assertion mult_pkg::scoreboard.write.__assert_1 has failed
TEST FAILED: 43910000 Test FAILED for A=32767 B=-32768
Expected:           0  received:           0
xmsim: *E,ASRTST (../tb/tb_classes/scoreboard.svh,151): (time 43950 NS) Assertion mult_pkg::scoreboard.write.__assert_1 has failed
TEST FAILED: 43950000 Test FAILED for A=-32768 B=-32768
Expected:           0  received:           0
xmsim: *E,ASRTST (../tb/tb_classes/scoreboard.svh,151): (time 43990 NS) Assertion mult_pkg::scoreboard.write.__assert_1 has failed
TEST FAILED: 43990000 Test FAILED for A=-32768 B=32767
Expected:           0  received:           0
xmsim: *E,ASRTST (../tb/tb_classes/scoreboard.svh,151): (time 44030 NS) Assertion mult_pkg::scoreboard.write.__assert_1 has failed
TEST FAILED: 44030000 Test FAILED for A=32767 B=32767
Expected:           0  received:           0
xmsim: *E,ASRTST (../tb/tb_classes/scoreboard.svh,151): (time 44070 NS) Assertion mult_pkg::scoreboard.write.__assert_1 has failed
TEST FAILED: 44070000 Test FAILED for A=-32768 B=-32768
Expected:           0  received:           0
xmsim: *E,ASRTST (../tb/tb_classes/scoreboard.svh,151): (time 44110 NS) Assertion mult_pkg::scoreboard.write.__assert_1 has failed
TEST FAILED: 44110000 Test FAILED for A=32767 B=-32768
Expected:           0  received:           0
xmsim: *E,ASRTST (../tb/tb_classes/scoreboard.svh,151): (time 44150 NS) Assertion mult_pkg::scoreboard.write.__assert_1 has failed
TEST FAILED: 44150000 Test FAILED for A=32767 B=32767
Expected:           0  received:           0
xmsim: *E,ASRTST (../tb/tb_classes/scoreboard.svh,151): (time 44190 NS) Assertion mult_pkg::scoreboard.write.__assert_1 has failed
TEST FAILED: 44190000 Test FAILED for A=32767 B=-32768
Expected:           0  received:           0
xmsim: *E,ASRTST (../tb/tb_classes/scoreboard.svh,151): (time 44230 NS) Assertion mult_pkg::scoreboard.write.__assert_1 has failed
TEST FAILED: 44230000 Test FAILED for A=-32768 B=32767
Expected:           0  received:           0
xmsim: *E,ASRTST (../tb/tb_classes/scoreboard.svh,151): (time 44270 NS) Assertion mult_pkg::scoreboard.write.__assert_1 has failed
TEST FAILED: 44270000 Test FAILED for A=32767 B=32767
Expected:           0  received:           0
xmsim: *E,ASRTST (../tb/tb_classes/scoreboard.svh,151): (time 44370 NS) Assertion mult_pkg::scoreboard.write.__assert_1 has failed
TEST FAILED: 44370000 Test FAILED for A=-32768 B=32767
Expected: -1073709056  received: -1073709056
xmsim: *E,ASRTST (../tb/tb_classes/scoreboard.svh,151): (time 44410 NS) Assertion mult_pkg::scoreboard.write.__assert_1 has failed
TEST FAILED: 44410000 Test FAILED for A=32767 B=32767
Expected:           0  received:           0
xmsim: *E,ASRTST (../tb/tb_classes/scoreboard.svh,151): (time 44450 NS) Assertion mult_pkg::scoreboard.write.__assert_1 has failed
TEST FAILED: 44450000 Test FAILED for A=-32768 B=32767
Expected:           0  received:           0
xmsim: *E,ASRTST (../tb/tb_classes/scoreboard.svh,151): (time 44490 NS) Assertion mult_pkg::scoreboard.write.__assert_1 has failed
TEST FAILED: 44490000 Test FAILED for A=-32768 B=-32768
Expected:           0  received:           0
xmsim: *E,ASRTST (../tb/tb_classes/scoreboard.svh,151): (time 44530 NS) Assertion mult_pkg::scoreboard.write.__assert_1 has failed
TEST FAILED: 44530000 Test FAILED for A=-32768 B=-32768
Expected:           0  received:           0
xmsim: *E,ASRTST (../tb/tb_classes/scoreboard.svh,151): (time 44570 NS) Assertion mult_pkg::scoreboard.write.__assert_1 has failed
TEST FAILED: 44570000 Test FAILED for A=32767 B=-32768
Expected:           0  received:           0
xmsim: *E,ASRTST (../tb/tb_classes/scoreboard.svh,151): (time 44610 NS) Assertion mult_pkg::scoreboard.write.__assert_1 has failed
TEST FAILED: 44610000 Test FAILED for A=32767 B=-32768
Expected:           0  received:           0
xmsim: *E,ASRTST (../tb/tb_classes/scoreboard.svh,151): (time 44650 NS) Assertion mult_pkg::scoreboard.write.__assert_1 has failed
TEST FAILED: 44650000 Test FAILED for A=32767 B=-32768
Expected:           0  received:           0
xmsim: *E,ASRTST (../tb/tb_classes/scoreboard.svh,151): (time 44690 NS) Assertion mult_pkg::scoreboard.write.__assert_1 has failed
TEST FAILED: 44690000 Test FAILED for A=-32768 B=32767
Expected:           0  received:           0
xmsim: *E,ASRTST (../tb/tb_classes/scoreboard.svh,151): (time 44730 NS) Assertion mult_pkg::scoreboard.write.__assert_1 has failed
TEST FAILED: 44730000 Test FAILED for A=-32768 B=32767
Expected:           0  received:           0
xmsim: *E,ASRTST (../tb/tb_classes/scoreboard.svh,151): (time 44770 NS) Assertion mult_pkg::scoreboard.write.__assert_1 has failed
TEST FAILED: 44770000 Test FAILED for A=32767 B=32767
Expected:           0  received:           0
xmsim: *E,ASRTST (../tb/tb_classes/scoreboard.svh,151): (time 44810 NS) Assertion mult_pkg::scoreboard.write.__assert_1 has failed
TEST FAILED: 44810000 Test FAILED for A=-32768 B=-32768
Expected:           0  received:           0
xmsim: *E,ASRTST (../tb/tb_classes/scoreboard.svh,151): (time 44850 NS) Assertion mult_pkg::scoreboard.write.__assert_1 has failed
TEST FAILED: 44850000 Test FAILED for A=-32768 B=-32768
Expected:           0  received:           0
xmsim: *E,ASRTST (../tb/tb_classes/scoreboard.svh,151): (time 44890 NS) Assertion mult_pkg::scoreboard.write.__assert_1 has failed
TEST FAILED: 44890000 Test FAILED for A=-32768 B=32767
Expected:           0  received:           0
xmsim: *E,ASRTST (../tb/tb_classes/scoreboard.svh,151): (time 44930 NS) Assertion mult_pkg::scoreboard.write.__assert_1 has failed
TEST FAILED: 44930000 Test FAILED for A=-32768 B=32767
Expected:           0  received:           0
xmsim: *E,ASRTST (../tb/tb_classes/scoreboard.svh,151): (time 44970 NS) Assertion mult_pkg::scoreboard.write.__assert_1 has failed
TEST FAILED: 44970000 Test FAILED for A=-32768 B=32767
Expected:           0  received:           0
xmsim: *E,ASRTST (../tb/tb_classes/scoreboard.svh,151): (time 45010 NS) Assertion mult_pkg::scoreboard.write.__assert_1 has failed
TEST FAILED: 45010000 Test FAILED for A=-32768 B=32767
Expected:           0  received:           0
xmsim: *E,ASRTST (../tb/tb_classes/scoreboard.svh,151): (time 45130 NS) Assertion mult_pkg::scoreboard.write.__assert_1 has failed
TEST FAILED: 45130000 Test FAILED for A=32767 B=32767
Expected:  1073676289  received:  1073676289
xmsim: *E,ASRTST (../tb/tb_classes/scoreboard.svh,151): (time 45170 NS) Assertion mult_pkg::scoreboard.write.__assert_1 has failed
TEST FAILED: 45170000 Test FAILED for A=-32768 B=-32768
Expected:           0  received:           0
xmsim: *E,ASRTST (../tb/tb_classes/scoreboard.svh,151): (time 45210 NS) Assertion mult_pkg::scoreboard.write.__assert_1 has failed
TEST FAILED: 45210000 Test FAILED for A=-32768 B=-32768
Expected:           0  received:           0
xmsim: *E,ASRTST (../tb/tb_classes/scoreboard.svh,151): (time 45250 NS) Assertion mult_pkg::scoreboard.write.__assert_1 has failed
TEST FAILED: 45250000 Test FAILED for A=-32768 B=32767
Expected:           0  received:           0
xmsim: *E,ASRTST (../tb/tb_classes/scoreboard.svh,151): (time 45290 NS) Assertion mult_pkg::scoreboard.write.__assert_1 has failed
TEST FAILED: 45290000 Test FAILED for A=-32768 B=-32768
Expected:           0  received:           0
xmsim: *E,ASRTST (../tb/tb_classes/scoreboard.svh,151): (time 45330 NS) Assertion mult_pkg::scoreboard.write.__assert_1 has failed
TEST FAILED: 45330000 Test FAILED for A=32767 B=32767
Expected:           0  received:           0
xmsim: *E,ASRTST (../tb/tb_classes/scoreboard.svh,151): (time 45370 NS) Assertion mult_pkg::scoreboard.write.__assert_1 has failed
TEST FAILED: 45370000 Test FAILED for A=32767 B=-32768
Expected:           0  received:           0
xmsim: *E,ASRTST (../tb/tb_classes/scoreboard.svh,151): (time 45410 NS) Assertion mult_pkg::scoreboard.write.__assert_1 has failed
TEST FAILED: 45410000 Test FAILED for A=-32768 B=32767
Expected:           0  received:           0
xmsim: *E,ASRTST (../tb/tb_classes/scoreboard.svh,151): (time 45450 NS) Assertion mult_pkg::scoreboard.write.__assert_1 has failed
TEST FAILED: 45450000 Test FAILED for A=32767 B=-32768
Expected:           0  received:           0
xmsim: *E,ASRTST (../tb/tb_classes/scoreboard.svh,151): (time 45490 NS) Assertion mult_pkg::scoreboard.write.__assert_1 has failed
TEST FAILED: 45490000 Test FAILED for A=32767 B=-32768
Expected:           0  received:           0
xmsim: *E,ASRTST (../tb/tb_classes/scoreboard.svh,151): (time 45530 NS) Assertion mult_pkg::scoreboard.write.__assert_1 has failed
TEST FAILED: 45530000 Test FAILED for A=-32768 B=32767
Expected:           0  received:           0
xmsim: *E,ASRTST (../tb/tb_classes/scoreboard.svh,151): (time 45570 NS) Assertion mult_pkg::scoreboard.write.__assert_1 has failed
TEST FAILED: 45570000 Test FAILED for A=-32768 B=32767
Expected:           0  received:           0
xmsim: *E,ASRTST (../tb/tb_classes/scoreboard.svh,151): (time 45610 NS) Assertion mult_pkg::scoreboard.write.__assert_1 has failed
TEST FAILED: 45610000 Test FAILED for A=-32768 B=32767
Expected:           0  received:           0
xmsim: *E,ASRTST (../tb/tb_classes/scoreboard.svh,151): (time 45650 NS) Assertion mult_pkg::scoreboard.write.__assert_1 has failed
TEST FAILED: 45650000 Test FAILED for A=-32768 B=-32768
Expected:           0  received:           0
xmsim: *E,ASRTST (../tb/tb_classes/scoreboard.svh,151): (time 45690 NS) Assertion mult_pkg::scoreboard.write.__assert_1 has failed
TEST FAILED: 45690000 Test FAILED for A=-32768 B=32767
Expected:           0  received:           0
xmsim: *E,ASRTST (../tb/tb_classes/scoreboard.svh,151): (time 45730 NS) Assertion mult_pkg::scoreboard.write.__assert_1 has failed
TEST FAILED: 45730000 Test FAILED for A=32767 B=32767
Expected:           0  received:           0
xmsim: *E,ASRTST (../tb/tb_classes/scoreboard.svh,151): (time 45770 NS) Assertion mult_pkg::scoreboard.write.__assert_1 has failed
TEST FAILED: 45770000 Test FAILED for A=-32768 B=32767
Expected:           0  received:           0
xmsim: *E,ASRTST (../tb/tb_classes/scoreboard.svh,151): (time 45810 NS) Assertion mult_pkg::scoreboard.write.__assert_1 has failed
TEST FAILED: 45810000 Test FAILED for A=-32768 B=-32768
Expected:           0  received:           0
xmsim: *E,ASRTST (../tb/tb_classes/scoreboard.svh,151): (time 45850 NS) Assertion mult_pkg::scoreboard.write.__assert_1 has failed
TEST FAILED: 45850000 Test FAILED for A=32767 B=32767
Expected:           0  received:           0
xmsim: *E,ASRTST (../tb/tb_classes/scoreboard.svh,151): (time 45890 NS) Assertion mult_pkg::scoreboard.write.__assert_1 has failed
TEST FAILED: 45890000 Test FAILED for A=-32768 B=32767
Expected:           0  received:           0
xmsim: *E,ASRTST (../tb/tb_classes/scoreboard.svh,151): (time 45930 NS) Assertion mult_pkg::scoreboard.write.__assert_1 has failed
TEST FAILED: 45930000 Test FAILED for A=-32768 B=-32768
Expected:           0  received:           0
xmsim: *E,ASRTST (../tb/tb_classes/scoreboard.svh,151): (time 45970 NS) Assertion mult_pkg::scoreboard.write.__assert_1 has failed
TEST FAILED: 45970000 Test FAILED for A=-32768 B=32767
Expected:           0  received:           0
xmsim: *E,ASRTST (../tb/tb_classes/scoreboard.svh,151): (time 46010 NS) Assertion mult_pkg::scoreboard.write.__assert_1 has failed
TEST FAILED: 46010000 Test FAILED for A=-32768 B=-32768
Expected:           0  received:           0
xmsim: *E,ASRTST (../tb/tb_classes/scoreboard.svh,151): (time 46050 NS) Assertion mult_pkg::scoreboard.write.__assert_1 has failed
TEST FAILED: 46050000 Test FAILED for A=-32768 B=32767
Expected:           0  received:           0
xmsim: *E,ASRTST (../tb/tb_classes/scoreboard.svh,151): (time 46090 NS) Assertion mult_pkg::scoreboard.write.__assert_1 has failed
TEST FAILED: 46090000 Test FAILED for A=-32768 B=32767
Expected:           0  received:           0
xmsim: *E,ASRTST (../tb/tb_classes/scoreboard.svh,151): (time 46130 NS) Assertion mult_pkg::scoreboard.write.__assert_1 has failed
TEST FAILED: 46130000 Test FAILED for A=32767 B=32767
Expected:           0  received:           0
xmsim: *E,ASRTST (../tb/tb_classes/scoreboard.svh,151): (time 46170 NS) Assertion mult_pkg::scoreboard.write.__assert_1 has failed
TEST FAILED: 46170000 Test FAILED for A=32767 B=32767
Expected:           0  received:           0
xmsim: *E,ASRTST (../tb/tb_classes/scoreboard.svh,151): (time 46210 NS) Assertion mult_pkg::scoreboard.write.__assert_1 has failed
TEST FAILED: 46210000 Test FAILED for A=-32768 B=-32768
Expected:           0  received:           0
xmsim: *E,ASRTST (../tb/tb_classes/scoreboard.svh,151): (time 46250 NS) Assertion mult_pkg::scoreboard.write.__assert_1 has failed
TEST FAILED: 46250000 Test FAILED for A=32767 B=32767
Expected:           0  received:           0
xmsim: *E,ASRTST (../tb/tb_classes/scoreboard.svh,151): (time 46290 NS) Assertion mult_pkg::scoreboard.write.__assert_1 has failed
TEST FAILED: 46290000 Test FAILED for A=-32768 B=32767
Expected:           0  received:           0
xmsim: *E,ASRTST (../tb/tb_classes/scoreboard.svh,151): (time 46390 NS) Assertion mult_pkg::scoreboard.write.__assert_1 has failed
TEST FAILED: 46390000 Test FAILED for A=32767 B=-32768
Expected: -1073709056  received: -1073709056
xmsim: *E,ASRTST (../tb/tb_classes/scoreboard.svh,151): (time 46430 NS) Assertion mult_pkg::scoreboard.write.__assert_1 has failed
TEST FAILED: 46430000 Test FAILED for A=32767 B=32767
Expected:           0  received:           0
xmsim: *E,ASRTST (../tb/tb_classes/scoreboard.svh,151): (time 46470 NS) Assertion mult_pkg::scoreboard.write.__assert_1 has failed
TEST FAILED: 46470000 Test FAILED for A=32767 B=-32768
Expected:           0  received:           0
xmsim: *E,ASRTST (../tb/tb_classes/scoreboard.svh,151): (time 46510 NS) Assertion mult_pkg::scoreboard.write.__assert_1 has failed
TEST FAILED: 46510000 Test FAILED for A=32767 B=32767
Expected:           0  received:           0
xmsim: *E,ASRTST (../tb/tb_classes/scoreboard.svh,151): (time 46550 NS) Assertion mult_pkg::scoreboard.write.__assert_1 has failed
TEST FAILED: 46550000 Test FAILED for A=32767 B=32767
Expected:           0  received:           0
xmsim: *E,ASRTST (../tb/tb_classes/scoreboard.svh,151): (time 46590 NS) Assertion mult_pkg::scoreboard.write.__assert_1 has failed
TEST FAILED: 46590000 Test FAILED for A=-32768 B=32767
Expected:           0  received:           0
xmsim: *E,ASRTST (../tb/tb_classes/scoreboard.svh,151): (time 46630 NS) Assertion mult_pkg::scoreboard.write.__assert_1 has failed
TEST FAILED: 46630000 Test FAILED for A=32767 B=-32768
Expected:           0  received:           0
xmsim: *E,ASRTST (../tb/tb_classes/scoreboard.svh,151): (time 46670 NS) Assertion mult_pkg::scoreboard.write.__assert_1 has failed
TEST FAILED: 46670000 Test FAILED for A=-32768 B=-32768
Expected:           0  received:           0
xmsim: *E,ASRTST (../tb/tb_classes/scoreboard.svh,151): (time 46710 NS) Assertion mult_pkg::scoreboard.write.__assert_1 has failed
TEST FAILED: 46710000 Test FAILED for A=-32768 B=-32768
Expected:           0  received:           0
xmsim: *E,ASRTST (../tb/tb_classes/scoreboard.svh,151): (time 46790 NS) Assertion mult_pkg::scoreboard.write.__assert_1 has failed
TEST FAILED: 46790000 Test FAILED for A=-32768 B=-32768
Expected:  1073741824  received:  1073741824
xmsim: *E,ASRTST (../tb/tb_classes/scoreboard.svh,151): (time 46890 NS) Assertion mult_pkg::scoreboard.write.__assert_1 has failed
TEST FAILED: 46890000 Test FAILED for A=32767 B=-32768
Expected: -1073709056  received: -1073709056
xmsim: *E,ASRTST (../tb/tb_classes/scoreboard.svh,151): (time 46930 NS) Assertion mult_pkg::scoreboard.write.__assert_1 has failed
TEST FAILED: 46930000 Test FAILED for A=-32768 B=32767
Expected:           0  received:           0
UVM_INFO /eda/cadence/2021-22/RHELx86/XCELIUM_21.03.009/tools/methodology/UVM/CDNS-1.2/sv/src/base/uvm_objection.svh(1271) @ 46950000: reporter [TEST_DONE] 'run' phase is ready to proceed to the 'extract' phase
[1;30m[101m-----------------------------------
----------- Test FAILED -----------
-----------------------------------[0m

UVM_INFO /eda/cadence/2021-22/RHELx86/XCELIUM_21.03.009/tools/methodology/UVM/CDNS-1.2/sv/src/base/uvm_report_catcher.svh(705) @ 46950000: reporter [UVM/REPORT/CATCHER] 
--- UVM Report catcher Summary ---


Number of demoted UVM_FATAL reports  :    0
Number of demoted UVM_ERROR reports  :    0
Number of demoted UVM_WARNING reports:    0
Number of caught UVM_FATAL reports   :    0
Number of caught UVM_ERROR reports   :    0
Number of caught UVM_WARNING reports :    0

UVM_INFO /eda/cadence/2021-22/RHELx86/XCELIUM_21.03.009/tools/methodology/UVM/CDNS-1.2/sv/src/base/uvm_report_server.svh(847) @ 46950000: reporter [UVM/REPORT/SERVER] 
--- UVM Report Summary ---

** Report counts by severity
UVM_INFO :    3
UVM_WARNING :    0
UVM_ERROR :    0
UVM_FATAL :    0
** Report counts by id
[RNTST]     1
[TEST_DONE]     1
[UVM/REPORT/CATCHER]     1

Simulation complete via $finish(1) at time 46950 NS + 63
/eda/cadence/2021-22/RHELx86/XCELIUM_21.03.009/tools/methodology/UVM/CDNS-1.2/sv/src/base/uvm_root.svh:543     $finish;
xcelium> exit
See ./cov_work/scope/add_test/icc.com file for message(s) on coverage constant object marking

coverage setup:
  workdir  :  ./cov_work
  dutinst  :  top(top)
  scope    :  scope
  testname :  add_test

coverage files:
  model(design data) :  ./cov_work/scope/icc_757cba64_24a54a11.ucm
  data               :  ./cov_work/scope/add_test/icc_757cba64_24a54a11.ucd
TOOL:	xrun	21.03-s009: Exiting on Nov 30, 2023 at 01:51:40 CET  (total: 00:00:01)
